1.5935 	WARNING 	We strongly recommend you activate the PTB sound engine in PsychoPy prefs as the preferred audio engine. Its timing is vastly superior. Your prefs are currently set to use ['sounddevice', 'PTB', 'pyo', 'pygame'] (in that order).
6.0155 	WARNING 	User requested fullscreen with size [1440  900], but screen is actually [1512, 982]. Using actual size
7.2112 	WARNING 	Couldn't measure a consistent frame rate!
  - Is your graphics card set to sync to vertical blank?
  - Are you running other processes on your computer?

7.2116 	EXP 	Created window1 = Window(allowGUI=True, allowStencil=False, autoLog=True, backendConf=UNKNOWN, bitsMode=UNKNOWN, blendMode='avg', bpc=(8, 8, 8), color=array([-1., -1., -1.]), colorSpace='rgb', depthBits=8, fullscr=<method-wrapper '__getattribute__' of attributeSetter object at 0x7fa44a800d30>, gamma=None, gammaErrorPolicy='raise', lms=UNKNOWN, monitor=<psychopy.monitors.calibTools.Monitor object at 0x7fa44bc762e0>, multiSample=False, name='window1', numSamples=2, pos=[378.0, 245.5], screen=0, size=array([3024, 1964]), stencilBits=0, stereo=False, units='norm', useFBO=True, useRetina=True, viewOri=0.0, viewPos=None, viewScale=None, waitBlanking=True, winType='pyglet')
7.2118 	EXP 	window1: mouseVisible = True
7.2118 	EXP 	window1: mouseVisible = True
7.2118 	EXP 	window1: Attempting to measure frame rate of screen (0) ...
7.2119 	EXP 	window1: recordFrameIntervals = False
7.3191 	EXP 	window1: recordFrameIntervals = True
7.7608 	WARNING 	t of last frame was 21.67ms (=1/46)
8.2363 	WARNING 	Couldn't measure a consistent frame rate!
  - Is your graphics card set to sync to vertical blank?
  - Are you running other processes on your computer?

8.6166 	EXP 	Created Welcome = TextStim(__class__=<class 'psychopy.visual.text.TextStim'>, alignHoriz=method-wrapper(...), alignText='center', alignVert=method-wrapper(...), anchorHoriz='center', anchorVert='center', antialias=True, autoDraw=False, autoLog=True, bold=False, color=array([1., 1., 1.]), colorSpace='rgb', contrast=1.0, depth=0.0, flipHoriz=False, flipVert=False, font='Open Sans', fontFiles=[], height=0.08, italic=False, languageStyle='LTR', name='Welcome', opacity=1.0, ori=0.0, pos=array([0., 0.]), rgb=UNKNOWN, text=str(...), units='norm', win=Window(...), wrapWidth=1)
8.6860 	EXP 	Created FirstInstructions = TextStim(__class__=<class 'psychopy.visual.text.TextStim'>, alignHoriz=method-wrapper(...), alignText='center', alignVert=method-wrapper(...), anchorHoriz='center', anchorVert='center', antialias=True, autoDraw=False, autoLog=True, bold=False, color=array([1., 1., 1.]), colorSpace='rgb', contrast=1.0, depth=0.0, flipHoriz=False, flipVert=False, font='Open Sans', fontFiles=[], height=0.08, italic=False, languageStyle='LTR', name='FirstInstructions', opacity=1.0, ori=0.0, pos=array([0., 0.]), rgb=UNKNOWN, text=str(...), units='norm', win=Window(...), wrapWidth=1)
8.7416 	EXP 	Created Match_text = TextStim(__class__=<class 'psychopy.visual.text.TextStim'>, alignHoriz=method-wrapper(...), alignText='center', alignVert=method-wrapper(...), anchorHoriz='center', anchorVert='center', antialias=True, autoDraw=False, autoLog=True, bold=False, color=array([1., 1., 1.]), colorSpace='rgb', contrast=1.0, depth=-1.0, flipHoriz=False, flipVert=False, font='Open Sans', fontFiles=[], height=0.08, italic=False, languageStyle='LTR', name='Match_text', opacity=1.0, ori=0.0, pos=array([0. , 0.3]), rgb=UNKNOWN, text=str(...), units='norm', win=Window(...), wrapWidth=1)
8.7474 	EXP 	Created syncing_text = TextStim(__class__=<class 'psychopy.visual.text.TextStim'>, alignHoriz=method-wrapper(...), alignText='center', alignVert=method-wrapper(...), anchorHoriz='center', anchorVert='center', antialias=True, autoDraw=False, autoLog=True, bold=False, color=array([1., 1., 1.]), colorSpace='rgb', contrast=1.0, depth=-2.0, flipHoriz=False, flipVert=False, font='Open Sans', fontFiles=[], height=0.12, italic=False, languageStyle='LTR', name='syncing_text', opacity=1.0, ori=0.0, pos=array([0. , 0.3]), rgb=UNKNOWN, text='Syncing…', units='norm', win=Window(...), wrapWidth=1)
8.7511 	EXP 	Created text_0 = TextStim(__class__=<class 'psychopy.visual.text.TextStim'>, alignHoriz=method-wrapper(...), alignText='center', alignVert=method-wrapper(...), anchorHoriz='center', anchorVert='center', antialias=True, autoDraw=False, autoLog=True, bold=False, color=array([1., 1., 1.]), colorSpace='rgb', contrast=1.0, depth=-3.0, flipHoriz=False, flipVert=False, font='Open Sans', fontFiles=[], height=0.1, italic=False, languageStyle='LTR', name='text_0', opacity=1.0, ori=0.0, pos=array([ 0. , -0.2]), rgb=UNKNOWN, text='0%', units='norm', win=Window(...), wrapWidth=1)
8.7548 	EXP 	Created Transparent = Rect(__class__=<class 'psychopy.visual.rect.Rect'>, anchor=('center', 'center'), autoDraw=False, autoLog=True, closeShape=True, color=method-wrapper(...), colorSpace='rgb', contrast=None, depth=-4.0, fillColor=array([0., 0., 0.]), fillColorSpace='rgb', fillRGB=array([0., 0., 0.]), interpolate=True, lineColor=array([1., 1., 1.]), lineColorSpace='rgb', lineRGB=array([1, 1, 1]), lineWidth=1.2, name='Transparent', opacity=1.0, ori=0.0, pos=array([0., 0.]), size=array([1. , 0.1]), units='norm', vertices=ndarray(...), win=Window(...))
8.7561 	EXP 	Created Loading_25 = Rect(__class__=<class 'psychopy.visual.rect.Rect'>, anchor=('center', 'center'), autoDraw=False, autoLog=True, closeShape=True, color=method-wrapper(...), colorSpace='rgb', contrast=None, depth=-5.0, fillColor=array([1, 1, 1]), fillColorSpace='rgb', fillRGB=array([1, 1, 1]), interpolate=True, lineColor=array([1., 1., 1.]), lineColorSpace='rgb', lineRGB=array([1, 1, 1]), lineWidth=1.0, name='Loading_25', opacity=1.0, ori=0.0, pos=array([-0.375,  0.   ]), size=array([0.25, 0.1 ]), units='norm', vertices=ndarray(...), win=Window(...))
8.7589 	EXP 	Created text_25 = TextStim(__class__=<class 'psychopy.visual.text.TextStim'>, alignHoriz=method-wrapper(...), alignText='center', alignVert=method-wrapper(...), anchorHoriz='center', anchorVert='center', antialias=True, autoDraw=False, autoLog=True, bold=False, color=array([1., 1., 1.]), colorSpace='rgb', contrast=1.0, depth=-6.0, flipHoriz=False, flipVert=False, font='Open Sans', fontFiles=[], height=0.1, italic=False, languageStyle='LTR', name='text_25', opacity=1.0, ori=0.0, pos=array([ 0. , -0.2]), rgb=UNKNOWN, text='25%', units='norm', win=Window(...), wrapWidth=1)
8.7603 	EXP 	Created Loading_50 = Rect(__class__=<class 'psychopy.visual.rect.Rect'>, anchor=('center', 'center'), autoDraw=False, autoLog=True, closeShape=True, color=method-wrapper(...), colorSpace='rgb', contrast=None, depth=-7.0, fillColor=array([1, 1, 1]), fillColorSpace='rgb', fillRGB=array([1, 1, 1]), interpolate=True, lineColor=array([1., 1., 1.]), lineColorSpace='rgb', lineRGB=array([1, 1, 1]), lineWidth=1.0, name='Loading_50', opacity=1.0, ori=0.0, pos=array([-0.25,  0.  ]), size=array([0.5, 0.1]), units='norm', vertices=ndarray(...), win=Window(...))
8.7623 	EXP 	Created text_50 = TextStim(__class__=<class 'psychopy.visual.text.TextStim'>, alignHoriz=method-wrapper(...), alignText='center', alignVert=method-wrapper(...), anchorHoriz='center', anchorVert='center', antialias=True, autoDraw=False, autoLog=True, bold=False, color=array([1., 1., 1.]), colorSpace='rgb', contrast=1.0, depth=-8.0, flipHoriz=False, flipVert=False, font='Open Sans', fontFiles=[], height=0.1, italic=False, languageStyle='LTR', name='text_50', opacity=1.0, ori=0.0, pos=array([ 0. , -0.2]), rgb=UNKNOWN, text='50%', units='norm', win=Window(...), wrapWidth=1)
8.7636 	EXP 	Created Loading_75 = Rect(__class__=<class 'psychopy.visual.rect.Rect'>, anchor=('center', 'center'), autoDraw=False, autoLog=True, closeShape=True, color=method-wrapper(...), colorSpace='rgb', contrast=None, depth=-9.0, fillColor=array([1, 1, 1]), fillColorSpace='rgb', fillRGB=array([1, 1, 1]), interpolate=True, lineColor=array([1., 1., 1.]), lineColorSpace='rgb', lineRGB=array([1, 1, 1]), lineWidth=1.0, name='Loading_75', opacity=1.0, ori=0.0, pos=array([-0.125,  0.   ]), size=array([0.75, 0.1 ]), units='norm', vertices=ndarray(...), win=Window(...))
8.7660 	EXP 	Created text_75 = TextStim(__class__=<class 'psychopy.visual.text.TextStim'>, alignHoriz=method-wrapper(...), alignText='center', alignVert=method-wrapper(...), anchorHoriz='center', anchorVert='center', antialias=True, autoDraw=False, autoLog=True, bold=False, color=array([1., 1., 1.]), colorSpace='rgb', contrast=1.0, depth=-10.0, flipHoriz=False, flipVert=False, font='Open Sans', fontFiles=[], height=0.1, italic=False, languageStyle='LTR', name='text_75', opacity=1.0, ori=0.0, pos=array([ 0. , -0.2]), rgb=UNKNOWN, text='75%', units='norm', win=Window(...), wrapWidth=1)
8.7673 	EXP 	Created Loading_100 = Rect(__class__=<class 'psychopy.visual.rect.Rect'>, anchor=('center', 'center'), autoDraw=False, autoLog=True, closeShape=True, color=method-wrapper(...), colorSpace='rgb', contrast=None, depth=-11.0, fillColor=array([1, 1, 1]), fillColorSpace='rgb', fillRGB=array([1, 1, 1]), interpolate=True, lineColor=array([1., 1., 1.]), lineColorSpace='rgb', lineRGB=array([1, 1, 1]), lineWidth=1.0, name='Loading_100', opacity=1.0, ori=0.0, pos=array([0., 0.]), size=array([1. , 0.1]), units='norm', vertices=ndarray(...), win=Window(...))
8.7697 	EXP 	Created text_100 = TextStim(__class__=<class 'psychopy.visual.text.TextStim'>, alignHoriz=method-wrapper(...), alignText='center', alignVert=method-wrapper(...), anchorHoriz='center', anchorVert='center', antialias=True, autoDraw=False, autoLog=True, bold=False, color=array([1., 1., 1.]), colorSpace='rgb', contrast=1.0, depth=-12.0, flipHoriz=False, flipVert=False, font='Open Sans', fontFiles=[], height=0.1, italic=False, languageStyle='LTR', name='text_100', opacity=1.0, ori=0.0, pos=array([ 0. , -0.2]), rgb=UNKNOWN, text='100%', units='norm', win=Window(...), wrapWidth=1)
8.7706 	EXP 	Created Youhavematched = TextStim(__class__=<class 'psychopy.visual.text.TextStim'>, alignHoriz=method-wrapper(...), alignText='center', alignVert=method-wrapper(...), anchorHoriz='center', anchorVert='center', antialias=True, autoDraw=False, autoLog=True, bold=False, color=array([1., 1., 1.]), colorSpace='rgb', contrast=1.0, depth=-1.0, flipHoriz=False, flipVert=False, font='Open Sans', fontFiles=[], height=0.08, italic=False, languageStyle='LTR', name='Youhavematched', opacity=1.0, ori=0.0, pos=array([0. , 0.6]), rgb=UNKNOWN, text='', units='norm', win=Window(...), wrapWidth=1)
8.7762 	EXP 	Created partneremoji_image = ImageStim(__class__=<class 'psychopy.visual.image.ImageStim'>, anchor=('center', 'center'), autoLog=True, color=array([1., 1., 1.]), colorSpace='rgb', contrast=1.0, depth=-2.0, flipHoriz=False, flipVert=False, image='sin', interpolate=True, mask=None, maskParams=None, name='partneremoji_image', opacity=1.0, ori=0.0, pos=array([0., 0.]), size=array([0.5 , 0.75]), texRes=128.0, units='norm', win=Window(...))
8.8411 	EXP 	Created PressToContinue = TextStim(__class__=<class 'psychopy.visual.text.TextStim'>, alignHoriz=method-wrapper(...), alignText='center', alignVert=method-wrapper(...), anchorHoriz='center', anchorVert='center', antialias=True, autoDraw=False, autoLog=True, bold=False, color=array([1., 1., 1.]), colorSpace='rgb', contrast=1.0, depth=-4.0, flipHoriz=False, flipVert=False, font='Open Sans', fontFiles=[], height=0.08, italic=False, languageStyle='LTR', name='PressToContinue', opacity=1.0, ori=0.0, pos=array([ 0. , -0.6]), rgb=UNKNOWN, text='Press space to continue.', units='norm', win=Window(...), wrapWidth=1)
8.8499 	EXP 	Created photobeingshared_text = TextStim(__class__=<class 'psychopy.visual.text.TextStim'>, alignHoriz=method-wrapper(...), alignText='center', alignVert=method-wrapper(...), anchorHoriz='center', anchorVert='center', antialias=True, autoDraw=False, autoLog=True, bold=False, color=array([1., 1., 1.]), colorSpace='rgb', contrast=1.0, depth=0.0, flipHoriz=False, flipVert=False, font='Open Sans', fontFiles=[], height=0.09, italic=False, languageStyle='LTR', name='photobeingshared_text', opacity=1.0, ori=0.0, pos=array([0. , 0.6]), rgb=UNKNOWN, text='This photo is now being shared', units='norm', win=Window(...), wrapWidth=1)
8.8590 	EXP 	Created waitforfeedback_text = TextStim(__class__=<class 'psychopy.visual.text.TextStim'>, alignHoriz=method-wrapper(...), alignText='center', alignVert=method-wrapper(...), anchorHoriz='center', anchorVert='center', antialias=True, autoDraw=False, autoLog=True, bold=False, color=array([1., 1., 1.]), colorSpace='rgb', contrast=1.0, depth=-1.0, flipHoriz=False, flipVert=False, font='Open Sans', fontFiles=[], height=0.09, italic=False, languageStyle='LTR', name='waitforfeedback_text', opacity=1.0, ori=0.0, pos=array([ 0. , -0.6]), rgb=UNKNOWN, text='Please wait for feedback.', units='norm', win=Window(...), wrapWidth=1)
8.8637 	EXP 	Created participantimage_image = ImageStim(__class__=<class 'psychopy.visual.image.ImageStim'>, anchor=('center', 'center'), autoLog=True, color=array([1., 1., 1.]), colorSpace='rgb', contrast=1.0, depth=-3.0, flipHoriz=False, flipVert=False, image='sin', interpolate=True, mask=None, maskParams=None, name='participantimage_image', opacity=1.0, ori=0.0, pos=array([0., 0.]), size=array([0.5 , 0.75]), texRes=128.0, units='norm', win=Window(...))
8.8697 	EXP 	Created waiting_text = TextStim(__class__=<class 'psychopy.visual.text.TextStim'>, alignHoriz=method-wrapper(...), alignText='center', alignVert=method-wrapper(...), anchorHoriz='center', anchorVert='center', antialias=True, autoDraw=False, autoLog=True, bold=False, color=array([1., 1., 1.]), colorSpace='rgb', contrast=1.0, depth=0.0, flipHoriz=False, flipVert=False, font='Open Sans', fontFiles=[], height=0.15, italic=False, languageStyle='LTR', name='waiting_text', opacity=1.0, ori=0.0, pos=array([0., 0.]), rgb=UNKNOWN, text='Waiting…', units='norm', win=Window(...), wrapWidth=1)
8.8707 	EXP 	Created displayfeedback_text = TextStim(__class__=<class 'psychopy.visual.text.TextStim'>, alignHoriz=method-wrapper(...), alignText='center', alignVert=method-wrapper(...), anchorHoriz='center', anchorVert='center', antialias=True, autoDraw=False, autoLog=True, bold=False, color=array([1., 1., 1.]), colorSpace='rgb', contrast=1.0, depth=0.0, flipHoriz=False, flipVert=False, font='Open Sans', fontFiles=[], height=0.12, italic=False, languageStyle='LTR', name='displayfeedback_text', opacity=1.0, ori=0.0, pos=array([0.  , 0.75]), rgb=UNKNOWN, text='', units='norm', win=Window(...), wrapWidth=1)
8.8745 	EXP 	Created fdbkimage_image = ImageStim(__class__=<class 'psychopy.visual.image.ImageStim'>, anchor=('center', 'center'), autoLog=True, color=array([1., 1., 1.]), colorSpace='rgb', contrast=1.0, depth=-1.0, flipHoriz=False, flipVert=False, image='sin', interpolate=True, mask=None, maskParams=None, name='fdbkimage_image', opacity=1.0, ori=0.0, pos=array([0., 0.]), size=array([0.75, 1.25]), texRes=128.0, units='norm', win=Window(...))
8.8791 	EXP 	Created presstosharenextphoto_text = TextStim(__class__=<class 'psychopy.visual.text.TextStim'>, alignHoriz=method-wrapper(...), alignText='center', alignVert=method-wrapper(...), anchorHoriz='center', anchorVert='center', antialias=True, autoDraw=False, autoLog=True, bold=False, color=array([1., 1., 1.]), colorSpace='rgb', contrast=1.0, depth=0.0, flipHoriz=False, flipVert=False, font='Open Sans', fontFiles=[], height=0.09, italic=False, languageStyle='LTR', name='presstosharenextphoto_text', opacity=1.0, ori=0.0, pos=array([0., 0.]), rgb=UNKNOWN, text='Press space to share your next photo.', units='norm', win=Window(...), wrapWidth=1)
8.9496 	EXP 	Created WTP_ins_text1 = TextStim(__class__=<class 'psychopy.visual.text.TextStim'>, alignHoriz=method-wrapper(...), alignText='center', alignVert=method-wrapper(...), anchorHoriz='center', anchorVert='center', antialias=True, autoDraw=False, autoLog=True, bold=False, color=array([1., 1., 1.]), colorSpace='rgb', contrast=1.0, depth=0.0, flipHoriz=False, flipVert=False, font='Open Sans', fontFiles=[], height=0.07, italic=False, languageStyle='LTR', name='WTP_ins_text1', opacity=1.0, ori=0.0, pos=array([0. , 0.3]), rgb=UNKNOWN, text=str(...), units='norm', win=Window(...), wrapWidth=1)
9.0200 	EXP 	Created WTP_ins_text2 = TextStim(__class__=<class 'psychopy.visual.text.TextStim'>, alignHoriz=method-wrapper(...), alignText='center', alignVert=method-wrapper(...), anchorHoriz='center', anchorVert='center', antialias=True, autoDraw=False, autoLog=True, bold=False, color=array([1., 1., 1.]), colorSpace='rgb', contrast=1.0, depth=0.0, flipHoriz=False, flipVert=False, font='Open Sans', fontFiles=[], height=0.05, italic=False, languageStyle='LTR', name='WTP_ins_text2', opacity=1.0, ori=0.0, pos=array([0., 0.]), rgb=UNKNOWN, text=str(...), units='norm', win=Window(...), wrapWidth=1)
9.0716 	EXP 	Created Left_Experience = TextStim(__class__=<class 'psychopy.visual.text.TextStim'>, alignHoriz=method-wrapper(...), alignText='center', alignVert=method-wrapper(...), anchorHoriz='center', anchorVert='center', antialias=True, autoDraw=False, autoLog=True, bold=False, color=array([1., 1., 1.]), colorSpace='rgb', contrast=1.0, depth=0.0, flipHoriz=False, flipVert=False, font='Open Sans', fontFiles=[], height=0.05, italic=False, languageStyle='LTR', name='Left_Experience', opacity=1.0, ori=0.0, pos=array([0.5, 0.1]), rgb=UNKNOWN, text='', units='norm', win=Window(...), wrapWidth=1)
9.0726 	EXP 	Created Right_Experience = TextStim(__class__=<class 'psychopy.visual.text.TextStim'>, alignHoriz=method-wrapper(...), alignText='center', alignVert=method-wrapper(...), anchorHoriz='center', anchorVert='center', antialias=True, autoDraw=False, autoLog=True, bold=False, color=array([1., 1., 1.]), colorSpace='rgb', contrast=1.0, depth=-1.0, flipHoriz=False, flipVert=False, font='Open Sans', fontFiles=[], height=0.05, italic=False, languageStyle='LTR', name='Right_Experience', opacity=1.0, ori=0.0, pos=array([-0.5,  0.1]), rgb=UNKNOWN, text='', units='norm', win=Window(...), wrapWidth=1)
9.0735 	EXP 	Created Left_Price = TextStim(__class__=<class 'psychopy.visual.text.TextStim'>, alignHoriz=method-wrapper(...), alignText='center', alignVert=method-wrapper(...), anchorHoriz='center', anchorVert='center', antialias=True, autoDraw=False, autoLog=True, bold=False, color=array([1., 1., 1.]), colorSpace='rgb', contrast=1.0, depth=-2.0, flipHoriz=False, flipVert=False, font='Open Sans', fontFiles=[], height=0.05, italic=False, languageStyle='LTR', name='Left_Price', opacity=1.0, ori=0.0, pos=array([ 0.5, -0.5]), rgb=UNKNOWN, text='', units='norm', win=Window(...), wrapWidth=1)
9.0743 	EXP 	Created Right_Price = TextStim(__class__=<class 'psychopy.visual.text.TextStim'>, alignHoriz=method-wrapper(...), alignText='center', alignVert=method-wrapper(...), anchorHoriz='center', anchorVert='center', antialias=True, autoDraw=False, autoLog=True, bold=False, color=array([1., 1., 1.]), colorSpace='rgb', contrast=1.0, depth=-3.0, flipHoriz=False, flipVert=False, font='Open Sans', fontFiles=[], height=0.05, italic=False, languageStyle='LTR', name='Right_Price', opacity=1.0, ori=0.0, pos=array([-0.5, -0.5]), rgb=UNKNOWN, text='', units='norm', win=Window(...), wrapWidth=1)
9.1253 	EXP 	Created ITI_text = TextStim(__class__=<class 'psychopy.visual.text.TextStim'>, alignHoriz=method-wrapper(...), alignText='center', alignVert=method-wrapper(...), anchorHoriz='center', anchorVert='center', antialias=True, autoDraw=False, autoLog=True, bold=False, color=array([1., 1., 1.]), colorSpace='rgb', contrast=1.0, depth=0.0, flipHoriz=False, flipVert=False, font='Open Sans', fontFiles=[], height=0.05, italic=False, languageStyle='LTR', name='ITI_text', opacity=1.0, ori=0.0, pos=array([0., 0.]), rgb=UNKNOWN, text='', units='norm', win=Window(...), wrapWidth=1)
9.1762 	EXP 	Created Resume_Text = TextStim(__class__=<class 'psychopy.visual.text.TextStim'>, alignHoriz=method-wrapper(...), alignText='center', alignVert=method-wrapper(...), anchorHoriz='center', anchorVert='center', antialias=True, autoDraw=False, autoLog=True, bold=False, color=array([1., 1., 1.]), colorSpace='rgb', contrast=1.0, depth=-2.0, flipHoriz=False, flipVert=False, font='Open Sans', fontFiles=[], height=0.12, italic=False, languageStyle='LTR', name='Resume_Text', opacity=1.0, ori=0.0, pos=array([0., 0.]), rgb=UNKNOWN, text='', units='norm', win=Window(...), wrapWidth=1)
9.1923 	EXP 	window1: mouseVisible = True
9.2611 	EXP 	Created slider = Slider(__class__=<class 'psychopy.visual.slider.Slider'>, autoDraw=False, autoLog=True, borderColor=None, color=None, colorSpace='rgb', depth=-5, fillColor=None, flip=False, font='Open Sans', granularity=0.0, labelColor=None, labelHeight=0.05, labelWrapWidth=None, labels=(1, 2, 3, 4, 5), lineColor=None, markerColor=None, name='slider', opacity=None, ori=0.0, pos=array([ 0. , -0.4]), readOnly=False, self=UNKNOWN, size=array([1. , 0.1]), startValue=999, style='rating', styleTweaks=['labels45', 'triangleMarker'], ticks=array([1, 2, 3, 4, 5]), units='norm', win=Window(...))
9.2623 	EXP 	Created saliencequestion_text = TextStim(__class__=<class 'psychopy.visual.text.TextStim'>, alignHoriz=method-wrapper(...), alignText='center', alignVert=method-wrapper(...), anchorHoriz='center', anchorVert='center', antialias=True, autoDraw=False, autoLog=True, bold=False, color=array([1., 1., 1.]), colorSpace='rgb', contrast=1.0, depth=-1.0, flipHoriz=False, flipVert=False, font='Open Sans', fontFiles=[], height=0.06, italic=False, languageStyle='LTR', name='saliencequestion_text', opacity=1.0, ori=0.0, pos=array([0. , 0.6]), rgb=UNKNOWN, text='', units='norm', win=Window(...), wrapWidth=1)
9.3179 	EXP 	Created salienceavatar_image = ImageStim(__class__=<class 'psychopy.visual.image.ImageStim'>, anchor=('center', 'center'), autoLog=True, color=array([1., 1., 1.]), colorSpace='rgb', contrast=1.0, depth=-3.0, flipHoriz=False, flipVert=False, image='sin', interpolate=True, mask=None, maskParams=None, name='salienceavatar_image', opacity=1.0, ori=0.0, pos=array([0., 0.]), size=array([0.3 , 0.55]), texRes=128.0, units='norm', win=Window(...))
9.3245 	EXP 	Created saliencecontinue_text = TextStim(__class__=<class 'psychopy.visual.text.TextStim'>, alignHoriz=method-wrapper(...), alignText='center', alignVert=method-wrapper(...), anchorHoriz='center', anchorVert='center', antialias=True, autoDraw=False, autoLog=True, bold=False, color=array([1., 1., 1.]), colorSpace='rgb', contrast=1.0, depth=-4.0, flipHoriz=False, flipVert=False, font='Open Sans', fontFiles=[], height=0.07, italic=False, languageStyle='LTR', name='saliencecontinue_text', opacity=1.0, ori=0.0, pos=array([ 0. , -0.8]), rgb=UNKNOWN, text='Press space to enter rating and continue.', units='norm', win=Window(...), wrapWidth=1)
9.3255 	EXP 	Created displayrating_text = TextStim(__class__=<class 'psychopy.visual.text.TextStim'>, alignHoriz=method-wrapper(...), alignText='center', alignVert=method-wrapper(...), anchorHoriz='center', anchorVert='center', antialias=True, autoDraw=False, autoLog=True, bold=False, color=array([1., 1., 1.]), colorSpace='rgb', contrast=1.0, depth=-5.0, flipHoriz=False, flipVert=False, font='Open Sans', fontFiles=[], height=0.065, italic=False, languageStyle='LTR', name='displayrating_text', opacity=1.0, ori=0.0, pos=array([ 0.  , -0.65]), rgb=UNKNOWN, text='', units='norm', win=Window(...), wrapWidth=1)
9.3299 	EXP 	window1: mouseVisible = True
9.4136 	EXP 	Created slider = Slider(__class__=<class 'psychopy.visual.slider.Slider'>, autoDraw=False, autoLog=True, borderColor=None, color=None, colorSpace='rgb', depth=-5, fillColor=None, flip=False, font='Open Sans', granularity=0.0, labelColor=None, labelHeight=0.05, labelWrapWidth=None, labels=(1, 2, 3, 4, 5, 6, 7, 8, 9), lineColor=None, markerColor=None, name='slider', opacity=None, ori=0.0, pos=array([ 0. , -0.4]), readOnly=False, self=UNKNOWN, size=array([1. , 0.1]), startValue=999, style='rating', styleTweaks=['labels45', 'triangleMarker'], ticks=array([1, 2, 3, 4, 5, 6, 7, 8, 9]), units='norm', win=Window(...))
9.4145 	EXP 	Created stresslevel_text = TextStim(__class__=<class 'psychopy.visual.text.TextStim'>, alignHoriz=method-wrapper(...), alignText='center', alignVert=method-wrapper(...), anchorHoriz='center', anchorVert='center', antialias=True, autoDraw=False, autoLog=True, bold=False, color=array([1., 1., 1.]), colorSpace='rgb', contrast=1.0, depth=-1.0, flipHoriz=False, flipVert=False, font='Open Sans', fontFiles=[], height=0.08, italic=False, languageStyle='LTR', name='stresslevel_text', opacity=1.0, ori=0.0, pos=array([0. , 0.3]), rgb=UNKNOWN, text='', units='norm', win=Window(...), wrapWidth=1)
9.4663 	EXP 	Created displaystressrating_text = TextStim(__class__=<class 'psychopy.visual.text.TextStim'>, alignHoriz=method-wrapper(...), alignText='center', alignVert=method-wrapper(...), anchorHoriz='center', anchorVert='center', antialias=True, autoDraw=False, autoLog=True, bold=False, color=array([1., 1., 1.]), colorSpace='rgb', contrast=1.0, depth=-3.0, flipHoriz=False, flipVert=False, font='Open Sans', fontFiles=[], height=0.08, italic=False, languageStyle='LTR', name='displaystressrating_text', opacity=1.0, ori=0.0, pos=array([ 0.  , -0.65]), rgb=UNKNOWN, text='', units='norm', win=Window(...), wrapWidth=1)
9.4762 	WARNING 	t of last frame was 1240.38ms (=1/0)
9.4762 	EXP 	slider: autoLog = True
9.4762 	EXP 	slider: markerPos = 999
9.4762 	EXP 	slider: styleTweaks = []
9.4762 	EXP 	slider: styleTweaks = []
9.4762 	EXP 	slider: styleTweaks = ['labels45', 'triangleMarker']
9.4762 	EXP 	slider: styleTweaks = ['labels45', 'triangleMarker']
9.4762 	EXP 	slider: contrast = 1.0
9.4762 	EXP 	slider: autoLog = True
9.4762 	EXP 	slider: autoLog = True
9.4762 	EXP 	slider: markerPos = 999
9.4762 	EXP 	slider: styleTweaks = []
9.4762 	EXP 	slider: styleTweaks = []
9.4762 	EXP 	slider: styleTweaks = ['labels45', 'triangleMarker']
9.4762 	EXP 	slider: styleTweaks = ['labels45', 'triangleMarker']
9.4762 	EXP 	slider: contrast = 1.0
9.4762 	EXP 	slider: autoLog = True
9.4762 	EXP 	Welcome: autoDraw = True
10.5147 	WARNING 	t of last frame was 24.68ms (=1/40)
10.5644 	DATA 	Keypress: space
10.5685 	EXP 	Welcome: autoDraw = False
10.5685 	EXP 	FirstInstructions: autoDraw = True
10.8838 	EXP 	Imported /Users/melanieruiz/Desktop/WTP_SM_Choice/Participant_Images/101/101_trials.csv as conditions, 150 conditions, 6 params
10.8847 	EXP 	Created sequence: sequential, trialTypes=150, nReps=1, seed=None
10.8850 	EXP 	New trial (rep=0, index=0): OrderedDict([('TrialNumber', 1), ('Partner', 'Alex'), ('Condition', 'Neutral'), ('Photos', 'Participant_Images/101/101_Images/101_Image_24.jpg'), ('Feedback', 'did not like'), ('FeedbackWait', 3.613205605)])
10.8926 	DATA 	Keypress: space
10.8953 	WARNING 	t of last frame was 28.47ms (=1/35)
10.8953 	EXP 	FirstInstructions: autoDraw = False
10.8953 	EXP 	Match_text: autoDraw = True
11.0675 	DATA 	Keypress: space
11.3650 	WARNING 	Multiple dropped frames have occurred - I'll stop bothering you about them!
13.8827 	EXP 	syncing_text: autoDraw = True
13.8827 	EXP 	text_0: autoDraw = True
13.8827 	EXP 	Transparent: autoDraw = True
13.8879 	EXP 	Match_text: autoDraw = False
15.1282 	EXP 	text_0: autoDraw = False
15.1282 	EXP 	Loading_25: autoDraw = True
15.1282 	EXP 	text_25: autoDraw = True
16.3703 	EXP 	Loading_25: autoDraw = False
16.3703 	EXP 	text_25: autoDraw = False
16.3834 	EXP 	Loading_50: autoDraw = True
16.3834 	EXP 	text_50: autoDraw = True
17.6276 	EXP 	Loading_50: autoDraw = False
17.6276 	EXP 	text_50: autoDraw = False
17.6276 	EXP 	Loading_75: autoDraw = True
17.6276 	EXP 	text_75: autoDraw = True
18.8751 	EXP 	Loading_75: autoDraw = False
18.8751 	EXP 	text_75: autoDraw = False
18.8834 	EXP 	Loading_100: autoDraw = True
18.8834 	EXP 	text_100: autoDraw = True
20.1426 	EXP 	syncing_text: autoDraw = False
20.1426 	EXP 	Transparent: autoDraw = False
20.1426 	EXP 	Loading_100: autoDraw = False
20.1426 	EXP 	text_100: autoDraw = False
20.1426 	EXP 	Match_text: autoDraw = False
20.1426 	EXP 	syncing_text: autoDraw = False
20.1426 	EXP 	text_0: autoDraw = False
20.1426 	EXP 	Transparent: autoDraw = False
20.1426 	EXP 	Loading_25: autoDraw = False
20.1426 	EXP 	text_25: autoDraw = False
20.1426 	EXP 	Loading_50: autoDraw = False
20.1426 	EXP 	text_50: autoDraw = False
20.1426 	EXP 	Loading_75: autoDraw = False
20.1426 	EXP 	text_75: autoDraw = False
20.1426 	EXP 	Loading_100: autoDraw = False
20.1426 	EXP 	text_100: autoDraw = False
20.1426 	EXP 	Youhavematched: height = 0.08
20.1426 	EXP 	Youhavematched: height = 0.08
20.1426 	EXP 	Youhavematched: height = 0.08
20.1426 	EXP 	Youhavematched: text = 'You have matched with: Alex'
20.1426 	EXP 	partneremoji_image: image = 'Images/cowboyemoji.png'
20.1426 	EXP 	Youhavematched: autoDraw = True
20.1426 	EXP 	partneremoji_image: autoDraw = True
20.1426 	EXP 	PressToContinue: autoDraw = True
21.4667 	DATA 	Keypress: space
21.4700 	EXP 	Youhavematched: autoDraw = False
21.4700 	EXP 	partneremoji_image: autoDraw = False
21.4700 	EXP 	PressToContinue: autoDraw = False
21.4700 	EXP 	participantimage_image: image = 'Participant_Images/101/101_Images/101_Image_24.jpg'
21.4700 	EXP 	photobeingshared_text: autoDraw = True
21.4700 	EXP 	waitforfeedback_text: autoDraw = True
21.4700 	EXP 	participantimage_image: autoDraw = True
24.2612 	EXP 	photobeingshared_text: autoDraw = False
24.2612 	EXP 	waitforfeedback_text: autoDraw = False
24.2612 	EXP 	participantimage_image: autoDraw = False
24.2612 	EXP 	waiting_text: autoDraw = True
29.2498 	EXP 	waiting_text: autoDraw = False
29.2498 	EXP 	displayfeedback_text: height = 0.12
29.2498 	EXP 	displayfeedback_text: height = 0.12
29.2498 	EXP 	displayfeedback_text: height = 0.12
29.2498 	EXP 	displayfeedback_text: text = 'Alex did not like your photo'
29.2498 	EXP 	fdbkimage_image: image = 'Images/thumbsdown.png'
29.2498 	EXP 	displayfeedback_text: autoDraw = True
29.2498 	EXP 	fdbkimage_image: autoDraw = True
32.2533 	EXP 	displayfeedback_text: autoDraw = False
32.2533 	EXP 	fdbkimage_image: autoDraw = False
32.2533 	EXP 	presstosharenextphoto_text: autoDraw = True
33.3631 	EXP 	Created sequence: random, trialTypes=1, nReps=0, seed=None
33.3838 	DATA 	Keypress: space
33.3930 	EXP 	New trial (rep=0, index=1): OrderedDict([('TrialNumber', 2), ('Partner', 'Alex'), ('Condition', 'Neutral'), ('Photos', 'Participant_Images/101/101_Images/101_Image_9.jpg'), ('Feedback', 'did not like'), ('FeedbackWait', 4.988446431)])
33.5562 	EXP 	presstosharenextphoto_text: autoDraw = False
33.5562 	EXP 	slider: markerPos = 3
33.5562 	EXP 	saliencequestion_text: height = 0.06
33.5562 	EXP 	saliencequestion_text: height = 0.06
33.5562 	EXP 	saliencequestion_text: height = 0.06
33.5562 	EXP 	saliencequestion_text: text = 'How likely are you to share photos with Alex in the future? \n\n Use your left and right arrows to move the arrow to your desired rating.'
33.5562 	EXP 	salienceavatar_image: image = 'Images/cowboyemoji.png'
33.5562 	EXP 	displayrating_text: text = ''
33.5562 	EXP 	saliencequestion_text: autoDraw = False
33.5562 	EXP 	salienceavatar_image: autoDraw = False
33.5562 	EXP 	saliencecontinue_text: autoDraw = False
33.5562 	EXP 	displayrating_text: autoDraw = False
33.5562 	EXP 	slider: markerPos = 5
33.5562 	EXP 	stresslevel_text: height = 0.08
33.5562 	EXP 	stresslevel_text: height = 0.08
33.5562 	EXP 	stresslevel_text: height = 0.08
33.5562 	EXP 	stresslevel_text: text = 'Please rate your current stress level. \n\n\n Use your mouse or left and right arrows to move the arrow to your desired rating.'
33.5562 	EXP 	displaystressrating_text: text = ''
33.5562 	EXP 	stresslevel_text: autoDraw = False
33.5562 	EXP 	displaystressrating_text: autoDraw = False
33.5562 	EXP 	Match_text: autoDraw = False
33.5562 	EXP 	syncing_text: autoDraw = False
33.5562 	EXP 	text_0: autoDraw = False
33.5562 	EXP 	Transparent: autoDraw = False
33.5562 	EXP 	Loading_25: autoDraw = False
33.5562 	EXP 	text_25: autoDraw = False
33.5562 	EXP 	Loading_50: autoDraw = False
33.5562 	EXP 	text_50: autoDraw = False
33.5562 	EXP 	Loading_75: autoDraw = False
33.5562 	EXP 	text_75: autoDraw = False
33.5562 	EXP 	Loading_100: autoDraw = False
33.5562 	EXP 	text_100: autoDraw = False
33.5562 	EXP 	Youhavematched: text = 'You have matched with: Alex'
33.5562 	EXP 	partneremoji_image: image = 'Images/cowboyemoji.png'
33.5562 	EXP 	Youhavematched: autoDraw = False
33.5562 	EXP 	partneremoji_image: autoDraw = False
33.5562 	EXP 	PressToContinue: autoDraw = False
33.5562 	EXP 	participantimage_image: image = 'Participant_Images/101/101_Images/101_Image_9.jpg'
33.5562 	EXP 	photobeingshared_text: autoDraw = True
33.5562 	EXP 	waitforfeedback_text: autoDraw = True
33.5562 	EXP 	participantimage_image: autoDraw = True
36.4033 	EXP 	photobeingshared_text: autoDraw = False
36.4033 	EXP 	waitforfeedback_text: autoDraw = False
36.4033 	EXP 	participantimage_image: autoDraw = False
36.4033 	EXP 	waiting_text: autoDraw = True
41.3992 	EXP 	waiting_text: autoDraw = False
41.3992 	EXP 	waiting_text: autoDraw = False
41.3992 	EXP 	displayfeedback_text: text = 'Alex did not like your photo'
41.3992 	EXP 	fdbkimage_image: image = 'Images/thumbsdown.png'
41.3992 	EXP 	displayfeedback_text: autoDraw = True
41.3992 	EXP 	fdbkimage_image: autoDraw = True
44.3961 	EXP 	displayfeedback_text: autoDraw = False
44.3961 	EXP 	fdbkimage_image: autoDraw = False
44.3961 	EXP 	displayfeedback_text: autoDraw = False
44.3961 	EXP 	fdbkimage_image: autoDraw = False
44.3961 	EXP 	presstosharenextphoto_text: autoDraw = True
45.0360 	EXP 	Created sequence: random, trialTypes=1, nReps=0, seed=None
45.0371 	DATA 	Keypress: space
45.0461 	EXP 	New trial (rep=0, index=2): OrderedDict([('TrialNumber', 3), ('Partner', 'Alex'), ('Condition', 'Neutral'), ('Photos', 'Participant_Images/101/101_Images/101_Image_4.jpg'), ('Feedback', 'liked'), ('FeedbackWait', 3.470791822)])
45.2116 	DATA 	Keypress: c
45.2150 	EXP 	presstosharenextphoto_text: autoDraw = False
45.2150 	EXP 	slider: markerPos = 3
45.2150 	EXP 	saliencequestion_text: text = 'How likely are you to share photos with Alex in the future? \n\n Use your left and right arrows to move the arrow to your desired rating.'
45.2150 	EXP 	salienceavatar_image: image = 'Images/cowboyemoji.png'
45.2150 	EXP 	displayrating_text: text = ''
45.2150 	EXP 	saliencequestion_text: autoDraw = False
45.2150 	EXP 	salienceavatar_image: autoDraw = False
45.2150 	EXP 	saliencecontinue_text: autoDraw = False
45.2150 	EXP 	displayrating_text: autoDraw = False
45.2150 	EXP 	slider: markerPos = 5
45.2150 	EXP 	stresslevel_text: text = 'Please rate your current stress level. \n\n\n Use your mouse or left and right arrows to move the arrow to your desired rating.'
45.2150 	EXP 	displaystressrating_text: text = ''
45.2150 	EXP 	stresslevel_text: autoDraw = False
45.2150 	EXP 	displaystressrating_text: autoDraw = False
45.2150 	EXP 	Match_text: autoDraw = False
45.2150 	EXP 	syncing_text: autoDraw = False
45.2150 	EXP 	text_0: autoDraw = False
45.2150 	EXP 	Transparent: autoDraw = False
45.2150 	EXP 	Loading_25: autoDraw = False
45.2150 	EXP 	text_25: autoDraw = False
45.2150 	EXP 	Loading_50: autoDraw = False
45.2150 	EXP 	text_50: autoDraw = False
45.2150 	EXP 	Loading_75: autoDraw = False
45.2150 	EXP 	text_75: autoDraw = False
45.2150 	EXP 	Loading_100: autoDraw = False
45.2150 	EXP 	text_100: autoDraw = False
45.2150 	EXP 	Youhavematched: text = 'You have matched with: Alex'
45.2150 	EXP 	partneremoji_image: image = 'Images/cowboyemoji.png'
45.2150 	EXP 	Youhavematched: autoDraw = False
45.2150 	EXP 	partneremoji_image: autoDraw = False
45.2150 	EXP 	PressToContinue: autoDraw = False
45.2150 	EXP 	participantimage_image: image = 'Participant_Images/101/101_Images/101_Image_4.jpg'
45.2150 	EXP 	photobeingshared_text: autoDraw = True
45.2150 	EXP 	waitforfeedback_text: autoDraw = True
45.2150 	EXP 	participantimage_image: autoDraw = True
48.0871 	EXP 	photobeingshared_text: autoDraw = False
48.0871 	EXP 	waitforfeedback_text: autoDraw = False
48.0871 	EXP 	participantimage_image: autoDraw = False
48.0871 	EXP 	waiting_text: autoDraw = True
53.0596 	EXP 	waiting_text: autoDraw = False
53.0596 	EXP 	displayfeedback_text: height = 0.12
53.0596 	EXP 	displayfeedback_text: height = 0.12
53.0596 	EXP 	displayfeedback_text: height = 0.12
53.0596 	EXP 	displayfeedback_text: text = 'Alex liked your photo'
53.0596 	EXP 	fdbkimage_image: image = 'Images/thumbsup.png'
53.0596 	EXP 	displayfeedback_text: autoDraw = True
53.0596 	EXP 	fdbkimage_image: autoDraw = True
56.0540 	EXP 	displayfeedback_text: autoDraw = False
56.0540 	EXP 	fdbkimage_image: autoDraw = False
56.0540 	EXP 	displayfeedback_text: autoDraw = False
56.0540 	EXP 	fdbkimage_image: autoDraw = False
56.0540 	EXP 	presstosharenextphoto_text: autoDraw = True
59.0976 	EXP 	Created sequence: random, trialTypes=1, nReps=0, seed=None
59.1053 	DATA 	Keypress: space
59.1081 	EXP 	New trial (rep=0, index=3): OrderedDict([('TrialNumber', 4), ('Partner', 'Alex'), ('Condition', 'Neutral'), ('Photos', 'Participant_Images/101/101_Images/101_Image_1.jpg'), ('Feedback', 'liked'), ('FeedbackWait', 3.820572462)])
59.2496 	EXP 	presstosharenextphoto_text: autoDraw = False
59.2496 	EXP 	slider: markerPos = 3
59.2496 	EXP 	saliencequestion_text: text = 'How likely are you to share photos with Alex in the future? \n\n Use your left and right arrows to move the arrow to your desired rating.'
59.2496 	EXP 	salienceavatar_image: image = 'Images/cowboyemoji.png'
59.2496 	EXP 	displayrating_text: text = ''
59.2496 	EXP 	saliencequestion_text: autoDraw = False
59.2496 	EXP 	salienceavatar_image: autoDraw = False
59.2496 	EXP 	saliencecontinue_text: autoDraw = False
59.2496 	EXP 	displayrating_text: autoDraw = False
59.2496 	EXP 	slider: markerPos = 5
59.2496 	EXP 	stresslevel_text: text = 'Please rate your current stress level. \n\n\n Use your mouse or left and right arrows to move the arrow to your desired rating.'
59.2496 	EXP 	displaystressrating_text: text = ''
59.2496 	EXP 	stresslevel_text: autoDraw = False
59.2496 	EXP 	displaystressrating_text: autoDraw = False
59.2496 	EXP 	Match_text: autoDraw = False
59.2496 	EXP 	syncing_text: autoDraw = False
59.2496 	EXP 	text_0: autoDraw = False
59.2496 	EXP 	Transparent: autoDraw = False
59.2496 	EXP 	Loading_25: autoDraw = False
59.2496 	EXP 	text_25: autoDraw = False
59.2496 	EXP 	Loading_50: autoDraw = False
59.2496 	EXP 	text_50: autoDraw = False
59.2496 	EXP 	Loading_75: autoDraw = False
59.2496 	EXP 	text_75: autoDraw = False
59.2496 	EXP 	Loading_100: autoDraw = False
59.2496 	EXP 	text_100: autoDraw = False
59.2496 	EXP 	Youhavematched: text = 'You have matched with: Alex'
59.2496 	EXP 	partneremoji_image: image = 'Images/cowboyemoji.png'
59.2496 	EXP 	Youhavematched: autoDraw = False
59.2496 	EXP 	partneremoji_image: autoDraw = False
59.2496 	EXP 	PressToContinue: autoDraw = False
59.2496 	EXP 	participantimage_image: image = 'Participant_Images/101/101_Images/101_Image_1.jpg'
59.2496 	EXP 	photobeingshared_text: autoDraw = True
59.2496 	EXP 	waitforfeedback_text: autoDraw = True
59.2496 	EXP 	participantimage_image: autoDraw = True
62.1217 	EXP 	photobeingshared_text: autoDraw = False
62.1217 	EXP 	waitforfeedback_text: autoDraw = False
62.1217 	EXP 	participantimage_image: autoDraw = False
62.1217 	EXP 	waiting_text: autoDraw = True
67.1161 	EXP 	waiting_text: autoDraw = False
67.1161 	EXP 	waiting_text: autoDraw = False
67.1161 	EXP 	displayfeedback_text: text = 'Alex liked your photo'
67.1161 	EXP 	fdbkimage_image: image = 'Images/thumbsup.png'
67.1161 	EXP 	displayfeedback_text: autoDraw = True
67.1161 	EXP 	fdbkimage_image: autoDraw = True
70.1239 	EXP 	displayfeedback_text: autoDraw = False
70.1239 	EXP 	fdbkimage_image: autoDraw = False
70.1239 	EXP 	displayfeedback_text: autoDraw = False
70.1239 	EXP 	fdbkimage_image: autoDraw = False
70.1239 	EXP 	presstosharenextphoto_text: autoDraw = True
70.8943 	EXP 	Created sequence: random, trialTypes=1, nReps=0, seed=None
70.8955 	DATA 	Keypress: space
70.9050 	EXP 	New trial (rep=0, index=4): OrderedDict([('TrialNumber', 5), ('Partner', 'Alex'), ('Condition', 'Neutral'), ('Photos', 'Participant_Images/101/101_Images/101_Image_3.jpg'), ('Feedback', 'liked'), ('FeedbackWait', 2.455989137)])
71.0728 	EXP 	presstosharenextphoto_text: autoDraw = False
71.0728 	EXP 	slider: markerPos = 3
71.0728 	EXP 	saliencequestion_text: text = 'How likely are you to share photos with Alex in the future? \n\n Use your left and right arrows to move the arrow to your desired rating.'
71.0728 	EXP 	salienceavatar_image: image = 'Images/cowboyemoji.png'
71.0728 	EXP 	displayrating_text: text = ''
71.0728 	EXP 	saliencequestion_text: autoDraw = False
71.0728 	EXP 	salienceavatar_image: autoDraw = False
71.0728 	EXP 	saliencecontinue_text: autoDraw = False
71.0728 	EXP 	displayrating_text: autoDraw = False
71.0728 	EXP 	slider: markerPos = 5
71.0728 	EXP 	stresslevel_text: text = 'Please rate your current stress level. \n\n\n Use your mouse or left and right arrows to move the arrow to your desired rating.'
71.0728 	EXP 	displaystressrating_text: text = ''
71.0728 	EXP 	stresslevel_text: autoDraw = False
71.0728 	EXP 	displaystressrating_text: autoDraw = False
71.0728 	EXP 	Match_text: autoDraw = False
71.0728 	EXP 	syncing_text: autoDraw = False
71.0728 	EXP 	text_0: autoDraw = False
71.0728 	EXP 	Transparent: autoDraw = False
71.0728 	EXP 	Loading_25: autoDraw = False
71.0728 	EXP 	text_25: autoDraw = False
71.0728 	EXP 	Loading_50: autoDraw = False
71.0728 	EXP 	text_50: autoDraw = False
71.0728 	EXP 	Loading_75: autoDraw = False
71.0728 	EXP 	text_75: autoDraw = False
71.0728 	EXP 	Loading_100: autoDraw = False
71.0728 	EXP 	text_100: autoDraw = False
71.0728 	EXP 	Youhavematched: text = 'You have matched with: Alex'
71.0728 	EXP 	partneremoji_image: image = 'Images/cowboyemoji.png'
71.0728 	EXP 	Youhavematched: autoDraw = False
71.0728 	EXP 	partneremoji_image: autoDraw = False
71.0728 	EXP 	PressToContinue: autoDraw = False
71.0728 	EXP 	participantimage_image: image = 'Participant_Images/101/101_Images/101_Image_3.jpg'
71.0728 	EXP 	photobeingshared_text: autoDraw = True
71.0728 	EXP 	waitforfeedback_text: autoDraw = True
71.0728 	EXP 	participantimage_image: autoDraw = True
73.9253 	EXP 	photobeingshared_text: autoDraw = False
73.9253 	EXP 	waitforfeedback_text: autoDraw = False
73.9253 	EXP 	participantimage_image: autoDraw = False
73.9253 	EXP 	waiting_text: autoDraw = True
78.9286 	EXP 	waiting_text: autoDraw = False
78.9286 	EXP 	displayfeedback_text: text = 'Alex liked your photo'
78.9286 	EXP 	fdbkimage_image: image = 'Images/thumbsup.png'
78.9286 	EXP 	displayfeedback_text: autoDraw = True
78.9286 	EXP 	fdbkimage_image: autoDraw = True
81.9124 	EXP 	Created sequence: random, trialTypes=1, nReps=1, seed=None
81.9125 	EXP 	New trial (rep=0, index=0): None
81.9277 	EXP 	displayfeedback_text: autoDraw = False
81.9277 	EXP 	fdbkimage_image: autoDraw = False
81.9277 	EXP 	presstosharenextphoto_text: autoDraw = False
81.9277 	EXP 	WTP_ins_text1: autoDraw = True
83.0961 	DATA 	Keypress: space
83.0996 	EXP 	WTP_ins_text1: autoDraw = False
83.0996 	EXP 	WTP_ins_text2: autoDraw = True
83.6783 	EXP 	Imported /Users/melanieruiz/Desktop/WTP_SM_Choice/Participant_Images/101/101_WTP.xlsx as conditions, 4 conditions, 10 params
83.6787 	EXP 	Created sequence: sequential, trialTypes=4, nReps=1, seed=None
83.6789 	EXP 	New trial (rep=0, index=0): {'social_left': 0, 'Left_Exp': 'Rearranging furniture in your house', 'Right_Exp': 'Going to a carnival with friends', 'ITI': 4, 'leftmoney': 0.01, 'rightmoney': 0.01, 'greenText': 'green', 'left_more_than_right': 0, 'matching_prices': 1, 'social_worthmore': 1}
83.6973 	DATA 	Keypress: space
83.7007 	EXP 	WTP_ins_text2: autoDraw = False
83.7007 	EXP 	Left_Experience: height = 0.05
83.7007 	EXP 	Left_Experience: height = 0.05
83.7007 	EXP 	Left_Experience: height = 0.05
83.7007 	EXP 	Left_Experience: text = 'Rearranging furniture in your house'
83.7007 	EXP 	Right_Experience: height = 0.05
83.7007 	EXP 	Right_Experience: height = 0.05
83.7007 	EXP 	Right_Experience: height = 0.05
83.7007 	EXP 	Right_Experience: text = 'Going to a carnival with friends'
83.7007 	EXP 	Left_Price: height = 0.05
83.7007 	EXP 	Left_Price: height = 0.05
83.7007 	EXP 	Left_Price: height = 0.05
83.7007 	EXP 	Left_Price: text = 0.01
83.7007 	EXP 	Right_Price: height = 0.05
83.7007 	EXP 	Right_Price: height = 0.05
83.7007 	EXP 	Right_Price: height = 0.05
83.7007 	EXP 	Right_Price: text = 0.01
83.7007 	EXP 	Left_Experience: autoDraw = True
83.7007 	EXP 	Right_Experience: autoDraw = True
83.7007 	EXP 	Left_Price: autoDraw = True
83.7007 	EXP 	Right_Price: autoDraw = True
84.2613 	DATA 	Keypress: 1
93.6122 	EXP 	Left_Experience: autoDraw = False
93.6122 	EXP 	Right_Experience: autoDraw = False
93.6122 	EXP 	Left_Price: autoDraw = False
93.6122 	EXP 	Right_Price: autoDraw = False
93.6122 	EXP 	ITI_text: height = 0.05
93.6122 	EXP 	ITI_text: height = 0.05
93.6122 	EXP 	ITI_text: height = 0.05
93.6122 	EXP 	ITI_text: text = '+'
93.6122 	EXP 	ITI_text: autoDraw = True
97.5980 	EXP 	New trial (rep=0, index=1): {'social_left': 0, 'Left_Exp': 'Watching a new episode of a television show', 'Right_Exp': 'Having a picnic with family', 'ITI': 5, 'leftmoney': 0.02, 'rightmoney': 0.01, 'greenText': 'green', 'left_more_than_right': 1, 'matching_prices': 0, 'social_worthmore': 0}
97.6130 	EXP 	ITI_text: autoDraw = False
97.6130 	EXP 	ITI_text: autoDraw = False
97.6130 	EXP 	Left_Experience: height = 0.05
97.6130 	EXP 	Left_Experience: height = 0.05
97.6130 	EXP 	Left_Experience: height = 0.05
97.6130 	EXP 	Left_Experience: text = 'Watching a new episode of a television show'
97.6130 	EXP 	Right_Experience: height = 0.05
97.6130 	EXP 	Right_Experience: height = 0.05
97.6130 	EXP 	Right_Experience: height = 0.05
97.6130 	EXP 	Right_Experience: text = 'Having a picnic with family'
97.6130 	EXP 	Left_Price: height = 0.05
97.6130 	EXP 	Left_Price: height = 0.05
97.6130 	EXP 	Left_Price: height = 0.05
97.6130 	EXP 	Left_Price: text = 0.02
97.6130 	EXP 	Right_Price: height = 0.05
97.6130 	EXP 	Right_Price: height = 0.05
97.6130 	EXP 	Right_Price: height = 0.05
97.6130 	EXP 	Right_Price: text = 0.01
97.6130 	EXP 	Left_Experience: autoDraw = True
97.6130 	EXP 	Right_Experience: autoDraw = True
97.6130 	EXP 	Left_Price: autoDraw = True
97.6130 	EXP 	Right_Price: autoDraw = True
99.1575 	DATA 	Keypress: 2
107.6164 	EXP 	Left_Experience: autoDraw = False
107.6164 	EXP 	Right_Experience: autoDraw = False
107.6164 	EXP 	Left_Price: autoDraw = False
107.6164 	EXP 	Right_Price: autoDraw = False
107.6164 	EXP 	ITI_text: text = '+'
107.6164 	EXP 	ITI_text: autoDraw = True
112.6008 	EXP 	New trial (rep=0, index=2): {'social_left': 0, 'Left_Exp': 'Painting your bedroom\na new color', 'Right_Exp': 'Having a romantic dinner with a significant other', 'ITI': 6, 'leftmoney': 0.03, 'rightmoney': 0.01, 'greenText': 'green', 'left_more_than_right': 1, 'matching_prices': 0, 'social_worthmore': 0}
112.6182 	EXP 	ITI_text: autoDraw = False
112.6182 	EXP 	ITI_text: autoDraw = False
112.6182 	EXP 	Left_Experience: height = 0.05
112.6182 	EXP 	Left_Experience: height = 0.05
112.6182 	EXP 	Left_Experience: height = 0.05
112.6182 	EXP 	Left_Experience: text = 'Painting your bedroom\na new color'
112.6182 	EXP 	Right_Experience: height = 0.05
112.6182 	EXP 	Right_Experience: height = 0.05
112.6182 	EXP 	Right_Experience: height = 0.05
112.6182 	EXP 	Right_Experience: text = 'Having a romantic dinner with a significant other'
112.6182 	EXP 	Left_Price: height = 0.05
112.6182 	EXP 	Left_Price: height = 0.05
112.6182 	EXP 	Left_Price: height = 0.05
112.6182 	EXP 	Left_Price: text = 0.03
112.6182 	EXP 	Right_Price: height = 0.05
112.6182 	EXP 	Right_Price: height = 0.05
112.6182 	EXP 	Right_Price: height = 0.05
112.6182 	EXP 	Right_Price: text = 0.01
112.6182 	EXP 	Left_Experience: autoDraw = True
112.6182 	EXP 	Right_Experience: autoDraw = True
112.6182 	EXP 	Left_Price: autoDraw = True
112.6182 	EXP 	Right_Price: autoDraw = True
113.9546 	DATA 	Keypress: 2
122.6166 	EXP 	Left_Experience: autoDraw = False
122.6166 	EXP 	Right_Experience: autoDraw = False
122.6166 	EXP 	Left_Price: autoDraw = False
122.6166 	EXP 	Right_Price: autoDraw = False
122.6166 	EXP 	ITI_text: text = '+'
122.6166 	EXP 	ITI_text: autoDraw = True
128.6046 	EXP 	New trial (rep=0, index=3): {'social_left': 0, 'Left_Exp': 'Playing with a pet', 'Right_Exp': 'Studying abroad with friends', 'ITI': 1, 'leftmoney': 0.04, 'rightmoney': 0.01, 'greenText': 'green', 'left_more_than_right': 1, 'matching_prices': 0, 'social_worthmore': 0}
128.6178 	EXP 	ITI_text: autoDraw = False
128.6178 	EXP 	ITI_text: autoDraw = False
128.6178 	EXP 	Left_Experience: height = 0.05
128.6178 	EXP 	Left_Experience: height = 0.05
128.6178 	EXP 	Left_Experience: height = 0.05
128.6178 	EXP 	Left_Experience: text = 'Playing with a pet'
128.6178 	EXP 	Right_Experience: height = 0.05
128.6178 	EXP 	Right_Experience: height = 0.05
128.6178 	EXP 	Right_Experience: height = 0.05
128.6178 	EXP 	Right_Experience: text = 'Studying abroad with friends'
128.6178 	EXP 	Left_Price: height = 0.05
128.6178 	EXP 	Left_Price: height = 0.05
128.6178 	EXP 	Left_Price: height = 0.05
128.6178 	EXP 	Left_Price: text = 0.04
128.6178 	EXP 	Right_Price: height = 0.05
128.6178 	EXP 	Right_Price: height = 0.05
128.6178 	EXP 	Right_Price: height = 0.05
128.6178 	EXP 	Right_Price: text = 0.01
128.6178 	EXP 	Left_Experience: autoDraw = True
128.6178 	EXP 	Right_Experience: autoDraw = True
128.6178 	EXP 	Left_Price: autoDraw = True
128.6178 	EXP 	Right_Price: autoDraw = True
130.4785 	DATA 	Keypress: 1
138.6106 	EXP 	Left_Experience: autoDraw = False
138.6106 	EXP 	Right_Experience: autoDraw = False
138.6106 	EXP 	Left_Price: autoDraw = False
138.6106 	EXP 	Right_Price: autoDraw = False
138.6106 	EXP 	ITI_text: text = '+'
138.6106 	EXP 	ITI_text: autoDraw = True
139.6090 	EXP 	ITI_text: autoDraw = False
139.6090 	EXP 	ITI_text: autoDraw = False
139.6090 	EXP 	Resume_Text: height = 0.12
139.6090 	EXP 	Resume_Text: height = 0.12
139.6090 	EXP 	Resume_Text: height = 0.12
139.6090 	EXP 	Resume_Text: text = 'Press space to resume sharing your photos.'
139.6090 	EXP 	Resume_Text: autoDraw = True
141.3977 	DATA 	Keypress: space
141.4003 	EXP 	New trial (rep=0, index=5): OrderedDict([('TrialNumber', 6), ('Partner', 'Alex'), ('Condition', 'Neutral'), ('Photos', 'Participant_Images/101/101_Images/101_Image_13.jpg'), ('Feedback', 'liked'), ('FeedbackWait', 3.79605092)])
141.5849 	EXP 	Resume_Text: autoDraw = False
141.5849 	EXP 	slider: markerPos = 3
141.5849 	EXP 	saliencequestion_text: text = 'How likely are you to share photos with Alex in the future? \n\n Use your left and right arrows to move the arrow to your desired rating.'
141.5849 	EXP 	salienceavatar_image: image = 'Images/cowboyemoji.png'
141.5849 	EXP 	displayrating_text: text = ''
141.5849 	EXP 	saliencequestion_text: autoDraw = False
141.5849 	EXP 	salienceavatar_image: autoDraw = False
141.5849 	EXP 	saliencecontinue_text: autoDraw = False
141.5849 	EXP 	displayrating_text: autoDraw = False
141.5849 	EXP 	slider: markerPos = 5
141.5849 	EXP 	stresslevel_text: text = 'Please rate your current stress level. \n\n\n Use your mouse or left and right arrows to move the arrow to your desired rating.'
141.5849 	EXP 	displaystressrating_text: text = ''
141.5849 	EXP 	stresslevel_text: autoDraw = False
141.5849 	EXP 	displaystressrating_text: autoDraw = False
141.5849 	EXP 	Match_text: autoDraw = False
141.5849 	EXP 	syncing_text: autoDraw = False
141.5849 	EXP 	text_0: autoDraw = False
141.5849 	EXP 	Transparent: autoDraw = False
141.5849 	EXP 	Loading_25: autoDraw = False
141.5849 	EXP 	text_25: autoDraw = False
141.5849 	EXP 	Loading_50: autoDraw = False
141.5849 	EXP 	text_50: autoDraw = False
141.5849 	EXP 	Loading_75: autoDraw = False
141.5849 	EXP 	text_75: autoDraw = False
141.5849 	EXP 	Loading_100: autoDraw = False
141.5849 	EXP 	text_100: autoDraw = False
141.5849 	EXP 	Youhavematched: text = 'You have matched with: Alex'
141.5849 	EXP 	partneremoji_image: image = 'Images/cowboyemoji.png'
141.5849 	EXP 	Youhavematched: autoDraw = False
141.5849 	EXP 	partneremoji_image: autoDraw = False
141.5849 	EXP 	PressToContinue: autoDraw = False
141.5849 	EXP 	participantimage_image: image = 'Participant_Images/101/101_Images/101_Image_13.jpg'
141.5849 	EXP 	photobeingshared_text: autoDraw = True
141.5849 	EXP 	waitforfeedback_text: autoDraw = True
141.5849 	EXP 	participantimage_image: autoDraw = True
144.4220 	EXP 	photobeingshared_text: autoDraw = False
144.4220 	EXP 	waitforfeedback_text: autoDraw = False
144.4220 	EXP 	participantimage_image: autoDraw = False
144.4220 	EXP 	waiting_text: autoDraw = True
149.4211 	EXP 	waiting_text: autoDraw = False
149.4211 	EXP 	displayfeedback_text: text = 'Alex liked your photo'
149.4211 	EXP 	fdbkimage_image: image = 'Images/thumbsup.png'
149.4211 	EXP 	displayfeedback_text: autoDraw = True
149.4211 	EXP 	fdbkimage_image: autoDraw = True
152.4186 	EXP 	displayfeedback_text: autoDraw = False
152.4186 	EXP 	fdbkimage_image: autoDraw = False
152.4186 	EXP 	presstosharenextphoto_text: autoDraw = True
153.6407 	EXP 	Created sequence: random, trialTypes=1, nReps=0, seed=None
153.6497 	DATA 	Keypress: space
153.6523 	EXP 	New trial (rep=0, index=6): OrderedDict([('TrialNumber', 7), ('Partner', 'Alex'), ('Condition', 'Neutral'), ('Photos', 'Participant_Images/101/101_Images/101_Image_2.jpg'), ('Feedback', 'did not like'), ('FeedbackWait', 3.562416326)])
153.7995 	EXP 	presstosharenextphoto_text: autoDraw = False
153.7995 	EXP 	slider: markerPos = 3
153.7995 	EXP 	saliencequestion_text: text = 'How likely are you to share photos with Alex in the future? \n\n Use your left and right arrows to move the arrow to your desired rating.'
153.7995 	EXP 	salienceavatar_image: image = 'Images/cowboyemoji.png'
153.7995 	EXP 	displayrating_text: text = ''
153.7995 	EXP 	saliencequestion_text: autoDraw = False
153.7995 	EXP 	salienceavatar_image: autoDraw = False
153.7995 	EXP 	saliencecontinue_text: autoDraw = False
153.7995 	EXP 	displayrating_text: autoDraw = False
153.7995 	EXP 	slider: markerPos = 5
153.7995 	EXP 	stresslevel_text: text = 'Please rate your current stress level. \n\n\n Use your mouse or left and right arrows to move the arrow to your desired rating.'
153.7995 	EXP 	displaystressrating_text: text = ''
153.7995 	EXP 	stresslevel_text: autoDraw = False
153.7995 	EXP 	displaystressrating_text: autoDraw = False
153.7995 	EXP 	Match_text: autoDraw = False
153.7995 	EXP 	syncing_text: autoDraw = False
153.7995 	EXP 	text_0: autoDraw = False
153.7995 	EXP 	Transparent: autoDraw = False
153.7995 	EXP 	Loading_25: autoDraw = False
153.7995 	EXP 	text_25: autoDraw = False
153.7995 	EXP 	Loading_50: autoDraw = False
153.7995 	EXP 	text_50: autoDraw = False
153.7995 	EXP 	Loading_75: autoDraw = False
153.7995 	EXP 	text_75: autoDraw = False
153.7995 	EXP 	Loading_100: autoDraw = False
153.7995 	EXP 	text_100: autoDraw = False
153.7995 	EXP 	Youhavematched: text = 'You have matched with: Alex'
153.7995 	EXP 	partneremoji_image: image = 'Images/cowboyemoji.png'
153.7995 	EXP 	Youhavematched: autoDraw = False
153.7995 	EXP 	partneremoji_image: autoDraw = False
153.7995 	EXP 	PressToContinue: autoDraw = False
153.7995 	EXP 	participantimage_image: image = 'Participant_Images/101/101_Images/101_Image_2.jpg'
153.7995 	EXP 	photobeingshared_text: autoDraw = True
153.7995 	EXP 	waitforfeedback_text: autoDraw = True
153.7995 	EXP 	participantimage_image: autoDraw = True
156.6901 	EXP 	photobeingshared_text: autoDraw = False
156.6901 	EXP 	waitforfeedback_text: autoDraw = False
156.6901 	EXP 	participantimage_image: autoDraw = False
156.6901 	EXP 	waiting_text: autoDraw = True
161.6696 	EXP 	waiting_text: autoDraw = False
161.6696 	EXP 	displayfeedback_text: height = 0.12
161.6696 	EXP 	displayfeedback_text: height = 0.12
161.6696 	EXP 	displayfeedback_text: height = 0.12
161.6696 	EXP 	displayfeedback_text: text = 'Alex did not like your photo'
161.6696 	EXP 	fdbkimage_image: image = 'Images/thumbsdown.png'
161.6696 	EXP 	displayfeedback_text: autoDraw = True
161.6696 	EXP 	fdbkimage_image: autoDraw = True
164.6601 	EXP 	displayfeedback_text: autoDraw = False
164.6601 	EXP 	fdbkimage_image: autoDraw = False
164.6601 	EXP 	displayfeedback_text: autoDraw = False
164.6601 	EXP 	fdbkimage_image: autoDraw = False
164.6601 	EXP 	presstosharenextphoto_text: autoDraw = True
167.3113 	EXP 	Created sequence: random, trialTypes=1, nReps=0, seed=None
167.3123 	DATA 	Keypress: space
167.3214 	EXP 	New trial (rep=0, index=7): OrderedDict([('TrialNumber', 8), ('Partner', 'Alex'), ('Condition', 'Neutral'), ('Photos', 'Participant_Images/101/101_Images/101_Image_25.jpg'), ('Feedback', 'liked'), ('FeedbackWait', 2.843822497)])
167.5329 	EXP 	presstosharenextphoto_text: autoDraw = False
167.5329 	EXP 	slider: markerPos = 3
167.5329 	EXP 	saliencequestion_text: text = 'How likely are you to share photos with Alex in the future? \n\n Use your left and right arrows to move the arrow to your desired rating.'
167.5329 	EXP 	salienceavatar_image: image = 'Images/cowboyemoji.png'
167.5329 	EXP 	displayrating_text: text = ''
167.5329 	EXP 	saliencequestion_text: autoDraw = False
167.5329 	EXP 	salienceavatar_image: autoDraw = False
167.5329 	EXP 	saliencecontinue_text: autoDraw = False
167.5329 	EXP 	displayrating_text: autoDraw = False
167.5329 	EXP 	slider: markerPos = 5
167.5329 	EXP 	stresslevel_text: text = 'Please rate your current stress level. \n\n\n Use your mouse or left and right arrows to move the arrow to your desired rating.'
167.5329 	EXP 	displaystressrating_text: text = ''
167.5329 	EXP 	stresslevel_text: autoDraw = False
167.5329 	EXP 	displaystressrating_text: autoDraw = False
167.5329 	EXP 	Match_text: autoDraw = False
167.5329 	EXP 	syncing_text: autoDraw = False
167.5329 	EXP 	text_0: autoDraw = False
167.5329 	EXP 	Transparent: autoDraw = False
167.5329 	EXP 	Loading_25: autoDraw = False
167.5329 	EXP 	text_25: autoDraw = False
167.5329 	EXP 	Loading_50: autoDraw = False
167.5329 	EXP 	text_50: autoDraw = False
167.5329 	EXP 	Loading_75: autoDraw = False
167.5329 	EXP 	text_75: autoDraw = False
167.5329 	EXP 	Loading_100: autoDraw = False
167.5329 	EXP 	text_100: autoDraw = False
167.5329 	EXP 	Youhavematched: text = 'You have matched with: Alex'
167.5329 	EXP 	partneremoji_image: image = 'Images/cowboyemoji.png'
167.5329 	EXP 	Youhavematched: autoDraw = False
167.5329 	EXP 	partneremoji_image: autoDraw = False
167.5329 	EXP 	PressToContinue: autoDraw = False
167.5329 	EXP 	participantimage_image: image = 'Participant_Images/101/101_Images/101_Image_25.jpg'
167.5329 	EXP 	photobeingshared_text: autoDraw = True
167.5329 	EXP 	waitforfeedback_text: autoDraw = True
167.5329 	EXP 	participantimage_image: autoDraw = True
170.3358 	EXP 	photobeingshared_text: autoDraw = False
170.3358 	EXP 	waitforfeedback_text: autoDraw = False
170.3358 	EXP 	participantimage_image: autoDraw = False
170.3358 	EXP 	waiting_text: autoDraw = True
175.3304 	EXP 	waiting_text: autoDraw = False
175.3304 	EXP 	waiting_text: autoDraw = False
175.3304 	EXP 	displayfeedback_text: height = 0.12
175.3304 	EXP 	displayfeedback_text: height = 0.12
175.3304 	EXP 	displayfeedback_text: height = 0.12
175.3304 	EXP 	displayfeedback_text: text = 'Alex liked your photo'
175.3304 	EXP 	fdbkimage_image: image = 'Images/thumbsup.png'
175.3304 	EXP 	displayfeedback_text: autoDraw = True
175.3304 	EXP 	fdbkimage_image: autoDraw = True
178.3327 	EXP 	displayfeedback_text: autoDraw = False
178.3327 	EXP 	fdbkimage_image: autoDraw = False
178.3327 	EXP 	presstosharenextphoto_text: autoDraw = True
179.7598 	EXP 	Created sequence: random, trialTypes=1, nReps=0, seed=None
179.7609 	DATA 	Keypress: space
179.7703 	EXP 	New trial (rep=0, index=8): OrderedDict([('TrialNumber', 9), ('Partner', 'Alex'), ('Condition', 'Neutral'), ('Photos', 'Participant_Images/101/101_Images/101_Image_8.jpg'), ('Feedback', 'did not like'), ('FeedbackWait', 3.546495948)])
179.9541 	EXP 	presstosharenextphoto_text: autoDraw = False
179.9541 	EXP 	slider: markerPos = 3
179.9541 	EXP 	saliencequestion_text: text = 'How likely are you to share photos with Alex in the future? \n\n Use your left and right arrows to move the arrow to your desired rating.'
179.9541 	EXP 	salienceavatar_image: image = 'Images/cowboyemoji.png'
179.9541 	EXP 	displayrating_text: text = ''
179.9541 	EXP 	saliencequestion_text: autoDraw = False
179.9541 	EXP 	salienceavatar_image: autoDraw = False
179.9541 	EXP 	saliencecontinue_text: autoDraw = False
179.9541 	EXP 	displayrating_text: autoDraw = False
179.9541 	EXP 	slider: markerPos = 5
179.9541 	EXP 	stresslevel_text: text = 'Please rate your current stress level. \n\n\n Use your mouse or left and right arrows to move the arrow to your desired rating.'
179.9541 	EXP 	displaystressrating_text: text = ''
179.9541 	EXP 	stresslevel_text: autoDraw = False
179.9541 	EXP 	displaystressrating_text: autoDraw = False
179.9541 	EXP 	Match_text: autoDraw = False
179.9541 	EXP 	syncing_text: autoDraw = False
179.9541 	EXP 	text_0: autoDraw = False
179.9541 	EXP 	Transparent: autoDraw = False
179.9541 	EXP 	Loading_25: autoDraw = False
179.9541 	EXP 	text_25: autoDraw = False
179.9541 	EXP 	Loading_50: autoDraw = False
179.9541 	EXP 	text_50: autoDraw = False
179.9541 	EXP 	Loading_75: autoDraw = False
179.9541 	EXP 	text_75: autoDraw = False
179.9541 	EXP 	Loading_100: autoDraw = False
179.9541 	EXP 	text_100: autoDraw = False
179.9541 	EXP 	Youhavematched: text = 'You have matched with: Alex'
179.9541 	EXP 	partneremoji_image: image = 'Images/cowboyemoji.png'
179.9541 	EXP 	Youhavematched: autoDraw = False
179.9541 	EXP 	partneremoji_image: autoDraw = False
179.9541 	EXP 	PressToContinue: autoDraw = False
179.9541 	EXP 	participantimage_image: image = 'Participant_Images/101/101_Images/101_Image_8.jpg'
179.9541 	EXP 	photobeingshared_text: autoDraw = True
179.9541 	EXP 	waitforfeedback_text: autoDraw = True
179.9541 	EXP 	participantimage_image: autoDraw = True
181.7052 	DATA 	Keypress: escape
181.9246 	EXP 	window1: mouseVisible = True
