1.5965 	WARNING 	We strongly recommend you activate the PTB sound engine in PsychoPy prefs as the preferred audio engine. Its timing is vastly superior. Your prefs are currently set to use ['sounddevice', 'PTB', 'pyo', 'pygame'] (in that order).
5.9693 	WARNING 	User requested fullscreen with size [1440  900], but screen is actually [1512, 982]. Using actual size
7.1794 	WARNING 	Couldn't measure a consistent frame rate!
  - Is your graphics card set to sync to vertical blank?
  - Are you running other processes on your computer?

7.1799 	EXP 	Created window1 = Window(allowGUI=True, allowStencil=False, autoLog=True, backendConf=UNKNOWN, bitsMode=UNKNOWN, blendMode='avg', bpc=(8, 8, 8), color=array([-1., -1., -1.]), colorSpace='rgb', depthBits=8, fullscr=<method-wrapper '__getattribute__' of attributeSetter object at 0x7fdfeb587d60>, gamma=None, gammaErrorPolicy='raise', lms=UNKNOWN, monitor=<psychopy.monitors.calibTools.Monitor object at 0x7fdff9726550>, multiSample=False, name='window1', numSamples=2, pos=[378.0, 245.5], screen=0, size=array([3024, 1964]), stencilBits=0, stereo=False, units='norm', useFBO=True, useRetina=True, viewOri=0.0, viewPos=None, viewScale=None, waitBlanking=True, winType='pyglet')
7.1800 	EXP 	window1: mouseVisible = True
7.1801 	EXP 	window1: mouseVisible = True
7.1801 	EXP 	window1: Attempting to measure frame rate of screen (0) ...
7.1801 	EXP 	window1: recordFrameIntervals = False
7.2620 	EXP 	window1: recordFrameIntervals = True
8.1513 	WARNING 	Couldn't measure a consistent frame rate!
  - Is your graphics card set to sync to vertical blank?
  - Are you running other processes on your computer?

8.7507 	EXP 	Created Welcome = TextStim(__class__=<class 'psychopy.visual.text.TextStim'>, alignHoriz=method-wrapper(...), alignText='center', alignVert=method-wrapper(...), anchorHoriz='center', anchorVert='center', antialias=True, autoDraw=False, autoLog=True, bold=False, color=array([1., 1., 1.]), colorSpace='rgb', contrast=1.0, depth=0.0, flipHoriz=False, flipVert=False, font='Open Sans', fontFiles=[], height=0.08, italic=False, languageStyle='LTR', name='Welcome', opacity=1.0, ori=0.0, pos=array([0., 0.]), rgb=UNKNOWN, text=str(...), units='norm', win=Window(...), wrapWidth=1)
8.8220 	EXP 	Created FirstInstructions = TextStim(__class__=<class 'psychopy.visual.text.TextStim'>, alignHoriz=method-wrapper(...), alignText='center', alignVert=method-wrapper(...), anchorHoriz='center', anchorVert='center', antialias=True, autoDraw=False, autoLog=True, bold=False, color=array([1., 1., 1.]), colorSpace='rgb', contrast=1.0, depth=0.0, flipHoriz=False, flipVert=False, font='Open Sans', fontFiles=[], height=0.08, italic=False, languageStyle='LTR', name='FirstInstructions', opacity=1.0, ori=0.0, pos=array([0., 0.]), rgb=UNKNOWN, text=str(...), units='norm', win=Window(...), wrapWidth=1)
8.8780 	EXP 	Created Match_text = TextStim(__class__=<class 'psychopy.visual.text.TextStim'>, alignHoriz=method-wrapper(...), alignText='center', alignVert=method-wrapper(...), anchorHoriz='center', anchorVert='center', antialias=True, autoDraw=False, autoLog=True, bold=False, color=array([1., 1., 1.]), colorSpace='rgb', contrast=1.0, depth=-1.0, flipHoriz=False, flipVert=False, font='Open Sans', fontFiles=[], height=0.08, italic=False, languageStyle='LTR', name='Match_text', opacity=1.0, ori=0.0, pos=array([0. , 0.3]), rgb=UNKNOWN, text=str(...), units='norm', win=Window(...), wrapWidth=1)
8.8836 	EXP 	Created syncing_text = TextStim(__class__=<class 'psychopy.visual.text.TextStim'>, alignHoriz=method-wrapper(...), alignText='center', alignVert=method-wrapper(...), anchorHoriz='center', anchorVert='center', antialias=True, autoDraw=False, autoLog=True, bold=False, color=array([1., 1., 1.]), colorSpace='rgb', contrast=1.0, depth=-2.0, flipHoriz=False, flipVert=False, font='Open Sans', fontFiles=[], height=0.12, italic=False, languageStyle='LTR', name='syncing_text', opacity=1.0, ori=0.0, pos=array([0. , 0.3]), rgb=UNKNOWN, text='Syncing…', units='norm', win=Window(...), wrapWidth=1)
8.8873 	EXP 	Created text_0 = TextStim(__class__=<class 'psychopy.visual.text.TextStim'>, alignHoriz=method-wrapper(...), alignText='center', alignVert=method-wrapper(...), anchorHoriz='center', anchorVert='center', antialias=True, autoDraw=False, autoLog=True, bold=False, color=array([1., 1., 1.]), colorSpace='rgb', contrast=1.0, depth=-3.0, flipHoriz=False, flipVert=False, font='Open Sans', fontFiles=[], height=0.1, italic=False, languageStyle='LTR', name='text_0', opacity=1.0, ori=0.0, pos=array([ 0. , -0.2]), rgb=UNKNOWN, text='0%', units='norm', win=Window(...), wrapWidth=1)
8.8909 	EXP 	Created Transparent = Rect(__class__=<class 'psychopy.visual.rect.Rect'>, anchor=('center', 'center'), autoDraw=False, autoLog=True, closeShape=True, color=method-wrapper(...), colorSpace='rgb', contrast=None, depth=-4.0, fillColor=array([0., 0., 0.]), fillColorSpace='rgb', fillRGB=array([0., 0., 0.]), interpolate=True, lineColor=array([1., 1., 1.]), lineColorSpace='rgb', lineRGB=array([1, 1, 1]), lineWidth=1.2, name='Transparent', opacity=1.0, ori=0.0, pos=array([0., 0.]), size=array([1. , 0.1]), units='norm', vertices=ndarray(...), win=Window(...))
8.8923 	EXP 	Created Loading_25 = Rect(__class__=<class 'psychopy.visual.rect.Rect'>, anchor=('center', 'center'), autoDraw=False, autoLog=True, closeShape=True, color=method-wrapper(...), colorSpace='rgb', contrast=None, depth=-5.0, fillColor=array([1, 1, 1]), fillColorSpace='rgb', fillRGB=array([1, 1, 1]), interpolate=True, lineColor=array([1., 1., 1.]), lineColorSpace='rgb', lineRGB=array([1, 1, 1]), lineWidth=1.0, name='Loading_25', opacity=1.0, ori=0.0, pos=array([-0.375,  0.   ]), size=array([0.25, 0.1 ]), units='norm', vertices=ndarray(...), win=Window(...))
8.8951 	EXP 	Created text_25 = TextStim(__class__=<class 'psychopy.visual.text.TextStim'>, alignHoriz=method-wrapper(...), alignText='center', alignVert=method-wrapper(...), anchorHoriz='center', anchorVert='center', antialias=True, autoDraw=False, autoLog=True, bold=False, color=array([1., 1., 1.]), colorSpace='rgb', contrast=1.0, depth=-6.0, flipHoriz=False, flipVert=False, font='Open Sans', fontFiles=[], height=0.1, italic=False, languageStyle='LTR', name='text_25', opacity=1.0, ori=0.0, pos=array([ 0. , -0.2]), rgb=UNKNOWN, text='25%', units='norm', win=Window(...), wrapWidth=1)
8.8965 	EXP 	Created Loading_50 = Rect(__class__=<class 'psychopy.visual.rect.Rect'>, anchor=('center', 'center'), autoDraw=False, autoLog=True, closeShape=True, color=method-wrapper(...), colorSpace='rgb', contrast=None, depth=-7.0, fillColor=array([1, 1, 1]), fillColorSpace='rgb', fillRGB=array([1, 1, 1]), interpolate=True, lineColor=array([1., 1., 1.]), lineColorSpace='rgb', lineRGB=array([1, 1, 1]), lineWidth=1.0, name='Loading_50', opacity=1.0, ori=0.0, pos=array([-0.25,  0.  ]), size=array([0.5, 0.1]), units='norm', vertices=ndarray(...), win=Window(...))
8.8985 	EXP 	Created text_50 = TextStim(__class__=<class 'psychopy.visual.text.TextStim'>, alignHoriz=method-wrapper(...), alignText='center', alignVert=method-wrapper(...), anchorHoriz='center', anchorVert='center', antialias=True, autoDraw=False, autoLog=True, bold=False, color=array([1., 1., 1.]), colorSpace='rgb', contrast=1.0, depth=-8.0, flipHoriz=False, flipVert=False, font='Open Sans', fontFiles=[], height=0.1, italic=False, languageStyle='LTR', name='text_50', opacity=1.0, ori=0.0, pos=array([ 0. , -0.2]), rgb=UNKNOWN, text='50%', units='norm', win=Window(...), wrapWidth=1)
8.8998 	EXP 	Created Loading_75 = Rect(__class__=<class 'psychopy.visual.rect.Rect'>, anchor=('center', 'center'), autoDraw=False, autoLog=True, closeShape=True, color=method-wrapper(...), colorSpace='rgb', contrast=None, depth=-9.0, fillColor=array([1, 1, 1]), fillColorSpace='rgb', fillRGB=array([1, 1, 1]), interpolate=True, lineColor=array([1., 1., 1.]), lineColorSpace='rgb', lineRGB=array([1, 1, 1]), lineWidth=1.0, name='Loading_75', opacity=1.0, ori=0.0, pos=array([-0.125,  0.   ]), size=array([0.75, 0.1 ]), units='norm', vertices=ndarray(...), win=Window(...))
8.9021 	EXP 	Created text_75 = TextStim(__class__=<class 'psychopy.visual.text.TextStim'>, alignHoriz=method-wrapper(...), alignText='center', alignVert=method-wrapper(...), anchorHoriz='center', anchorVert='center', antialias=True, autoDraw=False, autoLog=True, bold=False, color=array([1., 1., 1.]), colorSpace='rgb', contrast=1.0, depth=-10.0, flipHoriz=False, flipVert=False, font='Open Sans', fontFiles=[], height=0.1, italic=False, languageStyle='LTR', name='text_75', opacity=1.0, ori=0.0, pos=array([ 0. , -0.2]), rgb=UNKNOWN, text='75%', units='norm', win=Window(...), wrapWidth=1)
8.9034 	EXP 	Created Loading_100 = Rect(__class__=<class 'psychopy.visual.rect.Rect'>, anchor=('center', 'center'), autoDraw=False, autoLog=True, closeShape=True, color=method-wrapper(...), colorSpace='rgb', contrast=None, depth=-11.0, fillColor=array([1, 1, 1]), fillColorSpace='rgb', fillRGB=array([1, 1, 1]), interpolate=True, lineColor=array([1., 1., 1.]), lineColorSpace='rgb', lineRGB=array([1, 1, 1]), lineWidth=1.0, name='Loading_100', opacity=1.0, ori=0.0, pos=array([0., 0.]), size=array([1. , 0.1]), units='norm', vertices=ndarray(...), win=Window(...))
8.9058 	EXP 	Created text_100 = TextStim(__class__=<class 'psychopy.visual.text.TextStim'>, alignHoriz=method-wrapper(...), alignText='center', alignVert=method-wrapper(...), anchorHoriz='center', anchorVert='center', antialias=True, autoDraw=False, autoLog=True, bold=False, color=array([1., 1., 1.]), colorSpace='rgb', contrast=1.0, depth=-12.0, flipHoriz=False, flipVert=False, font='Open Sans', fontFiles=[], height=0.1, italic=False, languageStyle='LTR', name='text_100', opacity=1.0, ori=0.0, pos=array([ 0. , -0.2]), rgb=UNKNOWN, text='100%', units='norm', win=Window(...), wrapWidth=1)
8.9066 	EXP 	Created Youhavematched = TextStim(__class__=<class 'psychopy.visual.text.TextStim'>, alignHoriz=method-wrapper(...), alignText='center', alignVert=method-wrapper(...), anchorHoriz='center', anchorVert='center', antialias=True, autoDraw=False, autoLog=True, bold=False, color=array([1., 1., 1.]), colorSpace='rgb', contrast=1.0, depth=-1.0, flipHoriz=False, flipVert=False, font='Open Sans', fontFiles=[], height=0.08, italic=False, languageStyle='LTR', name='Youhavematched', opacity=1.0, ori=0.0, pos=array([0. , 0.6]), rgb=UNKNOWN, text='', units='norm', win=Window(...), wrapWidth=1)
8.9122 	EXP 	Created partneremoji_image = ImageStim(__class__=<class 'psychopy.visual.image.ImageStim'>, anchor=('center', 'center'), autoLog=True, color=array([1., 1., 1.]), colorSpace='rgb', contrast=1.0, depth=-2.0, flipHoriz=False, flipVert=False, image='sin', interpolate=True, mask=None, maskParams=None, name='partneremoji_image', opacity=1.0, ori=0.0, pos=array([0., 0.]), size=array([0.5 , 0.75]), texRes=128.0, units='norm', win=Window(...))
8.9726 	EXP 	Created PressToContinue = TextStim(__class__=<class 'psychopy.visual.text.TextStim'>, alignHoriz=method-wrapper(...), alignText='center', alignVert=method-wrapper(...), anchorHoriz='center', anchorVert='center', antialias=True, autoDraw=False, autoLog=True, bold=False, color=array([1., 1., 1.]), colorSpace='rgb', contrast=1.0, depth=-4.0, flipHoriz=False, flipVert=False, font='Open Sans', fontFiles=[], height=0.08, italic=False, languageStyle='LTR', name='PressToContinue', opacity=1.0, ori=0.0, pos=array([ 0. , -0.6]), rgb=UNKNOWN, text='Press space to continue.', units='norm', win=Window(...), wrapWidth=1)
8.9795 	EXP 	Created photobeingshared_text = TextStim(__class__=<class 'psychopy.visual.text.TextStim'>, alignHoriz=method-wrapper(...), alignText='center', alignVert=method-wrapper(...), anchorHoriz='center', anchorVert='center', antialias=True, autoDraw=False, autoLog=True, bold=False, color=array([1., 1., 1.]), colorSpace='rgb', contrast=1.0, depth=0.0, flipHoriz=False, flipVert=False, font='Open Sans', fontFiles=[], height=0.09, italic=False, languageStyle='LTR', name='photobeingshared_text', opacity=1.0, ori=0.0, pos=array([0. , 0.6]), rgb=UNKNOWN, text='This photo is now being shared', units='norm', win=Window(...), wrapWidth=1)
8.9860 	EXP 	Created waitforfeedback_text = TextStim(__class__=<class 'psychopy.visual.text.TextStim'>, alignHoriz=method-wrapper(...), alignText='center', alignVert=method-wrapper(...), anchorHoriz='center', anchorVert='center', antialias=True, autoDraw=False, autoLog=True, bold=False, color=array([1., 1., 1.]), colorSpace='rgb', contrast=1.0, depth=-1.0, flipHoriz=False, flipVert=False, font='Open Sans', fontFiles=[], height=0.09, italic=False, languageStyle='LTR', name='waitforfeedback_text', opacity=1.0, ori=0.0, pos=array([ 0. , -0.6]), rgb=UNKNOWN, text='Please wait for feedback.', units='norm', win=Window(...), wrapWidth=1)
8.9899 	EXP 	Created participantimage_image = ImageStim(__class__=<class 'psychopy.visual.image.ImageStim'>, anchor=('center', 'center'), autoLog=True, color=array([1., 1., 1.]), colorSpace='rgb', contrast=1.0, depth=-3.0, flipHoriz=False, flipVert=False, image='sin', interpolate=True, mask=None, maskParams=None, name='participantimage_image', opacity=1.0, ori=0.0, pos=array([0., 0.]), size=array([0.5 , 0.75]), texRes=128.0, units='norm', win=Window(...))
8.9948 	EXP 	Created waiting_text = TextStim(__class__=<class 'psychopy.visual.text.TextStim'>, alignHoriz=method-wrapper(...), alignText='center', alignVert=method-wrapper(...), anchorHoriz='center', anchorVert='center', antialias=True, autoDraw=False, autoLog=True, bold=False, color=array([1., 1., 1.]), colorSpace='rgb', contrast=1.0, depth=0.0, flipHoriz=False, flipVert=False, font='Open Sans', fontFiles=[], height=0.15, italic=False, languageStyle='LTR', name='waiting_text', opacity=1.0, ori=0.0, pos=array([0., 0.]), rgb=UNKNOWN, text='Waiting…', units='norm', win=Window(...), wrapWidth=1)
8.9957 	EXP 	Created displayfeedback_text = TextStim(__class__=<class 'psychopy.visual.text.TextStim'>, alignHoriz=method-wrapper(...), alignText='center', alignVert=method-wrapper(...), anchorHoriz='center', anchorVert='center', antialias=True, autoDraw=False, autoLog=True, bold=False, color=array([1., 1., 1.]), colorSpace='rgb', contrast=1.0, depth=0.0, flipHoriz=False, flipVert=False, font='Open Sans', fontFiles=[], height=0.12, italic=False, languageStyle='LTR', name='displayfeedback_text', opacity=1.0, ori=0.0, pos=array([0.  , 0.75]), rgb=UNKNOWN, text='', units='norm', win=Window(...), wrapWidth=1)
8.9993 	EXP 	Created fdbkimage_image = ImageStim(__class__=<class 'psychopy.visual.image.ImageStim'>, anchor=('center', 'center'), autoLog=True, color=array([1., 1., 1.]), colorSpace='rgb', contrast=1.0, depth=-1.0, flipHoriz=False, flipVert=False, image='sin', interpolate=True, mask=None, maskParams=None, name='fdbkimage_image', opacity=1.0, ori=0.0, pos=array([0., 0.]), size=array([0.75, 1.25]), texRes=128.0, units='norm', win=Window(...))
9.0038 	EXP 	Created presstosharenextphoto_text = TextStim(__class__=<class 'psychopy.visual.text.TextStim'>, alignHoriz=method-wrapper(...), alignText='center', alignVert=method-wrapper(...), anchorHoriz='center', anchorVert='center', antialias=True, autoDraw=False, autoLog=True, bold=False, color=array([1., 1., 1.]), colorSpace='rgb', contrast=1.0, depth=0.0, flipHoriz=False, flipVert=False, font='Open Sans', fontFiles=[], height=0.09, italic=False, languageStyle='LTR', name='presstosharenextphoto_text', opacity=1.0, ori=0.0, pos=array([0., 0.]), rgb=UNKNOWN, text='Press space to share your next photo.', units='norm', win=Window(...), wrapWidth=1)
9.0754 	EXP 	Created WTP_ins_text1 = TextStim(__class__=<class 'psychopy.visual.text.TextStim'>, alignHoriz=method-wrapper(...), alignText='center', alignVert=method-wrapper(...), anchorHoriz='center', anchorVert='center', antialias=True, autoDraw=False, autoLog=True, bold=False, color=array([1., 1., 1.]), colorSpace='rgb', contrast=1.0, depth=0.0, flipHoriz=False, flipVert=False, font='Open Sans', fontFiles=[], height=0.07, italic=False, languageStyle='LTR', name='WTP_ins_text1', opacity=1.0, ori=0.0, pos=array([0. , 0.3]), rgb=UNKNOWN, text=str(...), units='norm', win=Window(...), wrapWidth=1)
9.1485 	EXP 	Created WTP_ins_text2 = TextStim(__class__=<class 'psychopy.visual.text.TextStim'>, alignHoriz=method-wrapper(...), alignText='center', alignVert=method-wrapper(...), anchorHoriz='center', anchorVert='center', antialias=True, autoDraw=False, autoLog=True, bold=False, color=array([1., 1., 1.]), colorSpace='rgb', contrast=1.0, depth=0.0, flipHoriz=False, flipVert=False, font='Open Sans', fontFiles=[], height=0.05, italic=False, languageStyle='LTR', name='WTP_ins_text2', opacity=1.0, ori=0.0, pos=array([0., 0.]), rgb=UNKNOWN, text=str(...), units='norm', win=Window(...), wrapWidth=1)
9.2013 	EXP 	Created Left_Experience = TextStim(__class__=<class 'psychopy.visual.text.TextStim'>, alignHoriz=method-wrapper(...), alignText='center', alignVert=method-wrapper(...), anchorHoriz='center', anchorVert='center', antialias=True, autoDraw=False, autoLog=True, bold=False, color=array([1., 1., 1.]), colorSpace='rgb', contrast=1.0, depth=0.0, flipHoriz=False, flipVert=False, font='Open Sans', fontFiles=[], height=0.05, italic=False, languageStyle='LTR', name='Left_Experience', opacity=1.0, ori=0.0, pos=array([0.5, 0.1]), rgb=UNKNOWN, text='', units='norm', win=Window(...), wrapWidth=1)
9.2021 	EXP 	Created Right_Experience = TextStim(__class__=<class 'psychopy.visual.text.TextStim'>, alignHoriz=method-wrapper(...), alignText='center', alignVert=method-wrapper(...), anchorHoriz='center', anchorVert='center', antialias=True, autoDraw=False, autoLog=True, bold=False, color=array([1., 1., 1.]), colorSpace='rgb', contrast=1.0, depth=-1.0, flipHoriz=False, flipVert=False, font='Open Sans', fontFiles=[], height=0.05, italic=False, languageStyle='LTR', name='Right_Experience', opacity=1.0, ori=0.0, pos=array([-0.5,  0.1]), rgb=UNKNOWN, text='', units='norm', win=Window(...), wrapWidth=1)
9.2030 	EXP 	Created Left_Price = TextStim(__class__=<class 'psychopy.visual.text.TextStim'>, alignHoriz=method-wrapper(...), alignText='center', alignVert=method-wrapper(...), anchorHoriz='center', anchorVert='center', antialias=True, autoDraw=False, autoLog=True, bold=False, color=array([1., 1., 1.]), colorSpace='rgb', contrast=1.0, depth=-2.0, flipHoriz=False, flipVert=False, font='Open Sans', fontFiles=[], height=0.05, italic=False, languageStyle='LTR', name='Left_Price', opacity=1.0, ori=0.0, pos=array([ 0.5, -0.5]), rgb=UNKNOWN, text='', units='norm', win=Window(...), wrapWidth=1)
9.2038 	EXP 	Created Right_Price = TextStim(__class__=<class 'psychopy.visual.text.TextStim'>, alignHoriz=method-wrapper(...), alignText='center', alignVert=method-wrapper(...), anchorHoriz='center', anchorVert='center', antialias=True, autoDraw=False, autoLog=True, bold=False, color=array([1., 1., 1.]), colorSpace='rgb', contrast=1.0, depth=-3.0, flipHoriz=False, flipVert=False, font='Open Sans', fontFiles=[], height=0.05, italic=False, languageStyle='LTR', name='Right_Price', opacity=1.0, ori=0.0, pos=array([-0.5, -0.5]), rgb=UNKNOWN, text='', units='norm', win=Window(...), wrapWidth=1)
9.2570 	EXP 	Created blank = TextStim(__class__=<class 'psychopy.visual.text.TextStim'>, alignHoriz=method-wrapper(...), alignText='center', alignVert=method-wrapper(...), anchorHoriz='center', anchorVert='center', antialias=True, autoDraw=False, autoLog=True, bold=False, color=array([1., 1., 1.]), colorSpace='rgb', contrast=1.0, depth=-5.0, flipHoriz=False, flipVert=False, font='Open Sans', fontFiles=[], height=0.05, italic=False, languageStyle='LTR', name='blank', opacity=1.0, ori=0.0, pos=array([0., 0.]), rgb=UNKNOWN, text='', units='norm', win=Window(...), wrapWidth=1)
9.3095 	EXP 	Created Resume_Text = TextStim(__class__=<class 'psychopy.visual.text.TextStim'>, alignHoriz=method-wrapper(...), alignText='center', alignVert=method-wrapper(...), anchorHoriz='center', anchorVert='center', antialias=True, autoDraw=False, autoLog=True, bold=False, color=array([1., 1., 1.]), colorSpace='rgb', contrast=1.0, depth=-2.0, flipHoriz=False, flipVert=False, font='Open Sans', fontFiles=[], height=0.12, italic=False, languageStyle='LTR', name='Resume_Text', opacity=1.0, ori=0.0, pos=array([0., 0.]), rgb=UNKNOWN, text='', units='norm', win=Window(...), wrapWidth=1)
9.3255 	EXP 	window1: mouseVisible = True
9.3940 	EXP 	Created slider = Slider(__class__=<class 'psychopy.visual.slider.Slider'>, autoDraw=False, autoLog=True, borderColor=None, color=None, colorSpace='rgb', depth=-5, fillColor=None, flip=False, font='Open Sans', granularity=0.0, labelColor=None, labelHeight=0.05, labelWrapWidth=None, labels=(1, 2, 3, 4, 5), lineColor=None, markerColor=None, name='slider', opacity=None, ori=0.0, pos=array([ 0. , -0.4]), readOnly=False, self=UNKNOWN, size=array([1. , 0.1]), startValue=999, style='rating', styleTweaks=['labels45', 'triangleMarker'], ticks=array([1, 2, 3, 4, 5]), units='norm', win=Window(...))
9.3952 	EXP 	Created saliencequestion_text = TextStim(__class__=<class 'psychopy.visual.text.TextStim'>, alignHoriz=method-wrapper(...), alignText='center', alignVert=method-wrapper(...), anchorHoriz='center', anchorVert='center', antialias=True, autoDraw=False, autoLog=True, bold=False, color=array([1., 1., 1.]), colorSpace='rgb', contrast=1.0, depth=-1.0, flipHoriz=False, flipVert=False, font='Open Sans', fontFiles=[], height=0.06, italic=False, languageStyle='LTR', name='saliencequestion_text', opacity=1.0, ori=0.0, pos=array([0. , 0.6]), rgb=UNKNOWN, text='', units='norm', win=Window(...), wrapWidth=1)
9.4520 	EXP 	Created salienceavatar_image = ImageStim(__class__=<class 'psychopy.visual.image.ImageStim'>, anchor=('center', 'center'), autoLog=True, color=array([1., 1., 1.]), colorSpace='rgb', contrast=1.0, depth=-3.0, flipHoriz=False, flipVert=False, image='sin', interpolate=True, mask=None, maskParams=None, name='salienceavatar_image', opacity=1.0, ori=0.0, pos=array([0., 0.]), size=array([0.3 , 0.55]), texRes=128.0, units='norm', win=Window(...))
9.4586 	EXP 	Created saliencecontinue_text = TextStim(__class__=<class 'psychopy.visual.text.TextStim'>, alignHoriz=method-wrapper(...), alignText='center', alignVert=method-wrapper(...), anchorHoriz='center', anchorVert='center', antialias=True, autoDraw=False, autoLog=True, bold=False, color=array([1., 1., 1.]), colorSpace='rgb', contrast=1.0, depth=-4.0, flipHoriz=False, flipVert=False, font='Open Sans', fontFiles=[], height=0.07, italic=False, languageStyle='LTR', name='saliencecontinue_text', opacity=1.0, ori=0.0, pos=array([ 0. , -0.8]), rgb=UNKNOWN, text='Press space to enter rating and continue.', units='norm', win=Window(...), wrapWidth=1)
9.4596 	EXP 	Created displayrating_text = TextStim(__class__=<class 'psychopy.visual.text.TextStim'>, alignHoriz=method-wrapper(...), alignText='center', alignVert=method-wrapper(...), anchorHoriz='center', anchorVert='center', antialias=True, autoDraw=False, autoLog=True, bold=False, color=array([1., 1., 1.]), colorSpace='rgb', contrast=1.0, depth=-5.0, flipHoriz=False, flipVert=False, font='Open Sans', fontFiles=[], height=0.065, italic=False, languageStyle='LTR', name='displayrating_text', opacity=1.0, ori=0.0, pos=array([ 0.  , -0.65]), rgb=UNKNOWN, text='', units='norm', win=Window(...), wrapWidth=1)
9.4639 	EXP 	window1: mouseVisible = True
9.5479 	EXP 	Created slider = Slider(__class__=<class 'psychopy.visual.slider.Slider'>, autoDraw=False, autoLog=True, borderColor=None, color=None, colorSpace='rgb', depth=-5, fillColor=None, flip=False, font='Open Sans', granularity=0.0, labelColor=None, labelHeight=0.05, labelWrapWidth=None, labels=(1, 2, 3, 4, 5, 6, 7, 8, 9), lineColor=None, markerColor=None, name='slider', opacity=None, ori=0.0, pos=array([ 0. , -0.4]), readOnly=False, self=UNKNOWN, size=array([1. , 0.1]), startValue=999, style='rating', styleTweaks=['labels45', 'triangleMarker'], ticks=array([1, 2, 3, 4, 5, 6, 7, 8, 9]), units='norm', win=Window(...))
9.5488 	EXP 	Created stresslevel_text = TextStim(__class__=<class 'psychopy.visual.text.TextStim'>, alignHoriz=method-wrapper(...), alignText='center', alignVert=method-wrapper(...), anchorHoriz='center', anchorVert='center', antialias=True, autoDraw=False, autoLog=True, bold=False, color=array([1., 1., 1.]), colorSpace='rgb', contrast=1.0, depth=-1.0, flipHoriz=False, flipVert=False, font='Open Sans', fontFiles=[], height=0.08, italic=False, languageStyle='LTR', name='stresslevel_text', opacity=1.0, ori=0.0, pos=array([0. , 0.3]), rgb=UNKNOWN, text='', units='norm', win=Window(...), wrapWidth=1)
9.6018 	EXP 	Created displaystressrating_text = TextStim(__class__=<class 'psychopy.visual.text.TextStim'>, alignHoriz=method-wrapper(...), alignText='center', alignVert=method-wrapper(...), anchorHoriz='center', anchorVert='center', antialias=True, autoDraw=False, autoLog=True, bold=False, color=array([1., 1., 1.]), colorSpace='rgb', contrast=1.0, depth=-3.0, flipHoriz=False, flipVert=False, font='Open Sans', fontFiles=[], height=0.08, italic=False, languageStyle='LTR', name='displaystressrating_text', opacity=1.0, ori=0.0, pos=array([ 0.  , -0.65]), rgb=UNKNOWN, text='', units='norm', win=Window(...), wrapWidth=1)
9.6112 	WARNING 	t of last frame was 1459.93ms (=1/0)
9.6112 	EXP 	slider: autoLog = True
9.6112 	EXP 	slider: markerPos = 999
9.6112 	EXP 	slider: styleTweaks = []
9.6112 	EXP 	slider: styleTweaks = []
9.6112 	EXP 	slider: styleTweaks = ['labels45', 'triangleMarker']
9.6112 	EXP 	slider: styleTweaks = ['labels45', 'triangleMarker']
9.6112 	EXP 	slider: contrast = 1.0
9.6112 	EXP 	slider: autoLog = True
9.6112 	EXP 	slider: autoLog = True
9.6112 	EXP 	slider: markerPos = 999
9.6112 	EXP 	slider: styleTweaks = []
9.6112 	EXP 	slider: styleTweaks = []
9.6112 	EXP 	slider: styleTweaks = ['labels45', 'triangleMarker']
9.6112 	EXP 	slider: styleTweaks = ['labels45', 'triangleMarker']
9.6112 	EXP 	slider: contrast = 1.0
9.6112 	EXP 	slider: autoLog = True
9.6112 	EXP 	Welcome: autoDraw = True
10.7660 	WARNING 	t of last frame was 25.08ms (=1/39)
11.5658 	WARNING 	t of last frame was 24.73ms (=1/40)
11.9815 	DATA 	Keypress: space
11.9848 	EXP 	Welcome: autoDraw = False
11.9848 	EXP 	FirstInstructions: autoDraw = True
12.2728 	EXP 	Imported /Users/melanieruiz/Desktop/WTP_SM_Choice/Participant_Images/101/101_trials.csv as conditions, 150 conditions, 6 params
12.2737 	EXP 	Created sequence: sequential, trialTypes=150, nReps=1, seed=None
12.2740 	EXP 	New trial (rep=0, index=0): OrderedDict([('TrialNumber', 1), ('Partner', 'Alex'), ('Condition', 'Neutral'), ('Photos', 'Participant_Images/101/101_Images/101_Image_24.jpg'), ('Feedback', 'did not like'), ('FeedbackWait', 3.613205605)])
12.2822 	DATA 	Keypress: space
12.2850 	WARNING 	t of last frame was 26.77ms (=1/37)
12.2850 	EXP 	FirstInstructions: autoDraw = False
12.2850 	EXP 	Match_text: autoDraw = True
12.4730 	DATA 	Keypress: space
12.4947 	WARNING 	Multiple dropped frames have occurred - I'll stop bothering you about them!
15.2713 	EXP 	syncing_text: autoDraw = True
15.2713 	EXP 	text_0: autoDraw = True
15.2713 	EXP 	Transparent: autoDraw = True
15.2842 	EXP 	Match_text: autoDraw = False
16.5174 	EXP 	text_0: autoDraw = False
16.5252 	EXP 	Loading_25: autoDraw = True
16.5252 	EXP 	text_25: autoDraw = True
17.7852 	EXP 	Loading_25: autoDraw = False
17.7852 	EXP 	text_25: autoDraw = False
17.7852 	EXP 	Loading_50: autoDraw = True
17.7852 	EXP 	text_50: autoDraw = True
19.0250 	EXP 	Loading_50: autoDraw = False
19.0250 	EXP 	text_50: autoDraw = False
19.0250 	EXP 	Loading_75: autoDraw = True
19.0250 	EXP 	text_75: autoDraw = True
20.2755 	EXP 	Loading_75: autoDraw = False
20.2755 	EXP 	text_75: autoDraw = False
20.2755 	EXP 	Loading_100: autoDraw = True
20.2755 	EXP 	text_100: autoDraw = True
21.5193 	EXP 	syncing_text: autoDraw = False
21.5193 	EXP 	Transparent: autoDraw = False
21.5454 	EXP 	Loading_100: autoDraw = False
21.5454 	EXP 	text_100: autoDraw = False
21.5454 	EXP 	Match_text: autoDraw = False
21.5454 	EXP 	syncing_text: autoDraw = False
21.5454 	EXP 	text_0: autoDraw = False
21.5454 	EXP 	Transparent: autoDraw = False
21.5454 	EXP 	Loading_25: autoDraw = False
21.5454 	EXP 	text_25: autoDraw = False
21.5454 	EXP 	Loading_50: autoDraw = False
21.5454 	EXP 	text_50: autoDraw = False
21.5454 	EXP 	Loading_75: autoDraw = False
21.5454 	EXP 	text_75: autoDraw = False
21.5454 	EXP 	Loading_100: autoDraw = False
21.5454 	EXP 	text_100: autoDraw = False
21.5454 	EXP 	Youhavematched: height = 0.08
21.5454 	EXP 	Youhavematched: height = 0.08
21.5454 	EXP 	Youhavematched: height = 0.08
21.5454 	EXP 	Youhavematched: text = 'You have matched with: Alex'
21.5454 	EXP 	partneremoji_image: image = 'Images/cowboyemoji.png'
21.5454 	EXP 	Youhavematched: autoDraw = True
21.5454 	EXP 	partneremoji_image: autoDraw = True
21.5454 	EXP 	PressToContinue: autoDraw = True
22.1134 	DATA 	Keypress: space
22.1167 	EXP 	Youhavematched: autoDraw = False
22.1167 	EXP 	partneremoji_image: autoDraw = False
22.1167 	EXP 	PressToContinue: autoDraw = False
22.1167 	EXP 	participantimage_image: image = 'Participant_Images/101/101_Images/101_Image_24.jpg'
22.1167 	EXP 	photobeingshared_text: autoDraw = True
22.1167 	EXP 	waitforfeedback_text: autoDraw = True
22.1167 	EXP 	participantimage_image: autoDraw = True
24.8533 	EXP 	photobeingshared_text: autoDraw = False
24.8533 	EXP 	waitforfeedback_text: autoDraw = False
24.8533 	EXP 	participantimage_image: autoDraw = False
24.8533 	EXP 	waiting_text: autoDraw = True
29.8667 	EXP 	waiting_text: autoDraw = False
29.8667 	EXP 	displayfeedback_text: height = 0.12
29.8667 	EXP 	displayfeedback_text: height = 0.12
29.8667 	EXP 	displayfeedback_text: height = 0.12
29.8667 	EXP 	displayfeedback_text: text = 'Alex did not like your photo'
29.8667 	EXP 	fdbkimage_image: image = 'Images/thumbsdown.png'
29.8667 	EXP 	displayfeedback_text: autoDraw = True
29.8667 	EXP 	fdbkimage_image: autoDraw = True
32.8580 	EXP 	displayfeedback_text: autoDraw = False
32.8580 	EXP 	fdbkimage_image: autoDraw = False
32.8580 	EXP 	presstosharenextphoto_text: autoDraw = True
35.4031 	EXP 	Created sequence: random, trialTypes=1, nReps=0, seed=None
35.4052 	DATA 	Keypress: space
35.4351 	EXP 	New trial (rep=0, index=1): OrderedDict([('TrialNumber', 2), ('Partner', 'Alex'), ('Condition', 'Neutral'), ('Photos', 'Participant_Images/101/101_Images/101_Image_9.jpg'), ('Feedback', 'did not like'), ('FeedbackWait', 4.988446431)])
35.6067 	EXP 	presstosharenextphoto_text: autoDraw = False
35.6067 	EXP 	slider: markerPos = 3
35.6067 	EXP 	saliencequestion_text: height = 0.06
35.6067 	EXP 	saliencequestion_text: height = 0.06
35.6067 	EXP 	saliencequestion_text: height = 0.06
35.6067 	EXP 	saliencequestion_text: text = 'How likely are you to share photos with Alex in the future? \n\n Use your left and right arrows to move the arrow to your desired rating.'
35.6067 	EXP 	salienceavatar_image: image = 'Images/cowboyemoji.png'
35.6067 	EXP 	displayrating_text: text = ''
35.6067 	EXP 	saliencequestion_text: autoDraw = False
35.6067 	EXP 	salienceavatar_image: autoDraw = False
35.6067 	EXP 	saliencecontinue_text: autoDraw = False
35.6067 	EXP 	displayrating_text: autoDraw = False
35.6067 	EXP 	slider: markerPos = 5
35.6067 	EXP 	stresslevel_text: height = 0.08
35.6067 	EXP 	stresslevel_text: height = 0.08
35.6067 	EXP 	stresslevel_text: height = 0.08
35.6067 	EXP 	stresslevel_text: text = 'Please rate your current stress level. \n\n\n Use your mouse or left and right arrows to move the arrow to your desired rating.'
35.6067 	EXP 	displaystressrating_text: text = ''
35.6067 	EXP 	stresslevel_text: autoDraw = False
35.6067 	EXP 	displaystressrating_text: autoDraw = False
35.6067 	EXP 	Match_text: autoDraw = False
35.6067 	EXP 	syncing_text: autoDraw = False
35.6067 	EXP 	text_0: autoDraw = False
35.6067 	EXP 	Transparent: autoDraw = False
35.6067 	EXP 	Loading_25: autoDraw = False
35.6067 	EXP 	text_25: autoDraw = False
35.6067 	EXP 	Loading_50: autoDraw = False
35.6067 	EXP 	text_50: autoDraw = False
35.6067 	EXP 	Loading_75: autoDraw = False
35.6067 	EXP 	text_75: autoDraw = False
35.6067 	EXP 	Loading_100: autoDraw = False
35.6067 	EXP 	text_100: autoDraw = False
35.6067 	EXP 	Youhavematched: text = 'You have matched with: Alex'
35.6067 	EXP 	partneremoji_image: image = 'Images/cowboyemoji.png'
35.6067 	EXP 	Youhavematched: autoDraw = False
35.6067 	EXP 	partneremoji_image: autoDraw = False
35.6067 	EXP 	PressToContinue: autoDraw = False
35.6067 	EXP 	participantimage_image: image = 'Participant_Images/101/101_Images/101_Image_9.jpg'
35.6067 	EXP 	photobeingshared_text: autoDraw = True
35.6067 	EXP 	waitforfeedback_text: autoDraw = True
35.6067 	EXP 	participantimage_image: autoDraw = True
38.4520 	EXP 	photobeingshared_text: autoDraw = False
38.4520 	EXP 	waitforfeedback_text: autoDraw = False
38.4520 	EXP 	participantimage_image: autoDraw = False
38.4520 	EXP 	waiting_text: autoDraw = True
43.4495 	EXP 	waiting_text: autoDraw = False
43.4495 	EXP 	displayfeedback_text: text = 'Alex did not like your photo'
43.4495 	EXP 	fdbkimage_image: image = 'Images/thumbsdown.png'
43.4495 	EXP 	displayfeedback_text: autoDraw = True
43.4495 	EXP 	fdbkimage_image: autoDraw = True
46.4497 	EXP 	displayfeedback_text: autoDraw = False
46.4497 	EXP 	fdbkimage_image: autoDraw = False
46.4497 	EXP 	displayfeedback_text: autoDraw = False
46.4497 	EXP 	fdbkimage_image: autoDraw = False
46.4497 	EXP 	presstosharenextphoto_text: autoDraw = True
46.9139 	EXP 	Created sequence: random, trialTypes=1, nReps=0, seed=None
46.9215 	DATA 	Keypress: space
46.9241 	EXP 	New trial (rep=0, index=2): OrderedDict([('TrialNumber', 3), ('Partner', 'Alex'), ('Condition', 'Neutral'), ('Photos', 'Participant_Images/101/101_Images/101_Image_4.jpg'), ('Feedback', 'liked'), ('FeedbackWait', 3.470791822)])
47.0896 	EXP 	presstosharenextphoto_text: autoDraw = False
47.0896 	EXP 	slider: markerPos = 3
47.0896 	EXP 	saliencequestion_text: text = 'How likely are you to share photos with Alex in the future? \n\n Use your left and right arrows to move the arrow to your desired rating.'
47.0896 	EXP 	salienceavatar_image: image = 'Images/cowboyemoji.png'
47.0896 	EXP 	displayrating_text: text = ''
47.0896 	EXP 	saliencequestion_text: autoDraw = False
47.0896 	EXP 	salienceavatar_image: autoDraw = False
47.0896 	EXP 	saliencecontinue_text: autoDraw = False
47.0896 	EXP 	displayrating_text: autoDraw = False
47.0896 	EXP 	slider: markerPos = 5
47.0896 	EXP 	stresslevel_text: text = 'Please rate your current stress level. \n\n\n Use your mouse or left and right arrows to move the arrow to your desired rating.'
47.0896 	EXP 	displaystressrating_text: text = ''
47.0896 	EXP 	stresslevel_text: autoDraw = False
47.0896 	EXP 	displaystressrating_text: autoDraw = False
47.0896 	EXP 	Match_text: autoDraw = False
47.0896 	EXP 	syncing_text: autoDraw = False
47.0896 	EXP 	text_0: autoDraw = False
47.0896 	EXP 	Transparent: autoDraw = False
47.0896 	EXP 	Loading_25: autoDraw = False
47.0896 	EXP 	text_25: autoDraw = False
47.0896 	EXP 	Loading_50: autoDraw = False
47.0896 	EXP 	text_50: autoDraw = False
47.0896 	EXP 	Loading_75: autoDraw = False
47.0896 	EXP 	text_75: autoDraw = False
47.0896 	EXP 	Loading_100: autoDraw = False
47.0896 	EXP 	text_100: autoDraw = False
47.0896 	EXP 	Youhavematched: text = 'You have matched with: Alex'
47.0896 	EXP 	partneremoji_image: image = 'Images/cowboyemoji.png'
47.0896 	EXP 	Youhavematched: autoDraw = False
47.0896 	EXP 	partneremoji_image: autoDraw = False
47.0896 	EXP 	PressToContinue: autoDraw = False
47.0896 	EXP 	participantimage_image: image = 'Participant_Images/101/101_Images/101_Image_4.jpg'
47.0896 	EXP 	photobeingshared_text: autoDraw = True
47.0896 	EXP 	waitforfeedback_text: autoDraw = True
47.0896 	EXP 	participantimage_image: autoDraw = True
49.9392 	EXP 	photobeingshared_text: autoDraw = False
49.9392 	EXP 	waitforfeedback_text: autoDraw = False
49.9392 	EXP 	participantimage_image: autoDraw = False
49.9392 	EXP 	waiting_text: autoDraw = True
54.9355 	EXP 	waiting_text: autoDraw = False
54.9355 	EXP 	waiting_text: autoDraw = False
54.9355 	EXP 	displayfeedback_text: height = 0.12
54.9355 	EXP 	displayfeedback_text: height = 0.12
54.9355 	EXP 	displayfeedback_text: height = 0.12
54.9355 	EXP 	displayfeedback_text: text = 'Alex liked your photo'
54.9355 	EXP 	fdbkimage_image: image = 'Images/thumbsup.png'
54.9355 	EXP 	displayfeedback_text: autoDraw = True
54.9355 	EXP 	fdbkimage_image: autoDraw = True
57.9247 	EXP 	displayfeedback_text: autoDraw = False
57.9247 	EXP 	fdbkimage_image: autoDraw = False
57.9247 	EXP 	displayfeedback_text: autoDraw = False
57.9247 	EXP 	fdbkimage_image: autoDraw = False
57.9247 	EXP 	presstosharenextphoto_text: autoDraw = True
58.2793 	EXP 	Created sequence: random, trialTypes=1, nReps=0, seed=None
58.2866 	DATA 	Keypress: space
58.2891 	EXP 	New trial (rep=0, index=3): OrderedDict([('TrialNumber', 4), ('Partner', 'Alex'), ('Condition', 'Neutral'), ('Photos', 'Participant_Images/101/101_Images/101_Image_1.jpg'), ('Feedback', 'liked'), ('FeedbackWait', 3.820572462)])
58.4269 	EXP 	presstosharenextphoto_text: autoDraw = False
58.4269 	EXP 	slider: markerPos = 3
58.4269 	EXP 	saliencequestion_text: text = 'How likely are you to share photos with Alex in the future? \n\n Use your left and right arrows to move the arrow to your desired rating.'
58.4269 	EXP 	salienceavatar_image: image = 'Images/cowboyemoji.png'
58.4269 	EXP 	displayrating_text: text = ''
58.4269 	EXP 	saliencequestion_text: autoDraw = False
58.4269 	EXP 	salienceavatar_image: autoDraw = False
58.4269 	EXP 	saliencecontinue_text: autoDraw = False
58.4269 	EXP 	displayrating_text: autoDraw = False
58.4269 	EXP 	slider: markerPos = 5
58.4269 	EXP 	stresslevel_text: text = 'Please rate your current stress level. \n\n\n Use your mouse or left and right arrows to move the arrow to your desired rating.'
58.4269 	EXP 	displaystressrating_text: text = ''
58.4269 	EXP 	stresslevel_text: autoDraw = False
58.4269 	EXP 	displaystressrating_text: autoDraw = False
58.4269 	EXP 	Match_text: autoDraw = False
58.4269 	EXP 	syncing_text: autoDraw = False
58.4269 	EXP 	text_0: autoDraw = False
58.4269 	EXP 	Transparent: autoDraw = False
58.4269 	EXP 	Loading_25: autoDraw = False
58.4269 	EXP 	text_25: autoDraw = False
58.4269 	EXP 	Loading_50: autoDraw = False
58.4269 	EXP 	text_50: autoDraw = False
58.4269 	EXP 	Loading_75: autoDraw = False
58.4269 	EXP 	text_75: autoDraw = False
58.4269 	EXP 	Loading_100: autoDraw = False
58.4269 	EXP 	text_100: autoDraw = False
58.4269 	EXP 	Youhavematched: text = 'You have matched with: Alex'
58.4269 	EXP 	partneremoji_image: image = 'Images/cowboyemoji.png'
58.4269 	EXP 	Youhavematched: autoDraw = False
58.4269 	EXP 	partneremoji_image: autoDraw = False
58.4269 	EXP 	PressToContinue: autoDraw = False
58.4269 	EXP 	participantimage_image: image = 'Participant_Images/101/101_Images/101_Image_1.jpg'
58.4269 	EXP 	photobeingshared_text: autoDraw = True
58.4269 	EXP 	waitforfeedback_text: autoDraw = True
58.4269 	EXP 	participantimage_image: autoDraw = True
61.3097 	EXP 	photobeingshared_text: autoDraw = False
61.3097 	EXP 	waitforfeedback_text: autoDraw = False
61.3097 	EXP 	participantimage_image: autoDraw = False
61.3097 	EXP 	waiting_text: autoDraw = True
66.3162 	EXP 	waiting_text: autoDraw = False
66.3162 	EXP 	displayfeedback_text: text = 'Alex liked your photo'
66.3162 	EXP 	fdbkimage_image: image = 'Images/thumbsup.png'
66.3162 	EXP 	displayfeedback_text: autoDraw = True
66.3162 	EXP 	fdbkimage_image: autoDraw = True
69.3145 	EXP 	displayfeedback_text: autoDraw = False
69.3145 	EXP 	fdbkimage_image: autoDraw = False
69.3145 	EXP 	presstosharenextphoto_text: autoDraw = True
69.7530 	EXP 	Created sequence: random, trialTypes=1, nReps=0, seed=None
69.7540 	DATA 	Keypress: space
69.7627 	EXP 	New trial (rep=0, index=4): OrderedDict([('TrialNumber', 5), ('Partner', 'Alex'), ('Condition', 'Neutral'), ('Photos', 'Participant_Images/101/101_Images/101_Image_3.jpg'), ('Feedback', 'liked'), ('FeedbackWait', 2.455989137)])
69.9252 	EXP 	presstosharenextphoto_text: autoDraw = False
69.9252 	EXP 	slider: markerPos = 3
69.9252 	EXP 	saliencequestion_text: text = 'How likely are you to share photos with Alex in the future? \n\n Use your left and right arrows to move the arrow to your desired rating.'
69.9252 	EXP 	salienceavatar_image: image = 'Images/cowboyemoji.png'
69.9252 	EXP 	displayrating_text: text = ''
69.9252 	EXP 	saliencequestion_text: autoDraw = False
69.9252 	EXP 	salienceavatar_image: autoDraw = False
69.9252 	EXP 	saliencecontinue_text: autoDraw = False
69.9252 	EXP 	displayrating_text: autoDraw = False
69.9252 	EXP 	slider: markerPos = 5
69.9252 	EXP 	stresslevel_text: text = 'Please rate your current stress level. \n\n\n Use your mouse or left and right arrows to move the arrow to your desired rating.'
69.9252 	EXP 	displaystressrating_text: text = ''
69.9252 	EXP 	stresslevel_text: autoDraw = False
69.9252 	EXP 	displaystressrating_text: autoDraw = False
69.9252 	EXP 	Match_text: autoDraw = False
69.9252 	EXP 	syncing_text: autoDraw = False
69.9252 	EXP 	text_0: autoDraw = False
69.9252 	EXP 	Transparent: autoDraw = False
69.9252 	EXP 	Loading_25: autoDraw = False
69.9252 	EXP 	text_25: autoDraw = False
69.9252 	EXP 	Loading_50: autoDraw = False
69.9252 	EXP 	text_50: autoDraw = False
69.9252 	EXP 	Loading_75: autoDraw = False
69.9252 	EXP 	text_75: autoDraw = False
69.9252 	EXP 	Loading_100: autoDraw = False
69.9252 	EXP 	text_100: autoDraw = False
69.9252 	EXP 	Youhavematched: text = 'You have matched with: Alex'
69.9252 	EXP 	partneremoji_image: image = 'Images/cowboyemoji.png'
69.9252 	EXP 	Youhavematched: autoDraw = False
69.9252 	EXP 	partneremoji_image: autoDraw = False
69.9252 	EXP 	PressToContinue: autoDraw = False
69.9252 	EXP 	participantimage_image: image = 'Participant_Images/101/101_Images/101_Image_3.jpg'
69.9252 	EXP 	photobeingshared_text: autoDraw = True
69.9252 	EXP 	waitforfeedback_text: autoDraw = True
69.9252 	EXP 	participantimage_image: autoDraw = True
72.7806 	EXP 	photobeingshared_text: autoDraw = False
72.7806 	EXP 	waitforfeedback_text: autoDraw = False
72.7806 	EXP 	participantimage_image: autoDraw = False
72.7806 	EXP 	waiting_text: autoDraw = True
77.7923 	EXP 	waiting_text: autoDraw = False
77.7923 	EXP 	displayfeedback_text: text = 'Alex liked your photo'
77.7923 	EXP 	fdbkimage_image: image = 'Images/thumbsup.png'
77.7923 	EXP 	displayfeedback_text: autoDraw = True
77.7923 	EXP 	fdbkimage_image: autoDraw = True
78.3119 	DATA 	Keypress: space
78.8458 	DATA 	Keypress: space
79.0681 	DATA 	Keypress: space
79.2937 	DATA 	Keypress: space
79.4762 	DATA 	Keypress: space
79.6708 	DATA 	Keypress: space
79.8340 	DATA 	Keypress: space
80.0456 	DATA 	Keypress: space
80.2568 	DATA 	Keypress: space
80.5094 	DATA 	Keypress: space
80.7780 	EXP 	Created sequence: random, trialTypes=1, nReps=1, seed=None
80.7781 	EXP 	New trial (rep=0, index=0): None
80.7823 	EXP 	displayfeedback_text: autoDraw = False
80.7823 	EXP 	fdbkimage_image: autoDraw = False
80.7823 	EXP 	presstosharenextphoto_text: autoDraw = False
80.7823 	EXP 	WTP_ins_text1: autoDraw = True
80.8290 	DATA 	Keypress: space
80.8338 	EXP 	WTP_ins_text1: autoDraw = False
80.8338 	EXP 	WTP_ins_text2: autoDraw = True
82.2245 	EXP 	Imported /Users/melanieruiz/Desktop/WTP_SM_Choice/Participant_Images/101/101_WTP.xlsx as conditions, 5 conditions, 9 params
82.2248 	EXP 	Created sequence: sequential, trialTypes=5, nReps=1, seed=None
82.2251 	EXP 	New trial (rep=0, index=0): {'social_left': 0, 'Left_Exp': 'Rearranging furniture in your house', 'Right_Exp': 'Going to a carnival with friends', 'leftmoney': 0.01, 'rightmoney': 0.01, 'greenText': 'green', 'left_more_than_right': 0, 'matching_prices': 1, 'social_worthmore': 1}
82.2453 	DATA 	Keypress: space
82.2475 	EXP 	WTP_ins_text2: autoDraw = False
82.2475 	EXP 	Left_Experience: height = 0.05
82.2475 	EXP 	Left_Experience: height = 0.05
82.2475 	EXP 	Left_Experience: height = 0.05
82.2475 	EXP 	Left_Experience: text = 'Rearranging furniture in your house'
82.2475 	EXP 	Right_Experience: height = 0.05
82.2475 	EXP 	Right_Experience: height = 0.05
82.2475 	EXP 	Right_Experience: height = 0.05
82.2475 	EXP 	Right_Experience: text = 'Going to a carnival with friends'
82.2475 	EXP 	Left_Price: height = 0.05
82.2475 	EXP 	Left_Price: height = 0.05
82.2475 	EXP 	Left_Price: height = 0.05
82.2475 	EXP 	Left_Price: text = 0.01
82.2475 	EXP 	Right_Price: height = 0.05
82.2475 	EXP 	Right_Price: height = 0.05
82.2475 	EXP 	Right_Price: height = 0.05
82.2475 	EXP 	Right_Price: text = 0.01
82.2475 	EXP 	blank: text = ''
82.2475 	EXP 	Left_Experience: autoDraw = True
82.2475 	EXP 	Right_Experience: autoDraw = True
82.2475 	EXP 	Left_Price: autoDraw = True
82.2475 	EXP 	Right_Price: autoDraw = True
83.3576 	DATA 	Keypress: 1
88.2534 	DATA 	Keypress: 1
92.2464 	EXP 	Left_Experience: autoDraw = False
92.2464 	EXP 	Right_Experience: autoDraw = False
92.2464 	EXP 	Left_Price: autoDraw = False
92.2464 	EXP 	Right_Price: autoDraw = False
92.2475 	DATA 	Keypress: 2
93.3268 	DATA 	Keypress: 2
93.5647 	DATA 	Keypress: 2
93.6939 	DATA 	Keypress: 1
93.8950 	DATA 	Keypress: 2
94.0191 	DATA 	Keypress: 1
94.1769 	DATA 	Keypress: 2
94.2836 	DATA 	Keypress: 1
94.4444 	DATA 	Keypress: 2
94.5674 	DATA 	Keypress: 1
94.7279 	DATA 	Keypress: 2
94.8588 	DATA 	Keypress: 1
94.9918 	DATA 	Keypress: 2
95.7572 	DATA 	Keypress: escape
96.0478 	EXP 	window1: mouseVisible = True
