1.6178 	WARNING 	We strongly recommend you activate the PTB sound engine in PsychoPy prefs as the preferred audio engine. Its timing is vastly superior. Your prefs are currently set to use ['sounddevice', 'PTB', 'pyo', 'pygame'] (in that order).
6.9968 	WARNING 	User requested fullscreen with size [1440  900], but screen is actually [1512, 982]. Using actual size
8.0702 	EXP 	Created window1 = Window(allowGUI=True, allowStencil=False, autoLog=True, backendConf=UNKNOWN, bitsMode=UNKNOWN, blendMode='avg', bpc=(8, 8, 8), color=array([-1., -1., -1.]), colorSpace='rgb', depthBits=8, fullscr=<method-wrapper '__getattribute__' of attributeSetter object at 0x7fb1e88a8d60>, gamma=None, gammaErrorPolicy='raise', lms=UNKNOWN, monitor=<psychopy.monitors.calibTools.Monitor object at 0x7fb18d29e790>, multiSample=False, name='window1', numSamples=2, pos=[378.0, 245.5], screen=0, size=array([3024, 1964]), stencilBits=0, stereo=False, units='norm', useFBO=True, useRetina=True, viewOri=0.0, viewPos=None, viewScale=None, waitBlanking=True, winType='pyglet')
8.0712 	EXP 	window1: mouseVisible = True
8.0714 	EXP 	window1: mouseVisible = True
8.0715 	EXP 	window1: Attempting to measure frame rate of screen (0) ...
8.0715 	EXP 	window1: recordFrameIntervals = False
8.2008 	EXP 	window1: recordFrameIntervals = True
8.5386 	WARNING 	t of last frame was 20.48ms (=1/48)
8.7593 	WARNING 	t of last frame was 20.67ms (=1/48)
8.9262 	WARNING 	t of last frame was 20.93ms (=1/47)
9.3700 	WARNING 	Couldn't measure a consistent frame rate!
  - Is your graphics card set to sync to vertical blank?
  - Are you running other processes on your computer?

9.7902 	EXP 	Created Welcome = TextStim(__class__=<class 'psychopy.visual.text.TextStim'>, alignHoriz=method-wrapper(...), alignText='center', alignVert=method-wrapper(...), anchorHoriz='center', anchorVert='center', antialias=True, autoDraw=False, autoLog=True, bold=False, color=array([1., 1., 1.]), colorSpace='rgb', contrast=1.0, depth=0.0, flipHoriz=False, flipVert=False, font='Open Sans', fontFiles=[], height=0.08, italic=False, languageStyle='LTR', name='Welcome', opacity=1.0, ori=0.0, pos=array([0., 0.]), rgb=UNKNOWN, text=str(...), units='norm', win=Window(...), wrapWidth=1)
9.8639 	EXP 	Created FirstInstructions = TextStim(__class__=<class 'psychopy.visual.text.TextStim'>, alignHoriz=method-wrapper(...), alignText='center', alignVert=method-wrapper(...), anchorHoriz='center', anchorVert='center', antialias=True, autoDraw=False, autoLog=True, bold=False, color=array([1., 1., 1.]), colorSpace='rgb', contrast=1.0, depth=0.0, flipHoriz=False, flipVert=False, font='Open Sans', fontFiles=[], height=0.08, italic=False, languageStyle='LTR', name='FirstInstructions', opacity=1.0, ori=0.0, pos=array([0., 0.]), rgb=UNKNOWN, text=str(...), units='norm', win=Window(...), wrapWidth=1)
9.9226 	EXP 	Created Match_text = TextStim(__class__=<class 'psychopy.visual.text.TextStim'>, alignHoriz=method-wrapper(...), alignText='center', alignVert=method-wrapper(...), anchorHoriz='center', anchorVert='center', antialias=True, autoDraw=False, autoLog=True, bold=False, color=array([1., 1., 1.]), colorSpace='rgb', contrast=1.0, depth=-1.0, flipHoriz=False, flipVert=False, font='Open Sans', fontFiles=[], height=0.08, italic=False, languageStyle='LTR', name='Match_text', opacity=1.0, ori=0.0, pos=array([0. , 0.3]), rgb=UNKNOWN, text=str(...), units='norm', win=Window(...), wrapWidth=1)
9.9286 	EXP 	Created syncing_text = TextStim(__class__=<class 'psychopy.visual.text.TextStim'>, alignHoriz=method-wrapper(...), alignText='center', alignVert=method-wrapper(...), anchorHoriz='center', anchorVert='center', antialias=True, autoDraw=False, autoLog=True, bold=False, color=array([1., 1., 1.]), colorSpace='rgb', contrast=1.0, depth=-2.0, flipHoriz=False, flipVert=False, font='Open Sans', fontFiles=[], height=0.12, italic=False, languageStyle='LTR', name='syncing_text', opacity=1.0, ori=0.0, pos=array([0. , 0.3]), rgb=UNKNOWN, text='Syncing…', units='norm', win=Window(...), wrapWidth=1)
9.9325 	EXP 	Created text_0 = TextStim(__class__=<class 'psychopy.visual.text.TextStim'>, alignHoriz=method-wrapper(...), alignText='center', alignVert=method-wrapper(...), anchorHoriz='center', anchorVert='center', antialias=True, autoDraw=False, autoLog=True, bold=False, color=array([1., 1., 1.]), colorSpace='rgb', contrast=1.0, depth=-3.0, flipHoriz=False, flipVert=False, font='Open Sans', fontFiles=[], height=0.1, italic=False, languageStyle='LTR', name='text_0', opacity=1.0, ori=0.0, pos=array([ 0. , -0.2]), rgb=UNKNOWN, text='0%', units='norm', win=Window(...), wrapWidth=1)
9.9360 	EXP 	Created Transparent = Rect(__class__=<class 'psychopy.visual.rect.Rect'>, anchor=('center', 'center'), autoDraw=False, autoLog=True, closeShape=True, color=method-wrapper(...), colorSpace='rgb', contrast=None, depth=-4.0, fillColor=array([0., 0., 0.]), fillColorSpace='rgb', fillRGB=array([0., 0., 0.]), interpolate=True, lineColor=array([1., 1., 1.]), lineColorSpace='rgb', lineRGB=array([1, 1, 1]), lineWidth=1.2, name='Transparent', opacity=1.0, ori=0.0, pos=array([0., 0.]), size=array([1. , 0.1]), units='norm', vertices=ndarray(...), win=Window(...))
9.9375 	EXP 	Created Loading_25 = Rect(__class__=<class 'psychopy.visual.rect.Rect'>, anchor=('center', 'center'), autoDraw=False, autoLog=True, closeShape=True, color=method-wrapper(...), colorSpace='rgb', contrast=None, depth=-5.0, fillColor=array([1, 1, 1]), fillColorSpace='rgb', fillRGB=array([1, 1, 1]), interpolate=True, lineColor=array([1., 1., 1.]), lineColorSpace='rgb', lineRGB=array([1, 1, 1]), lineWidth=1.0, name='Loading_25', opacity=1.0, ori=0.0, pos=array([-0.375,  0.   ]), size=array([0.25, 0.1 ]), units='norm', vertices=ndarray(...), win=Window(...))
9.9405 	EXP 	Created text_25 = TextStim(__class__=<class 'psychopy.visual.text.TextStim'>, alignHoriz=method-wrapper(...), alignText='center', alignVert=method-wrapper(...), anchorHoriz='center', anchorVert='center', antialias=True, autoDraw=False, autoLog=True, bold=False, color=array([1., 1., 1.]), colorSpace='rgb', contrast=1.0, depth=-6.0, flipHoriz=False, flipVert=False, font='Open Sans', fontFiles=[], height=0.1, italic=False, languageStyle='LTR', name='text_25', opacity=1.0, ori=0.0, pos=array([ 0. , -0.2]), rgb=UNKNOWN, text='25%', units='norm', win=Window(...), wrapWidth=1)
9.9419 	EXP 	Created Loading_50 = Rect(__class__=<class 'psychopy.visual.rect.Rect'>, anchor=('center', 'center'), autoDraw=False, autoLog=True, closeShape=True, color=method-wrapper(...), colorSpace='rgb', contrast=None, depth=-7.0, fillColor=array([1, 1, 1]), fillColorSpace='rgb', fillRGB=array([1, 1, 1]), interpolate=True, lineColor=array([1., 1., 1.]), lineColorSpace='rgb', lineRGB=array([1, 1, 1]), lineWidth=1.0, name='Loading_50', opacity=1.0, ori=0.0, pos=array([-0.25,  0.  ]), size=array([0.5, 0.1]), units='norm', vertices=ndarray(...), win=Window(...))
9.9443 	EXP 	Created text_50 = TextStim(__class__=<class 'psychopy.visual.text.TextStim'>, alignHoriz=method-wrapper(...), alignText='center', alignVert=method-wrapper(...), anchorHoriz='center', anchorVert='center', antialias=True, autoDraw=False, autoLog=True, bold=False, color=array([1., 1., 1.]), colorSpace='rgb', contrast=1.0, depth=-8.0, flipHoriz=False, flipVert=False, font='Open Sans', fontFiles=[], height=0.1, italic=False, languageStyle='LTR', name='text_50', opacity=1.0, ori=0.0, pos=array([ 0. , -0.2]), rgb=UNKNOWN, text='50%', units='norm', win=Window(...), wrapWidth=1)
9.9456 	EXP 	Created Loading_75 = Rect(__class__=<class 'psychopy.visual.rect.Rect'>, anchor=('center', 'center'), autoDraw=False, autoLog=True, closeShape=True, color=method-wrapper(...), colorSpace='rgb', contrast=None, depth=-9.0, fillColor=array([1, 1, 1]), fillColorSpace='rgb', fillRGB=array([1, 1, 1]), interpolate=True, lineColor=array([1., 1., 1.]), lineColorSpace='rgb', lineRGB=array([1, 1, 1]), lineWidth=1.0, name='Loading_75', opacity=1.0, ori=0.0, pos=array([-0.125,  0.   ]), size=array([0.75, 0.1 ]), units='norm', vertices=ndarray(...), win=Window(...))
9.9485 	EXP 	Created text_75 = TextStim(__class__=<class 'psychopy.visual.text.TextStim'>, alignHoriz=method-wrapper(...), alignText='center', alignVert=method-wrapper(...), anchorHoriz='center', anchorVert='center', antialias=True, autoDraw=False, autoLog=True, bold=False, color=array([1., 1., 1.]), colorSpace='rgb', contrast=1.0, depth=-10.0, flipHoriz=False, flipVert=False, font='Open Sans', fontFiles=[], height=0.1, italic=False, languageStyle='LTR', name='text_75', opacity=1.0, ori=0.0, pos=array([ 0. , -0.2]), rgb=UNKNOWN, text='75%', units='norm', win=Window(...), wrapWidth=1)
9.9499 	EXP 	Created Loading_100 = Rect(__class__=<class 'psychopy.visual.rect.Rect'>, anchor=('center', 'center'), autoDraw=False, autoLog=True, closeShape=True, color=method-wrapper(...), colorSpace='rgb', contrast=None, depth=-11.0, fillColor=array([1, 1, 1]), fillColorSpace='rgb', fillRGB=array([1, 1, 1]), interpolate=True, lineColor=array([1., 1., 1.]), lineColorSpace='rgb', lineRGB=array([1, 1, 1]), lineWidth=1.0, name='Loading_100', opacity=1.0, ori=0.0, pos=array([0., 0.]), size=array([1. , 0.1]), units='norm', vertices=ndarray(...), win=Window(...))
9.9525 	EXP 	Created text_100 = TextStim(__class__=<class 'psychopy.visual.text.TextStim'>, alignHoriz=method-wrapper(...), alignText='center', alignVert=method-wrapper(...), anchorHoriz='center', anchorVert='center', antialias=True, autoDraw=False, autoLog=True, bold=False, color=array([1., 1., 1.]), colorSpace='rgb', contrast=1.0, depth=-12.0, flipHoriz=False, flipVert=False, font='Open Sans', fontFiles=[], height=0.1, italic=False, languageStyle='LTR', name='text_100', opacity=1.0, ori=0.0, pos=array([ 0. , -0.2]), rgb=UNKNOWN, text='100%', units='norm', win=Window(...), wrapWidth=1)
9.9535 	EXP 	Created Youhavematched = TextStim(__class__=<class 'psychopy.visual.text.TextStim'>, alignHoriz=method-wrapper(...), alignText='center', alignVert=method-wrapper(...), anchorHoriz='center', anchorVert='center', antialias=True, autoDraw=False, autoLog=True, bold=False, color=array([1., 1., 1.]), colorSpace='rgb', contrast=1.0, depth=-1.0, flipHoriz=False, flipVert=False, font='Open Sans', fontFiles=[], height=0.08, italic=False, languageStyle='LTR', name='Youhavematched', opacity=1.0, ori=0.0, pos=array([0. , 0.6]), rgb=UNKNOWN, text='', units='norm', win=Window(...), wrapWidth=1)
9.9589 	EXP 	Created partneremoji_image = ImageStim(__class__=<class 'psychopy.visual.image.ImageStim'>, anchor=('center', 'center'), autoLog=True, color=array([1., 1., 1.]), colorSpace='rgb', contrast=1.0, depth=-2.0, flipHoriz=False, flipVert=False, image='sin', interpolate=True, mask=None, maskParams=None, name='partneremoji_image', opacity=1.0, ori=0.0, pos=array([0., 0.]), size=array([0.5 , 0.75]), texRes=128.0, units='norm', win=Window(...))
10.0214 	EXP 	Created PressToContinue = TextStim(__class__=<class 'psychopy.visual.text.TextStim'>, alignHoriz=method-wrapper(...), alignText='center', alignVert=method-wrapper(...), anchorHoriz='center', anchorVert='center', antialias=True, autoDraw=False, autoLog=True, bold=False, color=array([1., 1., 1.]), colorSpace='rgb', contrast=1.0, depth=-4.0, flipHoriz=False, flipVert=False, font='Open Sans', fontFiles=[], height=0.08, italic=False, languageStyle='LTR', name='PressToContinue', opacity=1.0, ori=0.0, pos=array([ 0. , -0.6]), rgb=UNKNOWN, text='Press space to continue.', units='norm', win=Window(...), wrapWidth=1)
10.0280 	EXP 	Created photobeingshared_text = TextStim(__class__=<class 'psychopy.visual.text.TextStim'>, alignHoriz=method-wrapper(...), alignText='center', alignVert=method-wrapper(...), anchorHoriz='center', anchorVert='center', antialias=True, autoDraw=False, autoLog=True, bold=False, color=array([1., 1., 1.]), colorSpace='rgb', contrast=1.0, depth=0.0, flipHoriz=False, flipVert=False, font='Open Sans', fontFiles=[], height=0.09, italic=False, languageStyle='LTR', name='photobeingshared_text', opacity=1.0, ori=0.0, pos=array([0. , 0.6]), rgb=UNKNOWN, text='This photo is now being shared', units='norm', win=Window(...), wrapWidth=1)
10.0348 	EXP 	Created waitforfeedback_text = TextStim(__class__=<class 'psychopy.visual.text.TextStim'>, alignHoriz=method-wrapper(...), alignText='center', alignVert=method-wrapper(...), anchorHoriz='center', anchorVert='center', antialias=True, autoDraw=False, autoLog=True, bold=False, color=array([1., 1., 1.]), colorSpace='rgb', contrast=1.0, depth=-1.0, flipHoriz=False, flipVert=False, font='Open Sans', fontFiles=[], height=0.09, italic=False, languageStyle='LTR', name='waitforfeedback_text', opacity=1.0, ori=0.0, pos=array([ 0. , -0.6]), rgb=UNKNOWN, text='Please wait for feedback.', units='norm', win=Window(...), wrapWidth=1)
10.0387 	EXP 	Created participantimage_image = ImageStim(__class__=<class 'psychopy.visual.image.ImageStim'>, anchor=('center', 'center'), autoLog=True, color=array([1., 1., 1.]), colorSpace='rgb', contrast=1.0, depth=-3.0, flipHoriz=False, flipVert=False, image='sin', interpolate=True, mask=None, maskParams=None, name='participantimage_image', opacity=1.0, ori=0.0, pos=array([0., 0.]), size=array([0.5 , 0.75]), texRes=128.0, units='norm', win=Window(...))
10.0439 	EXP 	Created waiting_text = TextStim(__class__=<class 'psychopy.visual.text.TextStim'>, alignHoriz=method-wrapper(...), alignText='center', alignVert=method-wrapper(...), anchorHoriz='center', anchorVert='center', antialias=True, autoDraw=False, autoLog=True, bold=False, color=array([1., 1., 1.]), colorSpace='rgb', contrast=1.0, depth=0.0, flipHoriz=False, flipVert=False, font='Open Sans', fontFiles=[], height=0.15, italic=False, languageStyle='LTR', name='waiting_text', opacity=1.0, ori=0.0, pos=array([0., 0.]), rgb=UNKNOWN, text='Waiting…', units='norm', win=Window(...), wrapWidth=1)
10.0447 	EXP 	Created displayfeedback_text = TextStim(__class__=<class 'psychopy.visual.text.TextStim'>, alignHoriz=method-wrapper(...), alignText='center', alignVert=method-wrapper(...), anchorHoriz='center', anchorVert='center', antialias=True, autoDraw=False, autoLog=True, bold=False, color=array([1., 1., 1.]), colorSpace='rgb', contrast=1.0, depth=0.0, flipHoriz=False, flipVert=False, font='Open Sans', fontFiles=[], height=0.12, italic=False, languageStyle='LTR', name='displayfeedback_text', opacity=1.0, ori=0.0, pos=array([0.  , 0.75]), rgb=UNKNOWN, text='', units='norm', win=Window(...), wrapWidth=1)
10.0485 	EXP 	Created fdbkimage_image = ImageStim(__class__=<class 'psychopy.visual.image.ImageStim'>, anchor=('center', 'center'), autoLog=True, color=array([1., 1., 1.]), colorSpace='rgb', contrast=1.0, depth=-1.0, flipHoriz=False, flipVert=False, image='sin', interpolate=True, mask=None, maskParams=None, name='fdbkimage_image', opacity=1.0, ori=0.0, pos=array([0., 0.]), size=array([0.75, 1.25]), texRes=128.0, units='norm', win=Window(...))
10.0536 	EXP 	Created presstosharenextphoto_text = TextStim(__class__=<class 'psychopy.visual.text.TextStim'>, alignHoriz=method-wrapper(...), alignText='center', alignVert=method-wrapper(...), anchorHoriz='center', anchorVert='center', antialias=True, autoDraw=False, autoLog=True, bold=False, color=array([1., 1., 1.]), colorSpace='rgb', contrast=1.0, depth=0.0, flipHoriz=False, flipVert=False, font='Open Sans', fontFiles=[], height=0.09, italic=False, languageStyle='LTR', name='presstosharenextphoto_text', opacity=1.0, ori=0.0, pos=array([0., 0.]), rgb=UNKNOWN, text='Press space to share your next photo.', units='norm', win=Window(...), wrapWidth=1)
10.1286 	EXP 	Created WTP_ins_text1 = TextStim(__class__=<class 'psychopy.visual.text.TextStim'>, alignHoriz=method-wrapper(...), alignText='center', alignVert=method-wrapper(...), anchorHoriz='center', anchorVert='center', antialias=True, autoDraw=False, autoLog=True, bold=False, color=array([1., 1., 1.]), colorSpace='rgb', contrast=1.0, depth=0.0, flipHoriz=False, flipVert=False, font='Open Sans', fontFiles=[], height=0.07, italic=False, languageStyle='LTR', name='WTP_ins_text1', opacity=1.0, ori=0.0, pos=array([0. , 0.3]), rgb=UNKNOWN, text=str(...), units='norm', win=Window(...), wrapWidth=1)
10.2040 	EXP 	Created WTP_ins_text2 = TextStim(__class__=<class 'psychopy.visual.text.TextStim'>, alignHoriz=method-wrapper(...), alignText='center', alignVert=method-wrapper(...), anchorHoriz='center', anchorVert='center', antialias=True, autoDraw=False, autoLog=True, bold=False, color=array([1., 1., 1.]), colorSpace='rgb', contrast=1.0, depth=0.0, flipHoriz=False, flipVert=False, font='Open Sans', fontFiles=[], height=0.05, italic=False, languageStyle='LTR', name='WTP_ins_text2', opacity=1.0, ori=0.0, pos=array([0., 0.]), rgb=UNKNOWN, text=str(...), units='norm', win=Window(...), wrapWidth=1)
10.2595 	EXP 	Created Left_Experience = TextStim(__class__=<class 'psychopy.visual.text.TextStim'>, alignHoriz=method-wrapper(...), alignText='center', alignVert=method-wrapper(...), anchorHoriz='center', anchorVert='center', antialias=True, autoDraw=False, autoLog=True, bold=False, color=array([1., 1., 1.]), colorSpace='rgb', contrast=1.0, depth=0.0, flipHoriz=False, flipVert=False, font='Open Sans', fontFiles=[], height=0.05, italic=False, languageStyle='LTR', name='Left_Experience', opacity=1.0, ori=0.0, pos=array([0.5, 0.1]), rgb=UNKNOWN, text='', units='norm', win=Window(...), wrapWidth=1)
10.2605 	EXP 	Created Right_Experience = TextStim(__class__=<class 'psychopy.visual.text.TextStim'>, alignHoriz=method-wrapper(...), alignText='center', alignVert=method-wrapper(...), anchorHoriz='center', anchorVert='center', antialias=True, autoDraw=False, autoLog=True, bold=False, color=array([1., 1., 1.]), colorSpace='rgb', contrast=1.0, depth=-1.0, flipHoriz=False, flipVert=False, font='Open Sans', fontFiles=[], height=0.05, italic=False, languageStyle='LTR', name='Right_Experience', opacity=1.0, ori=0.0, pos=array([-0.5,  0.1]), rgb=UNKNOWN, text='', units='norm', win=Window(...), wrapWidth=1)
10.2614 	EXP 	Created Left_Price = TextStim(__class__=<class 'psychopy.visual.text.TextStim'>, alignHoriz=method-wrapper(...), alignText='center', alignVert=method-wrapper(...), anchorHoriz='center', anchorVert='center', antialias=True, autoDraw=False, autoLog=True, bold=False, color=array([1., 1., 1.]), colorSpace='rgb', contrast=1.0, depth=-2.0, flipHoriz=False, flipVert=False, font='Open Sans', fontFiles=[], height=0.05, italic=False, languageStyle='LTR', name='Left_Price', opacity=1.0, ori=0.0, pos=array([ 0.5, -0.5]), rgb=UNKNOWN, text='', units='norm', win=Window(...), wrapWidth=1)
10.2623 	EXP 	Created Right_Price = TextStim(__class__=<class 'psychopy.visual.text.TextStim'>, alignHoriz=method-wrapper(...), alignText='center', alignVert=method-wrapper(...), anchorHoriz='center', anchorVert='center', antialias=True, autoDraw=False, autoLog=True, bold=False, color=array([1., 1., 1.]), colorSpace='rgb', contrast=1.0, depth=-3.0, flipHoriz=False, flipVert=False, font='Open Sans', fontFiles=[], height=0.05, italic=False, languageStyle='LTR', name='Right_Price', opacity=1.0, ori=0.0, pos=array([-0.5, -0.5]), rgb=UNKNOWN, text='', units='norm', win=Window(...), wrapWidth=1)
10.3695 	EXP 	Created Resume_Text = TextStim(__class__=<class 'psychopy.visual.text.TextStim'>, alignHoriz=method-wrapper(...), alignText='center', alignVert=method-wrapper(...), anchorHoriz='center', anchorVert='center', antialias=True, autoDraw=False, autoLog=True, bold=False, color=array([1., 1., 1.]), colorSpace='rgb', contrast=1.0, depth=-2.0, flipHoriz=False, flipVert=False, font='Open Sans', fontFiles=[], height=0.12, italic=False, languageStyle='LTR', name='Resume_Text', opacity=1.0, ori=0.0, pos=array([0., 0.]), rgb=UNKNOWN, text='', units='norm', win=Window(...), wrapWidth=1)
10.3860 	EXP 	window1: mouseVisible = True
10.4546 	EXP 	Created slider = Slider(__class__=<class 'psychopy.visual.slider.Slider'>, autoDraw=False, autoLog=True, borderColor=None, color=None, colorSpace='rgb', depth=-5, fillColor=None, flip=False, font='Open Sans', granularity=0.0, labelColor=None, labelHeight=0.05, labelWrapWidth=None, labels=(1, 2, 3, 4, 5), lineColor=None, markerColor=None, name='slider', opacity=None, ori=0.0, pos=array([ 0. , -0.4]), readOnly=False, self=UNKNOWN, size=array([1. , 0.1]), startValue=999, style='rating', styleTweaks=['labels45', 'triangleMarker'], ticks=array([1, 2, 3, 4, 5]), units='norm', win=Window(...))
10.4558 	EXP 	Created saliencequestion_text = TextStim(__class__=<class 'psychopy.visual.text.TextStim'>, alignHoriz=method-wrapper(...), alignText='center', alignVert=method-wrapper(...), anchorHoriz='center', anchorVert='center', antialias=True, autoDraw=False, autoLog=True, bold=False, color=array([1., 1., 1.]), colorSpace='rgb', contrast=1.0, depth=-1.0, flipHoriz=False, flipVert=False, font='Open Sans', fontFiles=[], height=0.06, italic=False, languageStyle='LTR', name='saliencequestion_text', opacity=1.0, ori=0.0, pos=array([0. , 0.6]), rgb=UNKNOWN, text='', units='norm', win=Window(...), wrapWidth=1)
10.5133 	EXP 	Created salienceavatar_image = ImageStim(__class__=<class 'psychopy.visual.image.ImageStim'>, anchor=('center', 'center'), autoLog=True, color=array([1., 1., 1.]), colorSpace='rgb', contrast=1.0, depth=-3.0, flipHoriz=False, flipVert=False, image='sin', interpolate=True, mask=None, maskParams=None, name='salienceavatar_image', opacity=1.0, ori=0.0, pos=array([0., 0.]), size=array([0.3 , 0.55]), texRes=128.0, units='norm', win=Window(...))
10.5205 	EXP 	Created saliencecontinue_text = TextStim(__class__=<class 'psychopy.visual.text.TextStim'>, alignHoriz=method-wrapper(...), alignText='center', alignVert=method-wrapper(...), anchorHoriz='center', anchorVert='center', antialias=True, autoDraw=False, autoLog=True, bold=False, color=array([1., 1., 1.]), colorSpace='rgb', contrast=1.0, depth=-4.0, flipHoriz=False, flipVert=False, font='Open Sans', fontFiles=[], height=0.07, italic=False, languageStyle='LTR', name='saliencecontinue_text', opacity=1.0, ori=0.0, pos=array([ 0. , -0.8]), rgb=UNKNOWN, text='Press space to enter rating and continue.', units='norm', win=Window(...), wrapWidth=1)
10.5216 	EXP 	Created displayrating_text = TextStim(__class__=<class 'psychopy.visual.text.TextStim'>, alignHoriz=method-wrapper(...), alignText='center', alignVert=method-wrapper(...), anchorHoriz='center', anchorVert='center', antialias=True, autoDraw=False, autoLog=True, bold=False, color=array([1., 1., 1.]), colorSpace='rgb', contrast=1.0, depth=-5.0, flipHoriz=False, flipVert=False, font='Open Sans', fontFiles=[], height=0.065, italic=False, languageStyle='LTR', name='displayrating_text', opacity=1.0, ori=0.0, pos=array([ 0.  , -0.65]), rgb=UNKNOWN, text='', units='norm', win=Window(...), wrapWidth=1)
10.5261 	EXP 	window1: mouseVisible = True
10.6104 	EXP 	Created slider = Slider(__class__=<class 'psychopy.visual.slider.Slider'>, autoDraw=False, autoLog=True, borderColor=None, color=None, colorSpace='rgb', depth=-5, fillColor=None, flip=False, font='Open Sans', granularity=0.0, labelColor=None, labelHeight=0.05, labelWrapWidth=None, labels=(1, 2, 3, 4, 5, 6, 7, 8, 9), lineColor=None, markerColor=None, name='slider', opacity=None, ori=0.0, pos=array([ 0. , -0.4]), readOnly=False, self=UNKNOWN, size=array([1. , 0.1]), startValue=999, style='rating', styleTweaks=['labels45', 'triangleMarker'], ticks=array([1, 2, 3, 4, 5, 6, 7, 8, 9]), units='norm', win=Window(...))
10.6113 	EXP 	Created stresslevel_text = TextStim(__class__=<class 'psychopy.visual.text.TextStim'>, alignHoriz=method-wrapper(...), alignText='center', alignVert=method-wrapper(...), anchorHoriz='center', anchorVert='center', antialias=True, autoDraw=False, autoLog=True, bold=False, color=array([1., 1., 1.]), colorSpace='rgb', contrast=1.0, depth=-1.0, flipHoriz=False, flipVert=False, font='Open Sans', fontFiles=[], height=0.08, italic=False, languageStyle='LTR', name='stresslevel_text', opacity=1.0, ori=0.0, pos=array([0. , 0.3]), rgb=UNKNOWN, text='', units='norm', win=Window(...), wrapWidth=1)
10.6652 	EXP 	Created displaystressrating_text = TextStim(__class__=<class 'psychopy.visual.text.TextStim'>, alignHoriz=method-wrapper(...), alignText='center', alignVert=method-wrapper(...), anchorHoriz='center', anchorVert='center', antialias=True, autoDraw=False, autoLog=True, bold=False, color=array([1., 1., 1.]), colorSpace='rgb', contrast=1.0, depth=-3.0, flipHoriz=False, flipVert=False, font='Open Sans', fontFiles=[], height=0.08, italic=False, languageStyle='LTR', name='displaystressrating_text', opacity=1.0, ori=0.0, pos=array([ 0.  , -0.65]), rgb=UNKNOWN, text='', units='norm', win=Window(...), wrapWidth=1)
10.6741 	WARNING 	t of last frame was 1304.31ms (=1/0)
10.6741 	EXP 	slider: autoLog = True
10.6741 	EXP 	slider: markerPos = 999
10.6741 	EXP 	slider: styleTweaks = []
10.6741 	EXP 	slider: styleTweaks = []
10.6741 	EXP 	slider: styleTweaks = ['labels45', 'triangleMarker']
10.6741 	EXP 	slider: styleTweaks = ['labels45', 'triangleMarker']
10.6741 	EXP 	slider: contrast = 1.0
10.6741 	EXP 	slider: autoLog = True
10.6741 	EXP 	slider: autoLog = True
10.6741 	EXP 	slider: markerPos = 999
10.6741 	EXP 	slider: styleTweaks = []
10.6741 	EXP 	slider: styleTweaks = []
10.6741 	EXP 	slider: styleTweaks = ['labels45', 'triangleMarker']
10.6741 	EXP 	slider: styleTweaks = ['labels45', 'triangleMarker']
10.6741 	EXP 	slider: contrast = 1.0
10.6741 	EXP 	slider: autoLog = True
10.6741 	EXP 	Welcome: autoDraw = True
11.0715 	DATA 	Keypress: space
11.0765 	EXP 	Welcome: autoDraw = False
11.0765 	EXP 	FirstInstructions: autoDraw = True
11.5257 	WARNING 	Multiple dropped frames have occurred - I'll stop bothering you about them!
11.5695 	EXP 	Imported /Users/melanieruiz/Desktop/WTP_SM_Choice/Participant_Images/101/101_trials.csv as conditions, 150 conditions, 6 params
11.5712 	EXP 	Created sequence: sequential, trialTypes=150, nReps=1, seed=None
11.5719 	EXP 	New trial (rep=0, index=0): OrderedDict([('TrialNumber', 1), ('Partner', 'Alex'), ('Condition', 'Neutral'), ('Photos', 'Participant_Images/101/101_Images/101_Image_24.jpg'), ('Feedback', 'did not like'), ('FeedbackWait', 3.613205605)])
11.5815 	DATA 	Keypress: space
11.5844 	EXP 	FirstInstructions: autoDraw = False
11.5844 	EXP 	Match_text: autoDraw = True
14.5733 	EXP 	syncing_text: autoDraw = True
14.5733 	EXP 	text_0: autoDraw = True
14.5733 	EXP 	Transparent: autoDraw = True
14.5783 	EXP 	Match_text: autoDraw = False
15.8152 	EXP 	text_0: autoDraw = False
15.8152 	EXP 	Loading_25: autoDraw = True
15.8152 	EXP 	text_25: autoDraw = True
17.0566 	EXP 	Loading_25: autoDraw = False
17.0566 	EXP 	text_25: autoDraw = False
17.0697 	EXP 	Loading_50: autoDraw = True
17.0697 	EXP 	text_50: autoDraw = True
18.3073 	EXP 	Loading_50: autoDraw = False
18.3073 	EXP 	text_50: autoDraw = False
18.3146 	EXP 	Loading_75: autoDraw = True
18.3146 	EXP 	text_75: autoDraw = True
19.5612 	EXP 	Loading_75: autoDraw = False
19.5612 	EXP 	text_75: autoDraw = False
19.5694 	EXP 	Loading_100: autoDraw = True
19.5694 	EXP 	text_100: autoDraw = True
20.8372 	EXP 	syncing_text: autoDraw = False
20.8372 	EXP 	Transparent: autoDraw = False
20.8372 	EXP 	Loading_100: autoDraw = False
20.8372 	EXP 	text_100: autoDraw = False
20.8372 	EXP 	Match_text: autoDraw = False
20.8372 	EXP 	syncing_text: autoDraw = False
20.8372 	EXP 	text_0: autoDraw = False
20.8372 	EXP 	Transparent: autoDraw = False
20.8372 	EXP 	Loading_25: autoDraw = False
20.8372 	EXP 	text_25: autoDraw = False
20.8372 	EXP 	Loading_50: autoDraw = False
20.8372 	EXP 	text_50: autoDraw = False
20.8372 	EXP 	Loading_75: autoDraw = False
20.8372 	EXP 	text_75: autoDraw = False
20.8372 	EXP 	Loading_100: autoDraw = False
20.8372 	EXP 	text_100: autoDraw = False
20.8372 	EXP 	Youhavematched: height = 0.08
20.8372 	EXP 	Youhavematched: height = 0.08
20.8372 	EXP 	Youhavematched: height = 0.08
20.8372 	EXP 	Youhavematched: text = 'You have matched with: Alex'
20.8372 	EXP 	partneremoji_image: image = 'Images/cowboyemoji.png'
20.8372 	EXP 	Youhavematched: autoDraw = True
20.8372 	EXP 	partneremoji_image: autoDraw = True
20.8372 	EXP 	PressToContinue: autoDraw = True
22.4123 	DATA 	Keypress: space
22.4161 	EXP 	Youhavematched: autoDraw = False
22.4161 	EXP 	partneremoji_image: autoDraw = False
22.4161 	EXP 	PressToContinue: autoDraw = False
22.4161 	EXP 	participantimage_image: image = 'Participant_Images/101/101_Images/101_Image_24.jpg'
22.4161 	EXP 	photobeingshared_text: autoDraw = True
22.4161 	EXP 	waitforfeedback_text: autoDraw = True
22.4161 	EXP 	participantimage_image: autoDraw = True
25.1820 	EXP 	photobeingshared_text: autoDraw = False
25.1820 	EXP 	waitforfeedback_text: autoDraw = False
25.1820 	EXP 	participantimage_image: autoDraw = False
25.1820 	EXP 	waiting_text: autoDraw = True
30.1994 	EXP 	waiting_text: autoDraw = False
30.1994 	EXP 	displayfeedback_text: height = 0.12
30.1994 	EXP 	displayfeedback_text: height = 0.12
30.1994 	EXP 	displayfeedback_text: height = 0.12
30.1994 	EXP 	displayfeedback_text: text = 'Alex did not like your photo'
30.1994 	EXP 	fdbkimage_image: image = 'Images/thumbsdown.png'
30.1994 	EXP 	displayfeedback_text: autoDraw = True
30.1994 	EXP 	fdbkimage_image: autoDraw = True
30.7230 	DATA 	Keypress: lcommand
33.1926 	EXP 	displayfeedback_text: autoDraw = False
33.1926 	EXP 	fdbkimage_image: autoDraw = False
33.1926 	EXP 	presstosharenextphoto_text: autoDraw = True
35.0429 	EXP 	Created sequence: random, trialTypes=1, nReps=0, seed=None
35.0449 	DATA 	Keypress: space
35.0800 	EXP 	New trial (rep=0, index=1): OrderedDict([('TrialNumber', 2), ('Partner', 'Alex'), ('Condition', 'Neutral'), ('Photos', 'Participant_Images/101/101_Images/101_Image_9.jpg'), ('Feedback', 'did not like'), ('FeedbackWait', 4.988446431)])
35.2444 	EXP 	presstosharenextphoto_text: autoDraw = False
35.2444 	EXP 	slider: markerPos = 3
35.2444 	EXP 	saliencequestion_text: height = 0.06
35.2444 	EXP 	saliencequestion_text: height = 0.06
35.2444 	EXP 	saliencequestion_text: height = 0.06
35.2444 	EXP 	saliencequestion_text: text = 'How likely are you to share photos with Alex in the future? \n\n Use your left and right arrows to move the arrow to your desired rating.'
35.2444 	EXP 	salienceavatar_image: image = 'Images/cowboyemoji.png'
35.2444 	EXP 	displayrating_text: text = ''
35.2444 	EXP 	saliencequestion_text: autoDraw = False
35.2444 	EXP 	salienceavatar_image: autoDraw = False
35.2444 	EXP 	saliencecontinue_text: autoDraw = False
35.2444 	EXP 	displayrating_text: autoDraw = False
35.2444 	EXP 	slider: markerPos = 5
35.2444 	EXP 	stresslevel_text: height = 0.08
35.2444 	EXP 	stresslevel_text: height = 0.08
35.2444 	EXP 	stresslevel_text: height = 0.08
35.2444 	EXP 	stresslevel_text: text = 'Please rate your current stress level. \n\n\n Use your mouse or left and right arrows to move the arrow to your desired rating.'
35.2444 	EXP 	displaystressrating_text: text = ''
35.2444 	EXP 	stresslevel_text: autoDraw = False
35.2444 	EXP 	displaystressrating_text: autoDraw = False
35.2444 	EXP 	Match_text: autoDraw = False
35.2444 	EXP 	syncing_text: autoDraw = False
35.2444 	EXP 	text_0: autoDraw = False
35.2444 	EXP 	Transparent: autoDraw = False
35.2444 	EXP 	Loading_25: autoDraw = False
35.2444 	EXP 	text_25: autoDraw = False
35.2444 	EXP 	Loading_50: autoDraw = False
35.2444 	EXP 	text_50: autoDraw = False
35.2444 	EXP 	Loading_75: autoDraw = False
35.2444 	EXP 	text_75: autoDraw = False
35.2444 	EXP 	Loading_100: autoDraw = False
35.2444 	EXP 	text_100: autoDraw = False
35.2444 	EXP 	Youhavematched: text = 'You have matched with: Alex'
35.2444 	EXP 	partneremoji_image: image = 'Images/cowboyemoji.png'
35.2444 	EXP 	Youhavematched: autoDraw = False
35.2444 	EXP 	partneremoji_image: autoDraw = False
35.2444 	EXP 	PressToContinue: autoDraw = False
35.2444 	EXP 	participantimage_image: image = 'Participant_Images/101/101_Images/101_Image_9.jpg'
35.2444 	EXP 	photobeingshared_text: autoDraw = True
35.2444 	EXP 	waitforfeedback_text: autoDraw = True
35.2444 	EXP 	participantimage_image: autoDraw = True
38.0890 	EXP 	photobeingshared_text: autoDraw = False
38.0890 	EXP 	waitforfeedback_text: autoDraw = False
38.0890 	EXP 	participantimage_image: autoDraw = False
38.0890 	EXP 	waiting_text: autoDraw = True
43.0859 	EXP 	waiting_text: autoDraw = False
43.0859 	EXP 	waiting_text: autoDraw = False
43.0859 	EXP 	displayfeedback_text: text = 'Alex did not like your photo'
43.0859 	EXP 	fdbkimage_image: image = 'Images/thumbsdown.png'
43.0859 	EXP 	displayfeedback_text: autoDraw = True
43.0859 	EXP 	fdbkimage_image: autoDraw = True
46.0897 	EXP 	displayfeedback_text: autoDraw = False
46.0897 	EXP 	fdbkimage_image: autoDraw = False
46.0897 	EXP 	displayfeedback_text: autoDraw = False
46.0897 	EXP 	fdbkimage_image: autoDraw = False
46.0897 	EXP 	presstosharenextphoto_text: autoDraw = True
49.4378 	EXP 	Created sequence: random, trialTypes=1, nReps=0, seed=None
49.4414 	DATA 	Keypress: space
49.4541 	EXP 	New trial (rep=0, index=2): OrderedDict([('TrialNumber', 3), ('Partner', 'Alex'), ('Condition', 'Neutral'), ('Photos', 'Participant_Images/101/101_Images/101_Image_4.jpg'), ('Feedback', 'liked'), ('FeedbackWait', 3.470791822)])
49.6256 	EXP 	presstosharenextphoto_text: autoDraw = False
49.6256 	EXP 	slider: markerPos = 3
49.6256 	EXP 	saliencequestion_text: text = 'How likely are you to share photos with Alex in the future? \n\n Use your left and right arrows to move the arrow to your desired rating.'
49.6256 	EXP 	salienceavatar_image: image = 'Images/cowboyemoji.png'
49.6256 	EXP 	displayrating_text: text = ''
49.6256 	EXP 	saliencequestion_text: autoDraw = False
49.6256 	EXP 	salienceavatar_image: autoDraw = False
49.6256 	EXP 	saliencecontinue_text: autoDraw = False
49.6256 	EXP 	displayrating_text: autoDraw = False
49.6256 	EXP 	slider: markerPos = 5
49.6256 	EXP 	stresslevel_text: text = 'Please rate your current stress level. \n\n\n Use your mouse or left and right arrows to move the arrow to your desired rating.'
49.6256 	EXP 	displaystressrating_text: text = ''
49.6256 	EXP 	stresslevel_text: autoDraw = False
49.6256 	EXP 	displaystressrating_text: autoDraw = False
49.6256 	EXP 	Match_text: autoDraw = False
49.6256 	EXP 	syncing_text: autoDraw = False
49.6256 	EXP 	text_0: autoDraw = False
49.6256 	EXP 	Transparent: autoDraw = False
49.6256 	EXP 	Loading_25: autoDraw = False
49.6256 	EXP 	text_25: autoDraw = False
49.6256 	EXP 	Loading_50: autoDraw = False
49.6256 	EXP 	text_50: autoDraw = False
49.6256 	EXP 	Loading_75: autoDraw = False
49.6256 	EXP 	text_75: autoDraw = False
49.6256 	EXP 	Loading_100: autoDraw = False
49.6256 	EXP 	text_100: autoDraw = False
49.6256 	EXP 	Youhavematched: text = 'You have matched with: Alex'
49.6256 	EXP 	partneremoji_image: image = 'Images/cowboyemoji.png'
49.6256 	EXP 	Youhavematched: autoDraw = False
49.6256 	EXP 	partneremoji_image: autoDraw = False
49.6256 	EXP 	PressToContinue: autoDraw = False
49.6256 	EXP 	participantimage_image: image = 'Participant_Images/101/101_Images/101_Image_4.jpg'
49.6256 	EXP 	photobeingshared_text: autoDraw = True
49.6256 	EXP 	waitforfeedback_text: autoDraw = True
49.6256 	EXP 	participantimage_image: autoDraw = True
52.4841 	EXP 	photobeingshared_text: autoDraw = False
52.4841 	EXP 	waitforfeedback_text: autoDraw = False
52.4841 	EXP 	participantimage_image: autoDraw = False
52.4841 	EXP 	waiting_text: autoDraw = True
57.4748 	EXP 	waiting_text: autoDraw = False
57.4748 	EXP 	displayfeedback_text: height = 0.12
57.4748 	EXP 	displayfeedback_text: height = 0.12
57.4748 	EXP 	displayfeedback_text: height = 0.12
57.4748 	EXP 	displayfeedback_text: text = 'Alex liked your photo'
57.4748 	EXP 	fdbkimage_image: image = 'Images/thumbsup.png'
57.4748 	EXP 	displayfeedback_text: autoDraw = True
57.4748 	EXP 	fdbkimage_image: autoDraw = True
60.4757 	EXP 	displayfeedback_text: autoDraw = False
60.4757 	EXP 	fdbkimage_image: autoDraw = False
60.4757 	EXP 	presstosharenextphoto_text: autoDraw = True
73.2185 	EXP 	Created sequence: random, trialTypes=1, nReps=0, seed=None
73.2207 	DATA 	Keypress: space
73.2298 	EXP 	New trial (rep=0, index=3): OrderedDict([('TrialNumber', 4), ('Partner', 'Alex'), ('Condition', 'Neutral'), ('Photos', 'Participant_Images/101/101_Images/101_Image_1.jpg'), ('Feedback', 'liked'), ('FeedbackWait', 3.820572462)])
73.3733 	EXP 	presstosharenextphoto_text: autoDraw = False
73.3733 	EXP 	slider: markerPos = 3
73.3733 	EXP 	saliencequestion_text: text = 'How likely are you to share photos with Alex in the future? \n\n Use your left and right arrows to move the arrow to your desired rating.'
73.3733 	EXP 	salienceavatar_image: image = 'Images/cowboyemoji.png'
73.3733 	EXP 	displayrating_text: text = ''
73.3733 	EXP 	saliencequestion_text: autoDraw = False
73.3733 	EXP 	salienceavatar_image: autoDraw = False
73.3733 	EXP 	saliencecontinue_text: autoDraw = False
73.3733 	EXP 	displayrating_text: autoDraw = False
73.3733 	EXP 	slider: markerPos = 5
73.3733 	EXP 	stresslevel_text: text = 'Please rate your current stress level. \n\n\n Use your mouse or left and right arrows to move the arrow to your desired rating.'
73.3733 	EXP 	displaystressrating_text: text = ''
73.3733 	EXP 	stresslevel_text: autoDraw = False
73.3733 	EXP 	displaystressrating_text: autoDraw = False
73.3733 	EXP 	Match_text: autoDraw = False
73.3733 	EXP 	syncing_text: autoDraw = False
73.3733 	EXP 	text_0: autoDraw = False
73.3733 	EXP 	Transparent: autoDraw = False
73.3733 	EXP 	Loading_25: autoDraw = False
73.3733 	EXP 	text_25: autoDraw = False
73.3733 	EXP 	Loading_50: autoDraw = False
73.3733 	EXP 	text_50: autoDraw = False
73.3733 	EXP 	Loading_75: autoDraw = False
73.3733 	EXP 	text_75: autoDraw = False
73.3733 	EXP 	Loading_100: autoDraw = False
73.3733 	EXP 	text_100: autoDraw = False
73.3733 	EXP 	Youhavematched: text = 'You have matched with: Alex'
73.3733 	EXP 	partneremoji_image: image = 'Images/cowboyemoji.png'
73.3733 	EXP 	Youhavematched: autoDraw = False
73.3733 	EXP 	partneremoji_image: autoDraw = False
73.3733 	EXP 	PressToContinue: autoDraw = False
73.3733 	EXP 	participantimage_image: image = 'Participant_Images/101/101_Images/101_Image_1.jpg'
73.3733 	EXP 	photobeingshared_text: autoDraw = True
73.3733 	EXP 	waitforfeedback_text: autoDraw = True
73.3733 	EXP 	participantimage_image: autoDraw = True
76.2478 	EXP 	photobeingshared_text: autoDraw = False
76.2478 	EXP 	waitforfeedback_text: autoDraw = False
76.2478 	EXP 	participantimage_image: autoDraw = False
76.2478 	EXP 	waiting_text: autoDraw = True
77.7217 	DATA 	Keypress: space
79.0071 	DATA 	Keypress: space
81.2415 	EXP 	waiting_text: autoDraw = False
81.2415 	EXP 	waiting_text: autoDraw = False
81.2415 	EXP 	displayfeedback_text: text = 'Alex liked your photo'
81.2415 	EXP 	fdbkimage_image: image = 'Images/thumbsup.png'
81.2415 	EXP 	displayfeedback_text: autoDraw = True
81.2415 	EXP 	fdbkimage_image: autoDraw = True
83.4227 	DATA 	Keypress: space
84.2393 	EXP 	displayfeedback_text: autoDraw = False
84.2393 	EXP 	fdbkimage_image: autoDraw = False
84.2393 	EXP 	displayfeedback_text: autoDraw = False
84.2393 	EXP 	fdbkimage_image: autoDraw = False
84.2393 	EXP 	presstosharenextphoto_text: autoDraw = True
86.4196 	EXP 	Created sequence: random, trialTypes=1, nReps=0, seed=None
86.4222 	DATA 	Keypress: space
86.4315 	EXP 	New trial (rep=0, index=4): OrderedDict([('TrialNumber', 5), ('Partner', 'Alex'), ('Condition', 'Neutral'), ('Photos', 'Participant_Images/101/101_Images/101_Image_3.jpg'), ('Feedback', 'liked'), ('FeedbackWait', 2.455989137)])
86.5987 	EXP 	presstosharenextphoto_text: autoDraw = False
86.5987 	EXP 	slider: markerPos = 3
86.5987 	EXP 	saliencequestion_text: text = 'How likely are you to share photos with Alex in the future? \n\n Use your left and right arrows to move the arrow to your desired rating.'
86.5987 	EXP 	salienceavatar_image: image = 'Images/cowboyemoji.png'
86.5987 	EXP 	displayrating_text: text = ''
86.5987 	EXP 	saliencequestion_text: autoDraw = False
86.5987 	EXP 	salienceavatar_image: autoDraw = False
86.5987 	EXP 	saliencecontinue_text: autoDraw = False
86.5987 	EXP 	displayrating_text: autoDraw = False
86.5987 	EXP 	slider: markerPos = 5
86.5987 	EXP 	stresslevel_text: text = 'Please rate your current stress level. \n\n\n Use your mouse or left and right arrows to move the arrow to your desired rating.'
86.5987 	EXP 	displaystressrating_text: text = ''
86.5987 	EXP 	stresslevel_text: autoDraw = False
86.5987 	EXP 	displaystressrating_text: autoDraw = False
86.5987 	EXP 	Match_text: autoDraw = False
86.5987 	EXP 	syncing_text: autoDraw = False
86.5987 	EXP 	text_0: autoDraw = False
86.5987 	EXP 	Transparent: autoDraw = False
86.5987 	EXP 	Loading_25: autoDraw = False
86.5987 	EXP 	text_25: autoDraw = False
86.5987 	EXP 	Loading_50: autoDraw = False
86.5987 	EXP 	text_50: autoDraw = False
86.5987 	EXP 	Loading_75: autoDraw = False
86.5987 	EXP 	text_75: autoDraw = False
86.5987 	EXP 	Loading_100: autoDraw = False
86.5987 	EXP 	text_100: autoDraw = False
86.5987 	EXP 	Youhavematched: text = 'You have matched with: Alex'
86.5987 	EXP 	partneremoji_image: image = 'Images/cowboyemoji.png'
86.5987 	EXP 	Youhavematched: autoDraw = False
86.5987 	EXP 	partneremoji_image: autoDraw = False
86.5987 	EXP 	PressToContinue: autoDraw = False
86.5987 	EXP 	participantimage_image: image = 'Participant_Images/101/101_Images/101_Image_3.jpg'
86.5987 	EXP 	photobeingshared_text: autoDraw = True
86.5987 	EXP 	waitforfeedback_text: autoDraw = True
86.5987 	EXP 	participantimage_image: autoDraw = True
86.6536 	DATA 	Keypress: space
86.8010 	DATA 	Keypress: space
89.4535 	EXP 	photobeingshared_text: autoDraw = False
89.4535 	EXP 	waitforfeedback_text: autoDraw = False
89.4535 	EXP 	participantimage_image: autoDraw = False
89.4535 	EXP 	waiting_text: autoDraw = True
94.4600 	EXP 	waiting_text: autoDraw = False
94.4600 	EXP 	displayfeedback_text: text = 'Alex liked your photo'
94.4600 	EXP 	fdbkimage_image: image = 'Images/thumbsup.png'
94.4600 	EXP 	displayfeedback_text: autoDraw = True
94.4600 	EXP 	fdbkimage_image: autoDraw = True
97.4401 	EXP 	Created sequence: random, trialTypes=1, nReps=1, seed=None
97.4403 	EXP 	New trial (rep=0, index=0): None
97.4532 	EXP 	displayfeedback_text: autoDraw = False
97.4532 	EXP 	fdbkimage_image: autoDraw = False
97.4532 	EXP 	presstosharenextphoto_text: autoDraw = False
97.4532 	EXP 	WTP_ins_text1: autoDraw = True
98.7506 	DATA 	Keypress: space
98.7560 	EXP 	WTP_ins_text1: autoDraw = False
98.7560 	EXP 	WTP_ins_text2: autoDraw = True
99.3877 	EXP 	Imported /Users/melanieruiz/Desktop/WTP_SM_Choice/Participant_Images/101/101_WTP.xlsx as conditions, 5 conditions, 9 params
99.3881 	EXP 	Created sequence: sequential, trialTypes=5, nReps=1, seed=None
99.3884 	EXP 	New trial (rep=0, index=0): {'social_left': 0, 'Left_Exp': 'Rearranging furniture in your house', 'Right_Exp': 'Going to a carnival with friends', 'leftmoney': 0.01, 'rightmoney': 0.01, 'greenText': 'green', 'left_more_than_right': 0, 'matching_prices': 1, 'social_worthmore': 1}
99.4052 	EXP 	New trial (rep=0, index=1): {'social_left': 0, 'Left_Exp': 'Watching a new episode of a television show', 'Right_Exp': 'Having a picnic with family', 'leftmoney': 0.02, 'rightmoney': 0.01, 'greenText': 'green', 'left_more_than_right': 1, 'matching_prices': 0, 'social_worthmore': 0}
99.4141 	EXP 	New trial (rep=0, index=2): {'social_left': 0, 'Left_Exp': 'Painting your bedroom\na new color', 'Right_Exp': 'Having a romantic dinner with a significant other', 'leftmoney': 0.03, 'rightmoney': 0.01, 'greenText': 'green', 'left_more_than_right': 1, 'matching_prices': 0, 'social_worthmore': 0}
99.4228 	EXP 	New trial (rep=0, index=3): {'social_left': 0, 'Left_Exp': 'Playing with a pet', 'Right_Exp': 'Studying abroad with friends', 'leftmoney': 0.04, 'rightmoney': 0.01, 'greenText': 'green', 'left_more_than_right': 1, 'matching_prices': 0, 'social_worthmore': 0}
99.4296 	EXP 	New trial (rep=0, index=4): {'social_left': 0, 'Left_Exp': 'Reading a book', 'Right_Exp': 'Going to a friend’s birthday party', 'leftmoney': 0.05, 'rightmoney': 0.01, 'greenText': 'green', 'left_more_than_right': 1, 'matching_prices': 0, 'social_worthmore': 0}
99.4550 	EXP 	window1: mouseVisible = True
