1.5128 	WARNING 	We strongly recommend you activate the PTB sound engine in PsychoPy prefs as the preferred audio engine. Its timing is vastly superior. Your prefs are currently set to use ['sounddevice', 'PTB', 'pyo', 'pygame'] (in that order).
6.5717 	WARNING 	User requested fullscreen with size [1440  900], but screen is actually [1512, 982]. Using actual size
7.7528 	EXP 	Created window1 = Window(allowGUI=True, allowStencil=False, autoLog=True, backendConf=UNKNOWN, bitsMode=UNKNOWN, blendMode='avg', bpc=(8, 8, 8), color=array([-1., -1., -1.]), colorSpace='rgb', depthBits=8, fullscr=<method-wrapper '__getattribute__' of attributeSetter object at 0x7fd6a0c20d90>, gamma=None, gammaErrorPolicy='raise', lms=UNKNOWN, monitor=<psychopy.monitors.calibTools.Monitor object at 0x7fd691db4700>, multiSample=False, name='window1', numSamples=2, pos=[378.0, 245.5], screen=0, size=array([3024, 1964]), stencilBits=0, stereo=False, units='norm', useFBO=True, useRetina=True, viewOri=0.0, viewPos=None, viewScale=None, waitBlanking=True, winType='pyglet')
7.7532 	EXP 	window1: mouseVisible = True
7.7533 	EXP 	window1: mouseVisible = True
7.7534 	EXP 	window1: Attempting to measure frame rate of screen (0) ...
7.7534 	EXP 	window1: recordFrameIntervals = False
7.8827 	EXP 	window1: recordFrameIntervals = True
7.9243 	WARNING 	t of last frame was 18.20ms (=1/54)
7.9564 	WARNING 	t of last frame was 16.97ms (=1/58)
8.0268 	WARNING 	t of last frame was 16.43ms (=1/60)
8.0433 	WARNING 	t of last frame was 16.49ms (=1/60)
8.0599 	WARNING 	Multiple dropped frames have occurred - I'll stop bothering you about them!
9.0498 	WARNING 	Couldn't measure a consistent frame rate!
  - Is your graphics card set to sync to vertical blank?
  - Are you running other processes on your computer?

9.4459 	EXP 	Created Welcome = TextStim(__class__=<class 'psychopy.visual.text.TextStim'>, alignHoriz=method-wrapper(...), alignText='center', alignVert=method-wrapper(...), anchorHoriz='center', anchorVert='center', antialias=True, autoDraw=False, autoLog=True, bold=False, color=array([1., 1., 1.]), colorSpace='rgb', contrast=1.0, depth=0.0, flipHoriz=False, flipVert=False, font='Open Sans', fontFiles=[], height=0.08, italic=False, languageStyle='LTR', name='Welcome', opacity=1.0, ori=0.0, pos=array([0., 0.]), rgb=UNKNOWN, text=str(...), units='norm', win=Window(...), wrapWidth=1)
9.5180 	EXP 	Created FirstInstructions = TextStim(__class__=<class 'psychopy.visual.text.TextStim'>, alignHoriz=method-wrapper(...), alignText='center', alignVert=method-wrapper(...), anchorHoriz='center', anchorVert='center', antialias=True, autoDraw=False, autoLog=True, bold=False, color=array([1., 1., 1.]), colorSpace='rgb', contrast=1.0, depth=0.0, flipHoriz=False, flipVert=False, font='Open Sans', fontFiles=[], height=0.08, italic=False, languageStyle='LTR', name='FirstInstructions', opacity=1.0, ori=0.0, pos=array([0., 0.]), rgb=UNKNOWN, text=str(...), units='norm', win=Window(...), wrapWidth=1)
9.5741 	EXP 	Created Match_text = TextStim(__class__=<class 'psychopy.visual.text.TextStim'>, alignHoriz=method-wrapper(...), alignText='center', alignVert=method-wrapper(...), anchorHoriz='center', anchorVert='center', antialias=True, autoDraw=False, autoLog=True, bold=False, color=array([1., 1., 1.]), colorSpace='rgb', contrast=1.0, depth=-1.0, flipHoriz=False, flipVert=False, font='Open Sans', fontFiles=[], height=0.08, italic=False, languageStyle='LTR', name='Match_text', opacity=1.0, ori=0.0, pos=array([0. , 0.3]), rgb=UNKNOWN, text=str(...), units='norm', win=Window(...), wrapWidth=1)
9.5799 	EXP 	Created syncing_text = TextStim(__class__=<class 'psychopy.visual.text.TextStim'>, alignHoriz=method-wrapper(...), alignText='center', alignVert=method-wrapper(...), anchorHoriz='center', anchorVert='center', antialias=True, autoDraw=False, autoLog=True, bold=False, color=array([1., 1., 1.]), colorSpace='rgb', contrast=1.0, depth=-2.0, flipHoriz=False, flipVert=False, font='Open Sans', fontFiles=[], height=0.12, italic=False, languageStyle='LTR', name='syncing_text', opacity=1.0, ori=0.0, pos=array([0. , 0.3]), rgb=UNKNOWN, text='Syncing…', units='norm', win=Window(...), wrapWidth=1)
9.5837 	EXP 	Created text_0 = TextStim(__class__=<class 'psychopy.visual.text.TextStim'>, alignHoriz=method-wrapper(...), alignText='center', alignVert=method-wrapper(...), anchorHoriz='center', anchorVert='center', antialias=True, autoDraw=False, autoLog=True, bold=False, color=array([1., 1., 1.]), colorSpace='rgb', contrast=1.0, depth=-3.0, flipHoriz=False, flipVert=False, font='Open Sans', fontFiles=[], height=0.1, italic=False, languageStyle='LTR', name='text_0', opacity=1.0, ori=0.0, pos=array([ 0. , -0.2]), rgb=UNKNOWN, text='0%', units='norm', win=Window(...), wrapWidth=1)
9.5872 	EXP 	Created Transparent = Rect(__class__=<class 'psychopy.visual.rect.Rect'>, anchor=('center', 'center'), autoDraw=False, autoLog=True, closeShape=True, color=method-wrapper(...), colorSpace='rgb', contrast=None, depth=-4.0, fillColor=array([0., 0., 0.]), fillColorSpace='rgb', fillRGB=array([0., 0., 0.]), interpolate=True, lineColor=array([1., 1., 1.]), lineColorSpace='rgb', lineRGB=array([1, 1, 1]), lineWidth=1.2, name='Transparent', opacity=1.0, ori=0.0, pos=array([0., 0.]), size=array([1. , 0.1]), units='norm', vertices=ndarray(...), win=Window(...))
9.5886 	EXP 	Created Loading_25 = Rect(__class__=<class 'psychopy.visual.rect.Rect'>, anchor=('center', 'center'), autoDraw=False, autoLog=True, closeShape=True, color=method-wrapper(...), colorSpace='rgb', contrast=None, depth=-5.0, fillColor=array([1, 1, 1]), fillColorSpace='rgb', fillRGB=array([1, 1, 1]), interpolate=True, lineColor=array([1., 1., 1.]), lineColorSpace='rgb', lineRGB=array([1, 1, 1]), lineWidth=1.0, name='Loading_25', opacity=1.0, ori=0.0, pos=array([-0.375,  0.   ]), size=array([0.25, 0.1 ]), units='norm', vertices=ndarray(...), win=Window(...))
9.5916 	EXP 	Created text_25 = TextStim(__class__=<class 'psychopy.visual.text.TextStim'>, alignHoriz=method-wrapper(...), alignText='center', alignVert=method-wrapper(...), anchorHoriz='center', anchorVert='center', antialias=True, autoDraw=False, autoLog=True, bold=False, color=array([1., 1., 1.]), colorSpace='rgb', contrast=1.0, depth=-6.0, flipHoriz=False, flipVert=False, font='Open Sans', fontFiles=[], height=0.1, italic=False, languageStyle='LTR', name='text_25', opacity=1.0, ori=0.0, pos=array([ 0. , -0.2]), rgb=UNKNOWN, text='25%', units='norm', win=Window(...), wrapWidth=1)
9.5929 	EXP 	Created Loading_50 = Rect(__class__=<class 'psychopy.visual.rect.Rect'>, anchor=('center', 'center'), autoDraw=False, autoLog=True, closeShape=True, color=method-wrapper(...), colorSpace='rgb', contrast=None, depth=-7.0, fillColor=array([1, 1, 1]), fillColorSpace='rgb', fillRGB=array([1, 1, 1]), interpolate=True, lineColor=array([1., 1., 1.]), lineColorSpace='rgb', lineRGB=array([1, 1, 1]), lineWidth=1.0, name='Loading_50', opacity=1.0, ori=0.0, pos=array([-0.25,  0.  ]), size=array([0.5, 0.1]), units='norm', vertices=ndarray(...), win=Window(...))
9.5949 	EXP 	Created text_50 = TextStim(__class__=<class 'psychopy.visual.text.TextStim'>, alignHoriz=method-wrapper(...), alignText='center', alignVert=method-wrapper(...), anchorHoriz='center', anchorVert='center', antialias=True, autoDraw=False, autoLog=True, bold=False, color=array([1., 1., 1.]), colorSpace='rgb', contrast=1.0, depth=-8.0, flipHoriz=False, flipVert=False, font='Open Sans', fontFiles=[], height=0.1, italic=False, languageStyle='LTR', name='text_50', opacity=1.0, ori=0.0, pos=array([ 0. , -0.2]), rgb=UNKNOWN, text='50%', units='norm', win=Window(...), wrapWidth=1)
9.5962 	EXP 	Created Loading_75 = Rect(__class__=<class 'psychopy.visual.rect.Rect'>, anchor=('center', 'center'), autoDraw=False, autoLog=True, closeShape=True, color=method-wrapper(...), colorSpace='rgb', contrast=None, depth=-9.0, fillColor=array([1, 1, 1]), fillColorSpace='rgb', fillRGB=array([1, 1, 1]), interpolate=True, lineColor=array([1., 1., 1.]), lineColorSpace='rgb', lineRGB=array([1, 1, 1]), lineWidth=1.0, name='Loading_75', opacity=1.0, ori=0.0, pos=array([-0.125,  0.   ]), size=array([0.75, 0.1 ]), units='norm', vertices=ndarray(...), win=Window(...))
9.5985 	EXP 	Created text_75 = TextStim(__class__=<class 'psychopy.visual.text.TextStim'>, alignHoriz=method-wrapper(...), alignText='center', alignVert=method-wrapper(...), anchorHoriz='center', anchorVert='center', antialias=True, autoDraw=False, autoLog=True, bold=False, color=array([1., 1., 1.]), colorSpace='rgb', contrast=1.0, depth=-10.0, flipHoriz=False, flipVert=False, font='Open Sans', fontFiles=[], height=0.1, italic=False, languageStyle='LTR', name='text_75', opacity=1.0, ori=0.0, pos=array([ 0. , -0.2]), rgb=UNKNOWN, text='75%', units='norm', win=Window(...), wrapWidth=1)
9.5998 	EXP 	Created Loading_100 = Rect(__class__=<class 'psychopy.visual.rect.Rect'>, anchor=('center', 'center'), autoDraw=False, autoLog=True, closeShape=True, color=method-wrapper(...), colorSpace='rgb', contrast=None, depth=-11.0, fillColor=array([1, 1, 1]), fillColorSpace='rgb', fillRGB=array([1, 1, 1]), interpolate=True, lineColor=array([1., 1., 1.]), lineColorSpace='rgb', lineRGB=array([1, 1, 1]), lineWidth=1.0, name='Loading_100', opacity=1.0, ori=0.0, pos=array([0., 0.]), size=array([1. , 0.1]), units='norm', vertices=ndarray(...), win=Window(...))
9.6023 	EXP 	Created text_100 = TextStim(__class__=<class 'psychopy.visual.text.TextStim'>, alignHoriz=method-wrapper(...), alignText='center', alignVert=method-wrapper(...), anchorHoriz='center', anchorVert='center', antialias=True, autoDraw=False, autoLog=True, bold=False, color=array([1., 1., 1.]), colorSpace='rgb', contrast=1.0, depth=-12.0, flipHoriz=False, flipVert=False, font='Open Sans', fontFiles=[], height=0.1, italic=False, languageStyle='LTR', name='text_100', opacity=1.0, ori=0.0, pos=array([ 0. , -0.2]), rgb=UNKNOWN, text='100%', units='norm', win=Window(...), wrapWidth=1)
9.6031 	EXP 	Created Youhavematched = TextStim(__class__=<class 'psychopy.visual.text.TextStim'>, alignHoriz=method-wrapper(...), alignText='center', alignVert=method-wrapper(...), anchorHoriz='center', anchorVert='center', antialias=True, autoDraw=False, autoLog=True, bold=False, color=array([1., 1., 1.]), colorSpace='rgb', contrast=1.0, depth=-1.0, flipHoriz=False, flipVert=False, font='Open Sans', fontFiles=[], height=0.08, italic=False, languageStyle='LTR', name='Youhavematched', opacity=1.0, ori=0.0, pos=array([0. , 0.6]), rgb=UNKNOWN, text='', units='norm', win=Window(...), wrapWidth=1)
9.6088 	EXP 	Created partneremoji_image = ImageStim(__class__=<class 'psychopy.visual.image.ImageStim'>, anchor=('center', 'center'), autoLog=True, color=array([1., 1., 1.]), colorSpace='rgb', contrast=1.0, depth=-2.0, flipHoriz=False, flipVert=False, image='sin', interpolate=True, mask=None, maskParams=None, name='partneremoji_image', opacity=1.0, ori=0.0, pos=array([0., 0.]), size=array([0.5 , 0.75]), texRes=128.0, units='norm', win=Window(...))
9.6697 	EXP 	Created PressToContinue = TextStim(__class__=<class 'psychopy.visual.text.TextStim'>, alignHoriz=method-wrapper(...), alignText='center', alignVert=method-wrapper(...), anchorHoriz='center', anchorVert='center', antialias=True, autoDraw=False, autoLog=True, bold=False, color=array([1., 1., 1.]), colorSpace='rgb', contrast=1.0, depth=-4.0, flipHoriz=False, flipVert=False, font='Open Sans', fontFiles=[], height=0.08, italic=False, languageStyle='LTR', name='PressToContinue', opacity=1.0, ori=0.0, pos=array([ 0. , -0.6]), rgb=UNKNOWN, text='Press space to continue.', units='norm', win=Window(...), wrapWidth=1)
9.6768 	EXP 	Created photobeingshared_text = TextStim(__class__=<class 'psychopy.visual.text.TextStim'>, alignHoriz=method-wrapper(...), alignText='center', alignVert=method-wrapper(...), anchorHoriz='center', anchorVert='center', antialias=True, autoDraw=False, autoLog=True, bold=False, color=array([1., 1., 1.]), colorSpace='rgb', contrast=1.0, depth=0.0, flipHoriz=False, flipVert=False, font='Open Sans', fontFiles=[], height=0.09, italic=False, languageStyle='LTR', name='photobeingshared_text', opacity=1.0, ori=0.0, pos=array([0. , 0.6]), rgb=UNKNOWN, text='This photo is now being shared', units='norm', win=Window(...), wrapWidth=1)
9.6835 	EXP 	Created waitforfeedback_text = TextStim(__class__=<class 'psychopy.visual.text.TextStim'>, alignHoriz=method-wrapper(...), alignText='center', alignVert=method-wrapper(...), anchorHoriz='center', anchorVert='center', antialias=True, autoDraw=False, autoLog=True, bold=False, color=array([1., 1., 1.]), colorSpace='rgb', contrast=1.0, depth=-1.0, flipHoriz=False, flipVert=False, font='Open Sans', fontFiles=[], height=0.09, italic=False, languageStyle='LTR', name='waitforfeedback_text', opacity=1.0, ori=0.0, pos=array([ 0. , -0.6]), rgb=UNKNOWN, text='Please wait for feedback.', units='norm', win=Window(...), wrapWidth=1)
9.6872 	EXP 	Created participantimage_image = ImageStim(__class__=<class 'psychopy.visual.image.ImageStim'>, anchor=('center', 'center'), autoLog=True, color=array([1., 1., 1.]), colorSpace='rgb', contrast=1.0, depth=-3.0, flipHoriz=False, flipVert=False, image='sin', interpolate=True, mask=None, maskParams=None, name='participantimage_image', opacity=1.0, ori=0.0, pos=array([0., 0.]), size=array([0.5 , 0.75]), texRes=128.0, units='norm', win=Window(...))
9.6922 	EXP 	Created waiting_text = TextStim(__class__=<class 'psychopy.visual.text.TextStim'>, alignHoriz=method-wrapper(...), alignText='center', alignVert=method-wrapper(...), anchorHoriz='center', anchorVert='center', antialias=True, autoDraw=False, autoLog=True, bold=False, color=array([1., 1., 1.]), colorSpace='rgb', contrast=1.0, depth=0.0, flipHoriz=False, flipVert=False, font='Open Sans', fontFiles=[], height=0.15, italic=False, languageStyle='LTR', name='waiting_text', opacity=1.0, ori=0.0, pos=array([0., 0.]), rgb=UNKNOWN, text='Waiting…', units='norm', win=Window(...), wrapWidth=1)
9.6931 	EXP 	Created displayfeedback_text = TextStim(__class__=<class 'psychopy.visual.text.TextStim'>, alignHoriz=method-wrapper(...), alignText='center', alignVert=method-wrapper(...), anchorHoriz='center', anchorVert='center', antialias=True, autoDraw=False, autoLog=True, bold=False, color=array([1., 1., 1.]), colorSpace='rgb', contrast=1.0, depth=0.0, flipHoriz=False, flipVert=False, font='Open Sans', fontFiles=[], height=0.12, italic=False, languageStyle='LTR', name='displayfeedback_text', opacity=1.0, ori=0.0, pos=array([0.  , 0.75]), rgb=UNKNOWN, text='', units='norm', win=Window(...), wrapWidth=1)
9.6965 	EXP 	Created fdbkimage_image = ImageStim(__class__=<class 'psychopy.visual.image.ImageStim'>, anchor=('center', 'center'), autoLog=True, color=array([1., 1., 1.]), colorSpace='rgb', contrast=1.0, depth=-1.0, flipHoriz=False, flipVert=False, image='sin', interpolate=True, mask=None, maskParams=None, name='fdbkimage_image', opacity=1.0, ori=0.0, pos=array([0., 0.]), size=array([0.75, 1.25]), texRes=128.0, units='norm', win=Window(...))
9.7013 	EXP 	Created presstosharenextphoto_text = TextStim(__class__=<class 'psychopy.visual.text.TextStim'>, alignHoriz=method-wrapper(...), alignText='center', alignVert=method-wrapper(...), anchorHoriz='center', anchorVert='center', antialias=True, autoDraw=False, autoLog=True, bold=False, color=array([1., 1., 1.]), colorSpace='rgb', contrast=1.0, depth=0.0, flipHoriz=False, flipVert=False, font='Open Sans', fontFiles=[], height=0.09, italic=False, languageStyle='LTR', name='presstosharenextphoto_text', opacity=1.0, ori=0.0, pos=array([0., 0.]), rgb=UNKNOWN, text='Press space to share your next photo.', units='norm', win=Window(...), wrapWidth=1)
9.7734 	EXP 	Created WTP_ins_text1 = TextStim(__class__=<class 'psychopy.visual.text.TextStim'>, alignHoriz=method-wrapper(...), alignText='center', alignVert=method-wrapper(...), anchorHoriz='center', anchorVert='center', antialias=True, autoDraw=False, autoLog=True, bold=False, color=array([1., 1., 1.]), colorSpace='rgb', contrast=1.0, depth=0.0, flipHoriz=False, flipVert=False, font='Open Sans', fontFiles=[], height=0.07, italic=False, languageStyle='LTR', name='WTP_ins_text1', opacity=1.0, ori=0.0, pos=array([0. , 0.3]), rgb=UNKNOWN, text=str(...), units='norm', win=Window(...), wrapWidth=1)
9.8458 	EXP 	Created WTP_ins_text2 = TextStim(__class__=<class 'psychopy.visual.text.TextStim'>, alignHoriz=method-wrapper(...), alignText='center', alignVert=method-wrapper(...), anchorHoriz='center', anchorVert='center', antialias=True, autoDraw=False, autoLog=True, bold=False, color=array([1., 1., 1.]), colorSpace='rgb', contrast=1.0, depth=0.0, flipHoriz=False, flipVert=False, font='Open Sans', fontFiles=[], height=0.05, italic=False, languageStyle='LTR', name='WTP_ins_text2', opacity=1.0, ori=0.0, pos=array([0., 0.]), rgb=UNKNOWN, text=str(...), units='norm', win=Window(...), wrapWidth=1)
9.8993 	EXP 	Created Left_Experience = TextStim(__class__=<class 'psychopy.visual.text.TextStim'>, alignHoriz=method-wrapper(...), alignText='center', alignVert=method-wrapper(...), anchorHoriz='center', anchorVert='center', antialias=True, autoDraw=False, autoLog=True, bold=False, color=array([1., 1., 1.]), colorSpace='rgb', contrast=1.0, depth=0.0, flipHoriz=False, flipVert=False, font='Open Sans', fontFiles=[], height=0.05, italic=False, languageStyle='LTR', name='Left_Experience', opacity=1.0, ori=0.0, pos=array([0.5, 0.1]), rgb=UNKNOWN, text='', units='norm', win=Window(...), wrapWidth=1)
9.9002 	EXP 	Created Right_Experience = TextStim(__class__=<class 'psychopy.visual.text.TextStim'>, alignHoriz=method-wrapper(...), alignText='center', alignVert=method-wrapper(...), anchorHoriz='center', anchorVert='center', antialias=True, autoDraw=False, autoLog=True, bold=False, color=array([1., 1., 1.]), colorSpace='rgb', contrast=1.0, depth=-1.0, flipHoriz=False, flipVert=False, font='Open Sans', fontFiles=[], height=0.05, italic=False, languageStyle='LTR', name='Right_Experience', opacity=1.0, ori=0.0, pos=array([-0.5,  0.1]), rgb=UNKNOWN, text='', units='norm', win=Window(...), wrapWidth=1)
9.9011 	EXP 	Created Left_Price = TextStim(__class__=<class 'psychopy.visual.text.TextStim'>, alignHoriz=method-wrapper(...), alignText='center', alignVert=method-wrapper(...), anchorHoriz='center', anchorVert='center', antialias=True, autoDraw=False, autoLog=True, bold=False, color=array([1., 1., 1.]), colorSpace='rgb', contrast=1.0, depth=-2.0, flipHoriz=False, flipVert=False, font='Open Sans', fontFiles=[], height=0.05, italic=False, languageStyle='LTR', name='Left_Price', opacity=1.0, ori=0.0, pos=array([ 0.5, -0.5]), rgb=UNKNOWN, text='', units='norm', win=Window(...), wrapWidth=1)
9.9021 	EXP 	Created Right_Price = TextStim(__class__=<class 'psychopy.visual.text.TextStim'>, alignHoriz=method-wrapper(...), alignText='center', alignVert=method-wrapper(...), anchorHoriz='center', anchorVert='center', antialias=True, autoDraw=False, autoLog=True, bold=False, color=array([1., 1., 1.]), colorSpace='rgb', contrast=1.0, depth=-3.0, flipHoriz=False, flipVert=False, font='Open Sans', fontFiles=[], height=0.05, italic=False, languageStyle='LTR', name='Right_Price', opacity=1.0, ori=0.0, pos=array([-0.5, -0.5]), rgb=UNKNOWN, text='', units='norm', win=Window(...), wrapWidth=1)
10.0070 	EXP 	Created Resume_Text = TextStim(__class__=<class 'psychopy.visual.text.TextStim'>, alignHoriz=method-wrapper(...), alignText='center', alignVert=method-wrapper(...), anchorHoriz='center', anchorVert='center', antialias=True, autoDraw=False, autoLog=True, bold=False, color=array([1., 1., 1.]), colorSpace='rgb', contrast=1.0, depth=-2.0, flipHoriz=False, flipVert=False, font='Open Sans', fontFiles=[], height=0.12, italic=False, languageStyle='LTR', name='Resume_Text', opacity=1.0, ori=0.0, pos=array([0., 0.]), rgb=UNKNOWN, text='', units='norm', win=Window(...), wrapWidth=1)
10.0227 	EXP 	window1: mouseVisible = True
10.0944 	EXP 	Created slider = Slider(__class__=<class 'psychopy.visual.slider.Slider'>, autoDraw=False, autoLog=True, borderColor=None, color=None, colorSpace='rgb', depth=-5, fillColor=None, flip=False, font='Open Sans', granularity=0.0, labelColor=None, labelHeight=0.05, labelWrapWidth=None, labels=(1, 2, 3, 4, 5), lineColor=None, markerColor=None, name='slider', opacity=None, ori=0.0, pos=array([ 0. , -0.4]), readOnly=False, self=UNKNOWN, size=array([1. , 0.1]), startValue=999, style='rating', styleTweaks=['labels45', 'triangleMarker'], ticks=array([1, 2, 3, 4, 5]), units='norm', win=Window(...))
10.0956 	EXP 	Created saliencequestion_text = TextStim(__class__=<class 'psychopy.visual.text.TextStim'>, alignHoriz=method-wrapper(...), alignText='center', alignVert=method-wrapper(...), anchorHoriz='center', anchorVert='center', antialias=True, autoDraw=False, autoLog=True, bold=False, color=array([1., 1., 1.]), colorSpace='rgb', contrast=1.0, depth=-1.0, flipHoriz=False, flipVert=False, font='Open Sans', fontFiles=[], height=0.06, italic=False, languageStyle='LTR', name='saliencequestion_text', opacity=1.0, ori=0.0, pos=array([0. , 0.6]), rgb=UNKNOWN, text='', units='norm', win=Window(...), wrapWidth=1)
10.1541 	EXP 	Created salienceavatar_image = ImageStim(__class__=<class 'psychopy.visual.image.ImageStim'>, anchor=('center', 'center'), autoLog=True, color=array([1., 1., 1.]), colorSpace='rgb', contrast=1.0, depth=-3.0, flipHoriz=False, flipVert=False, image='sin', interpolate=True, mask=None, maskParams=None, name='salienceavatar_image', opacity=1.0, ori=0.0, pos=array([0., 0.]), size=array([0.3 , 0.55]), texRes=128.0, units='norm', win=Window(...))
10.1618 	EXP 	Created saliencecontinue_text = TextStim(__class__=<class 'psychopy.visual.text.TextStim'>, alignHoriz=method-wrapper(...), alignText='center', alignVert=method-wrapper(...), anchorHoriz='center', anchorVert='center', antialias=True, autoDraw=False, autoLog=True, bold=False, color=array([1., 1., 1.]), colorSpace='rgb', contrast=1.0, depth=-4.0, flipHoriz=False, flipVert=False, font='Open Sans', fontFiles=[], height=0.07, italic=False, languageStyle='LTR', name='saliencecontinue_text', opacity=1.0, ori=0.0, pos=array([ 0. , -0.8]), rgb=UNKNOWN, text='Press space to enter rating and continue.', units='norm', win=Window(...), wrapWidth=1)
10.1629 	EXP 	Created displayrating_text = TextStim(__class__=<class 'psychopy.visual.text.TextStim'>, alignHoriz=method-wrapper(...), alignText='center', alignVert=method-wrapper(...), anchorHoriz='center', anchorVert='center', antialias=True, autoDraw=False, autoLog=True, bold=False, color=array([1., 1., 1.]), colorSpace='rgb', contrast=1.0, depth=-5.0, flipHoriz=False, flipVert=False, font='Open Sans', fontFiles=[], height=0.065, italic=False, languageStyle='LTR', name='displayrating_text', opacity=1.0, ori=0.0, pos=array([ 0.  , -0.65]), rgb=UNKNOWN, text='', units='norm', win=Window(...), wrapWidth=1)
10.1674 	EXP 	window1: mouseVisible = True
10.2523 	EXP 	Created slider = Slider(__class__=<class 'psychopy.visual.slider.Slider'>, autoDraw=False, autoLog=True, borderColor=None, color=None, colorSpace='rgb', depth=-5, fillColor=None, flip=False, font='Open Sans', granularity=0.0, labelColor=None, labelHeight=0.05, labelWrapWidth=None, labels=(1, 2, 3, 4, 5, 6, 7, 8, 9), lineColor=None, markerColor=None, name='slider', opacity=None, ori=0.0, pos=array([ 0. , -0.4]), readOnly=False, self=UNKNOWN, size=array([1. , 0.1]), startValue=999, style='rating', styleTweaks=['labels45', 'triangleMarker'], ticks=array([1, 2, 3, 4, 5, 6, 7, 8, 9]), units='norm', win=Window(...))
10.2532 	EXP 	Created stresslevel_text = TextStim(__class__=<class 'psychopy.visual.text.TextStim'>, alignHoriz=method-wrapper(...), alignText='center', alignVert=method-wrapper(...), anchorHoriz='center', anchorVert='center', antialias=True, autoDraw=False, autoLog=True, bold=False, color=array([1., 1., 1.]), colorSpace='rgb', contrast=1.0, depth=-1.0, flipHoriz=False, flipVert=False, font='Open Sans', fontFiles=[], height=0.08, italic=False, languageStyle='LTR', name='stresslevel_text', opacity=1.0, ori=0.0, pos=array([0. , 0.3]), rgb=UNKNOWN, text='', units='norm', win=Window(...), wrapWidth=1)
10.3076 	EXP 	Created displaystressrating_text = TextStim(__class__=<class 'psychopy.visual.text.TextStim'>, alignHoriz=method-wrapper(...), alignText='center', alignVert=method-wrapper(...), anchorHoriz='center', anchorVert='center', antialias=True, autoDraw=False, autoLog=True, bold=False, color=array([1., 1., 1.]), colorSpace='rgb', contrast=1.0, depth=-3.0, flipHoriz=False, flipVert=False, font='Open Sans', fontFiles=[], height=0.08, italic=False, languageStyle='LTR', name='displaystressrating_text', opacity=1.0, ori=0.0, pos=array([ 0.  , -0.65]), rgb=UNKNOWN, text='', units='norm', win=Window(...), wrapWidth=1)
10.3246 	EXP 	slider: autoLog = True
10.3246 	EXP 	slider: markerPos = 999
10.3246 	EXP 	slider: styleTweaks = []
10.3246 	EXP 	slider: styleTweaks = []
10.3246 	EXP 	slider: styleTweaks = ['labels45', 'triangleMarker']
10.3246 	EXP 	slider: styleTweaks = ['labels45', 'triangleMarker']
10.3246 	EXP 	slider: contrast = 1.0
10.3246 	EXP 	slider: autoLog = True
10.3246 	EXP 	slider: autoLog = True
10.3246 	EXP 	slider: markerPos = 999
10.3246 	EXP 	slider: styleTweaks = []
10.3246 	EXP 	slider: styleTweaks = []
10.3246 	EXP 	slider: styleTweaks = ['labels45', 'triangleMarker']
10.3246 	EXP 	slider: styleTweaks = ['labels45', 'triangleMarker']
10.3246 	EXP 	slider: contrast = 1.0
10.3246 	EXP 	slider: autoLog = True
10.3246 	EXP 	Welcome: autoDraw = True
12.2968 	DATA 	Keypress: space
12.3084 	EXP 	Welcome: autoDraw = False
12.3084 	EXP 	FirstInstructions: autoDraw = True
12.8015 	EXP 	Imported /Users/melanieruiz/Desktop/WTP_SM_Choice/Participant_Images/101/101_trials.csv as conditions, 150 conditions, 6 params
12.8024 	EXP 	Created sequence: sequential, trialTypes=150, nReps=1, seed=None
12.8027 	EXP 	New trial (rep=0, index=0): OrderedDict([('TrialNumber', 1), ('Partner', 'Alex'), ('Condition', 'Neutral'), ('Photos', 'Participant_Images/101/101_Images/101_Image_24.jpg'), ('Feedback', 'did not like'), ('FeedbackWait', 3.613205605)])
12.8113 	DATA 	Keypress: space
12.8141 	EXP 	FirstInstructions: autoDraw = False
12.8141 	EXP 	Match_text: autoDraw = True
13.0777 	DATA 	Keypress: space
15.8143 	EXP 	syncing_text: autoDraw = True
15.8143 	EXP 	text_0: autoDraw = True
15.8143 	EXP 	Transparent: autoDraw = True
15.8306 	EXP 	Match_text: autoDraw = False
17.0530 	EXP 	Loading_25: autoDraw = True
17.0530 	EXP 	text_25: autoDraw = True
17.0665 	EXP 	text_0: autoDraw = False
18.3011 	EXP 	Loading_25: autoDraw = False
18.3011 	EXP 	text_25: autoDraw = False
18.3011 	EXP 	Loading_50: autoDraw = True
18.3011 	EXP 	text_50: autoDraw = True
19.5507 	EXP 	Loading_50: autoDraw = False
19.5507 	EXP 	text_50: autoDraw = False
19.5507 	EXP 	Loading_75: autoDraw = True
19.5507 	EXP 	text_75: autoDraw = True
20.8041 	EXP 	Loading_75: autoDraw = False
20.8041 	EXP 	text_75: autoDraw = False
20.8041 	EXP 	Loading_100: autoDraw = True
20.8041 	EXP 	text_100: autoDraw = True
22.0816 	EXP 	Match_text: autoDraw = False
22.0816 	EXP 	syncing_text: autoDraw = False
22.0816 	EXP 	text_0: autoDraw = False
22.0816 	EXP 	Transparent: autoDraw = False
22.0816 	EXP 	Loading_25: autoDraw = False
22.0816 	EXP 	text_25: autoDraw = False
22.0816 	EXP 	Loading_50: autoDraw = False
22.0816 	EXP 	text_50: autoDraw = False
22.0816 	EXP 	Loading_75: autoDraw = False
22.0816 	EXP 	text_75: autoDraw = False
22.0816 	EXP 	Loading_100: autoDraw = False
22.0816 	EXP 	text_100: autoDraw = False
22.0816 	EXP 	Youhavematched: height = 0.08
22.0816 	EXP 	Youhavematched: height = 0.08
22.0816 	EXP 	Youhavematched: height = 0.08
22.0816 	EXP 	Youhavematched: text = 'You have matched with: Alex'
22.0816 	EXP 	partneremoji_image: image = 'Images/cowboyemoji.png'
22.0816 	EXP 	Youhavematched: autoDraw = True
22.0816 	EXP 	partneremoji_image: autoDraw = True
22.0816 	EXP 	PressToContinue: autoDraw = True
25.4734 	DATA 	Keypress: space
25.4768 	EXP 	Youhavematched: autoDraw = False
25.4768 	EXP 	partneremoji_image: autoDraw = False
25.4768 	EXP 	PressToContinue: autoDraw = False
25.4768 	EXP 	participantimage_image: image = 'Participant_Images/101/101_Images/101_Image_24.jpg'
25.4768 	EXP 	photobeingshared_text: autoDraw = True
25.4768 	EXP 	waitforfeedback_text: autoDraw = True
25.4768 	EXP 	participantimage_image: autoDraw = True
28.2186 	EXP 	photobeingshared_text: autoDraw = False
28.2186 	EXP 	waitforfeedback_text: autoDraw = False
28.2186 	EXP 	participantimage_image: autoDraw = False
28.2186 	EXP 	waiting_text: autoDraw = True
33.2228 	EXP 	waiting_text: autoDraw = False
33.2228 	EXP 	displayfeedback_text: height = 0.12
33.2228 	EXP 	displayfeedback_text: height = 0.12
33.2228 	EXP 	displayfeedback_text: height = 0.12
33.2228 	EXP 	displayfeedback_text: text = 'Alex did not like your photo'
33.2228 	EXP 	fdbkimage_image: image = 'Images/thumbsdown.png'
33.2228 	EXP 	displayfeedback_text: autoDraw = True
33.2228 	EXP 	fdbkimage_image: autoDraw = True
36.2319 	EXP 	displayfeedback_text: autoDraw = False
36.2319 	EXP 	fdbkimage_image: autoDraw = False
36.2319 	EXP 	presstosharenextphoto_text: autoDraw = True
40.2721 	EXP 	Created sequence: random, trialTypes=1, nReps=0, seed=None
40.2743 	DATA 	Keypress: space
40.3071 	EXP 	New trial (rep=0, index=1): OrderedDict([('TrialNumber', 2), ('Partner', 'Alex'), ('Condition', 'Neutral'), ('Photos', 'Participant_Images/101/101_Images/101_Image_9.jpg'), ('Feedback', 'did not like'), ('FeedbackWait', 4.988446431)])
40.4648 	EXP 	presstosharenextphoto_text: autoDraw = False
40.4648 	EXP 	slider: markerPos = 3
40.4648 	EXP 	saliencequestion_text: height = 0.06
40.4648 	EXP 	saliencequestion_text: height = 0.06
40.4648 	EXP 	saliencequestion_text: height = 0.06
40.4648 	EXP 	saliencequestion_text: text = 'How likely are you to share photos with Alex in the future? \n\n Use your left and right arrows to move the arrow to your desired rating.'
40.4648 	EXP 	salienceavatar_image: image = 'Images/cowboyemoji.png'
40.4648 	EXP 	displayrating_text: text = ''
40.4648 	EXP 	saliencequestion_text: autoDraw = False
40.4648 	EXP 	salienceavatar_image: autoDraw = False
40.4648 	EXP 	saliencecontinue_text: autoDraw = False
40.4648 	EXP 	displayrating_text: autoDraw = False
40.4648 	EXP 	slider: markerPos = 5
40.4648 	EXP 	stresslevel_text: height = 0.08
40.4648 	EXP 	stresslevel_text: height = 0.08
40.4648 	EXP 	stresslevel_text: height = 0.08
40.4648 	EXP 	stresslevel_text: text = 'Please rate your current stress level. \n\n\n Use your mouse or left and right arrows to move the arrow to your desired rating.'
40.4648 	EXP 	displaystressrating_text: text = ''
40.4648 	EXP 	stresslevel_text: autoDraw = False
40.4648 	EXP 	displaystressrating_text: autoDraw = False
40.4648 	EXP 	Match_text: autoDraw = False
40.4648 	EXP 	syncing_text: autoDraw = False
40.4648 	EXP 	text_0: autoDraw = False
40.4648 	EXP 	Transparent: autoDraw = False
40.4648 	EXP 	Loading_25: autoDraw = False
40.4648 	EXP 	text_25: autoDraw = False
40.4648 	EXP 	Loading_50: autoDraw = False
40.4648 	EXP 	text_50: autoDraw = False
40.4648 	EXP 	Loading_75: autoDraw = False
40.4648 	EXP 	text_75: autoDraw = False
40.4648 	EXP 	Loading_100: autoDraw = False
40.4648 	EXP 	text_100: autoDraw = False
40.4648 	EXP 	Youhavematched: text = 'You have matched with: Alex'
40.4648 	EXP 	partneremoji_image: image = 'Images/cowboyemoji.png'
40.4648 	EXP 	Youhavematched: autoDraw = False
40.4648 	EXP 	partneremoji_image: autoDraw = False
40.4648 	EXP 	PressToContinue: autoDraw = False
40.4648 	EXP 	participantimage_image: image = 'Participant_Images/101/101_Images/101_Image_9.jpg'
40.4648 	EXP 	photobeingshared_text: autoDraw = True
40.4648 	EXP 	waitforfeedback_text: autoDraw = True
40.4648 	EXP 	participantimage_image: autoDraw = True
43.3199 	EXP 	photobeingshared_text: autoDraw = False
43.3199 	EXP 	waitforfeedback_text: autoDraw = False
43.3199 	EXP 	participantimage_image: autoDraw = False
43.3199 	EXP 	waiting_text: autoDraw = True
48.3174 	EXP 	waiting_text: autoDraw = False
48.3174 	EXP 	waiting_text: autoDraw = False
48.3174 	EXP 	displayfeedback_text: text = 'Alex did not like your photo'
48.3174 	EXP 	fdbkimage_image: image = 'Images/thumbsdown.png'
48.3174 	EXP 	displayfeedback_text: autoDraw = True
48.3174 	EXP 	fdbkimage_image: autoDraw = True
51.3102 	EXP 	displayfeedback_text: autoDraw = False
51.3102 	EXP 	fdbkimage_image: autoDraw = False
51.3102 	EXP 	displayfeedback_text: autoDraw = False
51.3102 	EXP 	fdbkimage_image: autoDraw = False
51.3102 	EXP 	presstosharenextphoto_text: autoDraw = True
53.2552 	EXP 	Created sequence: random, trialTypes=1, nReps=0, seed=None
53.2566 	DATA 	Keypress: space
53.2656 	EXP 	New trial (rep=0, index=2): OrderedDict([('TrialNumber', 3), ('Partner', 'Alex'), ('Condition', 'Neutral'), ('Photos', 'Participant_Images/101/101_Images/101_Image_4.jpg'), ('Feedback', 'liked'), ('FeedbackWait', 3.470791822)])
53.4377 	EXP 	presstosharenextphoto_text: autoDraw = False
53.4377 	EXP 	slider: markerPos = 3
53.4377 	EXP 	saliencequestion_text: text = 'How likely are you to share photos with Alex in the future? \n\n Use your left and right arrows to move the arrow to your desired rating.'
53.4377 	EXP 	salienceavatar_image: image = 'Images/cowboyemoji.png'
53.4377 	EXP 	displayrating_text: text = ''
53.4377 	EXP 	saliencequestion_text: autoDraw = False
53.4377 	EXP 	salienceavatar_image: autoDraw = False
53.4377 	EXP 	saliencecontinue_text: autoDraw = False
53.4377 	EXP 	displayrating_text: autoDraw = False
53.4377 	EXP 	slider: markerPos = 5
53.4377 	EXP 	stresslevel_text: text = 'Please rate your current stress level. \n\n\n Use your mouse or left and right arrows to move the arrow to your desired rating.'
53.4377 	EXP 	displaystressrating_text: text = ''
53.4377 	EXP 	stresslevel_text: autoDraw = False
53.4377 	EXP 	displaystressrating_text: autoDraw = False
53.4377 	EXP 	Match_text: autoDraw = False
53.4377 	EXP 	syncing_text: autoDraw = False
53.4377 	EXP 	text_0: autoDraw = False
53.4377 	EXP 	Transparent: autoDraw = False
53.4377 	EXP 	Loading_25: autoDraw = False
53.4377 	EXP 	text_25: autoDraw = False
53.4377 	EXP 	Loading_50: autoDraw = False
53.4377 	EXP 	text_50: autoDraw = False
53.4377 	EXP 	Loading_75: autoDraw = False
53.4377 	EXP 	text_75: autoDraw = False
53.4377 	EXP 	Loading_100: autoDraw = False
53.4377 	EXP 	text_100: autoDraw = False
53.4377 	EXP 	Youhavematched: text = 'You have matched with: Alex'
53.4377 	EXP 	partneremoji_image: image = 'Images/cowboyemoji.png'
53.4377 	EXP 	Youhavematched: autoDraw = False
53.4377 	EXP 	partneremoji_image: autoDraw = False
53.4377 	EXP 	PressToContinue: autoDraw = False
53.4377 	EXP 	participantimage_image: image = 'Participant_Images/101/101_Images/101_Image_4.jpg'
53.4377 	EXP 	photobeingshared_text: autoDraw = True
53.4377 	EXP 	waitforfeedback_text: autoDraw = True
53.4377 	EXP 	participantimage_image: autoDraw = True
56.2989 	EXP 	photobeingshared_text: autoDraw = False
56.2989 	EXP 	waitforfeedback_text: autoDraw = False
56.2989 	EXP 	participantimage_image: autoDraw = False
56.2989 	EXP 	waiting_text: autoDraw = True
57.2073 	DATA 	Keypress: space
61.2870 	EXP 	waiting_text: autoDraw = False
61.2870 	EXP 	displayfeedback_text: height = 0.12
61.2870 	EXP 	displayfeedback_text: height = 0.12
61.2870 	EXP 	displayfeedback_text: height = 0.12
61.2870 	EXP 	displayfeedback_text: text = 'Alex liked your photo'
61.2870 	EXP 	fdbkimage_image: image = 'Images/thumbsup.png'
61.2870 	EXP 	displayfeedback_text: autoDraw = True
61.2870 	EXP 	fdbkimage_image: autoDraw = True
61.8243 	DATA 	Keypress: space
64.2836 	EXP 	displayfeedback_text: autoDraw = False
64.2836 	EXP 	fdbkimage_image: autoDraw = False
64.2836 	EXP 	presstosharenextphoto_text: autoDraw = True
64.6821 	EXP 	Created sequence: random, trialTypes=1, nReps=0, seed=None
64.6906 	DATA 	Keypress: space
64.6931 	EXP 	New trial (rep=0, index=3): OrderedDict([('TrialNumber', 4), ('Partner', 'Alex'), ('Condition', 'Neutral'), ('Photos', 'Participant_Images/101/101_Images/101_Image_1.jpg'), ('Feedback', 'liked'), ('FeedbackWait', 3.820572462)])
64.8376 	EXP 	presstosharenextphoto_text: autoDraw = False
64.8376 	EXP 	slider: markerPos = 3
64.8376 	EXP 	saliencequestion_text: text = 'How likely are you to share photos with Alex in the future? \n\n Use your left and right arrows to move the arrow to your desired rating.'
64.8376 	EXP 	salienceavatar_image: image = 'Images/cowboyemoji.png'
64.8376 	EXP 	displayrating_text: text = ''
64.8376 	EXP 	saliencequestion_text: autoDraw = False
64.8376 	EXP 	salienceavatar_image: autoDraw = False
64.8376 	EXP 	saliencecontinue_text: autoDraw = False
64.8376 	EXP 	displayrating_text: autoDraw = False
64.8376 	EXP 	slider: markerPos = 5
64.8376 	EXP 	stresslevel_text: text = 'Please rate your current stress level. \n\n\n Use your mouse or left and right arrows to move the arrow to your desired rating.'
64.8376 	EXP 	displaystressrating_text: text = ''
64.8376 	EXP 	stresslevel_text: autoDraw = False
64.8376 	EXP 	displaystressrating_text: autoDraw = False
64.8376 	EXP 	Match_text: autoDraw = False
64.8376 	EXP 	syncing_text: autoDraw = False
64.8376 	EXP 	text_0: autoDraw = False
64.8376 	EXP 	Transparent: autoDraw = False
64.8376 	EXP 	Loading_25: autoDraw = False
64.8376 	EXP 	text_25: autoDraw = False
64.8376 	EXP 	Loading_50: autoDraw = False
64.8376 	EXP 	text_50: autoDraw = False
64.8376 	EXP 	Loading_75: autoDraw = False
64.8376 	EXP 	text_75: autoDraw = False
64.8376 	EXP 	Loading_100: autoDraw = False
64.8376 	EXP 	text_100: autoDraw = False
64.8376 	EXP 	Youhavematched: text = 'You have matched with: Alex'
64.8376 	EXP 	partneremoji_image: image = 'Images/cowboyemoji.png'
64.8376 	EXP 	Youhavematched: autoDraw = False
64.8376 	EXP 	partneremoji_image: autoDraw = False
64.8376 	EXP 	PressToContinue: autoDraw = False
64.8376 	EXP 	participantimage_image: image = 'Participant_Images/101/101_Images/101_Image_1.jpg'
64.8376 	EXP 	photobeingshared_text: autoDraw = True
64.8376 	EXP 	waitforfeedback_text: autoDraw = True
64.8376 	EXP 	participantimage_image: autoDraw = True
67.7130 	EXP 	photobeingshared_text: autoDraw = False
67.7130 	EXP 	waitforfeedback_text: autoDraw = False
67.7130 	EXP 	participantimage_image: autoDraw = False
67.7130 	EXP 	waiting_text: autoDraw = True
72.7125 	EXP 	waiting_text: autoDraw = False
72.7125 	EXP 	displayfeedback_text: text = 'Alex liked your photo'
72.7125 	EXP 	fdbkimage_image: image = 'Images/thumbsup.png'
72.7125 	EXP 	displayfeedback_text: autoDraw = True
72.7125 	EXP 	fdbkimage_image: autoDraw = True
75.7125 	EXP 	displayfeedback_text: autoDraw = False
75.7125 	EXP 	fdbkimage_image: autoDraw = False
75.7125 	EXP 	presstosharenextphoto_text: autoDraw = True
76.1300 	EXP 	Created sequence: random, trialTypes=1, nReps=0, seed=None
76.1311 	DATA 	Keypress: space
76.1399 	EXP 	New trial (rep=0, index=4): OrderedDict([('TrialNumber', 5), ('Partner', 'Alex'), ('Condition', 'Neutral'), ('Photos', 'Participant_Images/101/101_Images/101_Image_3.jpg'), ('Feedback', 'liked'), ('FeedbackWait', 2.455989137)])
76.3048 	EXP 	presstosharenextphoto_text: autoDraw = False
76.3048 	EXP 	slider: markerPos = 3
76.3048 	EXP 	saliencequestion_text: text = 'How likely are you to share photos with Alex in the future? \n\n Use your left and right arrows to move the arrow to your desired rating.'
76.3048 	EXP 	salienceavatar_image: image = 'Images/cowboyemoji.png'
76.3048 	EXP 	displayrating_text: text = ''
76.3048 	EXP 	saliencequestion_text: autoDraw = False
76.3048 	EXP 	salienceavatar_image: autoDraw = False
76.3048 	EXP 	saliencecontinue_text: autoDraw = False
76.3048 	EXP 	displayrating_text: autoDraw = False
76.3048 	EXP 	slider: markerPos = 5
76.3048 	EXP 	stresslevel_text: text = 'Please rate your current stress level. \n\n\n Use your mouse or left and right arrows to move the arrow to your desired rating.'
76.3048 	EXP 	displaystressrating_text: text = ''
76.3048 	EXP 	stresslevel_text: autoDraw = False
76.3048 	EXP 	displaystressrating_text: autoDraw = False
76.3048 	EXP 	Match_text: autoDraw = False
76.3048 	EXP 	syncing_text: autoDraw = False
76.3048 	EXP 	text_0: autoDraw = False
76.3048 	EXP 	Transparent: autoDraw = False
76.3048 	EXP 	Loading_25: autoDraw = False
76.3048 	EXP 	text_25: autoDraw = False
76.3048 	EXP 	Loading_50: autoDraw = False
76.3048 	EXP 	text_50: autoDraw = False
76.3048 	EXP 	Loading_75: autoDraw = False
76.3048 	EXP 	text_75: autoDraw = False
76.3048 	EXP 	Loading_100: autoDraw = False
76.3048 	EXP 	text_100: autoDraw = False
76.3048 	EXP 	Youhavematched: text = 'You have matched with: Alex'
76.3048 	EXP 	partneremoji_image: image = 'Images/cowboyemoji.png'
76.3048 	EXP 	Youhavematched: autoDraw = False
76.3048 	EXP 	partneremoji_image: autoDraw = False
76.3048 	EXP 	PressToContinue: autoDraw = False
76.3048 	EXP 	participantimage_image: image = 'Participant_Images/101/101_Images/101_Image_3.jpg'
76.3048 	EXP 	photobeingshared_text: autoDraw = True
76.3048 	EXP 	waitforfeedback_text: autoDraw = True
76.3048 	EXP 	participantimage_image: autoDraw = True
77.1245 	DATA 	Keypress: space
79.1623 	EXP 	photobeingshared_text: autoDraw = False
79.1623 	EXP 	waitforfeedback_text: autoDraw = False
79.1623 	EXP 	participantimage_image: autoDraw = False
79.1623 	EXP 	waiting_text: autoDraw = True
84.1682 	EXP 	waiting_text: autoDraw = False
84.1682 	EXP 	displayfeedback_text: text = 'Alex liked your photo'
84.1682 	EXP 	fdbkimage_image: image = 'Images/thumbsup.png'
84.1682 	EXP 	displayfeedback_text: autoDraw = True
84.1682 	EXP 	fdbkimage_image: autoDraw = True
87.1486 	EXP 	Created sequence: random, trialTypes=1, nReps=1, seed=None
87.1489 	EXP 	New trial (rep=0, index=0): None
87.1545 	EXP 	displayfeedback_text: autoDraw = False
87.1545 	EXP 	fdbkimage_image: autoDraw = False
87.1545 	EXP 	presstosharenextphoto_text: autoDraw = False
87.1545 	EXP 	WTP_ins_text1: autoDraw = True
87.8434 	DATA 	Keypress: space
87.8467 	EXP 	WTP_ins_text1: autoDraw = False
87.8467 	EXP 	WTP_ins_text2: autoDraw = True
88.8126 	EXP 	Imported /Users/melanieruiz/Desktop/WTP_SM_Choice/Participant_Images/101/101_WTP.xlsx as conditions, 5 conditions, 9 params
88.8130 	EXP 	Created sequence: sequential, trialTypes=5, nReps=1, seed=None
88.8133 	EXP 	New trial (rep=0, index=0): {'social_left': 0, 'Left_Exp': 'Rearranging furniture in your house', 'Right_Exp': 'Going to a carnival with friends', 'leftmoney': 0.01, 'rightmoney': 0.01, 'greenText': 'green', 'left_more_than_right': 0, 'matching_prices': 1, 'social_worthmore': 1}
88.8288 	EXP 	New trial (rep=0, index=1): {'social_left': 0, 'Left_Exp': 'Watching a new episode of a television show', 'Right_Exp': 'Having a picnic with family', 'leftmoney': 0.02, 'rightmoney': 0.01, 'greenText': 'green', 'left_more_than_right': 1, 'matching_prices': 0, 'social_worthmore': 0}
88.8375 	EXP 	New trial (rep=0, index=2): {'social_left': 0, 'Left_Exp': 'Painting your bedroom\na new color', 'Right_Exp': 'Having a romantic dinner with a significant other', 'leftmoney': 0.03, 'rightmoney': 0.01, 'greenText': 'green', 'left_more_than_right': 1, 'matching_prices': 0, 'social_worthmore': 0}
88.8459 	EXP 	New trial (rep=0, index=3): {'social_left': 0, 'Left_Exp': 'Playing with a pet', 'Right_Exp': 'Studying abroad with friends', 'leftmoney': 0.04, 'rightmoney': 0.01, 'greenText': 'green', 'left_more_than_right': 1, 'matching_prices': 0, 'social_worthmore': 0}
88.8528 	EXP 	New trial (rep=0, index=4): {'social_left': 0, 'Left_Exp': 'Reading a book', 'Right_Exp': 'Going to a friend’s birthday party', 'leftmoney': 0.05, 'rightmoney': 0.01, 'greenText': 'green', 'left_more_than_right': 1, 'matching_prices': 0, 'social_worthmore': 0}
88.8648 	DATA 	Keypress: space
88.8683 	EXP 	WTP_ins_text2: autoDraw = False
88.8683 	EXP 	Left_Experience: height = 0.05
88.8683 	EXP 	Left_Experience: height = 0.05
88.8683 	EXP 	Left_Experience: height = 0.05
88.8683 	EXP 	Left_Experience: text = 'Rearranging furniture in your house'
88.8683 	EXP 	Right_Experience: height = 0.05
88.8683 	EXP 	Right_Experience: height = 0.05
88.8683 	EXP 	Right_Experience: height = 0.05
88.8683 	EXP 	Right_Experience: text = 'Going to a carnival with friends'
88.8683 	EXP 	Left_Price: height = 0.05
88.8683 	EXP 	Left_Price: height = 0.05
88.8683 	EXP 	Left_Price: height = 0.05
88.8683 	EXP 	Left_Price: text = 0.01
88.8683 	EXP 	Right_Price: height = 0.05
88.8683 	EXP 	Right_Price: height = 0.05
88.8683 	EXP 	Right_Price: height = 0.05
88.8683 	EXP 	Right_Price: text = 0.01
88.8683 	EXP 	Left_Experience: autoDraw = True
88.8683 	EXP 	Right_Experience: autoDraw = True
88.8683 	EXP 	Left_Price: autoDraw = True
88.8683 	EXP 	Right_Price: autoDraw = True
88.8683 	EXP 	Left_Experience: autoDraw = False
88.8683 	EXP 	Right_Experience: autoDraw = False
88.8683 	EXP 	Left_Price: autoDraw = False
88.8683 	EXP 	Right_Price: autoDraw = False
88.8683 	EXP 	Left_Experience: height = 0.05
88.8683 	EXP 	Left_Experience: height = 0.05
88.8683 	EXP 	Left_Experience: height = 0.05
88.8683 	EXP 	Left_Experience: text = 'Watching a new episode of a television show'
88.8683 	EXP 	Right_Experience: height = 0.05
88.8683 	EXP 	Right_Experience: height = 0.05
88.8683 	EXP 	Right_Experience: height = 0.05
88.8683 	EXP 	Right_Experience: text = 'Having a picnic with family'
88.8683 	EXP 	Left_Price: height = 0.05
88.8683 	EXP 	Left_Price: height = 0.05
88.8683 	EXP 	Left_Price: height = 0.05
88.8683 	EXP 	Left_Price: text = 0.02
88.8683 	EXP 	Right_Price: height = 0.05
88.8683 	EXP 	Right_Price: height = 0.05
88.8683 	EXP 	Right_Price: height = 0.05
88.8683 	EXP 	Right_Price: text = 0.01
88.8683 	EXP 	Left_Experience: autoDraw = False
88.8683 	EXP 	Right_Experience: autoDraw = False
88.8683 	EXP 	Left_Price: autoDraw = False
88.8683 	EXP 	Right_Price: autoDraw = False
88.8683 	EXP 	Left_Experience: height = 0.05
88.8683 	EXP 	Left_Experience: height = 0.05
88.8683 	EXP 	Left_Experience: height = 0.05
88.8683 	EXP 	Left_Experience: text = 'Painting your bedroom\na new color'
88.8683 	EXP 	Right_Experience: height = 0.05
88.8683 	EXP 	Right_Experience: height = 0.05
88.8683 	EXP 	Right_Experience: height = 0.05
88.8683 	EXP 	Right_Experience: text = 'Having a romantic dinner with a significant other'
88.8683 	EXP 	Left_Price: height = 0.05
88.8683 	EXP 	Left_Price: height = 0.05
88.8683 	EXP 	Left_Price: height = 0.05
88.8683 	EXP 	Left_Price: text = 0.03
88.8683 	EXP 	Right_Price: height = 0.05
88.8683 	EXP 	Right_Price: height = 0.05
88.8683 	EXP 	Right_Price: height = 0.05
88.8683 	EXP 	Right_Price: text = 0.01
88.8683 	EXP 	Left_Experience: autoDraw = False
88.8683 	EXP 	Right_Experience: autoDraw = False
88.8683 	EXP 	Left_Price: autoDraw = False
88.8683 	EXP 	Right_Price: autoDraw = False
88.8683 	EXP 	Left_Experience: height = 0.05
88.8683 	EXP 	Left_Experience: height = 0.05
88.8683 	EXP 	Left_Experience: height = 0.05
88.8683 	EXP 	Left_Experience: text = 'Playing with a pet'
88.8683 	EXP 	Right_Experience: height = 0.05
88.8683 	EXP 	Right_Experience: height = 0.05
88.8683 	EXP 	Right_Experience: height = 0.05
88.8683 	EXP 	Right_Experience: text = 'Studying abroad with friends'
88.8683 	EXP 	Left_Price: height = 0.05
88.8683 	EXP 	Left_Price: height = 0.05
88.8683 	EXP 	Left_Price: height = 0.05
88.8683 	EXP 	Left_Price: text = 0.04
88.8683 	EXP 	Right_Price: height = 0.05
88.8683 	EXP 	Right_Price: height = 0.05
88.8683 	EXP 	Right_Price: height = 0.05
88.8683 	EXP 	Right_Price: text = 0.01
88.8683 	EXP 	Left_Experience: autoDraw = False
88.8683 	EXP 	Right_Experience: autoDraw = False
88.8683 	EXP 	Left_Price: autoDraw = False
88.8683 	EXP 	Right_Price: autoDraw = False
88.8683 	EXP 	Left_Experience: height = 0.05
88.8683 	EXP 	Left_Experience: height = 0.05
88.8683 	EXP 	Left_Experience: height = 0.05
88.8683 	EXP 	Left_Experience: text = 'Reading a book'
88.8683 	EXP 	Right_Experience: height = 0.05
88.8683 	EXP 	Right_Experience: height = 0.05
88.8683 	EXP 	Right_Experience: height = 0.05
88.8683 	EXP 	Right_Experience: text = 'Going to a friend’s birthday party'
88.8683 	EXP 	Left_Price: height = 0.05
88.8683 	EXP 	Left_Price: height = 0.05
88.8683 	EXP 	Left_Price: height = 0.05
88.8683 	EXP 	Left_Price: text = 0.05
88.8683 	EXP 	Right_Price: height = 0.05
88.8683 	EXP 	Right_Price: height = 0.05
88.8683 	EXP 	Right_Price: height = 0.05
88.8683 	EXP 	Right_Price: text = 0.01
88.8683 	EXP 	Left_Experience: autoDraw = False
88.8683 	EXP 	Right_Experience: autoDraw = False
88.8683 	EXP 	Left_Price: autoDraw = False
88.8683 	EXP 	Right_Price: autoDraw = False
88.8683 	EXP 	Resume_Text: height = 0.12
88.8683 	EXP 	Resume_Text: height = 0.12
88.8683 	EXP 	Resume_Text: height = 0.12
88.8683 	EXP 	Resume_Text: text = 'Press space to resume sharing your photos.'
93.3858 	DATA 	Keypress: 1
96.4014 	DATA 	Keypress: 2
97.3507 	DATA 	Keypress: 2
97.8333 	DATA 	Keypress: 2
97.8575 	DATA 	Keypress: 1
98.1841 	DATA 	Keypress: 2
98.4090 	DATA 	Keypress: space
98.6329 	DATA 	Keypress: space
98.8307 	DATA 	Keypress: space
99.2680 	DATA 	Keypress: space
99.6081 	DATA 	Keypress: 1
99.7670 	DATA 	Keypress: 1
99.9424 	DATA 	Keypress: 1
100.1266 	DATA 	Keypress: 1
100.3872 	DATA 	Keypress: escape
100.5672 	EXP 	window1: mouseVisible = True
