1.6032 	WARNING 	We strongly recommend you activate the PTB sound engine in PsychoPy prefs as the preferred audio engine. Its timing is vastly superior. Your prefs are currently set to use ['sounddevice', 'PTB', 'pyo', 'pygame'] (in that order).
6.2421 	WARNING 	User requested fullscreen with size [1440  900], but screen is actually [1512, 982]. Using actual size
7.8829 	WARNING 	Couldn't measure a consistent frame rate!
  - Is your graphics card set to sync to vertical blank?
  - Are you running other processes on your computer?

7.8846 	EXP 	Created window1 = Window(allowGUI=True, allowStencil=False, autoLog=True, backendConf=UNKNOWN, bitsMode=UNKNOWN, blendMode='avg', bpc=(8, 8, 8), color=array([-1., -1., -1.]), colorSpace='rgb', depthBits=8, fullscr=<method-wrapper '__getattribute__' of attributeSetter object at 0x7fc4c023fc70>, gamma=None, gammaErrorPolicy='raise', lms=UNKNOWN, monitor=<psychopy.monitors.calibTools.Monitor object at 0x7fc4e79f3640>, multiSample=False, name='window1', numSamples=2, pos=[378.0, 245.5], screen=0, size=array([3024, 1964]), stencilBits=0, stereo=False, units='norm', useFBO=True, useRetina=True, viewOri=0.0, viewPos=None, viewScale=None, waitBlanking=True, winType='pyglet')
7.8851 	EXP 	window1: mouseVisible = True
7.8852 	EXP 	window1: mouseVisible = True
7.8852 	EXP 	window1: Attempting to measure frame rate of screen (0) ...
7.8852 	EXP 	window1: recordFrameIntervals = False
8.0026 	EXP 	window1: recordFrameIntervals = True
8.1268 	WARNING 	t of last frame was 20.56ms (=1/48)
8.4729 	WARNING 	t of last frame was 21.05ms (=1/47)
8.6561 	WARNING 	t of last frame was 20.66ms (=1/48)
8.8227 	WARNING 	t of last frame was 21.16ms (=1/47)
8.9264 	WARNING 	Multiple dropped frames have occurred - I'll stop bothering you about them!
9.2322 	WARNING 	Couldn't measure a consistent frame rate!
  - Is your graphics card set to sync to vertical blank?
  - Are you running other processes on your computer?

9.6924 	EXP 	Created Welcome = TextStim(__class__=<class 'psychopy.visual.text.TextStim'>, alignHoriz=method-wrapper(...), alignText='center', alignVert=method-wrapper(...), anchorHoriz='center', anchorVert='center', antialias=True, autoDraw=False, autoLog=True, bold=False, color=array([1., 1., 1.]), colorSpace='rgb', contrast=1.0, depth=0.0, flipHoriz=False, flipVert=False, font='Open Sans', fontFiles=[], height=0.08, italic=False, languageStyle='LTR', name='Welcome', opacity=1.0, ori=0.0, pos=array([0., 0.]), rgb=UNKNOWN, text=str(...), units='norm', win=Window(...), wrapWidth=1)
9.7661 	EXP 	Created FirstInstructions = TextStim(__class__=<class 'psychopy.visual.text.TextStim'>, alignHoriz=method-wrapper(...), alignText='center', alignVert=method-wrapper(...), anchorHoriz='center', anchorVert='center', antialias=True, autoDraw=False, autoLog=True, bold=False, color=array([1., 1., 1.]), colorSpace='rgb', contrast=1.0, depth=0.0, flipHoriz=False, flipVert=False, font='Open Sans', fontFiles=[], height=0.08, italic=False, languageStyle='LTR', name='FirstInstructions', opacity=1.0, ori=0.0, pos=array([0., 0.]), rgb=UNKNOWN, text=str(...), units='norm', win=Window(...), wrapWidth=1)
9.8236 	EXP 	Created Match_text = TextStim(__class__=<class 'psychopy.visual.text.TextStim'>, alignHoriz=method-wrapper(...), alignText='center', alignVert=method-wrapper(...), anchorHoriz='center', anchorVert='center', antialias=True, autoDraw=False, autoLog=True, bold=False, color=array([1., 1., 1.]), colorSpace='rgb', contrast=1.0, depth=-1.0, flipHoriz=False, flipVert=False, font='Open Sans', fontFiles=[], height=0.08, italic=False, languageStyle='LTR', name='Match_text', opacity=1.0, ori=0.0, pos=array([0. , 0.3]), rgb=UNKNOWN, text=str(...), units='norm', win=Window(...), wrapWidth=1)
9.8294 	EXP 	Created syncing_text = TextStim(__class__=<class 'psychopy.visual.text.TextStim'>, alignHoriz=method-wrapper(...), alignText='center', alignVert=method-wrapper(...), anchorHoriz='center', anchorVert='center', antialias=True, autoDraw=False, autoLog=True, bold=False, color=array([1., 1., 1.]), colorSpace='rgb', contrast=1.0, depth=-2.0, flipHoriz=False, flipVert=False, font='Open Sans', fontFiles=[], height=0.12, italic=False, languageStyle='LTR', name='syncing_text', opacity=1.0, ori=0.0, pos=array([0. , 0.3]), rgb=UNKNOWN, text='Syncing…', units='norm', win=Window(...), wrapWidth=1)
9.8331 	EXP 	Created text_0 = TextStim(__class__=<class 'psychopy.visual.text.TextStim'>, alignHoriz=method-wrapper(...), alignText='center', alignVert=method-wrapper(...), anchorHoriz='center', anchorVert='center', antialias=True, autoDraw=False, autoLog=True, bold=False, color=array([1., 1., 1.]), colorSpace='rgb', contrast=1.0, depth=-3.0, flipHoriz=False, flipVert=False, font='Open Sans', fontFiles=[], height=0.1, italic=False, languageStyle='LTR', name='text_0', opacity=1.0, ori=0.0, pos=array([ 0. , -0.2]), rgb=UNKNOWN, text='0%', units='norm', win=Window(...), wrapWidth=1)
9.8366 	EXP 	Created Transparent = Rect(__class__=<class 'psychopy.visual.rect.Rect'>, anchor=('center', 'center'), autoDraw=False, autoLog=True, closeShape=True, color=method-wrapper(...), colorSpace='rgb', contrast=None, depth=-4.0, fillColor=array([0., 0., 0.]), fillColorSpace='rgb', fillRGB=array([0., 0., 0.]), interpolate=True, lineColor=array([1., 1., 1.]), lineColorSpace='rgb', lineRGB=array([1, 1, 1]), lineWidth=1.2, name='Transparent', opacity=1.0, ori=0.0, pos=array([0., 0.]), size=array([1. , 0.1]), units='norm', vertices=ndarray(...), win=Window(...))
9.8379 	EXP 	Created Loading_25 = Rect(__class__=<class 'psychopy.visual.rect.Rect'>, anchor=('center', 'center'), autoDraw=False, autoLog=True, closeShape=True, color=method-wrapper(...), colorSpace='rgb', contrast=None, depth=-5.0, fillColor=array([1, 1, 1]), fillColorSpace='rgb', fillRGB=array([1, 1, 1]), interpolate=True, lineColor=array([1., 1., 1.]), lineColorSpace='rgb', lineRGB=array([1, 1, 1]), lineWidth=1.0, name='Loading_25', opacity=1.0, ori=0.0, pos=array([-0.375,  0.   ]), size=array([0.25, 0.1 ]), units='norm', vertices=ndarray(...), win=Window(...))
9.8408 	EXP 	Created text_25 = TextStim(__class__=<class 'psychopy.visual.text.TextStim'>, alignHoriz=method-wrapper(...), alignText='center', alignVert=method-wrapper(...), anchorHoriz='center', anchorVert='center', antialias=True, autoDraw=False, autoLog=True, bold=False, color=array([1., 1., 1.]), colorSpace='rgb', contrast=1.0, depth=-6.0, flipHoriz=False, flipVert=False, font='Open Sans', fontFiles=[], height=0.1, italic=False, languageStyle='LTR', name='text_25', opacity=1.0, ori=0.0, pos=array([ 0. , -0.2]), rgb=UNKNOWN, text='25%', units='norm', win=Window(...), wrapWidth=1)
9.8421 	EXP 	Created Loading_50 = Rect(__class__=<class 'psychopy.visual.rect.Rect'>, anchor=('center', 'center'), autoDraw=False, autoLog=True, closeShape=True, color=method-wrapper(...), colorSpace='rgb', contrast=None, depth=-7.0, fillColor=array([1, 1, 1]), fillColorSpace='rgb', fillRGB=array([1, 1, 1]), interpolate=True, lineColor=array([1., 1., 1.]), lineColorSpace='rgb', lineRGB=array([1, 1, 1]), lineWidth=1.0, name='Loading_50', opacity=1.0, ori=0.0, pos=array([-0.25,  0.  ]), size=array([0.5, 0.1]), units='norm', vertices=ndarray(...), win=Window(...))
9.8442 	EXP 	Created text_50 = TextStim(__class__=<class 'psychopy.visual.text.TextStim'>, alignHoriz=method-wrapper(...), alignText='center', alignVert=method-wrapper(...), anchorHoriz='center', anchorVert='center', antialias=True, autoDraw=False, autoLog=True, bold=False, color=array([1., 1., 1.]), colorSpace='rgb', contrast=1.0, depth=-8.0, flipHoriz=False, flipVert=False, font='Open Sans', fontFiles=[], height=0.1, italic=False, languageStyle='LTR', name='text_50', opacity=1.0, ori=0.0, pos=array([ 0. , -0.2]), rgb=UNKNOWN, text='50%', units='norm', win=Window(...), wrapWidth=1)
9.8455 	EXP 	Created Loading_75 = Rect(__class__=<class 'psychopy.visual.rect.Rect'>, anchor=('center', 'center'), autoDraw=False, autoLog=True, closeShape=True, color=method-wrapper(...), colorSpace='rgb', contrast=None, depth=-9.0, fillColor=array([1, 1, 1]), fillColorSpace='rgb', fillRGB=array([1, 1, 1]), interpolate=True, lineColor=array([1., 1., 1.]), lineColorSpace='rgb', lineRGB=array([1, 1, 1]), lineWidth=1.0, name='Loading_75', opacity=1.0, ori=0.0, pos=array([-0.125,  0.   ]), size=array([0.75, 0.1 ]), units='norm', vertices=ndarray(...), win=Window(...))
9.8479 	EXP 	Created text_75 = TextStim(__class__=<class 'psychopy.visual.text.TextStim'>, alignHoriz=method-wrapper(...), alignText='center', alignVert=method-wrapper(...), anchorHoriz='center', anchorVert='center', antialias=True, autoDraw=False, autoLog=True, bold=False, color=array([1., 1., 1.]), colorSpace='rgb', contrast=1.0, depth=-10.0, flipHoriz=False, flipVert=False, font='Open Sans', fontFiles=[], height=0.1, italic=False, languageStyle='LTR', name='text_75', opacity=1.0, ori=0.0, pos=array([ 0. , -0.2]), rgb=UNKNOWN, text='75%', units='norm', win=Window(...), wrapWidth=1)
9.8492 	EXP 	Created Loading_100 = Rect(__class__=<class 'psychopy.visual.rect.Rect'>, anchor=('center', 'center'), autoDraw=False, autoLog=True, closeShape=True, color=method-wrapper(...), colorSpace='rgb', contrast=None, depth=-11.0, fillColor=array([1, 1, 1]), fillColorSpace='rgb', fillRGB=array([1, 1, 1]), interpolate=True, lineColor=array([1., 1., 1.]), lineColorSpace='rgb', lineRGB=array([1, 1, 1]), lineWidth=1.0, name='Loading_100', opacity=1.0, ori=0.0, pos=array([0., 0.]), size=array([1. , 0.1]), units='norm', vertices=ndarray(...), win=Window(...))
9.8516 	EXP 	Created text_100 = TextStim(__class__=<class 'psychopy.visual.text.TextStim'>, alignHoriz=method-wrapper(...), alignText='center', alignVert=method-wrapper(...), anchorHoriz='center', anchorVert='center', antialias=True, autoDraw=False, autoLog=True, bold=False, color=array([1., 1., 1.]), colorSpace='rgb', contrast=1.0, depth=-12.0, flipHoriz=False, flipVert=False, font='Open Sans', fontFiles=[], height=0.1, italic=False, languageStyle='LTR', name='text_100', opacity=1.0, ori=0.0, pos=array([ 0. , -0.2]), rgb=UNKNOWN, text='100%', units='norm', win=Window(...), wrapWidth=1)
9.8525 	EXP 	Created Youhavematched = TextStim(__class__=<class 'psychopy.visual.text.TextStim'>, alignHoriz=method-wrapper(...), alignText='center', alignVert=method-wrapper(...), anchorHoriz='center', anchorVert='center', antialias=True, autoDraw=False, autoLog=True, bold=False, color=array([1., 1., 1.]), colorSpace='rgb', contrast=1.0, depth=-1.0, flipHoriz=False, flipVert=False, font='Open Sans', fontFiles=[], height=0.08, italic=False, languageStyle='LTR', name='Youhavematched', opacity=1.0, ori=0.0, pos=array([0. , 0.6]), rgb=UNKNOWN, text='', units='norm', win=Window(...), wrapWidth=1)
9.8584 	EXP 	Created partneremoji_image = ImageStim(__class__=<class 'psychopy.visual.image.ImageStim'>, anchor=('center', 'center'), autoLog=True, color=array([1., 1., 1.]), colorSpace='rgb', contrast=1.0, depth=-2.0, flipHoriz=False, flipVert=False, image='sin', interpolate=True, mask=None, maskParams=None, name='partneremoji_image', opacity=1.0, ori=0.0, pos=array([0., 0.]), size=array([0.5 , 0.75]), texRes=128.0, units='norm', win=Window(...))
9.9201 	EXP 	Created PressToContinue = TextStim(__class__=<class 'psychopy.visual.text.TextStim'>, alignHoriz=method-wrapper(...), alignText='center', alignVert=method-wrapper(...), anchorHoriz='center', anchorVert='center', antialias=True, autoDraw=False, autoLog=True, bold=False, color=array([1., 1., 1.]), colorSpace='rgb', contrast=1.0, depth=-4.0, flipHoriz=False, flipVert=False, font='Open Sans', fontFiles=[], height=0.08, italic=False, languageStyle='LTR', name='PressToContinue', opacity=1.0, ori=0.0, pos=array([ 0. , -0.6]), rgb=UNKNOWN, text='Press space to continue.', units='norm', win=Window(...), wrapWidth=1)
9.9271 	EXP 	Created photobeingshared_text = TextStim(__class__=<class 'psychopy.visual.text.TextStim'>, alignHoriz=method-wrapper(...), alignText='center', alignVert=method-wrapper(...), anchorHoriz='center', anchorVert='center', antialias=True, autoDraw=False, autoLog=True, bold=False, color=array([1., 1., 1.]), colorSpace='rgb', contrast=1.0, depth=0.0, flipHoriz=False, flipVert=False, font='Open Sans', fontFiles=[], height=0.09, italic=False, languageStyle='LTR', name='photobeingshared_text', opacity=1.0, ori=0.0, pos=array([0. , 0.6]), rgb=UNKNOWN, text='This photo is now being shared', units='norm', win=Window(...), wrapWidth=1)
9.9344 	EXP 	Created waitforfeedback_text = TextStim(__class__=<class 'psychopy.visual.text.TextStim'>, alignHoriz=method-wrapper(...), alignText='center', alignVert=method-wrapper(...), anchorHoriz='center', anchorVert='center', antialias=True, autoDraw=False, autoLog=True, bold=False, color=array([1., 1., 1.]), colorSpace='rgb', contrast=1.0, depth=-1.0, flipHoriz=False, flipVert=False, font='Open Sans', fontFiles=[], height=0.09, italic=False, languageStyle='LTR', name='waitforfeedback_text', opacity=1.0, ori=0.0, pos=array([ 0. , -0.6]), rgb=UNKNOWN, text='Please wait for feedback.', units='norm', win=Window(...), wrapWidth=1)
9.9384 	EXP 	Created participantimage_image = ImageStim(__class__=<class 'psychopy.visual.image.ImageStim'>, anchor=('center', 'center'), autoLog=True, color=array([1., 1., 1.]), colorSpace='rgb', contrast=1.0, depth=-3.0, flipHoriz=False, flipVert=False, image='sin', interpolate=True, mask=None, maskParams=None, name='participantimage_image', opacity=1.0, ori=0.0, pos=array([0., 0.]), size=array([0.5 , 0.75]), texRes=128.0, units='norm', win=Window(...))
9.9440 	EXP 	Created waiting_text = TextStim(__class__=<class 'psychopy.visual.text.TextStim'>, alignHoriz=method-wrapper(...), alignText='center', alignVert=method-wrapper(...), anchorHoriz='center', anchorVert='center', antialias=True, autoDraw=False, autoLog=True, bold=False, color=array([1., 1., 1.]), colorSpace='rgb', contrast=1.0, depth=0.0, flipHoriz=False, flipVert=False, font='Open Sans', fontFiles=[], height=0.15, italic=False, languageStyle='LTR', name='waiting_text', opacity=1.0, ori=0.0, pos=array([0., 0.]), rgb=UNKNOWN, text='Waiting…', units='norm', win=Window(...), wrapWidth=1)
9.9448 	EXP 	Created displayfeedback_text = TextStim(__class__=<class 'psychopy.visual.text.TextStim'>, alignHoriz=method-wrapper(...), alignText='center', alignVert=method-wrapper(...), anchorHoriz='center', anchorVert='center', antialias=True, autoDraw=False, autoLog=True, bold=False, color=array([1., 1., 1.]), colorSpace='rgb', contrast=1.0, depth=0.0, flipHoriz=False, flipVert=False, font='Open Sans', fontFiles=[], height=0.12, italic=False, languageStyle='LTR', name='displayfeedback_text', opacity=1.0, ori=0.0, pos=array([0.  , 0.75]), rgb=UNKNOWN, text='', units='norm', win=Window(...), wrapWidth=1)
9.9486 	EXP 	Created fdbkimage_image = ImageStim(__class__=<class 'psychopy.visual.image.ImageStim'>, anchor=('center', 'center'), autoLog=True, color=array([1., 1., 1.]), colorSpace='rgb', contrast=1.0, depth=-1.0, flipHoriz=False, flipVert=False, image='sin', interpolate=True, mask=None, maskParams=None, name='fdbkimage_image', opacity=1.0, ori=0.0, pos=array([0., 0.]), size=array([0.75, 1.25]), texRes=128.0, units='norm', win=Window(...))
9.9539 	EXP 	Created presstosharenextphoto_text = TextStim(__class__=<class 'psychopy.visual.text.TextStim'>, alignHoriz=method-wrapper(...), alignText='center', alignVert=method-wrapper(...), anchorHoriz='center', anchorVert='center', antialias=True, autoDraw=False, autoLog=True, bold=False, color=array([1., 1., 1.]), colorSpace='rgb', contrast=1.0, depth=0.0, flipHoriz=False, flipVert=False, font='Open Sans', fontFiles=[], height=0.09, italic=False, languageStyle='LTR', name='presstosharenextphoto_text', opacity=1.0, ori=0.0, pos=array([0., 0.]), rgb=UNKNOWN, text='Press space to share your next photo.', units='norm', win=Window(...), wrapWidth=1)
10.0275 	EXP 	Created WTP_ins_text1 = TextStim(__class__=<class 'psychopy.visual.text.TextStim'>, alignHoriz=method-wrapper(...), alignText='center', alignVert=method-wrapper(...), anchorHoriz='center', anchorVert='center', antialias=True, autoDraw=False, autoLog=True, bold=False, color=array([1., 1., 1.]), colorSpace='rgb', contrast=1.0, depth=0.0, flipHoriz=False, flipVert=False, font='Open Sans', fontFiles=[], height=0.07, italic=False, languageStyle='LTR', name='WTP_ins_text1', opacity=1.0, ori=0.0, pos=array([0. , 0.3]), rgb=UNKNOWN, text=str(...), units='norm', win=Window(...), wrapWidth=1)
10.0998 	EXP 	Created WTP_ins_text2 = TextStim(__class__=<class 'psychopy.visual.text.TextStim'>, alignHoriz=method-wrapper(...), alignText='center', alignVert=method-wrapper(...), anchorHoriz='center', anchorVert='center', antialias=True, autoDraw=False, autoLog=True, bold=False, color=array([1., 1., 1.]), colorSpace='rgb', contrast=1.0, depth=0.0, flipHoriz=False, flipVert=False, font='Open Sans', fontFiles=[], height=0.05, italic=False, languageStyle='LTR', name='WTP_ins_text2', opacity=1.0, ori=0.0, pos=array([0., 0.]), rgb=UNKNOWN, text=str(...), units='norm', win=Window(...), wrapWidth=1)
10.1531 	EXP 	Created Left_Experience = TextStim(__class__=<class 'psychopy.visual.text.TextStim'>, alignHoriz=method-wrapper(...), alignText='center', alignVert=method-wrapper(...), anchorHoriz='center', anchorVert='center', antialias=True, autoDraw=False, autoLog=True, bold=False, color=array([1., 1., 1.]), colorSpace='rgb', contrast=1.0, depth=0.0, flipHoriz=False, flipVert=False, font='Open Sans', fontFiles=[], height=0.05, italic=False, languageStyle='LTR', name='Left_Experience', opacity=1.0, ori=0.0, pos=array([0.5, 0.1]), rgb=UNKNOWN, text='', units='norm', win=Window(...), wrapWidth=1)
10.1541 	EXP 	Created Right_Experience = TextStim(__class__=<class 'psychopy.visual.text.TextStim'>, alignHoriz=method-wrapper(...), alignText='center', alignVert=method-wrapper(...), anchorHoriz='center', anchorVert='center', antialias=True, autoDraw=False, autoLog=True, bold=False, color=array([1., 1., 1.]), colorSpace='rgb', contrast=1.0, depth=-1.0, flipHoriz=False, flipVert=False, font='Open Sans', fontFiles=[], height=0.05, italic=False, languageStyle='LTR', name='Right_Experience', opacity=1.0, ori=0.0, pos=array([-0.5,  0.1]), rgb=UNKNOWN, text='', units='norm', win=Window(...), wrapWidth=1)
10.1550 	EXP 	Created Left_Price = TextStim(__class__=<class 'psychopy.visual.text.TextStim'>, alignHoriz=method-wrapper(...), alignText='center', alignVert=method-wrapper(...), anchorHoriz='center', anchorVert='center', antialias=True, autoDraw=False, autoLog=True, bold=False, color=array([1., 1., 1.]), colorSpace='rgb', contrast=1.0, depth=-2.0, flipHoriz=False, flipVert=False, font='Open Sans', fontFiles=[], height=0.05, italic=False, languageStyle='LTR', name='Left_Price', opacity=1.0, ori=0.0, pos=array([ 0.5, -0.5]), rgb=UNKNOWN, text='', units='norm', win=Window(...), wrapWidth=1)
10.1558 	EXP 	Created Right_Price = TextStim(__class__=<class 'psychopy.visual.text.TextStim'>, alignHoriz=method-wrapper(...), alignText='center', alignVert=method-wrapper(...), anchorHoriz='center', anchorVert='center', antialias=True, autoDraw=False, autoLog=True, bold=False, color=array([1., 1., 1.]), colorSpace='rgb', contrast=1.0, depth=-3.0, flipHoriz=False, flipVert=False, font='Open Sans', fontFiles=[], height=0.05, italic=False, languageStyle='LTR', name='Right_Price', opacity=1.0, ori=0.0, pos=array([-0.5, -0.5]), rgb=UNKNOWN, text='', units='norm', win=Window(...), wrapWidth=1)
10.2601 	EXP 	Created Resume_Text = TextStim(__class__=<class 'psychopy.visual.text.TextStim'>, alignHoriz=method-wrapper(...), alignText='center', alignVert=method-wrapper(...), anchorHoriz='center', anchorVert='center', antialias=True, autoDraw=False, autoLog=True, bold=False, color=array([1., 1., 1.]), colorSpace='rgb', contrast=1.0, depth=-2.0, flipHoriz=False, flipVert=False, font='Open Sans', fontFiles=[], height=0.12, italic=False, languageStyle='LTR', name='Resume_Text', opacity=1.0, ori=0.0, pos=array([0., 0.]), rgb=UNKNOWN, text='', units='norm', win=Window(...), wrapWidth=1)
10.2764 	EXP 	window1: mouseVisible = True
10.3457 	EXP 	Created slider = Slider(__class__=<class 'psychopy.visual.slider.Slider'>, autoDraw=False, autoLog=True, borderColor=None, color=None, colorSpace='rgb', depth=-5, fillColor=None, flip=False, font='Open Sans', granularity=0.0, labelColor=None, labelHeight=0.05, labelWrapWidth=None, labels=(1, 2, 3, 4, 5), lineColor=None, markerColor=None, name='slider', opacity=None, ori=0.0, pos=array([ 0. , -0.4]), readOnly=False, self=UNKNOWN, size=array([1. , 0.1]), startValue=999, style='rating', styleTweaks=['labels45', 'triangleMarker'], ticks=array([1, 2, 3, 4, 5]), units='norm', win=Window(...))
10.3470 	EXP 	Created saliencequestion_text = TextStim(__class__=<class 'psychopy.visual.text.TextStim'>, alignHoriz=method-wrapper(...), alignText='center', alignVert=method-wrapper(...), anchorHoriz='center', anchorVert='center', antialias=True, autoDraw=False, autoLog=True, bold=False, color=array([1., 1., 1.]), colorSpace='rgb', contrast=1.0, depth=-1.0, flipHoriz=False, flipVert=False, font='Open Sans', fontFiles=[], height=0.06, italic=False, languageStyle='LTR', name='saliencequestion_text', opacity=1.0, ori=0.0, pos=array([0. , 0.6]), rgb=UNKNOWN, text='', units='norm', win=Window(...), wrapWidth=1)
10.4043 	EXP 	Created salienceavatar_image = ImageStim(__class__=<class 'psychopy.visual.image.ImageStim'>, anchor=('center', 'center'), autoLog=True, color=array([1., 1., 1.]), colorSpace='rgb', contrast=1.0, depth=-3.0, flipHoriz=False, flipVert=False, image='sin', interpolate=True, mask=None, maskParams=None, name='salienceavatar_image', opacity=1.0, ori=0.0, pos=array([0., 0.]), size=array([0.3 , 0.55]), texRes=128.0, units='norm', win=Window(...))
10.4119 	EXP 	Created saliencecontinue_text = TextStim(__class__=<class 'psychopy.visual.text.TextStim'>, alignHoriz=method-wrapper(...), alignText='center', alignVert=method-wrapper(...), anchorHoriz='center', anchorVert='center', antialias=True, autoDraw=False, autoLog=True, bold=False, color=array([1., 1., 1.]), colorSpace='rgb', contrast=1.0, depth=-4.0, flipHoriz=False, flipVert=False, font='Open Sans', fontFiles=[], height=0.07, italic=False, languageStyle='LTR', name='saliencecontinue_text', opacity=1.0, ori=0.0, pos=array([ 0. , -0.8]), rgb=UNKNOWN, text='Press space to enter rating and continue.', units='norm', win=Window(...), wrapWidth=1)
10.4129 	EXP 	Created displayrating_text = TextStim(__class__=<class 'psychopy.visual.text.TextStim'>, alignHoriz=method-wrapper(...), alignText='center', alignVert=method-wrapper(...), anchorHoriz='center', anchorVert='center', antialias=True, autoDraw=False, autoLog=True, bold=False, color=array([1., 1., 1.]), colorSpace='rgb', contrast=1.0, depth=-5.0, flipHoriz=False, flipVert=False, font='Open Sans', fontFiles=[], height=0.065, italic=False, languageStyle='LTR', name='displayrating_text', opacity=1.0, ori=0.0, pos=array([ 0.  , -0.65]), rgb=UNKNOWN, text='', units='norm', win=Window(...), wrapWidth=1)
10.4173 	EXP 	window1: mouseVisible = True
10.5013 	EXP 	Created slider = Slider(__class__=<class 'psychopy.visual.slider.Slider'>, autoDraw=False, autoLog=True, borderColor=None, color=None, colorSpace='rgb', depth=-5, fillColor=None, flip=False, font='Open Sans', granularity=0.0, labelColor=None, labelHeight=0.05, labelWrapWidth=None, labels=(1, 2, 3, 4, 5, 6, 7, 8, 9), lineColor=None, markerColor=None, name='slider', opacity=None, ori=0.0, pos=array([ 0. , -0.4]), readOnly=False, self=UNKNOWN, size=array([1. , 0.1]), startValue=999, style='rating', styleTweaks=['labels45', 'triangleMarker'], ticks=array([1, 2, 3, 4, 5, 6, 7, 8, 9]), units='norm', win=Window(...))
10.5022 	EXP 	Created stresslevel_text = TextStim(__class__=<class 'psychopy.visual.text.TextStim'>, alignHoriz=method-wrapper(...), alignText='center', alignVert=method-wrapper(...), anchorHoriz='center', anchorVert='center', antialias=True, autoDraw=False, autoLog=True, bold=False, color=array([1., 1., 1.]), colorSpace='rgb', contrast=1.0, depth=-1.0, flipHoriz=False, flipVert=False, font='Open Sans', fontFiles=[], height=0.08, italic=False, languageStyle='LTR', name='stresslevel_text', opacity=1.0, ori=0.0, pos=array([0. , 0.3]), rgb=UNKNOWN, text='', units='norm', win=Window(...), wrapWidth=1)
10.5565 	EXP 	Created displaystressrating_text = TextStim(__class__=<class 'psychopy.visual.text.TextStim'>, alignHoriz=method-wrapper(...), alignText='center', alignVert=method-wrapper(...), anchorHoriz='center', anchorVert='center', antialias=True, autoDraw=False, autoLog=True, bold=False, color=array([1., 1., 1.]), colorSpace='rgb', contrast=1.0, depth=-3.0, flipHoriz=False, flipVert=False, font='Open Sans', fontFiles=[], height=0.08, italic=False, languageStyle='LTR', name='displaystressrating_text', opacity=1.0, ori=0.0, pos=array([ 0.  , -0.65]), rgb=UNKNOWN, text='', units='norm', win=Window(...), wrapWidth=1)
10.5634 	EXP 	slider: autoLog = True
10.5634 	EXP 	slider: markerPos = 999
10.5634 	EXP 	slider: styleTweaks = []
10.5634 	EXP 	slider: styleTweaks = []
10.5634 	EXP 	slider: styleTweaks = ['labels45', 'triangleMarker']
10.5634 	EXP 	slider: styleTweaks = ['labels45', 'triangleMarker']
10.5634 	EXP 	slider: contrast = 1.0
10.5634 	EXP 	slider: autoLog = True
10.5634 	EXP 	slider: autoLog = True
10.5634 	EXP 	slider: markerPos = 999
10.5634 	EXP 	slider: styleTweaks = []
10.5634 	EXP 	slider: styleTweaks = []
10.5634 	EXP 	slider: styleTweaks = ['labels45', 'triangleMarker']
10.5634 	EXP 	slider: styleTweaks = ['labels45', 'triangleMarker']
10.5634 	EXP 	slider: contrast = 1.0
10.5634 	EXP 	slider: autoLog = True
10.5634 	EXP 	Welcome: autoDraw = True
11.1501 	DATA 	Keypress: space
11.1576 	EXP 	Welcome: autoDraw = False
11.1576 	EXP 	FirstInstructions: autoDraw = True
11.3110 	EXP 	Imported /Users/melanieruiz/Desktop/WTP_SM_Choice/Participant_Images/101/101_trials.csv as conditions, 150 conditions, 6 params
11.3118 	EXP 	Created sequence: sequential, trialTypes=150, nReps=1, seed=None
11.3121 	EXP 	New trial (rep=0, index=0): OrderedDict([('TrialNumber', 1), ('Partner', 'Alex'), ('Condition', 'Neutral'), ('Photos', 'Participant_Images/101/101_Images/101_Image_24.jpg'), ('Feedback', 'did not like'), ('FeedbackWait', 3.613205605)])
11.3191 	DATA 	Keypress: space
11.3223 	EXP 	FirstInstructions: autoDraw = False
11.3223 	EXP 	Match_text: autoDraw = True
11.4716 	DATA 	Keypress: space
11.6419 	DATA 	Keypress: space
14.3259 	EXP 	Match_text: autoDraw = False
14.3259 	EXP 	syncing_text: autoDraw = True
14.3259 	EXP 	text_0: autoDraw = True
14.3259 	EXP 	Transparent: autoDraw = True
15.5679 	EXP 	Loading_25: autoDraw = True
15.5679 	EXP 	text_25: autoDraw = True
15.5772 	EXP 	text_0: autoDraw = False
16.8021 	EXP 	Loading_50: autoDraw = True
16.8021 	EXP 	text_50: autoDraw = True
16.8068 	EXP 	Loading_25: autoDraw = False
16.8068 	EXP 	text_25: autoDraw = False
18.0462 	EXP 	Loading_50: autoDraw = False
18.0462 	EXP 	text_50: autoDraw = False
18.0513 	EXP 	Loading_75: autoDraw = True
18.0513 	EXP 	text_75: autoDraw = True
19.3021 	EXP 	Loading_75: autoDraw = False
19.3021 	EXP 	text_75: autoDraw = False
19.3021 	EXP 	Loading_100: autoDraw = True
19.3021 	EXP 	text_100: autoDraw = True
20.5476 	EXP 	Loading_100: autoDraw = False
20.5476 	EXP 	text_100: autoDraw = False
20.5893 	EXP 	Match_text: autoDraw = False
20.5893 	EXP 	syncing_text: autoDraw = False
20.5893 	EXP 	text_0: autoDraw = False
20.5893 	EXP 	Transparent: autoDraw = False
20.5893 	EXP 	Loading_25: autoDraw = False
20.5893 	EXP 	text_25: autoDraw = False
20.5893 	EXP 	Loading_50: autoDraw = False
20.5893 	EXP 	text_50: autoDraw = False
20.5893 	EXP 	Loading_75: autoDraw = False
20.5893 	EXP 	text_75: autoDraw = False
20.5893 	EXP 	Loading_100: autoDraw = False
20.5893 	EXP 	text_100: autoDraw = False
20.5893 	EXP 	Youhavematched: height = 0.08
20.5893 	EXP 	Youhavematched: height = 0.08
20.5893 	EXP 	Youhavematched: height = 0.08
20.5893 	EXP 	Youhavematched: text = 'You have matched with: Alex'
20.5893 	EXP 	partneremoji_image: image = 'Images/cowboyemoji.png'
20.5893 	EXP 	Youhavematched: autoDraw = True
20.5893 	EXP 	partneremoji_image: autoDraw = True
20.5893 	EXP 	PressToContinue: autoDraw = True
21.1831 	DATA 	Keypress: space
21.1882 	EXP 	Youhavematched: autoDraw = False
21.1882 	EXP 	partneremoji_image: autoDraw = False
21.1882 	EXP 	PressToContinue: autoDraw = False
21.1882 	EXP 	participantimage_image: image = 'Participant_Images/101/101_Images/101_Image_24.jpg'
21.1882 	EXP 	photobeingshared_text: autoDraw = True
21.1882 	EXP 	waitforfeedback_text: autoDraw = True
21.1882 	EXP 	participantimage_image: autoDraw = True
23.9339 	EXP 	photobeingshared_text: autoDraw = False
23.9339 	EXP 	waitforfeedback_text: autoDraw = False
23.9339 	EXP 	participantimage_image: autoDraw = False
23.9339 	EXP 	waiting_text: autoDraw = True
28.9339 	EXP 	waiting_text: autoDraw = False
28.9339 	EXP 	waiting_text: autoDraw = False
28.9339 	EXP 	displayfeedback_text: height = 0.12
28.9339 	EXP 	displayfeedback_text: height = 0.12
28.9339 	EXP 	displayfeedback_text: height = 0.12
28.9339 	EXP 	displayfeedback_text: text = 'Alex did not like your photo'
28.9339 	EXP 	fdbkimage_image: image = 'Images/thumbsdown.png'
28.9339 	EXP 	displayfeedback_text: autoDraw = True
28.9339 	EXP 	fdbkimage_image: autoDraw = True
31.9342 	EXP 	displayfeedback_text: autoDraw = False
31.9342 	EXP 	fdbkimage_image: autoDraw = False
31.9342 	EXP 	displayfeedback_text: autoDraw = False
31.9342 	EXP 	fdbkimage_image: autoDraw = False
31.9342 	EXP 	presstosharenextphoto_text: autoDraw = True
32.9572 	EXP 	Created sequence: random, trialTypes=1, nReps=0, seed=None
32.9594 	DATA 	Keypress: space
32.9885 	EXP 	New trial (rep=0, index=1): OrderedDict([('TrialNumber', 2), ('Partner', 'Alex'), ('Condition', 'Neutral'), ('Photos', 'Participant_Images/101/101_Images/101_Image_9.jpg'), ('Feedback', 'did not like'), ('FeedbackWait', 4.988446431)])
33.1659 	EXP 	presstosharenextphoto_text: autoDraw = False
33.1659 	EXP 	slider: markerPos = 3
33.1659 	EXP 	saliencequestion_text: height = 0.06
33.1659 	EXP 	saliencequestion_text: height = 0.06
33.1659 	EXP 	saliencequestion_text: height = 0.06
33.1659 	EXP 	saliencequestion_text: text = 'How likely are you to share photos with Alex in the future? \n\n Use your left and right arrows to move the arrow to your desired rating.'
33.1659 	EXP 	salienceavatar_image: image = 'Images/cowboyemoji.png'
33.1659 	EXP 	displayrating_text: text = ''
33.1659 	EXP 	saliencequestion_text: autoDraw = False
33.1659 	EXP 	salienceavatar_image: autoDraw = False
33.1659 	EXP 	saliencecontinue_text: autoDraw = False
33.1659 	EXP 	displayrating_text: autoDraw = False
33.1659 	EXP 	slider: markerPos = 5
33.1659 	EXP 	stresslevel_text: height = 0.08
33.1659 	EXP 	stresslevel_text: height = 0.08
33.1659 	EXP 	stresslevel_text: height = 0.08
33.1659 	EXP 	stresslevel_text: text = 'Please rate your current stress level. \n\n\n Use your mouse or left and right arrows to move the arrow to your desired rating.'
33.1659 	EXP 	displaystressrating_text: text = ''
33.1659 	EXP 	stresslevel_text: autoDraw = False
33.1659 	EXP 	displaystressrating_text: autoDraw = False
33.1659 	EXP 	Match_text: autoDraw = False
33.1659 	EXP 	syncing_text: autoDraw = False
33.1659 	EXP 	text_0: autoDraw = False
33.1659 	EXP 	Transparent: autoDraw = False
33.1659 	EXP 	Loading_25: autoDraw = False
33.1659 	EXP 	text_25: autoDraw = False
33.1659 	EXP 	Loading_50: autoDraw = False
33.1659 	EXP 	text_50: autoDraw = False
33.1659 	EXP 	Loading_75: autoDraw = False
33.1659 	EXP 	text_75: autoDraw = False
33.1659 	EXP 	Loading_100: autoDraw = False
33.1659 	EXP 	text_100: autoDraw = False
33.1659 	EXP 	Youhavematched: text = 'You have matched with: Alex'
33.1659 	EXP 	partneremoji_image: image = 'Images/cowboyemoji.png'
33.1659 	EXP 	Youhavematched: autoDraw = False
33.1659 	EXP 	partneremoji_image: autoDraw = False
33.1659 	EXP 	PressToContinue: autoDraw = False
33.1659 	EXP 	participantimage_image: image = 'Participant_Images/101/101_Images/101_Image_9.jpg'
33.1659 	EXP 	photobeingshared_text: autoDraw = True
33.1659 	EXP 	waitforfeedback_text: autoDraw = True
33.1659 	EXP 	participantimage_image: autoDraw = True
36.0054 	EXP 	photobeingshared_text: autoDraw = False
36.0054 	EXP 	waitforfeedback_text: autoDraw = False
36.0054 	EXP 	participantimage_image: autoDraw = False
36.0054 	EXP 	waiting_text: autoDraw = True
41.0092 	EXP 	waiting_text: autoDraw = False
41.0092 	EXP 	displayfeedback_text: text = 'Alex did not like your photo'
41.0092 	EXP 	fdbkimage_image: image = 'Images/thumbsdown.png'
41.0092 	EXP 	displayfeedback_text: autoDraw = True
41.0092 	EXP 	fdbkimage_image: autoDraw = True
43.4859 	DATA 	Keypress: space
43.8359 	DATA 	Keypress: space
44.0005 	EXP 	displayfeedback_text: autoDraw = False
44.0005 	EXP 	fdbkimage_image: autoDraw = False
44.0005 	EXP 	presstosharenextphoto_text: autoDraw = True
44.3760 	EXP 	Created sequence: random, trialTypes=1, nReps=0, seed=None
44.3774 	DATA 	Keypress: space
44.3870 	EXP 	New trial (rep=0, index=2): OrderedDict([('TrialNumber', 3), ('Partner', 'Alex'), ('Condition', 'Neutral'), ('Photos', 'Participant_Images/101/101_Images/101_Image_4.jpg'), ('Feedback', 'liked'), ('FeedbackWait', 3.470791822)])
44.5603 	EXP 	presstosharenextphoto_text: autoDraw = False
44.5603 	EXP 	slider: markerPos = 3
44.5603 	EXP 	saliencequestion_text: text = 'How likely are you to share photos with Alex in the future? \n\n Use your left and right arrows to move the arrow to your desired rating.'
44.5603 	EXP 	salienceavatar_image: image = 'Images/cowboyemoji.png'
44.5603 	EXP 	displayrating_text: text = ''
44.5603 	EXP 	saliencequestion_text: autoDraw = False
44.5603 	EXP 	salienceavatar_image: autoDraw = False
44.5603 	EXP 	saliencecontinue_text: autoDraw = False
44.5603 	EXP 	displayrating_text: autoDraw = False
44.5603 	EXP 	slider: markerPos = 5
44.5603 	EXP 	stresslevel_text: text = 'Please rate your current stress level. \n\n\n Use your mouse or left and right arrows to move the arrow to your desired rating.'
44.5603 	EXP 	displaystressrating_text: text = ''
44.5603 	EXP 	stresslevel_text: autoDraw = False
44.5603 	EXP 	displaystressrating_text: autoDraw = False
44.5603 	EXP 	Match_text: autoDraw = False
44.5603 	EXP 	syncing_text: autoDraw = False
44.5603 	EXP 	text_0: autoDraw = False
44.5603 	EXP 	Transparent: autoDraw = False
44.5603 	EXP 	Loading_25: autoDraw = False
44.5603 	EXP 	text_25: autoDraw = False
44.5603 	EXP 	Loading_50: autoDraw = False
44.5603 	EXP 	text_50: autoDraw = False
44.5603 	EXP 	Loading_75: autoDraw = False
44.5603 	EXP 	text_75: autoDraw = False
44.5603 	EXP 	Loading_100: autoDraw = False
44.5603 	EXP 	text_100: autoDraw = False
44.5603 	EXP 	Youhavematched: text = 'You have matched with: Alex'
44.5603 	EXP 	partneremoji_image: image = 'Images/cowboyemoji.png'
44.5603 	EXP 	Youhavematched: autoDraw = False
44.5603 	EXP 	partneremoji_image: autoDraw = False
44.5603 	EXP 	PressToContinue: autoDraw = False
44.5603 	EXP 	participantimage_image: image = 'Participant_Images/101/101_Images/101_Image_4.jpg'
44.5603 	EXP 	photobeingshared_text: autoDraw = True
44.5603 	EXP 	waitforfeedback_text: autoDraw = True
44.5603 	EXP 	participantimage_image: autoDraw = True
47.4091 	EXP 	photobeingshared_text: autoDraw = False
47.4091 	EXP 	waitforfeedback_text: autoDraw = False
47.4091 	EXP 	participantimage_image: autoDraw = False
47.4091 	EXP 	waiting_text: autoDraw = True
52.4198 	EXP 	waiting_text: autoDraw = False
52.4198 	EXP 	displayfeedback_text: height = 0.12
52.4198 	EXP 	displayfeedback_text: height = 0.12
52.4198 	EXP 	displayfeedback_text: height = 0.12
52.4198 	EXP 	displayfeedback_text: text = 'Alex liked your photo'
52.4198 	EXP 	fdbkimage_image: image = 'Images/thumbsup.png'
52.4198 	EXP 	displayfeedback_text: autoDraw = True
52.4198 	EXP 	fdbkimage_image: autoDraw = True
55.4236 	EXP 	displayfeedback_text: autoDraw = False
55.4236 	EXP 	fdbkimage_image: autoDraw = False
55.4236 	EXP 	presstosharenextphoto_text: autoDraw = True
57.5324 	EXP 	Created sequence: random, trialTypes=1, nReps=0, seed=None
57.5342 	DATA 	Keypress: space
57.5483 	EXP 	New trial (rep=0, index=3): OrderedDict([('TrialNumber', 4), ('Partner', 'Alex'), ('Condition', 'Neutral'), ('Photos', 'Participant_Images/101/101_Images/101_Image_1.jpg'), ('Feedback', 'liked'), ('FeedbackWait', 3.820572462)])
57.6864 	EXP 	presstosharenextphoto_text: autoDraw = False
57.6864 	EXP 	slider: markerPos = 3
57.6864 	EXP 	saliencequestion_text: text = 'How likely are you to share photos with Alex in the future? \n\n Use your left and right arrows to move the arrow to your desired rating.'
57.6864 	EXP 	salienceavatar_image: image = 'Images/cowboyemoji.png'
57.6864 	EXP 	displayrating_text: text = ''
57.6864 	EXP 	saliencequestion_text: autoDraw = False
57.6864 	EXP 	salienceavatar_image: autoDraw = False
57.6864 	EXP 	saliencecontinue_text: autoDraw = False
57.6864 	EXP 	displayrating_text: autoDraw = False
57.6864 	EXP 	slider: markerPos = 5
57.6864 	EXP 	stresslevel_text: text = 'Please rate your current stress level. \n\n\n Use your mouse or left and right arrows to move the arrow to your desired rating.'
57.6864 	EXP 	displaystressrating_text: text = ''
57.6864 	EXP 	stresslevel_text: autoDraw = False
57.6864 	EXP 	displaystressrating_text: autoDraw = False
57.6864 	EXP 	Match_text: autoDraw = False
57.6864 	EXP 	syncing_text: autoDraw = False
57.6864 	EXP 	text_0: autoDraw = False
57.6864 	EXP 	Transparent: autoDraw = False
57.6864 	EXP 	Loading_25: autoDraw = False
57.6864 	EXP 	text_25: autoDraw = False
57.6864 	EXP 	Loading_50: autoDraw = False
57.6864 	EXP 	text_50: autoDraw = False
57.6864 	EXP 	Loading_75: autoDraw = False
57.6864 	EXP 	text_75: autoDraw = False
57.6864 	EXP 	Loading_100: autoDraw = False
57.6864 	EXP 	text_100: autoDraw = False
57.6864 	EXP 	Youhavematched: text = 'You have matched with: Alex'
57.6864 	EXP 	partneremoji_image: image = 'Images/cowboyemoji.png'
57.6864 	EXP 	Youhavematched: autoDraw = False
57.6864 	EXP 	partneremoji_image: autoDraw = False
57.6864 	EXP 	PressToContinue: autoDraw = False
57.6864 	EXP 	participantimage_image: image = 'Participant_Images/101/101_Images/101_Image_1.jpg'
57.6864 	EXP 	photobeingshared_text: autoDraw = True
57.6864 	EXP 	waitforfeedback_text: autoDraw = True
57.6864 	EXP 	participantimage_image: autoDraw = True
60.5781 	EXP 	photobeingshared_text: autoDraw = False
60.5781 	EXP 	waitforfeedback_text: autoDraw = False
60.5781 	EXP 	participantimage_image: autoDraw = False
60.5781 	EXP 	waiting_text: autoDraw = True
65.5856 	EXP 	waiting_text: autoDraw = False
65.5856 	EXP 	displayfeedback_text: text = 'Alex liked your photo'
65.5856 	EXP 	fdbkimage_image: image = 'Images/thumbsup.png'
65.5856 	EXP 	displayfeedback_text: autoDraw = True
65.5856 	EXP 	fdbkimage_image: autoDraw = True
68.5676 	EXP 	displayfeedback_text: autoDraw = False
68.5676 	EXP 	fdbkimage_image: autoDraw = False
68.5676 	EXP 	presstosharenextphoto_text: autoDraw = True
69.1509 	EXP 	Created sequence: random, trialTypes=1, nReps=0, seed=None
69.1519 	DATA 	Keypress: space
69.1626 	EXP 	New trial (rep=0, index=4): OrderedDict([('TrialNumber', 5), ('Partner', 'Alex'), ('Condition', 'Neutral'), ('Photos', 'Participant_Images/101/101_Images/101_Image_3.jpg'), ('Feedback', 'liked'), ('FeedbackWait', 2.455989137)])
69.3282 	EXP 	presstosharenextphoto_text: autoDraw = False
69.3282 	EXP 	slider: markerPos = 3
69.3282 	EXP 	saliencequestion_text: text = 'How likely are you to share photos with Alex in the future? \n\n Use your left and right arrows to move the arrow to your desired rating.'
69.3282 	EXP 	salienceavatar_image: image = 'Images/cowboyemoji.png'
69.3282 	EXP 	displayrating_text: text = ''
69.3282 	EXP 	saliencequestion_text: autoDraw = False
69.3282 	EXP 	salienceavatar_image: autoDraw = False
69.3282 	EXP 	saliencecontinue_text: autoDraw = False
69.3282 	EXP 	displayrating_text: autoDraw = False
69.3282 	EXP 	slider: markerPos = 5
69.3282 	EXP 	stresslevel_text: text = 'Please rate your current stress level. \n\n\n Use your mouse or left and right arrows to move the arrow to your desired rating.'
69.3282 	EXP 	displaystressrating_text: text = ''
69.3282 	EXP 	stresslevel_text: autoDraw = False
69.3282 	EXP 	displaystressrating_text: autoDraw = False
69.3282 	EXP 	Match_text: autoDraw = False
69.3282 	EXP 	syncing_text: autoDraw = False
69.3282 	EXP 	text_0: autoDraw = False
69.3282 	EXP 	Transparent: autoDraw = False
69.3282 	EXP 	Loading_25: autoDraw = False
69.3282 	EXP 	text_25: autoDraw = False
69.3282 	EXP 	Loading_50: autoDraw = False
69.3282 	EXP 	text_50: autoDraw = False
69.3282 	EXP 	Loading_75: autoDraw = False
69.3282 	EXP 	text_75: autoDraw = False
69.3282 	EXP 	Loading_100: autoDraw = False
69.3282 	EXP 	text_100: autoDraw = False
69.3282 	EXP 	Youhavematched: text = 'You have matched with: Alex'
69.3282 	EXP 	partneremoji_image: image = 'Images/cowboyemoji.png'
69.3282 	EXP 	Youhavematched: autoDraw = False
69.3282 	EXP 	partneremoji_image: autoDraw = False
69.3282 	EXP 	PressToContinue: autoDraw = False
69.3282 	EXP 	participantimage_image: image = 'Participant_Images/101/101_Images/101_Image_3.jpg'
69.3282 	EXP 	photobeingshared_text: autoDraw = True
69.3282 	EXP 	waitforfeedback_text: autoDraw = True
69.3282 	EXP 	participantimage_image: autoDraw = True
72.1786 	EXP 	photobeingshared_text: autoDraw = False
72.1786 	EXP 	waitforfeedback_text: autoDraw = False
72.1786 	EXP 	participantimage_image: autoDraw = False
72.1786 	EXP 	waiting_text: autoDraw = True
77.1766 	EXP 	waiting_text: autoDraw = False
77.1766 	EXP 	waiting_text: autoDraw = False
77.1766 	EXP 	displayfeedback_text: text = 'Alex liked your photo'
77.1766 	EXP 	fdbkimage_image: image = 'Images/thumbsup.png'
77.1766 	EXP 	displayfeedback_text: autoDraw = True
77.1766 	EXP 	fdbkimage_image: autoDraw = True
78.1051 	DATA 	Keypress: space
80.1699 	EXP 	Created sequence: random, trialTypes=1, nReps=1, seed=None
80.1700 	EXP 	New trial (rep=0, index=0): None
80.1838 	EXP 	displayfeedback_text: autoDraw = False
80.1838 	EXP 	fdbkimage_image: autoDraw = False
80.1838 	EXP 	presstosharenextphoto_text: autoDraw = False
80.1838 	EXP 	WTP_ins_text1: autoDraw = True
80.8851 	DATA 	Keypress: space
80.8967 	EXP 	WTP_ins_text1: autoDraw = False
80.8967 	EXP 	WTP_ins_text2: autoDraw = True
81.6252 	EXP 	Imported /Users/melanieruiz/Desktop/WTP_SM_Choice/Participant_Images/101/101_WTP.xlsx as conditions, 5 conditions, 9 params
81.6256 	EXP 	Created sequence: sequential, trialTypes=5, nReps=1, seed=None
81.6258 	EXP 	New trial (rep=0, index=0): {'social_left': 0, 'Left_Exp': 'Rearranging furniture in your house', 'Right_Exp': 'Going to a carnival with friends', 'leftmoney': 0.01, 'rightmoney': 0.01, 'greenText': 'green', 'left_more_than_right': 0, 'matching_prices': 1, 'social_worthmore': 1}
81.6444 	DATA 	Keypress: space
81.6481 	EXP 	WTP_ins_text2: autoDraw = False
81.6481 	EXP 	Left_Experience: height = 0.05
81.6481 	EXP 	Left_Experience: height = 0.05
81.6481 	EXP 	Left_Experience: height = 0.05
81.6481 	EXP 	Left_Experience: text = 'Rearranging furniture in your house'
81.6481 	EXP 	Right_Experience: height = 0.05
81.6481 	EXP 	Right_Experience: height = 0.05
81.6481 	EXP 	Right_Experience: height = 0.05
81.6481 	EXP 	Right_Experience: text = 'Going to a carnival with friends'
81.6481 	EXP 	Left_Price: height = 0.05
81.6481 	EXP 	Left_Price: height = 0.05
81.6481 	EXP 	Left_Price: height = 0.05
81.6481 	EXP 	Left_Price: text = 0.01
81.6481 	EXP 	Right_Price: height = 0.05
81.6481 	EXP 	Right_Price: height = 0.05
81.6481 	EXP 	Right_Price: height = 0.05
81.6481 	EXP 	Right_Price: text = 0.01
81.6481 	EXP 	Left_Experience: autoDraw = True
81.6481 	EXP 	Right_Experience: autoDraw = True
81.6481 	EXP 	Left_Price: autoDraw = True
81.6481 	EXP 	Right_Price: autoDraw = True
82.4925 	EXP 	New trial (rep=0, index=1): {'social_left': 0, 'Left_Exp': 'Watching a new episode of a television show', 'Right_Exp': 'Having a picnic with family', 'leftmoney': 0.02, 'rightmoney': 0.01, 'greenText': 'green', 'left_more_than_right': 1, 'matching_prices': 0, 'social_worthmore': 0}
82.5058 	DATA 	Keypress: 1
82.5089 	EXP 	Left_Experience: autoDraw = False
82.5089 	EXP 	Right_Experience: autoDraw = False
82.5089 	EXP 	Left_Price: autoDraw = False
82.5089 	EXP 	Right_Price: autoDraw = False
82.5089 	EXP 	Left_Experience: height = 0.05
82.5089 	EXP 	Left_Experience: height = 0.05
82.5089 	EXP 	Left_Experience: height = 0.05
82.5089 	EXP 	Left_Experience: text = 'Watching a new episode of a television show'
82.5089 	EXP 	Right_Experience: height = 0.05
82.5089 	EXP 	Right_Experience: height = 0.05
82.5089 	EXP 	Right_Experience: height = 0.05
82.5089 	EXP 	Right_Experience: text = 'Having a picnic with family'
82.5089 	EXP 	Left_Price: height = 0.05
82.5089 	EXP 	Left_Price: height = 0.05
82.5089 	EXP 	Left_Price: height = 0.05
82.5089 	EXP 	Left_Price: text = 0.02
82.5089 	EXP 	Right_Price: height = 0.05
82.5089 	EXP 	Right_Price: height = 0.05
82.5089 	EXP 	Right_Price: height = 0.05
82.5089 	EXP 	Right_Price: text = 0.01
82.5089 	EXP 	Left_Experience: autoDraw = True
82.5089 	EXP 	Right_Experience: autoDraw = True
82.5089 	EXP 	Left_Price: autoDraw = True
82.5089 	EXP 	Right_Price: autoDraw = True
83.6592 	EXP 	New trial (rep=0, index=2): {'social_left': 0, 'Left_Exp': 'Painting your bedroom\na new color', 'Right_Exp': 'Having a romantic dinner with a significant other', 'leftmoney': 0.03, 'rightmoney': 0.01, 'greenText': 'green', 'left_more_than_right': 1, 'matching_prices': 0, 'social_worthmore': 0}
83.6720 	DATA 	Keypress: 1
83.6751 	EXP 	Left_Experience: autoDraw = False
83.6751 	EXP 	Right_Experience: autoDraw = False
83.6751 	EXP 	Left_Price: autoDraw = False
83.6751 	EXP 	Right_Price: autoDraw = False
83.6751 	EXP 	Left_Experience: height = 0.05
83.6751 	EXP 	Left_Experience: height = 0.05
83.6751 	EXP 	Left_Experience: height = 0.05
83.6751 	EXP 	Left_Experience: text = 'Painting your bedroom\na new color'
83.6751 	EXP 	Right_Experience: height = 0.05
83.6751 	EXP 	Right_Experience: height = 0.05
83.6751 	EXP 	Right_Experience: height = 0.05
83.6751 	EXP 	Right_Experience: text = 'Having a romantic dinner with a significant other'
83.6751 	EXP 	Left_Price: height = 0.05
83.6751 	EXP 	Left_Price: height = 0.05
83.6751 	EXP 	Left_Price: height = 0.05
83.6751 	EXP 	Left_Price: text = 0.03
83.6751 	EXP 	Right_Price: height = 0.05
83.6751 	EXP 	Right_Price: height = 0.05
83.6751 	EXP 	Right_Price: height = 0.05
83.6751 	EXP 	Right_Price: text = 0.01
83.6751 	EXP 	Left_Experience: autoDraw = True
83.6751 	EXP 	Right_Experience: autoDraw = True
83.6751 	EXP 	Left_Price: autoDraw = True
83.6751 	EXP 	Right_Price: autoDraw = True
84.5921 	EXP 	New trial (rep=0, index=3): {'social_left': 0, 'Left_Exp': 'Playing with a pet', 'Right_Exp': 'Studying abroad with friends', 'leftmoney': 0.04, 'rightmoney': 0.01, 'greenText': 'green', 'left_more_than_right': 1, 'matching_prices': 0, 'social_worthmore': 0}
84.6035 	DATA 	Keypress: 1
84.6065 	EXP 	Left_Experience: autoDraw = False
84.6065 	EXP 	Right_Experience: autoDraw = False
84.6065 	EXP 	Left_Price: autoDraw = False
84.6065 	EXP 	Right_Price: autoDraw = False
84.6065 	EXP 	Left_Experience: height = 0.05
84.6065 	EXP 	Left_Experience: height = 0.05
84.6065 	EXP 	Left_Experience: height = 0.05
84.6065 	EXP 	Left_Experience: text = 'Playing with a pet'
84.6065 	EXP 	Right_Experience: height = 0.05
84.6065 	EXP 	Right_Experience: height = 0.05
84.6065 	EXP 	Right_Experience: height = 0.05
84.6065 	EXP 	Right_Experience: text = 'Studying abroad with friends'
84.6065 	EXP 	Left_Price: height = 0.05
84.6065 	EXP 	Left_Price: height = 0.05
84.6065 	EXP 	Left_Price: height = 0.05
84.6065 	EXP 	Left_Price: text = 0.04
84.6065 	EXP 	Right_Price: height = 0.05
84.6065 	EXP 	Right_Price: height = 0.05
84.6065 	EXP 	Right_Price: height = 0.05
84.6065 	EXP 	Right_Price: text = 0.01
84.6065 	EXP 	Left_Experience: autoDraw = True
84.6065 	EXP 	Right_Experience: autoDraw = True
84.6065 	EXP 	Left_Price: autoDraw = True
84.6065 	EXP 	Right_Price: autoDraw = True
85.2220 	EXP 	New trial (rep=0, index=4): {'social_left': 0, 'Left_Exp': 'Reading a book', 'Right_Exp': 'Going to a friend’s birthday party', 'leftmoney': 0.05, 'rightmoney': 0.01, 'greenText': 'green', 'left_more_than_right': 1, 'matching_prices': 0, 'social_worthmore': 0}
85.2341 	DATA 	Keypress: 2
85.2372 	EXP 	Left_Experience: autoDraw = False
85.2372 	EXP 	Right_Experience: autoDraw = False
85.2372 	EXP 	Left_Price: autoDraw = False
85.2372 	EXP 	Right_Price: autoDraw = False
85.2372 	EXP 	Left_Experience: height = 0.05
85.2372 	EXP 	Left_Experience: height = 0.05
85.2372 	EXP 	Left_Experience: height = 0.05
85.2372 	EXP 	Left_Experience: text = 'Reading a book'
85.2372 	EXP 	Right_Experience: height = 0.05
85.2372 	EXP 	Right_Experience: height = 0.05
85.2372 	EXP 	Right_Experience: height = 0.05
85.2372 	EXP 	Right_Experience: text = 'Going to a friend’s birthday party'
85.2372 	EXP 	Left_Price: height = 0.05
85.2372 	EXP 	Left_Price: height = 0.05
85.2372 	EXP 	Left_Price: height = 0.05
85.2372 	EXP 	Left_Price: text = 0.05
85.2372 	EXP 	Right_Price: height = 0.05
85.2372 	EXP 	Right_Price: height = 0.05
85.2372 	EXP 	Right_Price: height = 0.05
85.2372 	EXP 	Right_Price: text = 0.01
85.2372 	EXP 	Left_Experience: autoDraw = True
85.2372 	EXP 	Right_Experience: autoDraw = True
85.2372 	EXP 	Left_Price: autoDraw = True
85.2372 	EXP 	Right_Price: autoDraw = True
85.9322 	EXP 	window1: mouseVisible = True
