1.6182 	WARNING 	We strongly recommend you activate the PTB sound engine in PsychoPy prefs as the preferred audio engine. Its timing is vastly superior. Your prefs are currently set to use ['sounddevice', 'PTB', 'pyo', 'pygame'] (in that order).
7.0427 	WARNING 	User requested fullscreen with size [1440  900], but screen is actually [1512, 982]. Using actual size
8.2454 	WARNING 	Couldn't measure a consistent frame rate!
  - Is your graphics card set to sync to vertical blank?
  - Are you running other processes on your computer?

8.2459 	EXP 	Created window1 = Window(allowGUI=True, allowStencil=False, autoLog=True, backendConf=UNKNOWN, bitsMode=UNKNOWN, blendMode='avg', bpc=(8, 8, 8), color=array([-1., -1., -1.]), colorSpace='rgb', depthBits=8, fullscr=<method-wrapper '__getattribute__' of attributeSetter object at 0x7fd0e36e4c70>, gamma=None, gammaErrorPolicy='raise', lms=UNKNOWN, monitor=<psychopy.monitors.calibTools.Monitor object at 0x7fd0a660b5e0>, multiSample=False, name='window1', numSamples=2, pos=[378.0, 245.5], screen=0, size=array([3024, 1964]), stencilBits=0, stereo=False, units='norm', useFBO=True, useRetina=True, viewOri=0.0, viewPos=None, viewScale=None, waitBlanking=True, winType='pyglet')
8.2460 	EXP 	window1: mouseVisible = True
8.2461 	EXP 	window1: mouseVisible = True
8.2461 	EXP 	window1: Attempting to measure frame rate of screen (0) ...
8.2461 	EXP 	window1: recordFrameIntervals = False
8.3425 	EXP 	window1: recordFrameIntervals = True
9.2123 	WARNING 	Couldn't measure a consistent frame rate!
  - Is your graphics card set to sync to vertical blank?
  - Are you running other processes on your computer?

9.7219 	EXP 	Created Welcome = TextStim(__class__=<class 'psychopy.visual.text.TextStim'>, alignHoriz=method-wrapper(...), alignText='center', alignVert=method-wrapper(...), anchorHoriz='center', anchorVert='center', antialias=True, autoDraw=False, autoLog=True, bold=False, color=array([1., 1., 1.]), colorSpace='rgb', contrast=1.0, depth=0.0, flipHoriz=False, flipVert=False, font='Open Sans', fontFiles=[], height=0.08, italic=False, languageStyle='LTR', name='Welcome', opacity=1.0, ori=0.0, pos=array([0., 0.]), rgb=UNKNOWN, text=str(...), units='norm', win=Window(...), wrapWidth=1)
9.7963 	EXP 	Created FirstInstructions = TextStim(__class__=<class 'psychopy.visual.text.TextStim'>, alignHoriz=method-wrapper(...), alignText='center', alignVert=method-wrapper(...), anchorHoriz='center', anchorVert='center', antialias=True, autoDraw=False, autoLog=True, bold=False, color=array([1., 1., 1.]), colorSpace='rgb', contrast=1.0, depth=0.0, flipHoriz=False, flipVert=False, font='Open Sans', fontFiles=[], height=0.08, italic=False, languageStyle='LTR', name='FirstInstructions', opacity=1.0, ori=0.0, pos=array([0., 0.]), rgb=UNKNOWN, text=str(...), units='norm', win=Window(...), wrapWidth=1)
9.8550 	EXP 	Created Match_text = TextStim(__class__=<class 'psychopy.visual.text.TextStim'>, alignHoriz=method-wrapper(...), alignText='center', alignVert=method-wrapper(...), anchorHoriz='center', anchorVert='center', antialias=True, autoDraw=False, autoLog=True, bold=False, color=array([1., 1., 1.]), colorSpace='rgb', contrast=1.0, depth=-1.0, flipHoriz=False, flipVert=False, font='Open Sans', fontFiles=[], height=0.08, italic=False, languageStyle='LTR', name='Match_text', opacity=1.0, ori=0.0, pos=array([0. , 0.3]), rgb=UNKNOWN, text=str(...), units='norm', win=Window(...), wrapWidth=1)
9.8616 	EXP 	Created syncing_text = TextStim(__class__=<class 'psychopy.visual.text.TextStim'>, alignHoriz=method-wrapper(...), alignText='center', alignVert=method-wrapper(...), anchorHoriz='center', anchorVert='center', antialias=True, autoDraw=False, autoLog=True, bold=False, color=array([1., 1., 1.]), colorSpace='rgb', contrast=1.0, depth=-2.0, flipHoriz=False, flipVert=False, font='Open Sans', fontFiles=[], height=0.12, italic=False, languageStyle='LTR', name='syncing_text', opacity=1.0, ori=0.0, pos=array([0. , 0.3]), rgb=UNKNOWN, text='Syncing…', units='norm', win=Window(...), wrapWidth=1)
9.8658 	EXP 	Created text_0 = TextStim(__class__=<class 'psychopy.visual.text.TextStim'>, alignHoriz=method-wrapper(...), alignText='center', alignVert=method-wrapper(...), anchorHoriz='center', anchorVert='center', antialias=True, autoDraw=False, autoLog=True, bold=False, color=array([1., 1., 1.]), colorSpace='rgb', contrast=1.0, depth=-3.0, flipHoriz=False, flipVert=False, font='Open Sans', fontFiles=[], height=0.1, italic=False, languageStyle='LTR', name='text_0', opacity=1.0, ori=0.0, pos=array([ 0. , -0.2]), rgb=UNKNOWN, text='0%', units='norm', win=Window(...), wrapWidth=1)
9.8686 	EXP 	Created Transparent = Rect(__class__=<class 'psychopy.visual.rect.Rect'>, anchor=('center', 'center'), autoDraw=False, autoLog=True, closeShape=True, color=method-wrapper(...), colorSpace='rgb', contrast=None, depth=-4.0, fillColor=array([0., 0., 0.]), fillColorSpace='rgb', fillRGB=array([0., 0., 0.]), interpolate=True, lineColor=array([1., 1., 1.]), lineColorSpace='rgb', lineRGB=array([1, 1, 1]), lineWidth=1.2, name='Transparent', opacity=1.0, ori=0.0, pos=array([0., 0.]), size=array([1. , 0.1]), units='norm', vertices=ndarray(...), win=Window(...))
9.8700 	EXP 	Created Loading_25 = Rect(__class__=<class 'psychopy.visual.rect.Rect'>, anchor=('center', 'center'), autoDraw=False, autoLog=True, closeShape=True, color=method-wrapper(...), colorSpace='rgb', contrast=None, depth=-5.0, fillColor=array([1, 1, 1]), fillColorSpace='rgb', fillRGB=array([1, 1, 1]), interpolate=True, lineColor=array([1., 1., 1.]), lineColorSpace='rgb', lineRGB=array([1, 1, 1]), lineWidth=1.0, name='Loading_25', opacity=1.0, ori=0.0, pos=array([-0.375,  0.   ]), size=array([0.25, 0.1 ]), units='norm', vertices=ndarray(...), win=Window(...))
9.8732 	EXP 	Created text_25 = TextStim(__class__=<class 'psychopy.visual.text.TextStim'>, alignHoriz=method-wrapper(...), alignText='center', alignVert=method-wrapper(...), anchorHoriz='center', anchorVert='center', antialias=True, autoDraw=False, autoLog=True, bold=False, color=array([1., 1., 1.]), colorSpace='rgb', contrast=1.0, depth=-6.0, flipHoriz=False, flipVert=False, font='Open Sans', fontFiles=[], height=0.1, italic=False, languageStyle='LTR', name='text_25', opacity=1.0, ori=0.0, pos=array([ 0. , -0.2]), rgb=UNKNOWN, text='25%', units='norm', win=Window(...), wrapWidth=1)
9.8747 	EXP 	Created Loading_50 = Rect(__class__=<class 'psychopy.visual.rect.Rect'>, anchor=('center', 'center'), autoDraw=False, autoLog=True, closeShape=True, color=method-wrapper(...), colorSpace='rgb', contrast=None, depth=-7.0, fillColor=array([1, 1, 1]), fillColorSpace='rgb', fillRGB=array([1, 1, 1]), interpolate=True, lineColor=array([1., 1., 1.]), lineColorSpace='rgb', lineRGB=array([1, 1, 1]), lineWidth=1.0, name='Loading_50', opacity=1.0, ori=0.0, pos=array([-0.25,  0.  ]), size=array([0.5, 0.1]), units='norm', vertices=ndarray(...), win=Window(...))
9.8768 	EXP 	Created text_50 = TextStim(__class__=<class 'psychopy.visual.text.TextStim'>, alignHoriz=method-wrapper(...), alignText='center', alignVert=method-wrapper(...), anchorHoriz='center', anchorVert='center', antialias=True, autoDraw=False, autoLog=True, bold=False, color=array([1., 1., 1.]), colorSpace='rgb', contrast=1.0, depth=-8.0, flipHoriz=False, flipVert=False, font='Open Sans', fontFiles=[], height=0.1, italic=False, languageStyle='LTR', name='text_50', opacity=1.0, ori=0.0, pos=array([ 0. , -0.2]), rgb=UNKNOWN, text='50%', units='norm', win=Window(...), wrapWidth=1)
9.8781 	EXP 	Created Loading_75 = Rect(__class__=<class 'psychopy.visual.rect.Rect'>, anchor=('center', 'center'), autoDraw=False, autoLog=True, closeShape=True, color=method-wrapper(...), colorSpace='rgb', contrast=None, depth=-9.0, fillColor=array([1, 1, 1]), fillColorSpace='rgb', fillRGB=array([1, 1, 1]), interpolate=True, lineColor=array([1., 1., 1.]), lineColorSpace='rgb', lineRGB=array([1, 1, 1]), lineWidth=1.0, name='Loading_75', opacity=1.0, ori=0.0, pos=array([-0.125,  0.   ]), size=array([0.75, 0.1 ]), units='norm', vertices=ndarray(...), win=Window(...))
9.8808 	EXP 	Created text_75 = TextStim(__class__=<class 'psychopy.visual.text.TextStim'>, alignHoriz=method-wrapper(...), alignText='center', alignVert=method-wrapper(...), anchorHoriz='center', anchorVert='center', antialias=True, autoDraw=False, autoLog=True, bold=False, color=array([1., 1., 1.]), colorSpace='rgb', contrast=1.0, depth=-10.0, flipHoriz=False, flipVert=False, font='Open Sans', fontFiles=[], height=0.1, italic=False, languageStyle='LTR', name='text_75', opacity=1.0, ori=0.0, pos=array([ 0. , -0.2]), rgb=UNKNOWN, text='75%', units='norm', win=Window(...), wrapWidth=1)
9.8822 	EXP 	Created Loading_100 = Rect(__class__=<class 'psychopy.visual.rect.Rect'>, anchor=('center', 'center'), autoDraw=False, autoLog=True, closeShape=True, color=method-wrapper(...), colorSpace='rgb', contrast=None, depth=-11.0, fillColor=array([1, 1, 1]), fillColorSpace='rgb', fillRGB=array([1, 1, 1]), interpolate=True, lineColor=array([1., 1., 1.]), lineColorSpace='rgb', lineRGB=array([1, 1, 1]), lineWidth=1.0, name='Loading_100', opacity=1.0, ori=0.0, pos=array([0., 0.]), size=array([1. , 0.1]), units='norm', vertices=ndarray(...), win=Window(...))
9.8851 	EXP 	Created text_100 = TextStim(__class__=<class 'psychopy.visual.text.TextStim'>, alignHoriz=method-wrapper(...), alignText='center', alignVert=method-wrapper(...), anchorHoriz='center', anchorVert='center', antialias=True, autoDraw=False, autoLog=True, bold=False, color=array([1., 1., 1.]), colorSpace='rgb', contrast=1.0, depth=-12.0, flipHoriz=False, flipVert=False, font='Open Sans', fontFiles=[], height=0.1, italic=False, languageStyle='LTR', name='text_100', opacity=1.0, ori=0.0, pos=array([ 0. , -0.2]), rgb=UNKNOWN, text='100%', units='norm', win=Window(...), wrapWidth=1)
9.8860 	EXP 	Created Youhavematched = TextStim(__class__=<class 'psychopy.visual.text.TextStim'>, alignHoriz=method-wrapper(...), alignText='center', alignVert=method-wrapper(...), anchorHoriz='center', anchorVert='center', antialias=True, autoDraw=False, autoLog=True, bold=False, color=array([1., 1., 1.]), colorSpace='rgb', contrast=1.0, depth=-1.0, flipHoriz=False, flipVert=False, font='Open Sans', fontFiles=[], height=0.08, italic=False, languageStyle='LTR', name='Youhavematched', opacity=1.0, ori=0.0, pos=array([0. , 0.6]), rgb=UNKNOWN, text='', units='norm', win=Window(...), wrapWidth=1)
9.8914 	EXP 	Created partneremoji_image = ImageStim(__class__=<class 'psychopy.visual.image.ImageStim'>, anchor=('center', 'center'), autoLog=True, color=array([1., 1., 1.]), colorSpace='rgb', contrast=1.0, depth=-2.0, flipHoriz=False, flipVert=False, image='sin', interpolate=True, mask=None, maskParams=None, name='partneremoji_image', opacity=1.0, ori=0.0, pos=array([0., 0.]), size=array([0.5 , 0.75]), texRes=128.0, units='norm', win=Window(...))
9.9558 	EXP 	Created PressToContinue = TextStim(__class__=<class 'psychopy.visual.text.TextStim'>, alignHoriz=method-wrapper(...), alignText='center', alignVert=method-wrapper(...), anchorHoriz='center', anchorVert='center', antialias=True, autoDraw=False, autoLog=True, bold=False, color=array([1., 1., 1.]), colorSpace='rgb', contrast=1.0, depth=-4.0, flipHoriz=False, flipVert=False, font='Open Sans', fontFiles=[], height=0.08, italic=False, languageStyle='LTR', name='PressToContinue', opacity=1.0, ori=0.0, pos=array([ 0. , -0.6]), rgb=UNKNOWN, text='Press space to continue.', units='norm', win=Window(...), wrapWidth=1)
9.9641 	EXP 	Created photobeingshared_text = TextStim(__class__=<class 'psychopy.visual.text.TextStim'>, alignHoriz=method-wrapper(...), alignText='center', alignVert=method-wrapper(...), anchorHoriz='center', anchorVert='center', antialias=True, autoDraw=False, autoLog=True, bold=False, color=array([1., 1., 1.]), colorSpace='rgb', contrast=1.0, depth=0.0, flipHoriz=False, flipVert=False, font='Open Sans', fontFiles=[], height=0.09, italic=False, languageStyle='LTR', name='photobeingshared_text', opacity=1.0, ori=0.0, pos=array([0. , 0.6]), rgb=UNKNOWN, text='This photo is now being shared', units='norm', win=Window(...), wrapWidth=1)
9.9715 	EXP 	Created waitforfeedback_text = TextStim(__class__=<class 'psychopy.visual.text.TextStim'>, alignHoriz=method-wrapper(...), alignText='center', alignVert=method-wrapper(...), anchorHoriz='center', anchorVert='center', antialias=True, autoDraw=False, autoLog=True, bold=False, color=array([1., 1., 1.]), colorSpace='rgb', contrast=1.0, depth=-1.0, flipHoriz=False, flipVert=False, font='Open Sans', fontFiles=[], height=0.09, italic=False, languageStyle='LTR', name='waitforfeedback_text', opacity=1.0, ori=0.0, pos=array([ 0. , -0.6]), rgb=UNKNOWN, text='Please wait for feedback.', units='norm', win=Window(...), wrapWidth=1)
9.9755 	EXP 	Created participantimage_image = ImageStim(__class__=<class 'psychopy.visual.image.ImageStim'>, anchor=('center', 'center'), autoLog=True, color=array([1., 1., 1.]), colorSpace='rgb', contrast=1.0, depth=-3.0, flipHoriz=False, flipVert=False, image='sin', interpolate=True, mask=None, maskParams=None, name='participantimage_image', opacity=1.0, ori=0.0, pos=array([0., 0.]), size=array([0.5 , 0.75]), texRes=128.0, units='norm', win=Window(...))
9.9811 	EXP 	Created waiting_text = TextStim(__class__=<class 'psychopy.visual.text.TextStim'>, alignHoriz=method-wrapper(...), alignText='center', alignVert=method-wrapper(...), anchorHoriz='center', anchorVert='center', antialias=True, autoDraw=False, autoLog=True, bold=False, color=array([1., 1., 1.]), colorSpace='rgb', contrast=1.0, depth=0.0, flipHoriz=False, flipVert=False, font='Open Sans', fontFiles=[], height=0.15, italic=False, languageStyle='LTR', name='waiting_text', opacity=1.0, ori=0.0, pos=array([0., 0.]), rgb=UNKNOWN, text='Waiting…', units='norm', win=Window(...), wrapWidth=1)
9.9819 	EXP 	Created displayfeedback_text = TextStim(__class__=<class 'psychopy.visual.text.TextStim'>, alignHoriz=method-wrapper(...), alignText='center', alignVert=method-wrapper(...), anchorHoriz='center', anchorVert='center', antialias=True, autoDraw=False, autoLog=True, bold=False, color=array([1., 1., 1.]), colorSpace='rgb', contrast=1.0, depth=0.0, flipHoriz=False, flipVert=False, font='Open Sans', fontFiles=[], height=0.12, italic=False, languageStyle='LTR', name='displayfeedback_text', opacity=1.0, ori=0.0, pos=array([0.  , 0.75]), rgb=UNKNOWN, text='', units='norm', win=Window(...), wrapWidth=1)
9.9858 	EXP 	Created fdbkimage_image = ImageStim(__class__=<class 'psychopy.visual.image.ImageStim'>, anchor=('center', 'center'), autoLog=True, color=array([1., 1., 1.]), colorSpace='rgb', contrast=1.0, depth=-1.0, flipHoriz=False, flipVert=False, image='sin', interpolate=True, mask=None, maskParams=None, name='fdbkimage_image', opacity=1.0, ori=0.0, pos=array([0., 0.]), size=array([0.75, 1.25]), texRes=128.0, units='norm', win=Window(...))
9.9908 	EXP 	Created presstosharenextphoto_text = TextStim(__class__=<class 'psychopy.visual.text.TextStim'>, alignHoriz=method-wrapper(...), alignText='center', alignVert=method-wrapper(...), anchorHoriz='center', anchorVert='center', antialias=True, autoDraw=False, autoLog=True, bold=False, color=array([1., 1., 1.]), colorSpace='rgb', contrast=1.0, depth=0.0, flipHoriz=False, flipVert=False, font='Open Sans', fontFiles=[], height=0.09, italic=False, languageStyle='LTR', name='presstosharenextphoto_text', opacity=1.0, ori=0.0, pos=array([0., 0.]), rgb=UNKNOWN, text='Press space to share your next photo.', units='norm', win=Window(...), wrapWidth=1)
10.0659 	EXP 	Created WTP_ins_text1 = TextStim(__class__=<class 'psychopy.visual.text.TextStim'>, alignHoriz=method-wrapper(...), alignText='center', alignVert=method-wrapper(...), anchorHoriz='center', anchorVert='center', antialias=True, autoDraw=False, autoLog=True, bold=False, color=array([1., 1., 1.]), colorSpace='rgb', contrast=1.0, depth=0.0, flipHoriz=False, flipVert=False, font='Open Sans', fontFiles=[], height=0.07, italic=False, languageStyle='LTR', name='WTP_ins_text1', opacity=1.0, ori=0.0, pos=array([0. , 0.3]), rgb=UNKNOWN, text=str(...), units='norm', win=Window(...), wrapWidth=1)
10.1466 	EXP 	Created WTP_ins_text2 = TextStim(__class__=<class 'psychopy.visual.text.TextStim'>, alignHoriz=method-wrapper(...), alignText='center', alignVert=method-wrapper(...), anchorHoriz='center', anchorVert='center', antialias=True, autoDraw=False, autoLog=True, bold=False, color=array([1., 1., 1.]), colorSpace='rgb', contrast=1.0, depth=0.0, flipHoriz=False, flipVert=False, font='Open Sans', fontFiles=[], height=0.05, italic=False, languageStyle='LTR', name='WTP_ins_text2', opacity=1.0, ori=0.0, pos=array([0., 0.]), rgb=UNKNOWN, text=str(...), units='norm', win=Window(...), wrapWidth=1)
10.2022 	EXP 	Created Left_Experience = TextStim(__class__=<class 'psychopy.visual.text.TextStim'>, alignHoriz=method-wrapper(...), alignText='center', alignVert=method-wrapper(...), anchorHoriz='center', anchorVert='center', antialias=True, autoDraw=False, autoLog=True, bold=False, color=array([1., 1., 1.]), colorSpace='rgb', contrast=1.0, depth=0.0, flipHoriz=False, flipVert=False, font='Open Sans', fontFiles=[], height=0.05, italic=False, languageStyle='LTR', name='Left_Experience', opacity=1.0, ori=0.0, pos=array([0.5, 0.1]), rgb=UNKNOWN, text='', units='norm', win=Window(...), wrapWidth=1)
10.2033 	EXP 	Created Right_Experience = TextStim(__class__=<class 'psychopy.visual.text.TextStim'>, alignHoriz=method-wrapper(...), alignText='center', alignVert=method-wrapper(...), anchorHoriz='center', anchorVert='center', antialias=True, autoDraw=False, autoLog=True, bold=False, color=array([1., 1., 1.]), colorSpace='rgb', contrast=1.0, depth=-1.0, flipHoriz=False, flipVert=False, font='Open Sans', fontFiles=[], height=0.05, italic=False, languageStyle='LTR', name='Right_Experience', opacity=1.0, ori=0.0, pos=array([-0.5,  0.1]), rgb=UNKNOWN, text='', units='norm', win=Window(...), wrapWidth=1)
10.2042 	EXP 	Created Left_Price = TextStim(__class__=<class 'psychopy.visual.text.TextStim'>, alignHoriz=method-wrapper(...), alignText='center', alignVert=method-wrapper(...), anchorHoriz='center', anchorVert='center', antialias=True, autoDraw=False, autoLog=True, bold=False, color=array([1., 1., 1.]), colorSpace='rgb', contrast=1.0, depth=-2.0, flipHoriz=False, flipVert=False, font='Open Sans', fontFiles=[], height=0.05, italic=False, languageStyle='LTR', name='Left_Price', opacity=1.0, ori=0.0, pos=array([ 0.5, -0.5]), rgb=UNKNOWN, text='', units='norm', win=Window(...), wrapWidth=1)
10.2052 	EXP 	Created Right_Price = TextStim(__class__=<class 'psychopy.visual.text.TextStim'>, alignHoriz=method-wrapper(...), alignText='center', alignVert=method-wrapper(...), anchorHoriz='center', anchorVert='center', antialias=True, autoDraw=False, autoLog=True, bold=False, color=array([1., 1., 1.]), colorSpace='rgb', contrast=1.0, depth=-3.0, flipHoriz=False, flipVert=False, font='Open Sans', fontFiles=[], height=0.05, italic=False, languageStyle='LTR', name='Right_Price', opacity=1.0, ori=0.0, pos=array([-0.5, -0.5]), rgb=UNKNOWN, text='', units='norm', win=Window(...), wrapWidth=1)
10.2611 	EXP 	Created ITI_text = TextStim(__class__=<class 'psychopy.visual.text.TextStim'>, alignHoriz=method-wrapper(...), alignText='center', alignVert=method-wrapper(...), anchorHoriz='center', anchorVert='center', antialias=True, autoDraw=False, autoLog=True, bold=False, color=array([1., 1., 1.]), colorSpace='rgb', contrast=1.0, depth=0.0, flipHoriz=False, flipVert=False, font='Open Sans', fontFiles=[], height=0.05, italic=False, languageStyle='LTR', name='ITI_text', opacity=1.0, ori=0.0, pos=array([0., 0.]), rgb=UNKNOWN, text='', units='norm', win=Window(...), wrapWidth=1)
10.3165 	EXP 	Created Resume_Text = TextStim(__class__=<class 'psychopy.visual.text.TextStim'>, alignHoriz=method-wrapper(...), alignText='center', alignVert=method-wrapper(...), anchorHoriz='center', anchorVert='center', antialias=True, autoDraw=False, autoLog=True, bold=False, color=array([1., 1., 1.]), colorSpace='rgb', contrast=1.0, depth=-2.0, flipHoriz=False, flipVert=False, font='Open Sans', fontFiles=[], height=0.12, italic=False, languageStyle='LTR', name='Resume_Text', opacity=1.0, ori=0.0, pos=array([0., 0.]), rgb=UNKNOWN, text='', units='norm', win=Window(...), wrapWidth=1)
10.3317 	EXP 	window1: mouseVisible = True
10.4056 	EXP 	Created slider = Slider(__class__=<class 'psychopy.visual.slider.Slider'>, autoDraw=False, autoLog=True, borderColor=None, color=None, colorSpace='rgb', depth=-5, fillColor=None, flip=False, font='Open Sans', granularity=0.0, labelColor=None, labelHeight=0.05, labelWrapWidth=None, labels=(1, 2, 3, 4, 5), lineColor=None, markerColor=None, name='slider', opacity=None, ori=0.0, pos=array([ 0. , -0.4]), readOnly=False, self=UNKNOWN, size=array([1. , 0.1]), startValue=999, style='rating', styleTweaks=['labels45', 'triangleMarker'], ticks=array([1, 2, 3, 4, 5]), units='norm', win=Window(...))
10.4070 	EXP 	Created saliencequestion_text = TextStim(__class__=<class 'psychopy.visual.text.TextStim'>, alignHoriz=method-wrapper(...), alignText='center', alignVert=method-wrapper(...), anchorHoriz='center', anchorVert='center', antialias=True, autoDraw=False, autoLog=True, bold=False, color=array([1., 1., 1.]), colorSpace='rgb', contrast=1.0, depth=-1.0, flipHoriz=False, flipVert=False, font='Open Sans', fontFiles=[], height=0.06, italic=False, languageStyle='LTR', name='saliencequestion_text', opacity=1.0, ori=0.0, pos=array([0. , 0.6]), rgb=UNKNOWN, text='', units='norm', win=Window(...), wrapWidth=1)
10.4656 	EXP 	Created salienceavatar_image = ImageStim(__class__=<class 'psychopy.visual.image.ImageStim'>, anchor=('center', 'center'), autoLog=True, color=array([1., 1., 1.]), colorSpace='rgb', contrast=1.0, depth=-3.0, flipHoriz=False, flipVert=False, image='sin', interpolate=True, mask=None, maskParams=None, name='salienceavatar_image', opacity=1.0, ori=0.0, pos=array([0., 0.]), size=array([0.3 , 0.55]), texRes=128.0, units='norm', win=Window(...))
10.4727 	EXP 	Created saliencecontinue_text = TextStim(__class__=<class 'psychopy.visual.text.TextStim'>, alignHoriz=method-wrapper(...), alignText='center', alignVert=method-wrapper(...), anchorHoriz='center', anchorVert='center', antialias=True, autoDraw=False, autoLog=True, bold=False, color=array([1., 1., 1.]), colorSpace='rgb', contrast=1.0, depth=-4.0, flipHoriz=False, flipVert=False, font='Open Sans', fontFiles=[], height=0.07, italic=False, languageStyle='LTR', name='saliencecontinue_text', opacity=1.0, ori=0.0, pos=array([ 0. , -0.8]), rgb=UNKNOWN, text='Press space to enter rating and continue.', units='norm', win=Window(...), wrapWidth=1)
10.4739 	EXP 	Created displayrating_text = TextStim(__class__=<class 'psychopy.visual.text.TextStim'>, alignHoriz=method-wrapper(...), alignText='center', alignVert=method-wrapper(...), anchorHoriz='center', anchorVert='center', antialias=True, autoDraw=False, autoLog=True, bold=False, color=array([1., 1., 1.]), colorSpace='rgb', contrast=1.0, depth=-5.0, flipHoriz=False, flipVert=False, font='Open Sans', fontFiles=[], height=0.065, italic=False, languageStyle='LTR', name='displayrating_text', opacity=1.0, ori=0.0, pos=array([ 0.  , -0.65]), rgb=UNKNOWN, text='', units='norm', win=Window(...), wrapWidth=1)
10.4784 	EXP 	window1: mouseVisible = True
10.5701 	EXP 	Created slider = Slider(__class__=<class 'psychopy.visual.slider.Slider'>, autoDraw=False, autoLog=True, borderColor=None, color=None, colorSpace='rgb', depth=-5, fillColor=None, flip=False, font='Open Sans', granularity=0.0, labelColor=None, labelHeight=0.05, labelWrapWidth=None, labels=(1, 2, 3, 4, 5, 6, 7, 8, 9), lineColor=None, markerColor=None, name='slider', opacity=None, ori=0.0, pos=array([ 0. , -0.4]), readOnly=False, self=UNKNOWN, size=array([1. , 0.1]), startValue=999, style='rating', styleTweaks=['labels45', 'triangleMarker'], ticks=array([1, 2, 3, 4, 5, 6, 7, 8, 9]), units='norm', win=Window(...))
10.5710 	EXP 	Created stresslevel_text = TextStim(__class__=<class 'psychopy.visual.text.TextStim'>, alignHoriz=method-wrapper(...), alignText='center', alignVert=method-wrapper(...), anchorHoriz='center', anchorVert='center', antialias=True, autoDraw=False, autoLog=True, bold=False, color=array([1., 1., 1.]), colorSpace='rgb', contrast=1.0, depth=-1.0, flipHoriz=False, flipVert=False, font='Open Sans', fontFiles=[], height=0.08, italic=False, languageStyle='LTR', name='stresslevel_text', opacity=1.0, ori=0.0, pos=array([0. , 0.3]), rgb=UNKNOWN, text='', units='norm', win=Window(...), wrapWidth=1)
10.6267 	EXP 	Created displaystressrating_text = TextStim(__class__=<class 'psychopy.visual.text.TextStim'>, alignHoriz=method-wrapper(...), alignText='center', alignVert=method-wrapper(...), anchorHoriz='center', anchorVert='center', antialias=True, autoDraw=False, autoLog=True, bold=False, color=array([1., 1., 1.]), colorSpace='rgb', contrast=1.0, depth=-3.0, flipHoriz=False, flipVert=False, font='Open Sans', fontFiles=[], height=0.08, italic=False, languageStyle='LTR', name='displaystressrating_text', opacity=1.0, ori=0.0, pos=array([ 0.  , -0.65]), rgb=UNKNOWN, text='', units='norm', win=Window(...), wrapWidth=1)
10.6353 	WARNING 	t of last frame was 1423.13ms (=1/0)
10.6353 	EXP 	slider: autoLog = True
10.6353 	EXP 	slider: markerPos = 999
10.6353 	EXP 	slider: styleTweaks = []
10.6353 	EXP 	slider: styleTweaks = []
10.6353 	EXP 	slider: styleTweaks = ['labels45', 'triangleMarker']
10.6353 	EXP 	slider: styleTweaks = ['labels45', 'triangleMarker']
10.6353 	EXP 	slider: contrast = 1.0
10.6353 	EXP 	slider: autoLog = True
10.6353 	EXP 	slider: autoLog = True
10.6353 	EXP 	slider: markerPos = 999
10.6353 	EXP 	slider: styleTweaks = []
10.6353 	EXP 	slider: styleTweaks = []
10.6353 	EXP 	slider: styleTweaks = ['labels45', 'triangleMarker']
10.6353 	EXP 	slider: styleTweaks = ['labels45', 'triangleMarker']
10.6353 	EXP 	slider: contrast = 1.0
10.6353 	EXP 	slider: autoLog = True
10.6353 	EXP 	Welcome: autoDraw = True
11.9131 	DATA 	Keypress: space
11.9164 	EXP 	Welcome: autoDraw = False
11.9164 	EXP 	FirstInstructions: autoDraw = True
13.1215 	EXP 	Imported /Users/melanieruiz/Desktop/WTP_SM_Choice/Participant_Images/101/101_trials.csv as conditions, 150 conditions, 6 params
13.1224 	EXP 	Created sequence: sequential, trialTypes=150, nReps=1, seed=None
13.1226 	EXP 	New trial (rep=0, index=0): OrderedDict([('TrialNumber', 1), ('Partner', 'Alex'), ('Condition', 'Neutral'), ('Photos', 'Participant_Images/101/101_Images/101_Image_24.jpg'), ('Feedback', 'did not like'), ('FeedbackWait', 3.613205605)])
13.1303 	DATA 	Keypress: space
13.1331 	WARNING 	t of last frame was 24.10ms (=1/41)
13.1331 	EXP 	FirstInstructions: autoDraw = False
13.1331 	EXP 	Match_text: autoDraw = True
16.1181 	EXP 	syncing_text: autoDraw = True
16.1181 	EXP 	text_0: autoDraw = True
16.1181 	EXP 	Transparent: autoDraw = True
16.1237 	EXP 	Match_text: autoDraw = False
17.3674 	EXP 	text_0: autoDraw = False
17.3674 	EXP 	Loading_25: autoDraw = True
17.3674 	EXP 	text_25: autoDraw = True
18.6175 	EXP 	Loading_25: autoDraw = False
18.6175 	EXP 	text_25: autoDraw = False
18.6237 	EXP 	Loading_50: autoDraw = True
18.6237 	EXP 	text_50: autoDraw = True
19.0814 	WARNING 	t of last frame was 27.53ms (=1/36)
19.8759 	EXP 	Loading_50: autoDraw = False
19.8759 	EXP 	text_50: autoDraw = False
19.8759 	EXP 	Loading_75: autoDraw = True
19.8759 	EXP 	text_75: autoDraw = True
21.0224 	WARNING 	t of last frame was 21.39ms (=1/46)
21.1145 	EXP 	Loading_75: autoDraw = False
21.1145 	EXP 	text_75: autoDraw = False
21.1145 	EXP 	Loading_100: autoDraw = True
21.1145 	EXP 	text_100: autoDraw = True
22.3601 	EXP 	Loading_100: autoDraw = False
22.3601 	EXP 	text_100: autoDraw = False
22.3859 	WARNING 	Multiple dropped frames have occurred - I'll stop bothering you about them!
22.3859 	EXP 	syncing_text: autoDraw = False
22.3859 	EXP 	Transparent: autoDraw = False
22.3859 	EXP 	Match_text: autoDraw = False
22.3859 	EXP 	syncing_text: autoDraw = False
22.3859 	EXP 	text_0: autoDraw = False
22.3859 	EXP 	Transparent: autoDraw = False
22.3859 	EXP 	Loading_25: autoDraw = False
22.3859 	EXP 	text_25: autoDraw = False
22.3859 	EXP 	Loading_50: autoDraw = False
22.3859 	EXP 	text_50: autoDraw = False
22.3859 	EXP 	Loading_75: autoDraw = False
22.3859 	EXP 	text_75: autoDraw = False
22.3859 	EXP 	Loading_100: autoDraw = False
22.3859 	EXP 	text_100: autoDraw = False
22.3859 	EXP 	Youhavematched: height = 0.08
22.3859 	EXP 	Youhavematched: height = 0.08
22.3859 	EXP 	Youhavematched: height = 0.08
22.3859 	EXP 	Youhavematched: text = 'You have matched with: Alex'
22.3859 	EXP 	partneremoji_image: image = 'Images/cowboyemoji.png'
22.3859 	EXP 	Youhavematched: autoDraw = True
22.3859 	EXP 	partneremoji_image: autoDraw = True
22.3859 	EXP 	PressToContinue: autoDraw = True
23.5817 	DATA 	Keypress: rcommand
25.5833 	DATA 	Keypress: space
25.5877 	EXP 	Youhavematched: autoDraw = False
25.5877 	EXP 	partneremoji_image: autoDraw = False
25.5877 	EXP 	PressToContinue: autoDraw = False
25.5877 	EXP 	participantimage_image: image = 'Participant_Images/101/101_Images/101_Image_24.jpg'
25.5877 	EXP 	photobeingshared_text: autoDraw = True
25.5877 	EXP 	waitforfeedback_text: autoDraw = True
25.5877 	EXP 	participantimage_image: autoDraw = True
28.3291 	EXP 	photobeingshared_text: autoDraw = False
28.3291 	EXP 	waitforfeedback_text: autoDraw = False
28.3291 	EXP 	participantimage_image: autoDraw = False
28.3291 	EXP 	waiting_text: autoDraw = True
29.5480 	DATA 	Keypress: space
33.3284 	EXP 	waiting_text: autoDraw = False
33.3284 	EXP 	waiting_text: autoDraw = False
33.3284 	EXP 	displayfeedback_text: height = 0.12
33.3284 	EXP 	displayfeedback_text: height = 0.12
33.3284 	EXP 	displayfeedback_text: height = 0.12
33.3284 	EXP 	displayfeedback_text: text = 'Alex did not like your photo'
33.3284 	EXP 	fdbkimage_image: image = 'Images/thumbsdown.png'
33.3284 	EXP 	displayfeedback_text: autoDraw = True
33.3284 	EXP 	fdbkimage_image: autoDraw = True
34.3985 	DATA 	Keypress: space
36.3256 	EXP 	displayfeedback_text: autoDraw = False
36.3256 	EXP 	fdbkimage_image: autoDraw = False
36.3256 	EXP 	displayfeedback_text: autoDraw = False
36.3256 	EXP 	fdbkimage_image: autoDraw = False
36.3256 	EXP 	presstosharenextphoto_text: autoDraw = True
37.5770 	EXP 	Created sequence: random, trialTypes=1, nReps=0, seed=None
37.5782 	DATA 	Keypress: space
37.6092 	EXP 	New trial (rep=0, index=1): OrderedDict([('TrialNumber', 2), ('Partner', 'Alex'), ('Condition', 'Neutral'), ('Photos', 'Participant_Images/101/101_Images/101_Image_9.jpg'), ('Feedback', 'did not like'), ('FeedbackWait', 4.988446431)])
37.8318 	EXP 	presstosharenextphoto_text: autoDraw = False
37.8318 	EXP 	slider: markerPos = 3
37.8318 	EXP 	saliencequestion_text: height = 0.06
37.8318 	EXP 	saliencequestion_text: height = 0.06
37.8318 	EXP 	saliencequestion_text: height = 0.06
37.8318 	EXP 	saliencequestion_text: text = 'How likely are you to share photos with Alex in the future? \n\n Use your left and right arrows to move the arrow to your desired rating.'
37.8318 	EXP 	salienceavatar_image: image = 'Images/cowboyemoji.png'
37.8318 	EXP 	displayrating_text: text = ''
37.8318 	EXP 	saliencequestion_text: autoDraw = False
37.8318 	EXP 	salienceavatar_image: autoDraw = False
37.8318 	EXP 	saliencecontinue_text: autoDraw = False
37.8318 	EXP 	displayrating_text: autoDraw = False
37.8318 	EXP 	slider: markerPos = 5
37.8318 	EXP 	stresslevel_text: height = 0.08
37.8318 	EXP 	stresslevel_text: height = 0.08
37.8318 	EXP 	stresslevel_text: height = 0.08
37.8318 	EXP 	stresslevel_text: text = 'Please rate your current stress level. \n\n\n Use your mouse or left and right arrows to move the arrow to your desired rating.'
37.8318 	EXP 	displaystressrating_text: text = ''
37.8318 	EXP 	stresslevel_text: autoDraw = False
37.8318 	EXP 	displaystressrating_text: autoDraw = False
37.8318 	EXP 	Match_text: autoDraw = False
37.8318 	EXP 	syncing_text: autoDraw = False
37.8318 	EXP 	text_0: autoDraw = False
37.8318 	EXP 	Transparent: autoDraw = False
37.8318 	EXP 	Loading_25: autoDraw = False
37.8318 	EXP 	text_25: autoDraw = False
37.8318 	EXP 	Loading_50: autoDraw = False
37.8318 	EXP 	text_50: autoDraw = False
37.8318 	EXP 	Loading_75: autoDraw = False
37.8318 	EXP 	text_75: autoDraw = False
37.8318 	EXP 	Loading_100: autoDraw = False
37.8318 	EXP 	text_100: autoDraw = False
37.8318 	EXP 	Youhavematched: text = 'You have matched with: Alex'
37.8318 	EXP 	partneremoji_image: image = 'Images/cowboyemoji.png'
37.8318 	EXP 	Youhavematched: autoDraw = False
37.8318 	EXP 	partneremoji_image: autoDraw = False
37.8318 	EXP 	PressToContinue: autoDraw = False
37.8318 	EXP 	participantimage_image: image = 'Participant_Images/101/101_Images/101_Image_9.jpg'
37.8318 	EXP 	photobeingshared_text: autoDraw = True
37.8318 	EXP 	waitforfeedback_text: autoDraw = True
37.8318 	EXP 	participantimage_image: autoDraw = True
40.6258 	EXP 	photobeingshared_text: autoDraw = False
40.6258 	EXP 	waitforfeedback_text: autoDraw = False
40.6258 	EXP 	participantimage_image: autoDraw = False
40.6258 	EXP 	waiting_text: autoDraw = True
44.3143 	DATA 	Keypress: space
44.6441 	DATA 	Keypress: space
45.6275 	EXP 	waiting_text: autoDraw = False
45.6275 	EXP 	displayfeedback_text: text = 'Alex did not like your photo'
45.6275 	EXP 	fdbkimage_image: image = 'Images/thumbsdown.png'
45.6275 	EXP 	displayfeedback_text: autoDraw = True
45.6275 	EXP 	fdbkimage_image: autoDraw = True
48.6258 	EXP 	displayfeedback_text: autoDraw = False
48.6258 	EXP 	fdbkimage_image: autoDraw = False
48.6258 	EXP 	displayfeedback_text: autoDraw = False
48.6258 	EXP 	fdbkimage_image: autoDraw = False
48.6258 	EXP 	presstosharenextphoto_text: autoDraw = True
50.2268 	EXP 	Created sequence: random, trialTypes=1, nReps=0, seed=None
50.2279 	DATA 	Keypress: space
50.2363 	EXP 	New trial (rep=0, index=2): OrderedDict([('TrialNumber', 3), ('Partner', 'Alex'), ('Condition', 'Neutral'), ('Photos', 'Participant_Images/101/101_Images/101_Image_4.jpg'), ('Feedback', 'liked'), ('FeedbackWait', 3.470791822)])
50.4147 	EXP 	presstosharenextphoto_text: autoDraw = False
50.4147 	EXP 	slider: markerPos = 3
50.4147 	EXP 	saliencequestion_text: text = 'How likely are you to share photos with Alex in the future? \n\n Use your left and right arrows to move the arrow to your desired rating.'
50.4147 	EXP 	salienceavatar_image: image = 'Images/cowboyemoji.png'
50.4147 	EXP 	displayrating_text: text = ''
50.4147 	EXP 	saliencequestion_text: autoDraw = False
50.4147 	EXP 	salienceavatar_image: autoDraw = False
50.4147 	EXP 	saliencecontinue_text: autoDraw = False
50.4147 	EXP 	displayrating_text: autoDraw = False
50.4147 	EXP 	slider: markerPos = 5
50.4147 	EXP 	stresslevel_text: text = 'Please rate your current stress level. \n\n\n Use your mouse or left and right arrows to move the arrow to your desired rating.'
50.4147 	EXP 	displaystressrating_text: text = ''
50.4147 	EXP 	stresslevel_text: autoDraw = False
50.4147 	EXP 	displaystressrating_text: autoDraw = False
50.4147 	EXP 	Match_text: autoDraw = False
50.4147 	EXP 	syncing_text: autoDraw = False
50.4147 	EXP 	text_0: autoDraw = False
50.4147 	EXP 	Transparent: autoDraw = False
50.4147 	EXP 	Loading_25: autoDraw = False
50.4147 	EXP 	text_25: autoDraw = False
50.4147 	EXP 	Loading_50: autoDraw = False
50.4147 	EXP 	text_50: autoDraw = False
50.4147 	EXP 	Loading_75: autoDraw = False
50.4147 	EXP 	text_75: autoDraw = False
50.4147 	EXP 	Loading_100: autoDraw = False
50.4147 	EXP 	text_100: autoDraw = False
50.4147 	EXP 	Youhavematched: text = 'You have matched with: Alex'
50.4147 	EXP 	partneremoji_image: image = 'Images/cowboyemoji.png'
50.4147 	EXP 	Youhavematched: autoDraw = False
50.4147 	EXP 	partneremoji_image: autoDraw = False
50.4147 	EXP 	PressToContinue: autoDraw = False
50.4147 	EXP 	participantimage_image: image = 'Participant_Images/101/101_Images/101_Image_4.jpg'
50.4147 	EXP 	photobeingshared_text: autoDraw = True
50.4147 	EXP 	waitforfeedback_text: autoDraw = True
50.4147 	EXP 	participantimage_image: autoDraw = True
53.2460 	EXP 	photobeingshared_text: autoDraw = False
53.2460 	EXP 	waitforfeedback_text: autoDraw = False
53.2460 	EXP 	participantimage_image: autoDraw = False
53.2460 	EXP 	waiting_text: autoDraw = True
58.2392 	EXP 	waiting_text: autoDraw = False
58.2392 	EXP 	waiting_text: autoDraw = False
58.2392 	EXP 	displayfeedback_text: height = 0.12
58.2392 	EXP 	displayfeedback_text: height = 0.12
58.2392 	EXP 	displayfeedback_text: height = 0.12
58.2392 	EXP 	displayfeedback_text: text = 'Alex liked your photo'
58.2392 	EXP 	fdbkimage_image: image = 'Images/thumbsup.png'
58.2392 	EXP 	displayfeedback_text: autoDraw = True
58.2392 	EXP 	fdbkimage_image: autoDraw = True
61.2297 	EXP 	displayfeedback_text: autoDraw = False
61.2297 	EXP 	fdbkimage_image: autoDraw = False
61.2297 	EXP 	displayfeedback_text: autoDraw = False
61.2297 	EXP 	fdbkimage_image: autoDraw = False
61.2297 	EXP 	presstosharenextphoto_text: autoDraw = True
62.2320 	EXP 	Created sequence: random, trialTypes=1, nReps=0, seed=None
62.2337 	DATA 	Keypress: space
62.2453 	EXP 	New trial (rep=0, index=3): OrderedDict([('TrialNumber', 4), ('Partner', 'Alex'), ('Condition', 'Neutral'), ('Photos', 'Participant_Images/101/101_Images/101_Image_1.jpg'), ('Feedback', 'liked'), ('FeedbackWait', 3.820572462)])
62.3879 	EXP 	presstosharenextphoto_text: autoDraw = False
62.3879 	EXP 	slider: markerPos = 3
62.3879 	EXP 	saliencequestion_text: text = 'How likely are you to share photos with Alex in the future? \n\n Use your left and right arrows to move the arrow to your desired rating.'
62.3879 	EXP 	salienceavatar_image: image = 'Images/cowboyemoji.png'
62.3879 	EXP 	displayrating_text: text = ''
62.3879 	EXP 	saliencequestion_text: autoDraw = False
62.3879 	EXP 	salienceavatar_image: autoDraw = False
62.3879 	EXP 	saliencecontinue_text: autoDraw = False
62.3879 	EXP 	displayrating_text: autoDraw = False
62.3879 	EXP 	slider: markerPos = 5
62.3879 	EXP 	stresslevel_text: text = 'Please rate your current stress level. \n\n\n Use your mouse or left and right arrows to move the arrow to your desired rating.'
62.3879 	EXP 	displaystressrating_text: text = ''
62.3879 	EXP 	stresslevel_text: autoDraw = False
62.3879 	EXP 	displaystressrating_text: autoDraw = False
62.3879 	EXP 	Match_text: autoDraw = False
62.3879 	EXP 	syncing_text: autoDraw = False
62.3879 	EXP 	text_0: autoDraw = False
62.3879 	EXP 	Transparent: autoDraw = False
62.3879 	EXP 	Loading_25: autoDraw = False
62.3879 	EXP 	text_25: autoDraw = False
62.3879 	EXP 	Loading_50: autoDraw = False
62.3879 	EXP 	text_50: autoDraw = False
62.3879 	EXP 	Loading_75: autoDraw = False
62.3879 	EXP 	text_75: autoDraw = False
62.3879 	EXP 	Loading_100: autoDraw = False
62.3879 	EXP 	text_100: autoDraw = False
62.3879 	EXP 	Youhavematched: text = 'You have matched with: Alex'
62.3879 	EXP 	partneremoji_image: image = 'Images/cowboyemoji.png'
62.3879 	EXP 	Youhavematched: autoDraw = False
62.3879 	EXP 	partneremoji_image: autoDraw = False
62.3879 	EXP 	PressToContinue: autoDraw = False
62.3879 	EXP 	participantimage_image: image = 'Participant_Images/101/101_Images/101_Image_1.jpg'
62.3879 	EXP 	photobeingshared_text: autoDraw = True
62.3879 	EXP 	waitforfeedback_text: autoDraw = True
62.3879 	EXP 	participantimage_image: autoDraw = True
63.4873 	DATA 	Keypress: space
65.2643 	EXP 	photobeingshared_text: autoDraw = False
65.2643 	EXP 	waitforfeedback_text: autoDraw = False
65.2643 	EXP 	participantimage_image: autoDraw = False
65.2643 	EXP 	waiting_text: autoDraw = True
70.2703 	EXP 	waiting_text: autoDraw = False
70.2703 	EXP 	displayfeedback_text: text = 'Alex liked your photo'
70.2703 	EXP 	fdbkimage_image: image = 'Images/thumbsup.png'
70.2703 	EXP 	displayfeedback_text: autoDraw = True
70.2703 	EXP 	fdbkimage_image: autoDraw = True
73.2706 	EXP 	displayfeedback_text: autoDraw = False
73.2706 	EXP 	fdbkimage_image: autoDraw = False
73.2706 	EXP 	presstosharenextphoto_text: autoDraw = True
74.6651 	EXP 	Created sequence: random, trialTypes=1, nReps=0, seed=None
74.6734 	DATA 	Keypress: space
74.6759 	EXP 	New trial (rep=0, index=4): OrderedDict([('TrialNumber', 5), ('Partner', 'Alex'), ('Condition', 'Neutral'), ('Photos', 'Participant_Images/101/101_Images/101_Image_3.jpg'), ('Feedback', 'liked'), ('FeedbackWait', 2.455989137)])
74.8618 	EXP 	presstosharenextphoto_text: autoDraw = False
74.8618 	EXP 	slider: markerPos = 3
74.8618 	EXP 	saliencequestion_text: text = 'How likely are you to share photos with Alex in the future? \n\n Use your left and right arrows to move the arrow to your desired rating.'
74.8618 	EXP 	salienceavatar_image: image = 'Images/cowboyemoji.png'
74.8618 	EXP 	displayrating_text: text = ''
74.8618 	EXP 	saliencequestion_text: autoDraw = False
74.8618 	EXP 	salienceavatar_image: autoDraw = False
74.8618 	EXP 	saliencecontinue_text: autoDraw = False
74.8618 	EXP 	displayrating_text: autoDraw = False
74.8618 	EXP 	slider: markerPos = 5
74.8618 	EXP 	stresslevel_text: text = 'Please rate your current stress level. \n\n\n Use your mouse or left and right arrows to move the arrow to your desired rating.'
74.8618 	EXP 	displaystressrating_text: text = ''
74.8618 	EXP 	stresslevel_text: autoDraw = False
74.8618 	EXP 	displaystressrating_text: autoDraw = False
74.8618 	EXP 	Match_text: autoDraw = False
74.8618 	EXP 	syncing_text: autoDraw = False
74.8618 	EXP 	text_0: autoDraw = False
74.8618 	EXP 	Transparent: autoDraw = False
74.8618 	EXP 	Loading_25: autoDraw = False
74.8618 	EXP 	text_25: autoDraw = False
74.8618 	EXP 	Loading_50: autoDraw = False
74.8618 	EXP 	text_50: autoDraw = False
74.8618 	EXP 	Loading_75: autoDraw = False
74.8618 	EXP 	text_75: autoDraw = False
74.8618 	EXP 	Loading_100: autoDraw = False
74.8618 	EXP 	text_100: autoDraw = False
74.8618 	EXP 	Youhavematched: text = 'You have matched with: Alex'
74.8618 	EXP 	partneremoji_image: image = 'Images/cowboyemoji.png'
74.8618 	EXP 	Youhavematched: autoDraw = False
74.8618 	EXP 	partneremoji_image: autoDraw = False
74.8618 	EXP 	PressToContinue: autoDraw = False
74.8618 	EXP 	participantimage_image: image = 'Participant_Images/101/101_Images/101_Image_3.jpg'
74.8618 	EXP 	photobeingshared_text: autoDraw = True
74.8618 	EXP 	waitforfeedback_text: autoDraw = True
74.8618 	EXP 	participantimage_image: autoDraw = True
77.7089 	EXP 	photobeingshared_text: autoDraw = False
77.7089 	EXP 	waitforfeedback_text: autoDraw = False
77.7089 	EXP 	participantimage_image: autoDraw = False
77.7089 	EXP 	waiting_text: autoDraw = True
82.6907 	EXP 	waiting_text: autoDraw = False
82.6907 	EXP 	displayfeedback_text: text = 'Alex liked your photo'
82.6907 	EXP 	fdbkimage_image: image = 'Images/thumbsup.png'
82.6907 	EXP 	displayfeedback_text: autoDraw = True
82.6907 	EXP 	fdbkimage_image: autoDraw = True
85.6793 	EXP 	Created sequence: random, trialTypes=1, nReps=1, seed=None
85.6796 	EXP 	New trial (rep=0, index=0): None
85.6857 	EXP 	displayfeedback_text: autoDraw = False
85.6857 	EXP 	fdbkimage_image: autoDraw = False
85.6857 	EXP 	displayfeedback_text: autoDraw = False
85.6857 	EXP 	fdbkimage_image: autoDraw = False
85.6857 	EXP 	presstosharenextphoto_text: autoDraw = False
85.6857 	EXP 	WTP_ins_text1: autoDraw = True
88.0003 	DATA 	Keypress: space
88.0065 	EXP 	WTP_ins_text1: autoDraw = False
88.0065 	EXP 	WTP_ins_text2: autoDraw = True
88.5359 	EXP 	Imported /Users/melanieruiz/Desktop/WTP_SM_Choice/Participant_Images/101/101_WTP.xlsx as conditions, 5 conditions, 10 params
88.5363 	EXP 	Created sequence: sequential, trialTypes=5, nReps=1, seed=None
88.5366 	EXP 	New trial (rep=0, index=0): {'social_left': 0, 'Left_Exp': 'Rearranging furniture in your house', 'Right_Exp': 'Going to a carnival with friends', 'ITI': 4, 'leftmoney': 0.01, 'rightmoney': 0.01, 'greenText': 'green', 'left_more_than_right': 0, 'matching_prices': 1, 'social_worthmore': 1}
88.5571 	DATA 	Keypress: space
88.5597 	EXP 	WTP_ins_text2: autoDraw = False
88.5597 	EXP 	Left_Experience: height = 0.05
88.5597 	EXP 	Left_Experience: height = 0.05
88.5597 	EXP 	Left_Experience: height = 0.05
88.5597 	EXP 	Left_Experience: text = 'Rearranging furniture in your house'
88.5597 	EXP 	Right_Experience: height = 0.05
88.5597 	EXP 	Right_Experience: height = 0.05
88.5597 	EXP 	Right_Experience: height = 0.05
88.5597 	EXP 	Right_Experience: text = 'Going to a carnival with friends'
88.5597 	EXP 	Left_Price: height = 0.05
88.5597 	EXP 	Left_Price: height = 0.05
88.5597 	EXP 	Left_Price: height = 0.05
88.5597 	EXP 	Left_Price: text = 0.01
88.5597 	EXP 	Right_Price: height = 0.05
88.5597 	EXP 	Right_Price: height = 0.05
88.5597 	EXP 	Right_Price: height = 0.05
88.5597 	EXP 	Right_Price: text = 0.01
88.5597 	EXP 	Left_Experience: autoDraw = True
88.5597 	EXP 	Right_Experience: autoDraw = True
88.5597 	EXP 	Left_Price: autoDraw = True
88.5597 	EXP 	Right_Price: autoDraw = True
89.6795 	DATA 	Keypress: 1
89.6821 	EXP 	Left_Experience: autoDraw = False
89.6821 	EXP 	Right_Experience: autoDraw = False
89.6821 	EXP 	Left_Price: autoDraw = False
89.6821 	EXP 	Right_Price: autoDraw = False
89.6821 	EXP 	ITI_text: height = 0.05
89.6821 	EXP 	ITI_text: height = 0.05
89.6821 	EXP 	ITI_text: height = 0.05
89.6821 	EXP 	ITI_text: text = '+'
98.5479 	EXP 	ITI_text: autoDraw = True
102.5332 	EXP 	New trial (rep=0, index=1): {'social_left': 0, 'Left_Exp': 'Watching a new episode of a television show', 'Right_Exp': 'Having a picnic with family', 'ITI': 5, 'leftmoney': 0.02, 'rightmoney': 0.01, 'greenText': 'green', 'left_more_than_right': 1, 'matching_prices': 0, 'social_worthmore': 0}
102.5504 	EXP 	ITI_text: autoDraw = False
102.5504 	EXP 	ITI_text: autoDraw = False
102.5504 	EXP 	Left_Experience: height = 0.05
102.5504 	EXP 	Left_Experience: height = 0.05
102.5504 	EXP 	Left_Experience: height = 0.05
102.5504 	EXP 	Left_Experience: text = 'Watching a new episode of a television show'
102.5504 	EXP 	Right_Experience: height = 0.05
102.5504 	EXP 	Right_Experience: height = 0.05
102.5504 	EXP 	Right_Experience: height = 0.05
102.5504 	EXP 	Right_Experience: text = 'Having a picnic with family'
102.5504 	EXP 	Left_Price: height = 0.05
102.5504 	EXP 	Left_Price: height = 0.05
102.5504 	EXP 	Left_Price: height = 0.05
102.5504 	EXP 	Left_Price: text = 0.02
102.5504 	EXP 	Right_Price: height = 0.05
102.5504 	EXP 	Right_Price: height = 0.05
102.5504 	EXP 	Right_Price: height = 0.05
102.5504 	EXP 	Right_Price: text = 0.01
102.5504 	EXP 	Left_Experience: autoDraw = True
102.5504 	EXP 	Right_Experience: autoDraw = True
102.5504 	EXP 	Left_Price: autoDraw = True
102.5504 	EXP 	Right_Price: autoDraw = True
103.8471 	EXP 	Left_Experience: autoDraw = False
103.8471 	EXP 	Right_Experience: autoDraw = False
103.8471 	EXP 	Left_Price: autoDraw = False
103.8471 	EXP 	Right_Price: autoDraw = False
103.8471 	EXP 	ITI_text: text = '+'
103.8488 	DATA 	Keypress: 2
112.5372 	EXP 	ITI_text: autoDraw = True
117.5262 	EXP 	New trial (rep=0, index=2): {'social_left': 0, 'Left_Exp': 'Painting your bedroom\na new color', 'Right_Exp': 'Having a romantic dinner with a significant other', 'ITI': 6, 'leftmoney': 0.03, 'rightmoney': 0.01, 'greenText': 'green', 'left_more_than_right': 1, 'matching_prices': 0, 'social_worthmore': 0}
117.5423 	EXP 	ITI_text: autoDraw = False
117.5423 	EXP 	ITI_text: autoDraw = False
117.5423 	EXP 	Left_Experience: height = 0.05
117.5423 	EXP 	Left_Experience: height = 0.05
117.5423 	EXP 	Left_Experience: height = 0.05
117.5423 	EXP 	Left_Experience: text = 'Painting your bedroom\na new color'
117.5423 	EXP 	Right_Experience: height = 0.05
117.5423 	EXP 	Right_Experience: height = 0.05
117.5423 	EXP 	Right_Experience: height = 0.05
117.5423 	EXP 	Right_Experience: text = 'Having a romantic dinner with a significant other'
117.5423 	EXP 	Left_Price: height = 0.05
117.5423 	EXP 	Left_Price: height = 0.05
117.5423 	EXP 	Left_Price: height = 0.05
117.5423 	EXP 	Left_Price: text = 0.03
117.5423 	EXP 	Right_Price: height = 0.05
117.5423 	EXP 	Right_Price: height = 0.05
117.5423 	EXP 	Right_Price: height = 0.05
117.5423 	EXP 	Right_Price: text = 0.01
117.5423 	EXP 	Left_Experience: autoDraw = True
117.5423 	EXP 	Right_Experience: autoDraw = True
117.5423 	EXP 	Left_Price: autoDraw = True
117.5423 	EXP 	Right_Price: autoDraw = True
118.2287 	EXP 	Left_Experience: autoDraw = False
118.2287 	EXP 	Right_Experience: autoDraw = False
118.2287 	EXP 	Left_Price: autoDraw = False
118.2287 	EXP 	Right_Price: autoDraw = False
118.2287 	EXP 	ITI_text: text = '+'
118.2299 	DATA 	Keypress: 1
127.5285 	EXP 	ITI_text: autoDraw = True
128.9329 	DATA 	Keypress: escape
129.1723 	EXP 	window1: mouseVisible = True
