1.5126 	WARNING 	We strongly recommend you activate the PTB sound engine in PsychoPy prefs as the preferred audio engine. Its timing is vastly superior. Your prefs are currently set to use ['sounddevice', 'PTB', 'pyo', 'pygame'] (in that order).
5.6474 	WARNING 	User requested fullscreen with size [1440  900], but screen is actually [1512, 982]. Using actual size
7.0396 	WARNING 	Couldn't measure a consistent frame rate!
  - Is your graphics card set to sync to vertical blank?
  - Are you running other processes on your computer?

7.0407 	EXP 	Created window1 = Window(allowGUI=True, allowStencil=False, autoLog=True, backendConf=UNKNOWN, bitsMode=UNKNOWN, blendMode='avg', bpc=(8, 8, 8), color=array([-1., -1., -1.]), colorSpace='rgb', depthBits=8, fullscr=<method-wrapper '__getattribute__' of attributeSetter object at 0x7f79da298d30>, gamma=None, gammaErrorPolicy='raise', lms=UNKNOWN, monitor=<psychopy.monitors.calibTools.Monitor object at 0x7f79ae04e490>, multiSample=False, name='window1', numSamples=2, pos=[378.0, 245.5], screen=0, size=array([3024, 1964]), stencilBits=0, stereo=False, units='norm', useFBO=True, useRetina=True, viewOri=0.0, viewPos=None, viewScale=None, waitBlanking=True, winType='pyglet')
7.0410 	EXP 	window1: mouseVisible = True
7.0411 	EXP 	window1: mouseVisible = True
7.0411 	EXP 	window1: Attempting to measure frame rate of screen (0) ...
7.0411 	EXP 	window1: recordFrameIntervals = False
7.1699 	EXP 	window1: recordFrameIntervals = True
7.2120 	WARNING 	t of last frame was 21.07ms (=1/47)
7.4784 	WARNING 	t of last frame was 20.27ms (=1/49)
7.6996 	WARNING 	t of last frame was 21.26ms (=1/47)
7.9661 	WARNING 	t of last frame was 20.68ms (=1/48)
8.3501 	WARNING 	Multiple dropped frames have occurred - I'll stop bothering you about them!
8.4525 	WARNING 	Couldn't measure a consistent frame rate!
  - Is your graphics card set to sync to vertical blank?
  - Are you running other processes on your computer?

8.8460 	EXP 	Created Welcome = TextStim(__class__=<class 'psychopy.visual.text.TextStim'>, alignHoriz=method-wrapper(...), alignText='center', alignVert=method-wrapper(...), anchorHoriz='center', anchorVert='center', antialias=True, autoDraw=False, autoLog=True, bold=False, color=array([1., 1., 1.]), colorSpace='rgb', contrast=1.0, depth=0.0, flipHoriz=False, flipVert=False, font='Open Sans', fontFiles=[], height=0.08, italic=False, languageStyle='LTR', name='Welcome', opacity=1.0, ori=0.0, pos=array([0., 0.]), rgb=UNKNOWN, text=str(...), units='norm', win=Window(...), wrapWidth=1)
8.9178 	EXP 	Created FirstInstructions = TextStim(__class__=<class 'psychopy.visual.text.TextStim'>, alignHoriz=method-wrapper(...), alignText='center', alignVert=method-wrapper(...), anchorHoriz='center', anchorVert='center', antialias=True, autoDraw=False, autoLog=True, bold=False, color=array([1., 1., 1.]), colorSpace='rgb', contrast=1.0, depth=0.0, flipHoriz=False, flipVert=False, font='Open Sans', fontFiles=[], height=0.08, italic=False, languageStyle='LTR', name='FirstInstructions', opacity=1.0, ori=0.0, pos=array([0., 0.]), rgb=UNKNOWN, text=str(...), units='norm', win=Window(...), wrapWidth=1)
8.9740 	EXP 	Created Match_text = TextStim(__class__=<class 'psychopy.visual.text.TextStim'>, alignHoriz=method-wrapper(...), alignText='center', alignVert=method-wrapper(...), anchorHoriz='center', anchorVert='center', antialias=True, autoDraw=False, autoLog=True, bold=False, color=array([1., 1., 1.]), colorSpace='rgb', contrast=1.0, depth=-1.0, flipHoriz=False, flipVert=False, font='Open Sans', fontFiles=[], height=0.08, italic=False, languageStyle='LTR', name='Match_text', opacity=1.0, ori=0.0, pos=array([0. , 0.3]), rgb=UNKNOWN, text=str(...), units='norm', win=Window(...), wrapWidth=1)
8.9793 	EXP 	Created syncing_text = TextStim(__class__=<class 'psychopy.visual.text.TextStim'>, alignHoriz=method-wrapper(...), alignText='center', alignVert=method-wrapper(...), anchorHoriz='center', anchorVert='center', antialias=True, autoDraw=False, autoLog=True, bold=False, color=array([1., 1., 1.]), colorSpace='rgb', contrast=1.0, depth=-2.0, flipHoriz=False, flipVert=False, font='Open Sans', fontFiles=[], height=0.12, italic=False, languageStyle='LTR', name='syncing_text', opacity=1.0, ori=0.0, pos=array([0. , 0.3]), rgb=UNKNOWN, text='Syncing…', units='norm', win=Window(...), wrapWidth=1)
8.9830 	EXP 	Created text_0 = TextStim(__class__=<class 'psychopy.visual.text.TextStim'>, alignHoriz=method-wrapper(...), alignText='center', alignVert=method-wrapper(...), anchorHoriz='center', anchorVert='center', antialias=True, autoDraw=False, autoLog=True, bold=False, color=array([1., 1., 1.]), colorSpace='rgb', contrast=1.0, depth=-3.0, flipHoriz=False, flipVert=False, font='Open Sans', fontFiles=[], height=0.1, italic=False, languageStyle='LTR', name='text_0', opacity=1.0, ori=0.0, pos=array([ 0. , -0.2]), rgb=UNKNOWN, text='0%', units='norm', win=Window(...), wrapWidth=1)
8.9857 	EXP 	Created Transparent = Rect(__class__=<class 'psychopy.visual.rect.Rect'>, anchor=('center', 'center'), autoDraw=False, autoLog=True, closeShape=True, color=method-wrapper(...), colorSpace='rgb', contrast=None, depth=-4.0, fillColor=array([0., 0., 0.]), fillColorSpace='rgb', fillRGB=array([0., 0., 0.]), interpolate=True, lineColor=array([1., 1., 1.]), lineColorSpace='rgb', lineRGB=array([1, 1, 1]), lineWidth=1.2, name='Transparent', opacity=1.0, ori=0.0, pos=array([0., 0.]), size=array([1. , 0.1]), units='norm', vertices=ndarray(...), win=Window(...))
8.9873 	EXP 	Created Loading_25 = Rect(__class__=<class 'psychopy.visual.rect.Rect'>, anchor=('center', 'center'), autoDraw=False, autoLog=True, closeShape=True, color=method-wrapper(...), colorSpace='rgb', contrast=None, depth=-5.0, fillColor=array([1, 1, 1]), fillColorSpace='rgb', fillRGB=array([1, 1, 1]), interpolate=True, lineColor=array([1., 1., 1.]), lineColorSpace='rgb', lineRGB=array([1, 1, 1]), lineWidth=1.0, name='Loading_25', opacity=1.0, ori=0.0, pos=array([-0.375,  0.   ]), size=array([0.25, 0.1 ]), units='norm', vertices=ndarray(...), win=Window(...))
8.9900 	EXP 	Created text_25 = TextStim(__class__=<class 'psychopy.visual.text.TextStim'>, alignHoriz=method-wrapper(...), alignText='center', alignVert=method-wrapper(...), anchorHoriz='center', anchorVert='center', antialias=True, autoDraw=False, autoLog=True, bold=False, color=array([1., 1., 1.]), colorSpace='rgb', contrast=1.0, depth=-6.0, flipHoriz=False, flipVert=False, font='Open Sans', fontFiles=[], height=0.1, italic=False, languageStyle='LTR', name='text_25', opacity=1.0, ori=0.0, pos=array([ 0. , -0.2]), rgb=UNKNOWN, text='25%', units='norm', win=Window(...), wrapWidth=1)
8.9914 	EXP 	Created Loading_50 = Rect(__class__=<class 'psychopy.visual.rect.Rect'>, anchor=('center', 'center'), autoDraw=False, autoLog=True, closeShape=True, color=method-wrapper(...), colorSpace='rgb', contrast=None, depth=-7.0, fillColor=array([1, 1, 1]), fillColorSpace='rgb', fillRGB=array([1, 1, 1]), interpolate=True, lineColor=array([1., 1., 1.]), lineColorSpace='rgb', lineRGB=array([1, 1, 1]), lineWidth=1.0, name='Loading_50', opacity=1.0, ori=0.0, pos=array([-0.25,  0.  ]), size=array([0.5, 0.1]), units='norm', vertices=ndarray(...), win=Window(...))
8.9934 	EXP 	Created text_50 = TextStim(__class__=<class 'psychopy.visual.text.TextStim'>, alignHoriz=method-wrapper(...), alignText='center', alignVert=method-wrapper(...), anchorHoriz='center', anchorVert='center', antialias=True, autoDraw=False, autoLog=True, bold=False, color=array([1., 1., 1.]), colorSpace='rgb', contrast=1.0, depth=-8.0, flipHoriz=False, flipVert=False, font='Open Sans', fontFiles=[], height=0.1, italic=False, languageStyle='LTR', name='text_50', opacity=1.0, ori=0.0, pos=array([ 0. , -0.2]), rgb=UNKNOWN, text='50%', units='norm', win=Window(...), wrapWidth=1)
8.9948 	EXP 	Created Loading_75 = Rect(__class__=<class 'psychopy.visual.rect.Rect'>, anchor=('center', 'center'), autoDraw=False, autoLog=True, closeShape=True, color=method-wrapper(...), colorSpace='rgb', contrast=None, depth=-9.0, fillColor=array([1, 1, 1]), fillColorSpace='rgb', fillRGB=array([1, 1, 1]), interpolate=True, lineColor=array([1., 1., 1.]), lineColorSpace='rgb', lineRGB=array([1, 1, 1]), lineWidth=1.0, name='Loading_75', opacity=1.0, ori=0.0, pos=array([-0.125,  0.   ]), size=array([0.75, 0.1 ]), units='norm', vertices=ndarray(...), win=Window(...))
8.9976 	EXP 	Created text_75 = TextStim(__class__=<class 'psychopy.visual.text.TextStim'>, alignHoriz=method-wrapper(...), alignText='center', alignVert=method-wrapper(...), anchorHoriz='center', anchorVert='center', antialias=True, autoDraw=False, autoLog=True, bold=False, color=array([1., 1., 1.]), colorSpace='rgb', contrast=1.0, depth=-10.0, flipHoriz=False, flipVert=False, font='Open Sans', fontFiles=[], height=0.1, italic=False, languageStyle='LTR', name='text_75', opacity=1.0, ori=0.0, pos=array([ 0. , -0.2]), rgb=UNKNOWN, text='75%', units='norm', win=Window(...), wrapWidth=1)
8.9990 	EXP 	Created Loading_100 = Rect(__class__=<class 'psychopy.visual.rect.Rect'>, anchor=('center', 'center'), autoDraw=False, autoLog=True, closeShape=True, color=method-wrapper(...), colorSpace='rgb', contrast=None, depth=-11.0, fillColor=array([1, 1, 1]), fillColorSpace='rgb', fillRGB=array([1, 1, 1]), interpolate=True, lineColor=array([1., 1., 1.]), lineColorSpace='rgb', lineRGB=array([1, 1, 1]), lineWidth=1.0, name='Loading_100', opacity=1.0, ori=0.0, pos=array([0., 0.]), size=array([1. , 0.1]), units='norm', vertices=ndarray(...), win=Window(...))
9.0016 	EXP 	Created text_100 = TextStim(__class__=<class 'psychopy.visual.text.TextStim'>, alignHoriz=method-wrapper(...), alignText='center', alignVert=method-wrapper(...), anchorHoriz='center', anchorVert='center', antialias=True, autoDraw=False, autoLog=True, bold=False, color=array([1., 1., 1.]), colorSpace='rgb', contrast=1.0, depth=-12.0, flipHoriz=False, flipVert=False, font='Open Sans', fontFiles=[], height=0.1, italic=False, languageStyle='LTR', name='text_100', opacity=1.0, ori=0.0, pos=array([ 0. , -0.2]), rgb=UNKNOWN, text='100%', units='norm', win=Window(...), wrapWidth=1)
9.0025 	EXP 	Created Youhavematched = TextStim(__class__=<class 'psychopy.visual.text.TextStim'>, alignHoriz=method-wrapper(...), alignText='center', alignVert=method-wrapper(...), anchorHoriz='center', anchorVert='center', antialias=True, autoDraw=False, autoLog=True, bold=False, color=array([1., 1., 1.]), colorSpace='rgb', contrast=1.0, depth=-1.0, flipHoriz=False, flipVert=False, font='Open Sans', fontFiles=[], height=0.08, italic=False, languageStyle='LTR', name='Youhavematched', opacity=1.0, ori=0.0, pos=array([0. , 0.6]), rgb=UNKNOWN, text='', units='norm', win=Window(...), wrapWidth=1)
9.0089 	EXP 	Created partneremoji_image = ImageStim(__class__=<class 'psychopy.visual.image.ImageStim'>, anchor=('center', 'center'), autoLog=True, color=array([1., 1., 1.]), colorSpace='rgb', contrast=1.0, depth=-2.0, flipHoriz=False, flipVert=False, image='sin', interpolate=True, mask=None, maskParams=None, name='partneremoji_image', opacity=1.0, ori=0.0, pos=array([0., 0.]), size=array([0.5 , 0.75]), texRes=128.0, units='norm', win=Window(...))
9.0730 	EXP 	Created PressToContinue = TextStim(__class__=<class 'psychopy.visual.text.TextStim'>, alignHoriz=method-wrapper(...), alignText='center', alignVert=method-wrapper(...), anchorHoriz='center', anchorVert='center', antialias=True, autoDraw=False, autoLog=True, bold=False, color=array([1., 1., 1.]), colorSpace='rgb', contrast=1.0, depth=-4.0, flipHoriz=False, flipVert=False, font='Open Sans', fontFiles=[], height=0.08, italic=False, languageStyle='LTR', name='PressToContinue', opacity=1.0, ori=0.0, pos=array([ 0. , -0.6]), rgb=UNKNOWN, text='Press space to continue.', units='norm', win=Window(...), wrapWidth=1)
9.0798 	EXP 	Created photobeingshared_text = TextStim(__class__=<class 'psychopy.visual.text.TextStim'>, alignHoriz=method-wrapper(...), alignText='center', alignVert=method-wrapper(...), anchorHoriz='center', anchorVert='center', antialias=True, autoDraw=False, autoLog=True, bold=False, color=array([1., 1., 1.]), colorSpace='rgb', contrast=1.0, depth=0.0, flipHoriz=False, flipVert=False, font='Open Sans', fontFiles=[], height=0.09, italic=False, languageStyle='LTR', name='photobeingshared_text', opacity=1.0, ori=0.0, pos=array([0. , 0.6]), rgb=UNKNOWN, text='This photo is now being shared', units='norm', win=Window(...), wrapWidth=1)
9.0866 	EXP 	Created waitforfeedback_text = TextStim(__class__=<class 'psychopy.visual.text.TextStim'>, alignHoriz=method-wrapper(...), alignText='center', alignVert=method-wrapper(...), anchorHoriz='center', anchorVert='center', antialias=True, autoDraw=False, autoLog=True, bold=False, color=array([1., 1., 1.]), colorSpace='rgb', contrast=1.0, depth=-1.0, flipHoriz=False, flipVert=False, font='Open Sans', fontFiles=[], height=0.09, italic=False, languageStyle='LTR', name='waitforfeedback_text', opacity=1.0, ori=0.0, pos=array([ 0. , -0.6]), rgb=UNKNOWN, text='Please wait for feedback.', units='norm', win=Window(...), wrapWidth=1)
9.0905 	EXP 	Created participantimage_image = ImageStim(__class__=<class 'psychopy.visual.image.ImageStim'>, anchor=('center', 'center'), autoLog=True, color=array([1., 1., 1.]), colorSpace='rgb', contrast=1.0, depth=-3.0, flipHoriz=False, flipVert=False, image='sin', interpolate=True, mask=None, maskParams=None, name='participantimage_image', opacity=1.0, ori=0.0, pos=array([0., 0.]), size=array([0.5 , 0.75]), texRes=128.0, units='norm', win=Window(...))
9.0957 	EXP 	Created waiting_text = TextStim(__class__=<class 'psychopy.visual.text.TextStim'>, alignHoriz=method-wrapper(...), alignText='center', alignVert=method-wrapper(...), anchorHoriz='center', anchorVert='center', antialias=True, autoDraw=False, autoLog=True, bold=False, color=array([1., 1., 1.]), colorSpace='rgb', contrast=1.0, depth=0.0, flipHoriz=False, flipVert=False, font='Open Sans', fontFiles=[], height=0.15, italic=False, languageStyle='LTR', name='waiting_text', opacity=1.0, ori=0.0, pos=array([0., 0.]), rgb=UNKNOWN, text='Waiting…', units='norm', win=Window(...), wrapWidth=1)
9.0967 	EXP 	Created displayfeedback_text = TextStim(__class__=<class 'psychopy.visual.text.TextStim'>, alignHoriz=method-wrapper(...), alignText='center', alignVert=method-wrapper(...), anchorHoriz='center', anchorVert='center', antialias=True, autoDraw=False, autoLog=True, bold=False, color=array([1., 1., 1.]), colorSpace='rgb', contrast=1.0, depth=0.0, flipHoriz=False, flipVert=False, font='Open Sans', fontFiles=[], height=0.12, italic=False, languageStyle='LTR', name='displayfeedback_text', opacity=1.0, ori=0.0, pos=array([0.  , 0.75]), rgb=UNKNOWN, text='', units='norm', win=Window(...), wrapWidth=1)
9.1002 	EXP 	Created fdbkimage_image = ImageStim(__class__=<class 'psychopy.visual.image.ImageStim'>, anchor=('center', 'center'), autoLog=True, color=array([1., 1., 1.]), colorSpace='rgb', contrast=1.0, depth=-1.0, flipHoriz=False, flipVert=False, image='sin', interpolate=True, mask=None, maskParams=None, name='fdbkimage_image', opacity=1.0, ori=0.0, pos=array([0., 0.]), size=array([0.75, 1.25]), texRes=128.0, units='norm', win=Window(...))
9.1049 	EXP 	Created presstosharenextphoto_text = TextStim(__class__=<class 'psychopy.visual.text.TextStim'>, alignHoriz=method-wrapper(...), alignText='center', alignVert=method-wrapper(...), anchorHoriz='center', anchorVert='center', antialias=True, autoDraw=False, autoLog=True, bold=False, color=array([1., 1., 1.]), colorSpace='rgb', contrast=1.0, depth=0.0, flipHoriz=False, flipVert=False, font='Open Sans', fontFiles=[], height=0.09, italic=False, languageStyle='LTR', name='presstosharenextphoto_text', opacity=1.0, ori=0.0, pos=array([0., 0.]), rgb=UNKNOWN, text='Press space to share your next photo.', units='norm', win=Window(...), wrapWidth=1)
9.1797 	EXP 	Created WTP_ins_text1 = TextStim(__class__=<class 'psychopy.visual.text.TextStim'>, alignHoriz=method-wrapper(...), alignText='center', alignVert=method-wrapper(...), anchorHoriz='center', anchorVert='center', antialias=True, autoDraw=False, autoLog=True, bold=False, color=array([1., 1., 1.]), colorSpace='rgb', contrast=1.0, depth=0.0, flipHoriz=False, flipVert=False, font='Open Sans', fontFiles=[], height=0.07, italic=False, languageStyle='LTR', name='WTP_ins_text1', opacity=1.0, ori=0.0, pos=array([0. , 0.3]), rgb=UNKNOWN, text=str(...), units='norm', win=Window(...), wrapWidth=1)
9.2518 	EXP 	Created WTP_ins_text2 = TextStim(__class__=<class 'psychopy.visual.text.TextStim'>, alignHoriz=method-wrapper(...), alignText='center', alignVert=method-wrapper(...), anchorHoriz='center', anchorVert='center', antialias=True, autoDraw=False, autoLog=True, bold=False, color=array([1., 1., 1.]), colorSpace='rgb', contrast=1.0, depth=0.0, flipHoriz=False, flipVert=False, font='Open Sans', fontFiles=[], height=0.05, italic=False, languageStyle='LTR', name='WTP_ins_text2', opacity=1.0, ori=0.0, pos=array([0., 0.]), rgb=UNKNOWN, text=str(...), units='norm', win=Window(...), wrapWidth=1)
9.3052 	EXP 	Created Left_Experience = TextStim(__class__=<class 'psychopy.visual.text.TextStim'>, alignHoriz=method-wrapper(...), alignText='center', alignVert=method-wrapper(...), anchorHoriz='center', anchorVert='center', antialias=True, autoDraw=False, autoLog=True, bold=False, color=array([1., 1., 1.]), colorSpace='rgb', contrast=1.0, depth=0.0, flipHoriz=False, flipVert=False, font='Open Sans', fontFiles=[], height=0.05, italic=False, languageStyle='LTR', name='Left_Experience', opacity=1.0, ori=0.0, pos=array([0.5, 0.1]), rgb=UNKNOWN, text='', units='norm', win=Window(...), wrapWidth=1)
9.3061 	EXP 	Created Right_Experience = TextStim(__class__=<class 'psychopy.visual.text.TextStim'>, alignHoriz=method-wrapper(...), alignText='center', alignVert=method-wrapper(...), anchorHoriz='center', anchorVert='center', antialias=True, autoDraw=False, autoLog=True, bold=False, color=array([1., 1., 1.]), colorSpace='rgb', contrast=1.0, depth=-1.0, flipHoriz=False, flipVert=False, font='Open Sans', fontFiles=[], height=0.05, italic=False, languageStyle='LTR', name='Right_Experience', opacity=1.0, ori=0.0, pos=array([-0.5,  0.1]), rgb=UNKNOWN, text='', units='norm', win=Window(...), wrapWidth=1)
9.3070 	EXP 	Created Left_Price = TextStim(__class__=<class 'psychopy.visual.text.TextStim'>, alignHoriz=method-wrapper(...), alignText='center', alignVert=method-wrapper(...), anchorHoriz='center', anchorVert='center', antialias=True, autoDraw=False, autoLog=True, bold=False, color=array([1., 1., 1.]), colorSpace='rgb', contrast=1.0, depth=-2.0, flipHoriz=False, flipVert=False, font='Open Sans', fontFiles=[], height=0.05, italic=False, languageStyle='LTR', name='Left_Price', opacity=1.0, ori=0.0, pos=array([ 0.5, -0.5]), rgb=UNKNOWN, text='', units='norm', win=Window(...), wrapWidth=1)
9.3080 	EXP 	Created Right_Price = TextStim(__class__=<class 'psychopy.visual.text.TextStim'>, alignHoriz=method-wrapper(...), alignText='center', alignVert=method-wrapper(...), anchorHoriz='center', anchorVert='center', antialias=True, autoDraw=False, autoLog=True, bold=False, color=array([1., 1., 1.]), colorSpace='rgb', contrast=1.0, depth=-3.0, flipHoriz=False, flipVert=False, font='Open Sans', fontFiles=[], height=0.05, italic=False, languageStyle='LTR', name='Right_Price', opacity=1.0, ori=0.0, pos=array([-0.5, -0.5]), rgb=UNKNOWN, text='', units='norm', win=Window(...), wrapWidth=1)
9.4126 	EXP 	Created Resume_Text = TextStim(__class__=<class 'psychopy.visual.text.TextStim'>, alignHoriz=method-wrapper(...), alignText='center', alignVert=method-wrapper(...), anchorHoriz='center', anchorVert='center', antialias=True, autoDraw=False, autoLog=True, bold=False, color=array([1., 1., 1.]), colorSpace='rgb', contrast=1.0, depth=-2.0, flipHoriz=False, flipVert=False, font='Open Sans', fontFiles=[], height=0.12, italic=False, languageStyle='LTR', name='Resume_Text', opacity=1.0, ori=0.0, pos=array([0., 0.]), rgb=UNKNOWN, text='', units='norm', win=Window(...), wrapWidth=1)
9.4287 	EXP 	window1: mouseVisible = True
9.4995 	EXP 	Created slider = Slider(__class__=<class 'psychopy.visual.slider.Slider'>, autoDraw=False, autoLog=True, borderColor=None, color=None, colorSpace='rgb', depth=-5, fillColor=None, flip=False, font='Open Sans', granularity=0.0, labelColor=None, labelHeight=0.05, labelWrapWidth=None, labels=(1, 2, 3, 4, 5), lineColor=None, markerColor=None, name='slider', opacity=None, ori=0.0, pos=array([ 0. , -0.4]), readOnly=False, self=UNKNOWN, size=array([1. , 0.1]), startValue=999, style='rating', styleTweaks=['labels45', 'triangleMarker'], ticks=array([1, 2, 3, 4, 5]), units='norm', win=Window(...))
9.5008 	EXP 	Created saliencequestion_text = TextStim(__class__=<class 'psychopy.visual.text.TextStim'>, alignHoriz=method-wrapper(...), alignText='center', alignVert=method-wrapper(...), anchorHoriz='center', anchorVert='center', antialias=True, autoDraw=False, autoLog=True, bold=False, color=array([1., 1., 1.]), colorSpace='rgb', contrast=1.0, depth=-1.0, flipHoriz=False, flipVert=False, font='Open Sans', fontFiles=[], height=0.06, italic=False, languageStyle='LTR', name='saliencequestion_text', opacity=1.0, ori=0.0, pos=array([0. , 0.6]), rgb=UNKNOWN, text='', units='norm', win=Window(...), wrapWidth=1)
9.5633 	EXP 	Created salienceavatar_image = ImageStim(__class__=<class 'psychopy.visual.image.ImageStim'>, anchor=('center', 'center'), autoLog=True, color=array([1., 1., 1.]), colorSpace='rgb', contrast=1.0, depth=-3.0, flipHoriz=False, flipVert=False, image='sin', interpolate=True, mask=None, maskParams=None, name='salienceavatar_image', opacity=1.0, ori=0.0, pos=array([0., 0.]), size=array([0.3 , 0.55]), texRes=128.0, units='norm', win=Window(...))
9.5710 	EXP 	Created saliencecontinue_text = TextStim(__class__=<class 'psychopy.visual.text.TextStim'>, alignHoriz=method-wrapper(...), alignText='center', alignVert=method-wrapper(...), anchorHoriz='center', anchorVert='center', antialias=True, autoDraw=False, autoLog=True, bold=False, color=array([1., 1., 1.]), colorSpace='rgb', contrast=1.0, depth=-4.0, flipHoriz=False, flipVert=False, font='Open Sans', fontFiles=[], height=0.07, italic=False, languageStyle='LTR', name='saliencecontinue_text', opacity=1.0, ori=0.0, pos=array([ 0. , -0.8]), rgb=UNKNOWN, text='Press space to enter rating and continue.', units='norm', win=Window(...), wrapWidth=1)
9.5722 	EXP 	Created displayrating_text = TextStim(__class__=<class 'psychopy.visual.text.TextStim'>, alignHoriz=method-wrapper(...), alignText='center', alignVert=method-wrapper(...), anchorHoriz='center', anchorVert='center', antialias=True, autoDraw=False, autoLog=True, bold=False, color=array([1., 1., 1.]), colorSpace='rgb', contrast=1.0, depth=-5.0, flipHoriz=False, flipVert=False, font='Open Sans', fontFiles=[], height=0.065, italic=False, languageStyle='LTR', name='displayrating_text', opacity=1.0, ori=0.0, pos=array([ 0.  , -0.65]), rgb=UNKNOWN, text='', units='norm', win=Window(...), wrapWidth=1)
9.5769 	EXP 	window1: mouseVisible = True
9.6645 	EXP 	Created slider = Slider(__class__=<class 'psychopy.visual.slider.Slider'>, autoDraw=False, autoLog=True, borderColor=None, color=None, colorSpace='rgb', depth=-5, fillColor=None, flip=False, font='Open Sans', granularity=0.0, labelColor=None, labelHeight=0.05, labelWrapWidth=None, labels=(1, 2, 3, 4, 5, 6, 7, 8, 9), lineColor=None, markerColor=None, name='slider', opacity=None, ori=0.0, pos=array([ 0. , -0.4]), readOnly=False, self=UNKNOWN, size=array([1. , 0.1]), startValue=999, style='rating', styleTweaks=['labels45', 'triangleMarker'], ticks=array([1, 2, 3, 4, 5, 6, 7, 8, 9]), units='norm', win=Window(...))
9.6655 	EXP 	Created stresslevel_text = TextStim(__class__=<class 'psychopy.visual.text.TextStim'>, alignHoriz=method-wrapper(...), alignText='center', alignVert=method-wrapper(...), anchorHoriz='center', anchorVert='center', antialias=True, autoDraw=False, autoLog=True, bold=False, color=array([1., 1., 1.]), colorSpace='rgb', contrast=1.0, depth=-1.0, flipHoriz=False, flipVert=False, font='Open Sans', fontFiles=[], height=0.08, italic=False, languageStyle='LTR', name='stresslevel_text', opacity=1.0, ori=0.0, pos=array([0. , 0.3]), rgb=UNKNOWN, text='', units='norm', win=Window(...), wrapWidth=1)
9.7208 	EXP 	Created displaystressrating_text = TextStim(__class__=<class 'psychopy.visual.text.TextStim'>, alignHoriz=method-wrapper(...), alignText='center', alignVert=method-wrapper(...), anchorHoriz='center', anchorVert='center', antialias=True, autoDraw=False, autoLog=True, bold=False, color=array([1., 1., 1.]), colorSpace='rgb', contrast=1.0, depth=-3.0, flipHoriz=False, flipVert=False, font='Open Sans', fontFiles=[], height=0.08, italic=False, languageStyle='LTR', name='displaystressrating_text', opacity=1.0, ori=0.0, pos=array([ 0.  , -0.65]), rgb=UNKNOWN, text='', units='norm', win=Window(...), wrapWidth=1)
9.7304 	EXP 	slider: autoLog = True
9.7304 	EXP 	slider: markerPos = 999
9.7304 	EXP 	slider: styleTweaks = []
9.7304 	EXP 	slider: styleTweaks = []
9.7304 	EXP 	slider: styleTweaks = ['labels45', 'triangleMarker']
9.7304 	EXP 	slider: styleTweaks = ['labels45', 'triangleMarker']
9.7304 	EXP 	slider: contrast = 1.0
9.7304 	EXP 	slider: autoLog = True
9.7304 	EXP 	slider: autoLog = True
9.7304 	EXP 	slider: markerPos = 999
9.7304 	EXP 	slider: styleTweaks = []
9.7304 	EXP 	slider: styleTweaks = []
9.7304 	EXP 	slider: styleTweaks = ['labels45', 'triangleMarker']
9.7304 	EXP 	slider: styleTweaks = ['labels45', 'triangleMarker']
9.7304 	EXP 	slider: contrast = 1.0
9.7304 	EXP 	slider: autoLog = True
9.7304 	EXP 	Welcome: autoDraw = True
10.4083 	DATA 	Keypress: space
10.4129 	EXP 	Welcome: autoDraw = False
10.4129 	EXP 	FirstInstructions: autoDraw = True
10.5930 	EXP 	Imported /Users/melanieruiz/Desktop/WTP_SM_Choice/Participant_Images/101/101_trials.csv as conditions, 150 conditions, 6 params
10.5942 	EXP 	Created sequence: sequential, trialTypes=150, nReps=1, seed=None
10.5946 	EXP 	New trial (rep=0, index=0): OrderedDict([('TrialNumber', 1), ('Partner', 'Alex'), ('Condition', 'Neutral'), ('Photos', 'Participant_Images/101/101_Images/101_Image_24.jpg'), ('Feedback', 'did not like'), ('FeedbackWait', 3.613205605)])
10.6027 	DATA 	Keypress: space
10.6057 	EXP 	FirstInstructions: autoDraw = False
10.6057 	EXP 	Match_text: autoDraw = True
10.7662 	DATA 	Keypress: space
11.1795 	DATA 	Keypress: space
13.6025 	EXP 	syncing_text: autoDraw = True
13.6025 	EXP 	text_0: autoDraw = True
13.6025 	EXP 	Transparent: autoDraw = True
13.6091 	EXP 	Match_text: autoDraw = False
14.8425 	EXP 	Loading_25: autoDraw = True
14.8425 	EXP 	text_25: autoDraw = True
14.8473 	EXP 	text_0: autoDraw = False
16.0890 	EXP 	Loading_25: autoDraw = False
16.0890 	EXP 	text_25: autoDraw = False
16.0943 	EXP 	Loading_50: autoDraw = True
16.0943 	EXP 	text_50: autoDraw = True
17.3436 	EXP 	Loading_50: autoDraw = False
17.3436 	EXP 	text_50: autoDraw = False
17.3436 	EXP 	Loading_75: autoDraw = True
17.3436 	EXP 	text_75: autoDraw = True
18.5886 	EXP 	Loading_75: autoDraw = False
18.5886 	EXP 	text_75: autoDraw = False
18.5886 	EXP 	Loading_100: autoDraw = True
18.5886 	EXP 	text_100: autoDraw = True
19.8267 	EXP 	Loading_100: autoDraw = False
19.8267 	EXP 	text_100: autoDraw = False
19.8632 	EXP 	syncing_text: autoDraw = False
19.8632 	EXP 	Transparent: autoDraw = False
19.8632 	EXP 	Match_text: autoDraw = False
19.8632 	EXP 	syncing_text: autoDraw = False
19.8632 	EXP 	text_0: autoDraw = False
19.8632 	EXP 	Transparent: autoDraw = False
19.8632 	EXP 	Loading_25: autoDraw = False
19.8632 	EXP 	text_25: autoDraw = False
19.8632 	EXP 	Loading_50: autoDraw = False
19.8632 	EXP 	text_50: autoDraw = False
19.8632 	EXP 	Loading_75: autoDraw = False
19.8632 	EXP 	text_75: autoDraw = False
19.8632 	EXP 	Loading_100: autoDraw = False
19.8632 	EXP 	text_100: autoDraw = False
19.8632 	EXP 	Youhavematched: height = 0.08
19.8632 	EXP 	Youhavematched: height = 0.08
19.8632 	EXP 	Youhavematched: height = 0.08
19.8632 	EXP 	Youhavematched: text = 'You have matched with: Alex'
19.8632 	EXP 	partneremoji_image: image = 'Images/cowboyemoji.png'
19.8632 	EXP 	Youhavematched: autoDraw = True
19.8632 	EXP 	partneremoji_image: autoDraw = True
19.8632 	EXP 	PressToContinue: autoDraw = True
20.4098 	DATA 	Keypress: space
20.4135 	EXP 	Youhavematched: autoDraw = False
20.4135 	EXP 	partneremoji_image: autoDraw = False
20.4135 	EXP 	PressToContinue: autoDraw = False
20.4135 	EXP 	participantimage_image: image = 'Participant_Images/101/101_Images/101_Image_24.jpg'
20.4135 	EXP 	photobeingshared_text: autoDraw = True
20.4135 	EXP 	waitforfeedback_text: autoDraw = True
20.4135 	EXP 	participantimage_image: autoDraw = True
23.1800 	EXP 	photobeingshared_text: autoDraw = False
23.1800 	EXP 	waitforfeedback_text: autoDraw = False
23.1800 	EXP 	participantimage_image: autoDraw = False
23.1800 	EXP 	waiting_text: autoDraw = True
28.1892 	EXP 	waiting_text: autoDraw = False
28.1892 	EXP 	displayfeedback_text: height = 0.12
28.1892 	EXP 	displayfeedback_text: height = 0.12
28.1892 	EXP 	displayfeedback_text: height = 0.12
28.1892 	EXP 	displayfeedback_text: text = 'Alex did not like your photo'
28.1892 	EXP 	fdbkimage_image: image = 'Images/thumbsdown.png'
28.1892 	EXP 	displayfeedback_text: autoDraw = True
28.1892 	EXP 	fdbkimage_image: autoDraw = True
31.1756 	EXP 	displayfeedback_text: autoDraw = False
31.1756 	EXP 	fdbkimage_image: autoDraw = False
31.1756 	EXP 	presstosharenextphoto_text: autoDraw = True
32.5691 	EXP 	Created sequence: random, trialTypes=1, nReps=0, seed=None
32.5724 	DATA 	Keypress: space
32.6059 	EXP 	New trial (rep=0, index=1): OrderedDict([('TrialNumber', 2), ('Partner', 'Alex'), ('Condition', 'Neutral'), ('Photos', 'Participant_Images/101/101_Images/101_Image_9.jpg'), ('Feedback', 'did not like'), ('FeedbackWait', 4.988446431)])
32.7684 	EXP 	presstosharenextphoto_text: autoDraw = False
32.7684 	EXP 	slider: markerPos = 3
32.7684 	EXP 	saliencequestion_text: height = 0.06
32.7684 	EXP 	saliencequestion_text: height = 0.06
32.7684 	EXP 	saliencequestion_text: height = 0.06
32.7684 	EXP 	saliencequestion_text: text = 'How likely are you to share photos with Alex in the future? \n\n Use your left and right arrows to move the arrow to your desired rating.'
32.7684 	EXP 	salienceavatar_image: image = 'Images/cowboyemoji.png'
32.7684 	EXP 	displayrating_text: text = ''
32.7684 	EXP 	saliencequestion_text: autoDraw = False
32.7684 	EXP 	salienceavatar_image: autoDraw = False
32.7684 	EXP 	saliencecontinue_text: autoDraw = False
32.7684 	EXP 	displayrating_text: autoDraw = False
32.7684 	EXP 	slider: markerPos = 5
32.7684 	EXP 	stresslevel_text: height = 0.08
32.7684 	EXP 	stresslevel_text: height = 0.08
32.7684 	EXP 	stresslevel_text: height = 0.08
32.7684 	EXP 	stresslevel_text: text = 'Please rate your current stress level. \n\n\n Use your mouse or left and right arrows to move the arrow to your desired rating.'
32.7684 	EXP 	displaystressrating_text: text = ''
32.7684 	EXP 	stresslevel_text: autoDraw = False
32.7684 	EXP 	displaystressrating_text: autoDraw = False
32.7684 	EXP 	Match_text: autoDraw = False
32.7684 	EXP 	syncing_text: autoDraw = False
32.7684 	EXP 	text_0: autoDraw = False
32.7684 	EXP 	Transparent: autoDraw = False
32.7684 	EXP 	Loading_25: autoDraw = False
32.7684 	EXP 	text_25: autoDraw = False
32.7684 	EXP 	Loading_50: autoDraw = False
32.7684 	EXP 	text_50: autoDraw = False
32.7684 	EXP 	Loading_75: autoDraw = False
32.7684 	EXP 	text_75: autoDraw = False
32.7684 	EXP 	Loading_100: autoDraw = False
32.7684 	EXP 	text_100: autoDraw = False
32.7684 	EXP 	Youhavematched: text = 'You have matched with: Alex'
32.7684 	EXP 	partneremoji_image: image = 'Images/cowboyemoji.png'
32.7684 	EXP 	Youhavematched: autoDraw = False
32.7684 	EXP 	partneremoji_image: autoDraw = False
32.7684 	EXP 	PressToContinue: autoDraw = False
32.7684 	EXP 	participantimage_image: image = 'Participant_Images/101/101_Images/101_Image_9.jpg'
32.7684 	EXP 	photobeingshared_text: autoDraw = True
32.7684 	EXP 	waitforfeedback_text: autoDraw = True
32.7684 	EXP 	participantimage_image: autoDraw = True
35.6247 	EXP 	photobeingshared_text: autoDraw = False
35.6247 	EXP 	waitforfeedback_text: autoDraw = False
35.6247 	EXP 	participantimage_image: autoDraw = False
35.6247 	EXP 	waiting_text: autoDraw = True
40.6171 	EXP 	waiting_text: autoDraw = False
40.6171 	EXP 	waiting_text: autoDraw = False
40.6171 	EXP 	displayfeedback_text: text = 'Alex did not like your photo'
40.6171 	EXP 	fdbkimage_image: image = 'Images/thumbsdown.png'
40.6171 	EXP 	displayfeedback_text: autoDraw = True
40.6171 	EXP 	fdbkimage_image: autoDraw = True
43.6235 	EXP 	displayfeedback_text: autoDraw = False
43.6235 	EXP 	fdbkimage_image: autoDraw = False
43.6235 	EXP 	displayfeedback_text: autoDraw = False
43.6235 	EXP 	fdbkimage_image: autoDraw = False
43.6235 	EXP 	presstosharenextphoto_text: autoDraw = True
46.2885 	EXP 	Created sequence: random, trialTypes=1, nReps=0, seed=None
46.2917 	DATA 	Keypress: space
46.3014 	EXP 	New trial (rep=0, index=2): OrderedDict([('TrialNumber', 3), ('Partner', 'Alex'), ('Condition', 'Neutral'), ('Photos', 'Participant_Images/101/101_Images/101_Image_4.jpg'), ('Feedback', 'liked'), ('FeedbackWait', 3.470791822)])
46.4741 	EXP 	presstosharenextphoto_text: autoDraw = False
46.4741 	EXP 	slider: markerPos = 3
46.4741 	EXP 	saliencequestion_text: text = 'How likely are you to share photos with Alex in the future? \n\n Use your left and right arrows to move the arrow to your desired rating.'
46.4741 	EXP 	salienceavatar_image: image = 'Images/cowboyemoji.png'
46.4741 	EXP 	displayrating_text: text = ''
46.4741 	EXP 	saliencequestion_text: autoDraw = False
46.4741 	EXP 	salienceavatar_image: autoDraw = False
46.4741 	EXP 	saliencecontinue_text: autoDraw = False
46.4741 	EXP 	displayrating_text: autoDraw = False
46.4741 	EXP 	slider: markerPos = 5
46.4741 	EXP 	stresslevel_text: text = 'Please rate your current stress level. \n\n\n Use your mouse or left and right arrows to move the arrow to your desired rating.'
46.4741 	EXP 	displaystressrating_text: text = ''
46.4741 	EXP 	stresslevel_text: autoDraw = False
46.4741 	EXP 	displaystressrating_text: autoDraw = False
46.4741 	EXP 	Match_text: autoDraw = False
46.4741 	EXP 	syncing_text: autoDraw = False
46.4741 	EXP 	text_0: autoDraw = False
46.4741 	EXP 	Transparent: autoDraw = False
46.4741 	EXP 	Loading_25: autoDraw = False
46.4741 	EXP 	text_25: autoDraw = False
46.4741 	EXP 	Loading_50: autoDraw = False
46.4741 	EXP 	text_50: autoDraw = False
46.4741 	EXP 	Loading_75: autoDraw = False
46.4741 	EXP 	text_75: autoDraw = False
46.4741 	EXP 	Loading_100: autoDraw = False
46.4741 	EXP 	text_100: autoDraw = False
46.4741 	EXP 	Youhavematched: text = 'You have matched with: Alex'
46.4741 	EXP 	partneremoji_image: image = 'Images/cowboyemoji.png'
46.4741 	EXP 	Youhavematched: autoDraw = False
46.4741 	EXP 	partneremoji_image: autoDraw = False
46.4741 	EXP 	PressToContinue: autoDraw = False
46.4741 	EXP 	participantimage_image: image = 'Participant_Images/101/101_Images/101_Image_4.jpg'
46.4741 	EXP 	photobeingshared_text: autoDraw = True
46.4741 	EXP 	waitforfeedback_text: autoDraw = True
46.4741 	EXP 	participantimage_image: autoDraw = True
49.3255 	EXP 	photobeingshared_text: autoDraw = False
49.3255 	EXP 	waitforfeedback_text: autoDraw = False
49.3255 	EXP 	participantimage_image: autoDraw = False
49.3255 	EXP 	waiting_text: autoDraw = True
52.5866 	DATA 	Keypress: space
54.3183 	EXP 	waiting_text: autoDraw = False
54.3183 	EXP 	displayfeedback_text: height = 0.12
54.3183 	EXP 	displayfeedback_text: height = 0.12
54.3183 	EXP 	displayfeedback_text: height = 0.12
54.3183 	EXP 	displayfeedback_text: text = 'Alex liked your photo'
54.3183 	EXP 	fdbkimage_image: image = 'Images/thumbsup.png'
54.3183 	EXP 	displayfeedback_text: autoDraw = True
54.3183 	EXP 	fdbkimage_image: autoDraw = True
54.3321 	DATA 	Keypress: space
55.0588 	DATA 	Keypress: space
55.5415 	DATA 	Keypress: space
55.8849 	DATA 	Keypress: space
56.1890 	DATA 	Keypress: space
56.6134 	DATA 	Keypress: space
57.0911 	DATA 	Keypress: space
57.3116 	EXP 	displayfeedback_text: autoDraw = False
57.3116 	EXP 	fdbkimage_image: autoDraw = False
57.3116 	EXP 	presstosharenextphoto_text: autoDraw = True
57.7024 	EXP 	Created sequence: random, trialTypes=1, nReps=0, seed=None
57.7057 	DATA 	Keypress: space
57.7147 	EXP 	New trial (rep=0, index=3): OrderedDict([('TrialNumber', 4), ('Partner', 'Alex'), ('Condition', 'Neutral'), ('Photos', 'Participant_Images/101/101_Images/101_Image_1.jpg'), ('Feedback', 'liked'), ('FeedbackWait', 3.820572462)])
57.8588 	EXP 	presstosharenextphoto_text: autoDraw = False
57.8588 	EXP 	slider: markerPos = 3
57.8588 	EXP 	saliencequestion_text: text = 'How likely are you to share photos with Alex in the future? \n\n Use your left and right arrows to move the arrow to your desired rating.'
57.8588 	EXP 	salienceavatar_image: image = 'Images/cowboyemoji.png'
57.8588 	EXP 	displayrating_text: text = ''
57.8588 	EXP 	saliencequestion_text: autoDraw = False
57.8588 	EXP 	salienceavatar_image: autoDraw = False
57.8588 	EXP 	saliencecontinue_text: autoDraw = False
57.8588 	EXP 	displayrating_text: autoDraw = False
57.8588 	EXP 	slider: markerPos = 5
57.8588 	EXP 	stresslevel_text: text = 'Please rate your current stress level. \n\n\n Use your mouse or left and right arrows to move the arrow to your desired rating.'
57.8588 	EXP 	displaystressrating_text: text = ''
57.8588 	EXP 	stresslevel_text: autoDraw = False
57.8588 	EXP 	displaystressrating_text: autoDraw = False
57.8588 	EXP 	Match_text: autoDraw = False
57.8588 	EXP 	syncing_text: autoDraw = False
57.8588 	EXP 	text_0: autoDraw = False
57.8588 	EXP 	Transparent: autoDraw = False
57.8588 	EXP 	Loading_25: autoDraw = False
57.8588 	EXP 	text_25: autoDraw = False
57.8588 	EXP 	Loading_50: autoDraw = False
57.8588 	EXP 	text_50: autoDraw = False
57.8588 	EXP 	Loading_75: autoDraw = False
57.8588 	EXP 	text_75: autoDraw = False
57.8588 	EXP 	Loading_100: autoDraw = False
57.8588 	EXP 	text_100: autoDraw = False
57.8588 	EXP 	Youhavematched: text = 'You have matched with: Alex'
57.8588 	EXP 	partneremoji_image: image = 'Images/cowboyemoji.png'
57.8588 	EXP 	Youhavematched: autoDraw = False
57.8588 	EXP 	partneremoji_image: autoDraw = False
57.8588 	EXP 	PressToContinue: autoDraw = False
57.8588 	EXP 	participantimage_image: image = 'Participant_Images/101/101_Images/101_Image_1.jpg'
57.8588 	EXP 	photobeingshared_text: autoDraw = True
57.8588 	EXP 	waitforfeedback_text: autoDraw = True
57.8588 	EXP 	participantimage_image: autoDraw = True
60.7354 	EXP 	photobeingshared_text: autoDraw = False
60.7354 	EXP 	waitforfeedback_text: autoDraw = False
60.7354 	EXP 	participantimage_image: autoDraw = False
60.7354 	EXP 	waiting_text: autoDraw = True
65.7320 	EXP 	waiting_text: autoDraw = False
65.7320 	EXP 	displayfeedback_text: text = 'Alex liked your photo'
65.7320 	EXP 	fdbkimage_image: image = 'Images/thumbsup.png'
65.7320 	EXP 	displayfeedback_text: autoDraw = True
65.7320 	EXP 	fdbkimage_image: autoDraw = True
68.7217 	EXP 	displayfeedback_text: autoDraw = False
68.7217 	EXP 	fdbkimage_image: autoDraw = False
68.7217 	EXP 	displayfeedback_text: autoDraw = False
68.7217 	EXP 	fdbkimage_image: autoDraw = False
68.7217 	EXP 	presstosharenextphoto_text: autoDraw = True
69.2432 	EXP 	Created sequence: random, trialTypes=1, nReps=0, seed=None
69.2460 	DATA 	Keypress: space
69.2553 	EXP 	New trial (rep=0, index=4): OrderedDict([('TrialNumber', 5), ('Partner', 'Alex'), ('Condition', 'Neutral'), ('Photos', 'Participant_Images/101/101_Images/101_Image_3.jpg'), ('Feedback', 'liked'), ('FeedbackWait', 2.455989137)])
69.4211 	EXP 	presstosharenextphoto_text: autoDraw = False
69.4211 	EXP 	slider: markerPos = 3
69.4211 	EXP 	saliencequestion_text: text = 'How likely are you to share photos with Alex in the future? \n\n Use your left and right arrows to move the arrow to your desired rating.'
69.4211 	EXP 	salienceavatar_image: image = 'Images/cowboyemoji.png'
69.4211 	EXP 	displayrating_text: text = ''
69.4211 	EXP 	saliencequestion_text: autoDraw = False
69.4211 	EXP 	salienceavatar_image: autoDraw = False
69.4211 	EXP 	saliencecontinue_text: autoDraw = False
69.4211 	EXP 	displayrating_text: autoDraw = False
69.4211 	EXP 	slider: markerPos = 5
69.4211 	EXP 	stresslevel_text: text = 'Please rate your current stress level. \n\n\n Use your mouse or left and right arrows to move the arrow to your desired rating.'
69.4211 	EXP 	displaystressrating_text: text = ''
69.4211 	EXP 	stresslevel_text: autoDraw = False
69.4211 	EXP 	displaystressrating_text: autoDraw = False
69.4211 	EXP 	Match_text: autoDraw = False
69.4211 	EXP 	syncing_text: autoDraw = False
69.4211 	EXP 	text_0: autoDraw = False
69.4211 	EXP 	Transparent: autoDraw = False
69.4211 	EXP 	Loading_25: autoDraw = False
69.4211 	EXP 	text_25: autoDraw = False
69.4211 	EXP 	Loading_50: autoDraw = False
69.4211 	EXP 	text_50: autoDraw = False
69.4211 	EXP 	Loading_75: autoDraw = False
69.4211 	EXP 	text_75: autoDraw = False
69.4211 	EXP 	Loading_100: autoDraw = False
69.4211 	EXP 	text_100: autoDraw = False
69.4211 	EXP 	Youhavematched: text = 'You have matched with: Alex'
69.4211 	EXP 	partneremoji_image: image = 'Images/cowboyemoji.png'
69.4211 	EXP 	Youhavematched: autoDraw = False
69.4211 	EXP 	partneremoji_image: autoDraw = False
69.4211 	EXP 	PressToContinue: autoDraw = False
69.4211 	EXP 	participantimage_image: image = 'Participant_Images/101/101_Images/101_Image_3.jpg'
69.4211 	EXP 	photobeingshared_text: autoDraw = True
69.4211 	EXP 	waitforfeedback_text: autoDraw = True
69.4211 	EXP 	participantimage_image: autoDraw = True
72.2797 	EXP 	photobeingshared_text: autoDraw = False
72.2797 	EXP 	waitforfeedback_text: autoDraw = False
72.2797 	EXP 	participantimage_image: autoDraw = False
72.2797 	EXP 	waiting_text: autoDraw = True
77.2711 	EXP 	waiting_text: autoDraw = False
77.2711 	EXP 	displayfeedback_text: text = 'Alex liked your photo'
77.2711 	EXP 	fdbkimage_image: image = 'Images/thumbsup.png'
77.2711 	EXP 	displayfeedback_text: autoDraw = True
77.2711 	EXP 	fdbkimage_image: autoDraw = True
80.2668 	EXP 	Created sequence: random, trialTypes=1, nReps=1, seed=None
80.2672 	EXP 	New trial (rep=0, index=0): None
80.2720 	EXP 	displayfeedback_text: autoDraw = False
80.2720 	EXP 	fdbkimage_image: autoDraw = False
80.2720 	EXP 	presstosharenextphoto_text: autoDraw = False
80.2720 	EXP 	WTP_ins_text1: autoDraw = True
80.8670 	EXP 	WTP_ins_text1: autoDraw = False
80.8670 	EXP 	WTP_ins_text2: autoDraw = True
80.8714 	DATA 	Keypress: space
81.7508 	EXP 	Imported /Users/melanieruiz/Desktop/WTP_SM_Choice/Participant_Images/101/101_WTP.xlsx as conditions, 5 conditions, 9 params
81.7511 	EXP 	Created sequence: sequential, trialTypes=5, nReps=1, seed=None
81.7514 	EXP 	New trial (rep=0, index=0): {'social_left': 0, 'Left_Exp': 'Rearranging furniture in your house', 'Right_Exp': 'Going to a carnival with friends', 'leftmoney': 0.01, 'rightmoney': 0.01, 'greenText': 'green', 'left_more_than_right': 0, 'matching_prices': 1, 'social_worthmore': 1}
81.7698 	DATA 	Keypress: space
81.7728 	EXP 	WTP_ins_text2: autoDraw = False
81.7728 	EXP 	Left_Experience: height = 0.05
81.7728 	EXP 	Left_Experience: height = 0.05
81.7728 	EXP 	Left_Experience: height = 0.05
81.7728 	EXP 	Left_Experience: text = 'Rearranging furniture in your house'
81.7728 	EXP 	Right_Experience: height = 0.05
81.7728 	EXP 	Right_Experience: height = 0.05
81.7728 	EXP 	Right_Experience: height = 0.05
81.7728 	EXP 	Right_Experience: text = 'Going to a carnival with friends'
81.7728 	EXP 	Left_Price: height = 0.05
81.7728 	EXP 	Left_Price: height = 0.05
81.7728 	EXP 	Left_Price: height = 0.05
81.7728 	EXP 	Left_Price: text = 0.01
81.7728 	EXP 	Right_Price: height = 0.05
81.7728 	EXP 	Right_Price: height = 0.05
81.7728 	EXP 	Right_Price: height = 0.05
81.7728 	EXP 	Right_Price: text = 0.01
81.7728 	EXP 	Left_Experience: autoDraw = True
81.7728 	EXP 	Right_Experience: autoDraw = True
81.7728 	EXP 	Left_Price: autoDraw = True
81.7728 	EXP 	Right_Price: autoDraw = True
82.3046 	DATA 	Keypress: 1
91.6684 	EXP 	New trial (rep=0, index=1): {'social_left': 0, 'Left_Exp': 'Watching a new episode of a television show', 'Right_Exp': 'Having a picnic with family', 'leftmoney': 0.02, 'rightmoney': 0.01, 'greenText': 'green', 'left_more_than_right': 1, 'matching_prices': 0, 'social_worthmore': 0}
91.6840 	EXP 	Left_Experience: autoDraw = False
91.6840 	EXP 	Right_Experience: autoDraw = False
91.6840 	EXP 	Left_Price: autoDraw = False
91.6840 	EXP 	Right_Price: autoDraw = False
91.6840 	EXP 	Left_Experience: height = 0.05
91.6840 	EXP 	Left_Experience: height = 0.05
91.6840 	EXP 	Left_Experience: height = 0.05
91.6840 	EXP 	Left_Experience: text = 'Watching a new episode of a television show'
91.6840 	EXP 	Right_Experience: height = 0.05
91.6840 	EXP 	Right_Experience: height = 0.05
91.6840 	EXP 	Right_Experience: height = 0.05
91.6840 	EXP 	Right_Experience: text = 'Having a picnic with family'
91.6840 	EXP 	Left_Price: height = 0.05
91.6840 	EXP 	Left_Price: height = 0.05
91.6840 	EXP 	Left_Price: height = 0.05
91.6840 	EXP 	Left_Price: text = 0.02
91.6840 	EXP 	Right_Price: height = 0.05
91.6840 	EXP 	Right_Price: height = 0.05
91.6840 	EXP 	Right_Price: height = 0.05
91.6840 	EXP 	Right_Price: text = 0.01
91.6840 	EXP 	Left_Experience: autoDraw = True
91.6840 	EXP 	Right_Experience: autoDraw = True
91.6840 	EXP 	Left_Price: autoDraw = True
91.6840 	EXP 	Right_Price: autoDraw = True
92.9840 	DATA 	Keypress: 2
101.6684 	EXP 	New trial (rep=0, index=2): {'social_left': 0, 'Left_Exp': 'Painting your bedroom\na new color', 'Right_Exp': 'Having a romantic dinner with a significant other', 'leftmoney': 0.03, 'rightmoney': 0.01, 'greenText': 'green', 'left_more_than_right': 1, 'matching_prices': 0, 'social_worthmore': 0}
101.6833 	EXP 	Left_Experience: autoDraw = False
101.6833 	EXP 	Right_Experience: autoDraw = False
101.6833 	EXP 	Left_Price: autoDraw = False
101.6833 	EXP 	Right_Price: autoDraw = False
101.6833 	EXP 	Left_Experience: height = 0.05
101.6833 	EXP 	Left_Experience: height = 0.05
101.6833 	EXP 	Left_Experience: height = 0.05
101.6833 	EXP 	Left_Experience: text = 'Painting your bedroom\na new color'
101.6833 	EXP 	Right_Experience: height = 0.05
101.6833 	EXP 	Right_Experience: height = 0.05
101.6833 	EXP 	Right_Experience: height = 0.05
101.6833 	EXP 	Right_Experience: text = 'Having a romantic dinner with a significant other'
101.6833 	EXP 	Left_Price: height = 0.05
101.6833 	EXP 	Left_Price: height = 0.05
101.6833 	EXP 	Left_Price: height = 0.05
101.6833 	EXP 	Left_Price: text = 0.03
101.6833 	EXP 	Right_Price: height = 0.05
101.6833 	EXP 	Right_Price: height = 0.05
101.6833 	EXP 	Right_Price: height = 0.05
101.6833 	EXP 	Right_Price: text = 0.01
101.6833 	EXP 	Left_Experience: autoDraw = True
101.6833 	EXP 	Right_Experience: autoDraw = True
101.6833 	EXP 	Left_Price: autoDraw = True
101.6833 	EXP 	Right_Price: autoDraw = True
102.6378 	DATA 	Keypress: escape
102.8928 	EXP 	window1: mouseVisible = True
