1.9629 	WARNING 	We strongly recommend you activate the PTB sound engine in PsychoPy prefs as the preferred audio engine. Its timing is vastly superior. Your prefs are currently set to use ['sounddevice', 'PTB', 'pyo', 'pygame'] (in that order).
6.6323 	WARNING 	User requested fullscreen with size [1440  900], but screen is actually [1512, 982]. Using actual size
8.0896 	WARNING 	Couldn't measure a consistent frame rate!
  - Is your graphics card set to sync to vertical blank?
  - Are you running other processes on your computer?

8.0909 	EXP 	Created window1 = Window(allowGUI=True, allowStencil=False, autoLog=True, backendConf=UNKNOWN, bitsMode=UNKNOWN, blendMode='avg', bpc=(8, 8, 8), color=array([-1., -1., -1.]), colorSpace='rgb', depthBits=8, fullscr=<method-wrapper '__getattribute__' of attributeSetter object at 0x7ff581673d90>, gamma=None, gammaErrorPolicy='raise', lms=UNKNOWN, monitor=<psychopy.monitors.calibTools.Monitor object at 0x7ff550759790>, multiSample=False, name='window1', numSamples=2, pos=[378.0, 245.5], screen=0, size=array([3024, 1964]), stencilBits=0, stereo=False, units='norm', useFBO=True, useRetina=True, viewOri=0.0, viewPos=None, viewScale=None, waitBlanking=True, winType='pyglet')
8.0913 	EXP 	window1: mouseVisible = True
8.0915 	EXP 	window1: mouseVisible = True
8.0915 	EXP 	window1: Attempting to measure frame rate of screen (0) ...
8.0915 	EXP 	window1: recordFrameIntervals = False
8.2176 	EXP 	window1: recordFrameIntervals = True
8.5269 	WARNING 	t of last frame was 21.18ms (=1/47)
8.9206 	WARNING 	t of last frame was 29.22ms (=1/34)
9.1448 	WARNING 	t of last frame was 21.55ms (=1/46)
9.2652 	WARNING 	Couldn't measure a consistent frame rate!
  - Is your graphics card set to sync to vertical blank?
  - Are you running other processes on your computer?

9.6882 	EXP 	Created Welcome = TextStim(__class__=<class 'psychopy.visual.text.TextStim'>, alignHoriz=method-wrapper(...), alignText='center', alignVert=method-wrapper(...), anchorHoriz='center', anchorVert='center', antialias=True, autoDraw=False, autoLog=True, bold=False, color=array([1., 1., 1.]), colorSpace='rgb', contrast=1.0, depth=0.0, flipHoriz=False, flipVert=False, font='Open Sans', fontFiles=[], height=0.08, italic=False, languageStyle='LTR', name='Welcome', opacity=1.0, ori=0.0, pos=array([0., 0.]), rgb=UNKNOWN, text=str(...), units='norm', win=Window(...), wrapWidth=1)
9.7614 	EXP 	Created FirstInstructions = TextStim(__class__=<class 'psychopy.visual.text.TextStim'>, alignHoriz=method-wrapper(...), alignText='center', alignVert=method-wrapper(...), anchorHoriz='center', anchorVert='center', antialias=True, autoDraw=False, autoLog=True, bold=False, color=array([1., 1., 1.]), colorSpace='rgb', contrast=1.0, depth=0.0, flipHoriz=False, flipVert=False, font='Open Sans', fontFiles=[], height=0.08, italic=False, languageStyle='LTR', name='FirstInstructions', opacity=1.0, ori=0.0, pos=array([0., 0.]), rgb=UNKNOWN, text=str(...), units='norm', win=Window(...), wrapWidth=1)
9.8186 	EXP 	Created Match_text = TextStim(__class__=<class 'psychopy.visual.text.TextStim'>, alignHoriz=method-wrapper(...), alignText='center', alignVert=method-wrapper(...), anchorHoriz='center', anchorVert='center', antialias=True, autoDraw=False, autoLog=True, bold=False, color=array([1., 1., 1.]), colorSpace='rgb', contrast=1.0, depth=-1.0, flipHoriz=False, flipVert=False, font='Open Sans', fontFiles=[], height=0.08, italic=False, languageStyle='LTR', name='Match_text', opacity=1.0, ori=0.0, pos=array([0. , 0.3]), rgb=UNKNOWN, text=str(...), units='norm', win=Window(...), wrapWidth=1)
9.8244 	EXP 	Created syncing_text = TextStim(__class__=<class 'psychopy.visual.text.TextStim'>, alignHoriz=method-wrapper(...), alignText='center', alignVert=method-wrapper(...), anchorHoriz='center', anchorVert='center', antialias=True, autoDraw=False, autoLog=True, bold=False, color=array([1., 1., 1.]), colorSpace='rgb', contrast=1.0, depth=-2.0, flipHoriz=False, flipVert=False, font='Open Sans', fontFiles=[], height=0.12, italic=False, languageStyle='LTR', name='syncing_text', opacity=1.0, ori=0.0, pos=array([0. , 0.3]), rgb=UNKNOWN, text='Syncing…', units='norm', win=Window(...), wrapWidth=1)
9.8282 	EXP 	Created text_0 = TextStim(__class__=<class 'psychopy.visual.text.TextStim'>, alignHoriz=method-wrapper(...), alignText='center', alignVert=method-wrapper(...), anchorHoriz='center', anchorVert='center', antialias=True, autoDraw=False, autoLog=True, bold=False, color=array([1., 1., 1.]), colorSpace='rgb', contrast=1.0, depth=-3.0, flipHoriz=False, flipVert=False, font='Open Sans', fontFiles=[], height=0.1, italic=False, languageStyle='LTR', name='text_0', opacity=1.0, ori=0.0, pos=array([ 0. , -0.2]), rgb=UNKNOWN, text='0%', units='norm', win=Window(...), wrapWidth=1)
9.8316 	EXP 	Created Transparent = Rect(__class__=<class 'psychopy.visual.rect.Rect'>, anchor=('center', 'center'), autoDraw=False, autoLog=True, closeShape=True, color=method-wrapper(...), colorSpace='rgb', contrast=None, depth=-4.0, fillColor=array([0., 0., 0.]), fillColorSpace='rgb', fillRGB=array([0., 0., 0.]), interpolate=True, lineColor=array([1., 1., 1.]), lineColorSpace='rgb', lineRGB=array([1, 1, 1]), lineWidth=1.2, name='Transparent', opacity=1.0, ori=0.0, pos=array([0., 0.]), size=array([1. , 0.1]), units='norm', vertices=ndarray(...), win=Window(...))
9.8330 	EXP 	Created Loading_25 = Rect(__class__=<class 'psychopy.visual.rect.Rect'>, anchor=('center', 'center'), autoDraw=False, autoLog=True, closeShape=True, color=method-wrapper(...), colorSpace='rgb', contrast=None, depth=-5.0, fillColor=array([1, 1, 1]), fillColorSpace='rgb', fillRGB=array([1, 1, 1]), interpolate=True, lineColor=array([1., 1., 1.]), lineColorSpace='rgb', lineRGB=array([1, 1, 1]), lineWidth=1.0, name='Loading_25', opacity=1.0, ori=0.0, pos=array([-0.375,  0.   ]), size=array([0.25, 0.1 ]), units='norm', vertices=ndarray(...), win=Window(...))
9.8359 	EXP 	Created text_25 = TextStim(__class__=<class 'psychopy.visual.text.TextStim'>, alignHoriz=method-wrapper(...), alignText='center', alignVert=method-wrapper(...), anchorHoriz='center', anchorVert='center', antialias=True, autoDraw=False, autoLog=True, bold=False, color=array([1., 1., 1.]), colorSpace='rgb', contrast=1.0, depth=-6.0, flipHoriz=False, flipVert=False, font='Open Sans', fontFiles=[], height=0.1, italic=False, languageStyle='LTR', name='text_25', opacity=1.0, ori=0.0, pos=array([ 0. , -0.2]), rgb=UNKNOWN, text='25%', units='norm', win=Window(...), wrapWidth=1)
9.8373 	EXP 	Created Loading_50 = Rect(__class__=<class 'psychopy.visual.rect.Rect'>, anchor=('center', 'center'), autoDraw=False, autoLog=True, closeShape=True, color=method-wrapper(...), colorSpace='rgb', contrast=None, depth=-7.0, fillColor=array([1, 1, 1]), fillColorSpace='rgb', fillRGB=array([1, 1, 1]), interpolate=True, lineColor=array([1., 1., 1.]), lineColorSpace='rgb', lineRGB=array([1, 1, 1]), lineWidth=1.0, name='Loading_50', opacity=1.0, ori=0.0, pos=array([-0.25,  0.  ]), size=array([0.5, 0.1]), units='norm', vertices=ndarray(...), win=Window(...))
9.8394 	EXP 	Created text_50 = TextStim(__class__=<class 'psychopy.visual.text.TextStim'>, alignHoriz=method-wrapper(...), alignText='center', alignVert=method-wrapper(...), anchorHoriz='center', anchorVert='center', antialias=True, autoDraw=False, autoLog=True, bold=False, color=array([1., 1., 1.]), colorSpace='rgb', contrast=1.0, depth=-8.0, flipHoriz=False, flipVert=False, font='Open Sans', fontFiles=[], height=0.1, italic=False, languageStyle='LTR', name='text_50', opacity=1.0, ori=0.0, pos=array([ 0. , -0.2]), rgb=UNKNOWN, text='50%', units='norm', win=Window(...), wrapWidth=1)
9.8407 	EXP 	Created Loading_75 = Rect(__class__=<class 'psychopy.visual.rect.Rect'>, anchor=('center', 'center'), autoDraw=False, autoLog=True, closeShape=True, color=method-wrapper(...), colorSpace='rgb', contrast=None, depth=-9.0, fillColor=array([1, 1, 1]), fillColorSpace='rgb', fillRGB=array([1, 1, 1]), interpolate=True, lineColor=array([1., 1., 1.]), lineColorSpace='rgb', lineRGB=array([1, 1, 1]), lineWidth=1.0, name='Loading_75', opacity=1.0, ori=0.0, pos=array([-0.125,  0.   ]), size=array([0.75, 0.1 ]), units='norm', vertices=ndarray(...), win=Window(...))
9.8432 	EXP 	Created text_75 = TextStim(__class__=<class 'psychopy.visual.text.TextStim'>, alignHoriz=method-wrapper(...), alignText='center', alignVert=method-wrapper(...), anchorHoriz='center', anchorVert='center', antialias=True, autoDraw=False, autoLog=True, bold=False, color=array([1., 1., 1.]), colorSpace='rgb', contrast=1.0, depth=-10.0, flipHoriz=False, flipVert=False, font='Open Sans', fontFiles=[], height=0.1, italic=False, languageStyle='LTR', name='text_75', opacity=1.0, ori=0.0, pos=array([ 0. , -0.2]), rgb=UNKNOWN, text='75%', units='norm', win=Window(...), wrapWidth=1)
9.8445 	EXP 	Created Loading_100 = Rect(__class__=<class 'psychopy.visual.rect.Rect'>, anchor=('center', 'center'), autoDraw=False, autoLog=True, closeShape=True, color=method-wrapper(...), colorSpace='rgb', contrast=None, depth=-11.0, fillColor=array([1, 1, 1]), fillColorSpace='rgb', fillRGB=array([1, 1, 1]), interpolate=True, lineColor=array([1., 1., 1.]), lineColorSpace='rgb', lineRGB=array([1, 1, 1]), lineWidth=1.0, name='Loading_100', opacity=1.0, ori=0.0, pos=array([0., 0.]), size=array([1. , 0.1]), units='norm', vertices=ndarray(...), win=Window(...))
9.8470 	EXP 	Created text_100 = TextStim(__class__=<class 'psychopy.visual.text.TextStim'>, alignHoriz=method-wrapper(...), alignText='center', alignVert=method-wrapper(...), anchorHoriz='center', anchorVert='center', antialias=True, autoDraw=False, autoLog=True, bold=False, color=array([1., 1., 1.]), colorSpace='rgb', contrast=1.0, depth=-12.0, flipHoriz=False, flipVert=False, font='Open Sans', fontFiles=[], height=0.1, italic=False, languageStyle='LTR', name='text_100', opacity=1.0, ori=0.0, pos=array([ 0. , -0.2]), rgb=UNKNOWN, text='100%', units='norm', win=Window(...), wrapWidth=1)
9.8478 	EXP 	Created Youhavematched = TextStim(__class__=<class 'psychopy.visual.text.TextStim'>, alignHoriz=method-wrapper(...), alignText='center', alignVert=method-wrapper(...), anchorHoriz='center', anchorVert='center', antialias=True, autoDraw=False, autoLog=True, bold=False, color=array([1., 1., 1.]), colorSpace='rgb', contrast=1.0, depth=-1.0, flipHoriz=False, flipVert=False, font='Open Sans', fontFiles=[], height=0.08, italic=False, languageStyle='LTR', name='Youhavematched', opacity=1.0, ori=0.0, pos=array([0. , 0.6]), rgb=UNKNOWN, text='', units='norm', win=Window(...), wrapWidth=1)
9.8527 	EXP 	Created partneremoji_image = ImageStim(__class__=<class 'psychopy.visual.image.ImageStim'>, anchor=('center', 'center'), autoLog=True, color=array([1., 1., 1.]), colorSpace='rgb', contrast=1.0, depth=-2.0, flipHoriz=False, flipVert=False, image='sin', interpolate=True, mask=None, maskParams=None, name='partneremoji_image', opacity=1.0, ori=0.0, pos=array([0., 0.]), size=array([0.5 , 0.75]), texRes=128.0, units='norm', win=Window(...))
9.9144 	EXP 	Created PressToContinue = TextStim(__class__=<class 'psychopy.visual.text.TextStim'>, alignHoriz=method-wrapper(...), alignText='center', alignVert=method-wrapper(...), anchorHoriz='center', anchorVert='center', antialias=True, autoDraw=False, autoLog=True, bold=False, color=array([1., 1., 1.]), colorSpace='rgb', contrast=1.0, depth=-4.0, flipHoriz=False, flipVert=False, font='Open Sans', fontFiles=[], height=0.08, italic=False, languageStyle='LTR', name='PressToContinue', opacity=1.0, ori=0.0, pos=array([ 0. , -0.6]), rgb=UNKNOWN, text='Press space to continue.', units='norm', win=Window(...), wrapWidth=1)
9.9213 	EXP 	Created photobeingshared_text = TextStim(__class__=<class 'psychopy.visual.text.TextStim'>, alignHoriz=method-wrapper(...), alignText='center', alignVert=method-wrapper(...), anchorHoriz='center', anchorVert='center', antialias=True, autoDraw=False, autoLog=True, bold=False, color=array([1., 1., 1.]), colorSpace='rgb', contrast=1.0, depth=0.0, flipHoriz=False, flipVert=False, font='Open Sans', fontFiles=[], height=0.09, italic=False, languageStyle='LTR', name='photobeingshared_text', opacity=1.0, ori=0.0, pos=array([0. , 0.6]), rgb=UNKNOWN, text='This photo is now being shared', units='norm', win=Window(...), wrapWidth=1)
9.9280 	EXP 	Created waitforfeedback_text = TextStim(__class__=<class 'psychopy.visual.text.TextStim'>, alignHoriz=method-wrapper(...), alignText='center', alignVert=method-wrapper(...), anchorHoriz='center', anchorVert='center', antialias=True, autoDraw=False, autoLog=True, bold=False, color=array([1., 1., 1.]), colorSpace='rgb', contrast=1.0, depth=-1.0, flipHoriz=False, flipVert=False, font='Open Sans', fontFiles=[], height=0.09, italic=False, languageStyle='LTR', name='waitforfeedback_text', opacity=1.0, ori=0.0, pos=array([ 0. , -0.6]), rgb=UNKNOWN, text='Please wait for feedback.', units='norm', win=Window(...), wrapWidth=1)
9.9318 	EXP 	Created participantimage_image = ImageStim(__class__=<class 'psychopy.visual.image.ImageStim'>, anchor=('center', 'center'), autoLog=True, color=array([1., 1., 1.]), colorSpace='rgb', contrast=1.0, depth=-3.0, flipHoriz=False, flipVert=False, image='sin', interpolate=True, mask=None, maskParams=None, name='participantimage_image', opacity=1.0, ori=0.0, pos=array([0., 0.]), size=array([0.5 , 0.75]), texRes=128.0, units='norm', win=Window(...))
9.9373 	EXP 	Created waiting_text = TextStim(__class__=<class 'psychopy.visual.text.TextStim'>, alignHoriz=method-wrapper(...), alignText='center', alignVert=method-wrapper(...), anchorHoriz='center', anchorVert='center', antialias=True, autoDraw=False, autoLog=True, bold=False, color=array([1., 1., 1.]), colorSpace='rgb', contrast=1.0, depth=0.0, flipHoriz=False, flipVert=False, font='Open Sans', fontFiles=[], height=0.15, italic=False, languageStyle='LTR', name='waiting_text', opacity=1.0, ori=0.0, pos=array([0., 0.]), rgb=UNKNOWN, text='Waiting…', units='norm', win=Window(...), wrapWidth=1)
9.9382 	EXP 	Created displayfeedback_text = TextStim(__class__=<class 'psychopy.visual.text.TextStim'>, alignHoriz=method-wrapper(...), alignText='center', alignVert=method-wrapper(...), anchorHoriz='center', anchorVert='center', antialias=True, autoDraw=False, autoLog=True, bold=False, color=array([1., 1., 1.]), colorSpace='rgb', contrast=1.0, depth=0.0, flipHoriz=False, flipVert=False, font='Open Sans', fontFiles=[], height=0.12, italic=False, languageStyle='LTR', name='displayfeedback_text', opacity=1.0, ori=0.0, pos=array([0.  , 0.75]), rgb=UNKNOWN, text='', units='norm', win=Window(...), wrapWidth=1)
9.9418 	EXP 	Created fdbkimage_image = ImageStim(__class__=<class 'psychopy.visual.image.ImageStim'>, anchor=('center', 'center'), autoLog=True, color=array([1., 1., 1.]), colorSpace='rgb', contrast=1.0, depth=-1.0, flipHoriz=False, flipVert=False, image='sin', interpolate=True, mask=None, maskParams=None, name='fdbkimage_image', opacity=1.0, ori=0.0, pos=array([0., 0.]), size=array([0.75, 1.25]), texRes=128.0, units='norm', win=Window(...))
9.9463 	EXP 	Created presstosharenextphoto_text = TextStim(__class__=<class 'psychopy.visual.text.TextStim'>, alignHoriz=method-wrapper(...), alignText='center', alignVert=method-wrapper(...), anchorHoriz='center', anchorVert='center', antialias=True, autoDraw=False, autoLog=True, bold=False, color=array([1., 1., 1.]), colorSpace='rgb', contrast=1.0, depth=0.0, flipHoriz=False, flipVert=False, font='Open Sans', fontFiles=[], height=0.09, italic=False, languageStyle='LTR', name='presstosharenextphoto_text', opacity=1.0, ori=0.0, pos=array([0., 0.]), rgb=UNKNOWN, text='Press space to share your next photo.', units='norm', win=Window(...), wrapWidth=1)
10.0215 	EXP 	Created WTP_ins_text1 = TextStim(__class__=<class 'psychopy.visual.text.TextStim'>, alignHoriz=method-wrapper(...), alignText='center', alignVert=method-wrapper(...), anchorHoriz='center', anchorVert='center', antialias=True, autoDraw=False, autoLog=True, bold=False, color=array([1., 1., 1.]), colorSpace='rgb', contrast=1.0, depth=0.0, flipHoriz=False, flipVert=False, font='Open Sans', fontFiles=[], height=0.07, italic=False, languageStyle='LTR', name='WTP_ins_text1', opacity=1.0, ori=0.0, pos=array([0. , 0.3]), rgb=UNKNOWN, text=str(...), units='norm', win=Window(...), wrapWidth=1)
10.0961 	EXP 	Created WTP_ins_text2 = TextStim(__class__=<class 'psychopy.visual.text.TextStim'>, alignHoriz=method-wrapper(...), alignText='center', alignVert=method-wrapper(...), anchorHoriz='center', anchorVert='center', antialias=True, autoDraw=False, autoLog=True, bold=False, color=array([1., 1., 1.]), colorSpace='rgb', contrast=1.0, depth=0.0, flipHoriz=False, flipVert=False, font='Open Sans', fontFiles=[], height=0.05, italic=False, languageStyle='LTR', name='WTP_ins_text2', opacity=1.0, ori=0.0, pos=array([0., 0.]), rgb=UNKNOWN, text=str(...), units='norm', win=Window(...), wrapWidth=1)
10.1501 	EXP 	Created Left_Experience = TextStim(__class__=<class 'psychopy.visual.text.TextStim'>, alignHoriz=method-wrapper(...), alignText='center', alignVert=method-wrapper(...), anchorHoriz='center', anchorVert='center', antialias=True, autoDraw=False, autoLog=True, bold=False, color=array([1., 1., 1.]), colorSpace='rgb', contrast=1.0, depth=0.0, flipHoriz=False, flipVert=False, font='Open Sans', fontFiles=[], height=0.05, italic=False, languageStyle='LTR', name='Left_Experience', opacity=1.0, ori=0.0, pos=array([0.5, 0.1]), rgb=UNKNOWN, text='', units='norm', win=Window(...), wrapWidth=1)
10.1511 	EXP 	Created Right_Experience = TextStim(__class__=<class 'psychopy.visual.text.TextStim'>, alignHoriz=method-wrapper(...), alignText='center', alignVert=method-wrapper(...), anchorHoriz='center', anchorVert='center', antialias=True, autoDraw=False, autoLog=True, bold=False, color=array([1., 1., 1.]), colorSpace='rgb', contrast=1.0, depth=-1.0, flipHoriz=False, flipVert=False, font='Open Sans', fontFiles=[], height=0.05, italic=False, languageStyle='LTR', name='Right_Experience', opacity=1.0, ori=0.0, pos=array([-0.5,  0.1]), rgb=UNKNOWN, text='', units='norm', win=Window(...), wrapWidth=1)
10.1520 	EXP 	Created Left_Price = TextStim(__class__=<class 'psychopy.visual.text.TextStim'>, alignHoriz=method-wrapper(...), alignText='center', alignVert=method-wrapper(...), anchorHoriz='center', anchorVert='center', antialias=True, autoDraw=False, autoLog=True, bold=False, color=array([1., 1., 1.]), colorSpace='rgb', contrast=1.0, depth=-2.0, flipHoriz=False, flipVert=False, font='Open Sans', fontFiles=[], height=0.05, italic=False, languageStyle='LTR', name='Left_Price', opacity=1.0, ori=0.0, pos=array([ 0.5, -0.5]), rgb=UNKNOWN, text='', units='norm', win=Window(...), wrapWidth=1)
10.1529 	EXP 	Created Right_Price = TextStim(__class__=<class 'psychopy.visual.text.TextStim'>, alignHoriz=method-wrapper(...), alignText='center', alignVert=method-wrapper(...), anchorHoriz='center', anchorVert='center', antialias=True, autoDraw=False, autoLog=True, bold=False, color=array([1., 1., 1.]), colorSpace='rgb', contrast=1.0, depth=-3.0, flipHoriz=False, flipVert=False, font='Open Sans', fontFiles=[], height=0.05, italic=False, languageStyle='LTR', name='Right_Price', opacity=1.0, ori=0.0, pos=array([-0.5, -0.5]), rgb=UNKNOWN, text='', units='norm', win=Window(...), wrapWidth=1)
10.2065 	EXP 	Created ITI_text = TextStim(__class__=<class 'psychopy.visual.text.TextStim'>, alignHoriz=method-wrapper(...), alignText='center', alignVert=method-wrapper(...), anchorHoriz='center', anchorVert='center', antialias=True, autoDraw=False, autoLog=True, bold=False, color=array([1., 1., 1.]), colorSpace='rgb', contrast=1.0, depth=0.0, flipHoriz=False, flipVert=False, font='Open Sans', fontFiles=[], height=0.1, italic=False, languageStyle='LTR', name='ITI_text', opacity=1.0, ori=0.0, pos=array([0., 0.]), rgb=UNKNOWN, text='', units='norm', win=Window(...), wrapWidth=1)
10.2607 	EXP 	Created Resume_Text = TextStim(__class__=<class 'psychopy.visual.text.TextStim'>, alignHoriz=method-wrapper(...), alignText='center', alignVert=method-wrapper(...), anchorHoriz='center', anchorVert='center', antialias=True, autoDraw=False, autoLog=True, bold=False, color=array([1., 1., 1.]), colorSpace='rgb', contrast=1.0, depth=-2.0, flipHoriz=False, flipVert=False, font='Open Sans', fontFiles=[], height=0.12, italic=False, languageStyle='LTR', name='Resume_Text', opacity=1.0, ori=0.0, pos=array([0., 0.]), rgb=UNKNOWN, text='', units='norm', win=Window(...), wrapWidth=1)
10.2765 	EXP 	window1: mouseVisible = True
10.3493 	EXP 	Created slider = Slider(__class__=<class 'psychopy.visual.slider.Slider'>, autoDraw=False, autoLog=True, borderColor=None, color=None, colorSpace='rgb', depth=-5, fillColor=None, flip=False, font='Open Sans', granularity=0.0, labelColor=None, labelHeight=0.05, labelWrapWidth=None, labels=(1, 2, 3, 4, 5), lineColor=None, markerColor=None, name='slider', opacity=None, ori=0.0, pos=array([ 0. , -0.4]), readOnly=False, self=UNKNOWN, size=array([1. , 0.1]), startValue=999, style='rating', styleTweaks=['labels45', 'triangleMarker'], ticks=array([1, 2, 3, 4, 5]), units='norm', win=Window(...))
10.3508 	EXP 	Created saliencequestion_text = TextStim(__class__=<class 'psychopy.visual.text.TextStim'>, alignHoriz=method-wrapper(...), alignText='center', alignVert=method-wrapper(...), anchorHoriz='center', anchorVert='center', antialias=True, autoDraw=False, autoLog=True, bold=False, color=array([1., 1., 1.]), colorSpace='rgb', contrast=1.0, depth=-1.0, flipHoriz=False, flipVert=False, font='Open Sans', fontFiles=[], height=0.06, italic=False, languageStyle='LTR', name='saliencequestion_text', opacity=1.0, ori=0.0, pos=array([0. , 0.6]), rgb=UNKNOWN, text='', units='norm', win=Window(...), wrapWidth=1)
10.4142 	EXP 	Created salienceavatar_image = ImageStim(__class__=<class 'psychopy.visual.image.ImageStim'>, anchor=('center', 'center'), autoLog=True, color=array([1., 1., 1.]), colorSpace='rgb', contrast=1.0, depth=-3.0, flipHoriz=False, flipVert=False, image='sin', interpolate=True, mask=None, maskParams=None, name='salienceavatar_image', opacity=1.0, ori=0.0, pos=array([0., 0.]), size=array([0.3 , 0.55]), texRes=128.0, units='norm', win=Window(...))
10.4216 	EXP 	Created saliencecontinue_text = TextStim(__class__=<class 'psychopy.visual.text.TextStim'>, alignHoriz=method-wrapper(...), alignText='center', alignVert=method-wrapper(...), anchorHoriz='center', anchorVert='center', antialias=True, autoDraw=False, autoLog=True, bold=False, color=array([1., 1., 1.]), colorSpace='rgb', contrast=1.0, depth=-4.0, flipHoriz=False, flipVert=False, font='Open Sans', fontFiles=[], height=0.07, italic=False, languageStyle='LTR', name='saliencecontinue_text', opacity=1.0, ori=0.0, pos=array([ 0. , -0.8]), rgb=UNKNOWN, text='Press space to enter rating and continue.', units='norm', win=Window(...), wrapWidth=1)
10.4226 	EXP 	Created displayrating_text = TextStim(__class__=<class 'psychopy.visual.text.TextStim'>, alignHoriz=method-wrapper(...), alignText='center', alignVert=method-wrapper(...), anchorHoriz='center', anchorVert='center', antialias=True, autoDraw=False, autoLog=True, bold=False, color=array([1., 1., 1.]), colorSpace='rgb', contrast=1.0, depth=-5.0, flipHoriz=False, flipVert=False, font='Open Sans', fontFiles=[], height=0.065, italic=False, languageStyle='LTR', name='displayrating_text', opacity=1.0, ori=0.0, pos=array([ 0.  , -0.65]), rgb=UNKNOWN, text='', units='norm', win=Window(...), wrapWidth=1)
10.4268 	EXP 	window1: mouseVisible = True
10.5164 	EXP 	Created slider = Slider(__class__=<class 'psychopy.visual.slider.Slider'>, autoDraw=False, autoLog=True, borderColor=None, color=None, colorSpace='rgb', depth=-5, fillColor=None, flip=False, font='Open Sans', granularity=0.0, labelColor=None, labelHeight=0.05, labelWrapWidth=None, labels=(1, 2, 3, 4, 5, 6, 7, 8, 9), lineColor=None, markerColor=None, name='slider', opacity=None, ori=0.0, pos=array([ 0. , -0.4]), readOnly=False, self=UNKNOWN, size=array([1. , 0.1]), startValue=999, style='rating', styleTweaks=['labels45', 'triangleMarker'], ticks=array([1, 2, 3, 4, 5, 6, 7, 8, 9]), units='norm', win=Window(...))
10.5173 	EXP 	Created stresslevel_text = TextStim(__class__=<class 'psychopy.visual.text.TextStim'>, alignHoriz=method-wrapper(...), alignText='center', alignVert=method-wrapper(...), anchorHoriz='center', anchorVert='center', antialias=True, autoDraw=False, autoLog=True, bold=False, color=array([1., 1., 1.]), colorSpace='rgb', contrast=1.0, depth=-1.0, flipHoriz=False, flipVert=False, font='Open Sans', fontFiles=[], height=0.08, italic=False, languageStyle='LTR', name='stresslevel_text', opacity=1.0, ori=0.0, pos=array([0. , 0.3]), rgb=UNKNOWN, text='', units='norm', win=Window(...), wrapWidth=1)
10.5712 	EXP 	Created displaystressrating_text = TextStim(__class__=<class 'psychopy.visual.text.TextStim'>, alignHoriz=method-wrapper(...), alignText='center', alignVert=method-wrapper(...), anchorHoriz='center', anchorVert='center', antialias=True, autoDraw=False, autoLog=True, bold=False, color=array([1., 1., 1.]), colorSpace='rgb', contrast=1.0, depth=-3.0, flipHoriz=False, flipVert=False, font='Open Sans', fontFiles=[], height=0.08, italic=False, languageStyle='LTR', name='displaystressrating_text', opacity=1.0, ori=0.0, pos=array([ 0.  , -0.65]), rgb=UNKNOWN, text='', units='norm', win=Window(...), wrapWidth=1)
10.5817 	WARNING 	t of last frame was 1316.65ms (=1/0)
10.5817 	EXP 	slider: autoLog = True
10.5817 	EXP 	slider: markerPos = 999
10.5817 	EXP 	slider: styleTweaks = []
10.5817 	EXP 	slider: styleTweaks = []
10.5817 	EXP 	slider: styleTweaks = ['labels45', 'triangleMarker']
10.5817 	EXP 	slider: styleTweaks = ['labels45', 'triangleMarker']
10.5817 	EXP 	slider: contrast = 1.0
10.5817 	EXP 	slider: autoLog = True
10.5817 	EXP 	slider: autoLog = True
10.5817 	EXP 	slider: markerPos = 999
10.5817 	EXP 	slider: styleTweaks = []
10.5817 	EXP 	slider: styleTweaks = []
10.5817 	EXP 	slider: styleTweaks = ['labels45', 'triangleMarker']
10.5817 	EXP 	slider: styleTweaks = ['labels45', 'triangleMarker']
10.5817 	EXP 	slider: contrast = 1.0
10.5817 	EXP 	slider: autoLog = True
10.5817 	EXP 	Welcome: autoDraw = True
12.0885 	DATA 	Keypress: space
12.0929 	EXP 	Welcome: autoDraw = False
12.0929 	EXP 	FirstInstructions: autoDraw = True
12.1476 	WARNING 	Multiple dropped frames have occurred - I'll stop bothering you about them!
13.1952 	EXP 	Imported /Users/melanieruiz/Desktop/WTP_SM_Choice/Participant_Images/101/101_trials.csv as conditions, 150 conditions, 6 params
13.1961 	EXP 	Created sequence: sequential, trialTypes=150, nReps=1, seed=None
13.1964 	EXP 	New trial (rep=0, index=0): OrderedDict([('TrialNumber', 1), ('Partner', 'Alex'), ('Condition', 'Neutral'), ('Photos', 'Participant_Images/101/101_Images/101_Image_24.jpg'), ('Feedback', 'did not like'), ('FeedbackWait', 3.613205605)])
13.2042 	DATA 	Keypress: space
13.2069 	EXP 	FirstInstructions: autoDraw = False
13.2069 	EXP 	Match_text: autoDraw = True
13.5272 	DATA 	Keypress: space
16.2046 	EXP 	Match_text: autoDraw = False
16.2046 	EXP 	syncing_text: autoDraw = True
16.2046 	EXP 	text_0: autoDraw = True
16.2046 	EXP 	Transparent: autoDraw = True
17.4365 	EXP 	Loading_25: autoDraw = True
17.4365 	EXP 	text_25: autoDraw = True
17.4548 	EXP 	text_0: autoDraw = False
18.6738 	EXP 	Loading_25: autoDraw = False
18.6738 	EXP 	text_25: autoDraw = False
18.6940 	EXP 	Loading_50: autoDraw = True
18.6940 	EXP 	text_50: autoDraw = True
19.9437 	EXP 	Loading_50: autoDraw = False
19.9437 	EXP 	text_50: autoDraw = False
19.9437 	EXP 	Loading_75: autoDraw = True
19.9437 	EXP 	text_75: autoDraw = True
21.1930 	EXP 	Loading_75: autoDraw = False
21.1930 	EXP 	text_75: autoDraw = False
21.1930 	EXP 	Loading_100: autoDraw = True
21.1930 	EXP 	text_100: autoDraw = True
22.4385 	EXP 	Loading_100: autoDraw = False
22.4385 	EXP 	text_100: autoDraw = False
22.4628 	EXP 	syncing_text: autoDraw = False
22.4628 	EXP 	Transparent: autoDraw = False
22.4628 	EXP 	Match_text: autoDraw = False
22.4628 	EXP 	syncing_text: autoDraw = False
22.4628 	EXP 	text_0: autoDraw = False
22.4628 	EXP 	Transparent: autoDraw = False
22.4628 	EXP 	Loading_25: autoDraw = False
22.4628 	EXP 	text_25: autoDraw = False
22.4628 	EXP 	Loading_50: autoDraw = False
22.4628 	EXP 	text_50: autoDraw = False
22.4628 	EXP 	Loading_75: autoDraw = False
22.4628 	EXP 	text_75: autoDraw = False
22.4628 	EXP 	Loading_100: autoDraw = False
22.4628 	EXP 	text_100: autoDraw = False
22.4628 	EXP 	Youhavematched: height = 0.08
22.4628 	EXP 	Youhavematched: height = 0.08
22.4628 	EXP 	Youhavematched: height = 0.08
22.4628 	EXP 	Youhavematched: text = 'You have matched with: Alex'
22.4628 	EXP 	partneremoji_image: image = 'Images/cowboyemoji.png'
22.4628 	EXP 	Youhavematched: autoDraw = True
22.4628 	EXP 	partneremoji_image: autoDraw = True
22.4628 	EXP 	PressToContinue: autoDraw = True
26.1354 	DATA 	Keypress: space
26.1387 	EXP 	Youhavematched: autoDraw = False
26.1387 	EXP 	partneremoji_image: autoDraw = False
26.1387 	EXP 	PressToContinue: autoDraw = False
26.1387 	EXP 	participantimage_image: image = 'Participant_Images/101/101_Images/101_Image_24.jpg'
26.1387 	EXP 	photobeingshared_text: autoDraw = True
26.1387 	EXP 	waitforfeedback_text: autoDraw = True
26.1387 	EXP 	participantimage_image: autoDraw = True
28.9017 	EXP 	photobeingshared_text: autoDraw = False
28.9017 	EXP 	waitforfeedback_text: autoDraw = False
28.9017 	EXP 	participantimage_image: autoDraw = False
28.9017 	EXP 	waiting_text: autoDraw = True
33.9134 	EXP 	waiting_text: autoDraw = False
33.9134 	EXP 	displayfeedback_text: height = 0.12
33.9134 	EXP 	displayfeedback_text: height = 0.12
33.9134 	EXP 	displayfeedback_text: height = 0.12
33.9134 	EXP 	displayfeedback_text: text = 'Alex did not like your photo'
33.9134 	EXP 	fdbkimage_image: image = 'Images/thumbsdown.png'
33.9134 	EXP 	displayfeedback_text: autoDraw = True
33.9134 	EXP 	fdbkimage_image: autoDraw = True
35.4863 	DATA 	Keypress: space
36.9073 	EXP 	displayfeedback_text: autoDraw = False
36.9073 	EXP 	fdbkimage_image: autoDraw = False
36.9073 	EXP 	presstosharenextphoto_text: autoDraw = True
39.9050 	EXP 	Created sequence: random, trialTypes=1, nReps=0, seed=None
39.9082 	DATA 	Keypress: space
39.9455 	EXP 	New trial (rep=0, index=1): OrderedDict([('TrialNumber', 2), ('Partner', 'Alex'), ('Condition', 'Neutral'), ('Photos', 'Participant_Images/101/101_Images/101_Image_9.jpg'), ('Feedback', 'did not like'), ('FeedbackWait', 4.988446431)])
40.1078 	EXP 	presstosharenextphoto_text: autoDraw = False
40.1078 	EXP 	slider: markerPos = 3
40.1078 	EXP 	saliencequestion_text: height = 0.06
40.1078 	EXP 	saliencequestion_text: height = 0.06
40.1078 	EXP 	saliencequestion_text: height = 0.06
40.1078 	EXP 	saliencequestion_text: text = 'How likely are you to share photos with Alex in the future? \n\n Use your left and right arrows to move the arrow to your desired rating.'
40.1078 	EXP 	salienceavatar_image: image = 'Images/cowboyemoji.png'
40.1078 	EXP 	displayrating_text: text = ''
40.1078 	EXP 	saliencequestion_text: autoDraw = False
40.1078 	EXP 	salienceavatar_image: autoDraw = False
40.1078 	EXP 	saliencecontinue_text: autoDraw = False
40.1078 	EXP 	displayrating_text: autoDraw = False
40.1078 	EXP 	slider: markerPos = 5
40.1078 	EXP 	stresslevel_text: height = 0.08
40.1078 	EXP 	stresslevel_text: height = 0.08
40.1078 	EXP 	stresslevel_text: height = 0.08
40.1078 	EXP 	stresslevel_text: text = 'Please rate your current stress level. \n\n\n Use your mouse or left and right arrows to move the arrow to your desired rating.'
40.1078 	EXP 	displaystressrating_text: text = ''
40.1078 	EXP 	stresslevel_text: autoDraw = False
40.1078 	EXP 	displaystressrating_text: autoDraw = False
40.1078 	EXP 	Match_text: autoDraw = False
40.1078 	EXP 	syncing_text: autoDraw = False
40.1078 	EXP 	text_0: autoDraw = False
40.1078 	EXP 	Transparent: autoDraw = False
40.1078 	EXP 	Loading_25: autoDraw = False
40.1078 	EXP 	text_25: autoDraw = False
40.1078 	EXP 	Loading_50: autoDraw = False
40.1078 	EXP 	text_50: autoDraw = False
40.1078 	EXP 	Loading_75: autoDraw = False
40.1078 	EXP 	text_75: autoDraw = False
40.1078 	EXP 	Loading_100: autoDraw = False
40.1078 	EXP 	text_100: autoDraw = False
40.1078 	EXP 	Youhavematched: text = 'You have matched with: Alex'
40.1078 	EXP 	partneremoji_image: image = 'Images/cowboyemoji.png'
40.1078 	EXP 	Youhavematched: autoDraw = False
40.1078 	EXP 	partneremoji_image: autoDraw = False
40.1078 	EXP 	PressToContinue: autoDraw = False
40.1078 	EXP 	participantimage_image: image = 'Participant_Images/101/101_Images/101_Image_9.jpg'
40.1078 	EXP 	photobeingshared_text: autoDraw = True
40.1078 	EXP 	waitforfeedback_text: autoDraw = True
40.1078 	EXP 	participantimage_image: autoDraw = True
42.9588 	EXP 	photobeingshared_text: autoDraw = False
42.9588 	EXP 	waitforfeedback_text: autoDraw = False
42.9588 	EXP 	participantimage_image: autoDraw = False
42.9588 	EXP 	waiting_text: autoDraw = True
43.1964 	DATA 	Keypress: space
47.9509 	EXP 	waiting_text: autoDraw = False
47.9509 	EXP 	waiting_text: autoDraw = False
47.9509 	EXP 	displayfeedback_text: text = 'Alex did not like your photo'
47.9509 	EXP 	fdbkimage_image: image = 'Images/thumbsdown.png'
47.9509 	EXP 	displayfeedback_text: autoDraw = True
47.9509 	EXP 	fdbkimage_image: autoDraw = True
50.9448 	EXP 	displayfeedback_text: autoDraw = False
50.9448 	EXP 	fdbkimage_image: autoDraw = False
50.9448 	EXP 	displayfeedback_text: autoDraw = False
50.9448 	EXP 	fdbkimage_image: autoDraw = False
50.9448 	EXP 	presstosharenextphoto_text: autoDraw = True
52.6239 	EXP 	Created sequence: random, trialTypes=1, nReps=0, seed=None
52.6254 	DATA 	Keypress: space
52.6359 	EXP 	New trial (rep=0, index=2): OrderedDict([('TrialNumber', 3), ('Partner', 'Alex'), ('Condition', 'Neutral'), ('Photos', 'Participant_Images/101/101_Images/101_Image_4.jpg'), ('Feedback', 'liked'), ('FeedbackWait', 3.470791822)])
52.8052 	EXP 	presstosharenextphoto_text: autoDraw = False
52.8052 	EXP 	slider: markerPos = 3
52.8052 	EXP 	saliencequestion_text: text = 'How likely are you to share photos with Alex in the future? \n\n Use your left and right arrows to move the arrow to your desired rating.'
52.8052 	EXP 	salienceavatar_image: image = 'Images/cowboyemoji.png'
52.8052 	EXP 	displayrating_text: text = ''
52.8052 	EXP 	saliencequestion_text: autoDraw = False
52.8052 	EXP 	salienceavatar_image: autoDraw = False
52.8052 	EXP 	saliencecontinue_text: autoDraw = False
52.8052 	EXP 	displayrating_text: autoDraw = False
52.8052 	EXP 	slider: markerPos = 5
52.8052 	EXP 	stresslevel_text: text = 'Please rate your current stress level. \n\n\n Use your mouse or left and right arrows to move the arrow to your desired rating.'
52.8052 	EXP 	displaystressrating_text: text = ''
52.8052 	EXP 	stresslevel_text: autoDraw = False
52.8052 	EXP 	displaystressrating_text: autoDraw = False
52.8052 	EXP 	Match_text: autoDraw = False
52.8052 	EXP 	syncing_text: autoDraw = False
52.8052 	EXP 	text_0: autoDraw = False
52.8052 	EXP 	Transparent: autoDraw = False
52.8052 	EXP 	Loading_25: autoDraw = False
52.8052 	EXP 	text_25: autoDraw = False
52.8052 	EXP 	Loading_50: autoDraw = False
52.8052 	EXP 	text_50: autoDraw = False
52.8052 	EXP 	Loading_75: autoDraw = False
52.8052 	EXP 	text_75: autoDraw = False
52.8052 	EXP 	Loading_100: autoDraw = False
52.8052 	EXP 	text_100: autoDraw = False
52.8052 	EXP 	Youhavematched: text = 'You have matched with: Alex'
52.8052 	EXP 	partneremoji_image: image = 'Images/cowboyemoji.png'
52.8052 	EXP 	Youhavematched: autoDraw = False
52.8052 	EXP 	partneremoji_image: autoDraw = False
52.8052 	EXP 	PressToContinue: autoDraw = False
52.8052 	EXP 	participantimage_image: image = 'Participant_Images/101/101_Images/101_Image_4.jpg'
52.8052 	EXP 	photobeingshared_text: autoDraw = True
52.8052 	EXP 	waitforfeedback_text: autoDraw = True
52.8052 	EXP 	participantimage_image: autoDraw = True
55.4209 	DATA 	Keypress: space
55.6546 	EXP 	photobeingshared_text: autoDraw = False
55.6546 	EXP 	waitforfeedback_text: autoDraw = False
55.6546 	EXP 	participantimage_image: autoDraw = False
55.6546 	EXP 	waiting_text: autoDraw = True
60.6672 	EXP 	waiting_text: autoDraw = False
60.6672 	EXP 	displayfeedback_text: height = 0.12
60.6672 	EXP 	displayfeedback_text: height = 0.12
60.6672 	EXP 	displayfeedback_text: height = 0.12
60.6672 	EXP 	displayfeedback_text: text = 'Alex liked your photo'
60.6672 	EXP 	fdbkimage_image: image = 'Images/thumbsup.png'
60.6672 	EXP 	displayfeedback_text: autoDraw = True
60.6672 	EXP 	fdbkimage_image: autoDraw = True
63.6530 	EXP 	displayfeedback_text: autoDraw = False
63.6530 	EXP 	fdbkimage_image: autoDraw = False
63.6530 	EXP 	presstosharenextphoto_text: autoDraw = True
64.8188 	EXP 	Created sequence: random, trialTypes=1, nReps=0, seed=None
64.8199 	DATA 	Keypress: space
64.8344 	EXP 	New trial (rep=0, index=3): OrderedDict([('TrialNumber', 4), ('Partner', 'Alex'), ('Condition', 'Neutral'), ('Photos', 'Participant_Images/101/101_Images/101_Image_1.jpg'), ('Feedback', 'liked'), ('FeedbackWait', 3.820572462)])
65.0302 	EXP 	presstosharenextphoto_text: autoDraw = False
65.0302 	EXP 	slider: markerPos = 3
65.0302 	EXP 	saliencequestion_text: text = 'How likely are you to share photos with Alex in the future? \n\n Use your left and right arrows to move the arrow to your desired rating.'
65.0302 	EXP 	salienceavatar_image: image = 'Images/cowboyemoji.png'
65.0302 	EXP 	displayrating_text: text = ''
65.0302 	EXP 	saliencequestion_text: autoDraw = False
65.0302 	EXP 	salienceavatar_image: autoDraw = False
65.0302 	EXP 	saliencecontinue_text: autoDraw = False
65.0302 	EXP 	displayrating_text: autoDraw = False
65.0302 	EXP 	slider: markerPos = 5
65.0302 	EXP 	stresslevel_text: text = 'Please rate your current stress level. \n\n\n Use your mouse or left and right arrows to move the arrow to your desired rating.'
65.0302 	EXP 	displaystressrating_text: text = ''
65.0302 	EXP 	stresslevel_text: autoDraw = False
65.0302 	EXP 	displaystressrating_text: autoDraw = False
65.0302 	EXP 	Match_text: autoDraw = False
65.0302 	EXP 	syncing_text: autoDraw = False
65.0302 	EXP 	text_0: autoDraw = False
65.0302 	EXP 	Transparent: autoDraw = False
65.0302 	EXP 	Loading_25: autoDraw = False
65.0302 	EXP 	text_25: autoDraw = False
65.0302 	EXP 	Loading_50: autoDraw = False
65.0302 	EXP 	text_50: autoDraw = False
65.0302 	EXP 	Loading_75: autoDraw = False
65.0302 	EXP 	text_75: autoDraw = False
65.0302 	EXP 	Loading_100: autoDraw = False
65.0302 	EXP 	text_100: autoDraw = False
65.0302 	EXP 	Youhavematched: text = 'You have matched with: Alex'
65.0302 	EXP 	partneremoji_image: image = 'Images/cowboyemoji.png'
65.0302 	EXP 	Youhavematched: autoDraw = False
65.0302 	EXP 	partneremoji_image: autoDraw = False
65.0302 	EXP 	PressToContinue: autoDraw = False
65.0302 	EXP 	participantimage_image: image = 'Participant_Images/101/101_Images/101_Image_1.jpg'
65.0302 	EXP 	photobeingshared_text: autoDraw = True
65.0302 	EXP 	waitforfeedback_text: autoDraw = True
65.0302 	EXP 	participantimage_image: autoDraw = True
67.8423 	EXP 	photobeingshared_text: autoDraw = False
67.8423 	EXP 	waitforfeedback_text: autoDraw = False
67.8423 	EXP 	participantimage_image: autoDraw = False
67.8423 	EXP 	waiting_text: autoDraw = True
70.6771 	DATA 	Keypress: space
71.0170 	DATA 	Keypress: space
71.1742 	DATA 	Keypress: space
72.8401 	EXP 	waiting_text: autoDraw = False
72.8401 	EXP 	waiting_text: autoDraw = False
72.8401 	EXP 	displayfeedback_text: text = 'Alex liked your photo'
72.8401 	EXP 	fdbkimage_image: image = 'Images/thumbsup.png'
72.8401 	EXP 	displayfeedback_text: autoDraw = True
72.8401 	EXP 	fdbkimage_image: autoDraw = True
75.8350 	EXP 	displayfeedback_text: autoDraw = False
75.8350 	EXP 	fdbkimage_image: autoDraw = False
75.8350 	EXP 	displayfeedback_text: autoDraw = False
75.8350 	EXP 	fdbkimage_image: autoDraw = False
75.8350 	EXP 	presstosharenextphoto_text: autoDraw = True
79.9377 	EXP 	Created sequence: random, trialTypes=1, nReps=0, seed=None
79.9397 	DATA 	Keypress: space
79.9546 	EXP 	New trial (rep=0, index=4): OrderedDict([('TrialNumber', 5), ('Partner', 'Alex'), ('Condition', 'Neutral'), ('Photos', 'Participant_Images/101/101_Images/101_Image_3.jpg'), ('Feedback', 'liked'), ('FeedbackWait', 2.455989137)])
80.1240 	EXP 	presstosharenextphoto_text: autoDraw = False
80.1240 	EXP 	slider: markerPos = 3
80.1240 	EXP 	saliencequestion_text: text = 'How likely are you to share photos with Alex in the future? \n\n Use your left and right arrows to move the arrow to your desired rating.'
80.1240 	EXP 	salienceavatar_image: image = 'Images/cowboyemoji.png'
80.1240 	EXP 	displayrating_text: text = ''
80.1240 	EXP 	saliencequestion_text: autoDraw = False
80.1240 	EXP 	salienceavatar_image: autoDraw = False
80.1240 	EXP 	saliencecontinue_text: autoDraw = False
80.1240 	EXP 	displayrating_text: autoDraw = False
80.1240 	EXP 	slider: markerPos = 5
80.1240 	EXP 	stresslevel_text: text = 'Please rate your current stress level. \n\n\n Use your mouse or left and right arrows to move the arrow to your desired rating.'
80.1240 	EXP 	displaystressrating_text: text = ''
80.1240 	EXP 	stresslevel_text: autoDraw = False
80.1240 	EXP 	displaystressrating_text: autoDraw = False
80.1240 	EXP 	Match_text: autoDraw = False
80.1240 	EXP 	syncing_text: autoDraw = False
80.1240 	EXP 	text_0: autoDraw = False
80.1240 	EXP 	Transparent: autoDraw = False
80.1240 	EXP 	Loading_25: autoDraw = False
80.1240 	EXP 	text_25: autoDraw = False
80.1240 	EXP 	Loading_50: autoDraw = False
80.1240 	EXP 	text_50: autoDraw = False
80.1240 	EXP 	Loading_75: autoDraw = False
80.1240 	EXP 	text_75: autoDraw = False
80.1240 	EXP 	Loading_100: autoDraw = False
80.1240 	EXP 	text_100: autoDraw = False
80.1240 	EXP 	Youhavematched: text = 'You have matched with: Alex'
80.1240 	EXP 	partneremoji_image: image = 'Images/cowboyemoji.png'
80.1240 	EXP 	Youhavematched: autoDraw = False
80.1240 	EXP 	partneremoji_image: autoDraw = False
80.1240 	EXP 	PressToContinue: autoDraw = False
80.1240 	EXP 	participantimage_image: image = 'Participant_Images/101/101_Images/101_Image_3.jpg'
80.1240 	EXP 	photobeingshared_text: autoDraw = True
80.1240 	EXP 	waitforfeedback_text: autoDraw = True
80.1240 	EXP 	participantimage_image: autoDraw = True
80.2016 	DATA 	Keypress: space
82.9899 	EXP 	photobeingshared_text: autoDraw = False
82.9899 	EXP 	waitforfeedback_text: autoDraw = False
82.9899 	EXP 	participantimage_image: autoDraw = False
82.9899 	EXP 	waiting_text: autoDraw = True
85.7077 	DATA 	Keypress: space
87.9787 	EXP 	waiting_text: autoDraw = False
87.9787 	EXP 	displayfeedback_text: text = 'Alex liked your photo'
87.9787 	EXP 	fdbkimage_image: image = 'Images/thumbsup.png'
87.9787 	EXP 	displayfeedback_text: autoDraw = True
87.9787 	EXP 	fdbkimage_image: autoDraw = True
90.9642 	EXP 	Created sequence: random, trialTypes=1, nReps=1, seed=None
90.9643 	EXP 	New trial (rep=0, index=0): None
90.9709 	EXP 	displayfeedback_text: autoDraw = False
90.9709 	EXP 	fdbkimage_image: autoDraw = False
90.9709 	EXP 	presstosharenextphoto_text: autoDraw = False
90.9709 	EXP 	WTP_ins_text1: autoDraw = True
94.0440 	DATA 	Keypress: space
94.0467 	EXP 	WTP_ins_text1: autoDraw = False
94.0467 	EXP 	WTP_ins_text2: autoDraw = True
95.2840 	EXP 	Imported /Users/melanieruiz/Desktop/WTP_SM_Choice/Participant_Images/101/101_WTP.xlsx as conditions, 5 conditions, 10 params
95.2844 	EXP 	Created sequence: sequential, trialTypes=5, nReps=1, seed=None
95.2848 	EXP 	New trial (rep=0, index=0): {'social_left': 0, 'Left_Exp': 'Rearranging furniture in your house', 'Right_Exp': 'Going to a carnival with friends', 'ITI': 4, 'leftmoney': 0.01, 'rightmoney': 0.01, 'greenText': 'green', 'left_more_than_right': 0, 'matching_prices': 1, 'social_worthmore': 1}
95.3055 	DATA 	Keypress: space
95.3082 	EXP 	WTP_ins_text2: autoDraw = False
95.3082 	EXP 	Left_Experience: height = 0.05
95.3082 	EXP 	Left_Experience: height = 0.05
95.3082 	EXP 	Left_Experience: height = 0.05
95.3082 	EXP 	Left_Experience: text = 'Rearranging furniture in your house'
95.3082 	EXP 	Right_Experience: height = 0.05
95.3082 	EXP 	Right_Experience: height = 0.05
95.3082 	EXP 	Right_Experience: height = 0.05
95.3082 	EXP 	Right_Experience: text = 'Going to a carnival with friends'
95.3082 	EXP 	Left_Price: height = 0.05
95.3082 	EXP 	Left_Price: height = 0.05
95.3082 	EXP 	Left_Price: height = 0.05
95.3082 	EXP 	Left_Price: text = 0.01
95.3082 	EXP 	Right_Price: height = 0.05
95.3082 	EXP 	Right_Price: height = 0.05
95.3082 	EXP 	Right_Price: height = 0.05
95.3082 	EXP 	Right_Price: text = 0.01
95.3082 	EXP 	Left_Experience: autoDraw = True
95.3082 	EXP 	Right_Experience: autoDraw = True
95.3082 	EXP 	Left_Price: autoDraw = True
95.3082 	EXP 	Right_Price: autoDraw = True
96.2022 	DATA 	Keypress: 1
96.2049 	EXP 	Left_Experience: autoDraw = False
96.2049 	EXP 	Right_Experience: autoDraw = False
96.2049 	EXP 	Left_Price: autoDraw = False
96.2049 	EXP 	Right_Price: autoDraw = False
96.2049 	EXP 	ITI_text: height = 0.1
96.2049 	EXP 	ITI_text: height = 0.1
96.2049 	EXP 	ITI_text: height = 0.1
96.2049 	EXP 	ITI_text: text = '+'
96.2049 	EXP 	ITI_text: autoDraw = True
100.1883 	EXP 	New trial (rep=0, index=1): {'social_left': 0, 'Left_Exp': 'Watching a new episode of a television show', 'Right_Exp': 'Having a picnic with family', 'ITI': 5, 'leftmoney': 0.02, 'rightmoney': 0.01, 'greenText': 'green', 'left_more_than_right': 1, 'matching_prices': 0, 'social_worthmore': 0}
100.2040 	EXP 	ITI_text: autoDraw = False
100.2040 	EXP 	ITI_text: autoDraw = False
100.2040 	EXP 	Left_Experience: height = 0.05
100.2040 	EXP 	Left_Experience: height = 0.05
100.2040 	EXP 	Left_Experience: height = 0.05
100.2040 	EXP 	Left_Experience: text = 'Watching a new episode of a television show'
100.2040 	EXP 	Right_Experience: height = 0.05
100.2040 	EXP 	Right_Experience: height = 0.05
100.2040 	EXP 	Right_Experience: height = 0.05
100.2040 	EXP 	Right_Experience: text = 'Having a picnic with family'
100.2040 	EXP 	Left_Price: height = 0.05
100.2040 	EXP 	Left_Price: height = 0.05
100.2040 	EXP 	Left_Price: height = 0.05
100.2040 	EXP 	Left_Price: text = 0.02
100.2040 	EXP 	Right_Price: height = 0.05
100.2040 	EXP 	Right_Price: height = 0.05
100.2040 	EXP 	Right_Price: height = 0.05
100.2040 	EXP 	Right_Price: text = 0.01
100.2040 	EXP 	Left_Experience: autoDraw = True
100.2040 	EXP 	Right_Experience: autoDraw = True
100.2040 	EXP 	Left_Price: autoDraw = True
100.2040 	EXP 	Right_Price: autoDraw = True
100.7787 	DATA 	Keypress: 2
100.7815 	EXP 	Left_Experience: autoDraw = False
100.7815 	EXP 	Right_Experience: autoDraw = False
100.7815 	EXP 	Left_Price: autoDraw = False
100.7815 	EXP 	Right_Price: autoDraw = False
100.7815 	EXP 	ITI_text: text = '+'
100.7815 	EXP 	ITI_text: autoDraw = True
103.7958 	DATA 	Keypress: escape
104.0815 	EXP 	window1: mouseVisible = True
