1.5331 	WARNING 	We strongly recommend you activate the PTB sound engine in PsychoPy prefs as the preferred audio engine. Its timing is vastly superior. Your prefs are currently set to use ['sounddevice', 'PTB', 'pyo', 'pygame'] (in that order).
6.7685 	WARNING 	User requested fullscreen with size [1440  900], but screen is actually [1512, 982]. Using actual size
8.1282 	EXP 	Created window1 = Window(allowGUI=True, allowStencil=False, autoLog=True, backendConf=UNKNOWN, bitsMode=UNKNOWN, blendMode='avg', bpc=(8, 8, 8), color=array([-1., -1., -1.]), colorSpace='rgb', depthBits=8, fullscr=<method-wrapper '__getattribute__' of attributeSetter object at 0x7fd0d8e7ad90>, gamma=None, gammaErrorPolicy='raise', lms=UNKNOWN, monitor=<psychopy.monitors.calibTools.Monitor object at 0x7fd0c0edb6d0>, multiSample=False, name='window1', numSamples=2, pos=[378.0, 245.5], screen=0, size=array([3024, 1964]), stencilBits=0, stereo=False, units='norm', useFBO=True, useRetina=True, viewOri=0.0, viewPos=None, viewScale=None, waitBlanking=True, winType='pyglet')
8.1288 	EXP 	window1: mouseVisible = True
8.1289 	EXP 	window1: mouseVisible = True
8.1290 	EXP 	window1: Attempting to measure frame rate of screen (0) ...
8.1290 	EXP 	window1: recordFrameIntervals = False
8.2593 	EXP 	window1: recordFrameIntervals = True
9.4298 	WARNING 	Couldn't measure a consistent frame rate!
  - Is your graphics card set to sync to vertical blank?
  - Are you running other processes on your computer?

9.8432 	EXP 	Created Welcome = TextStim(__class__=<class 'psychopy.visual.text.TextStim'>, alignHoriz=method-wrapper(...), alignText='center', alignVert=method-wrapper(...), anchorHoriz='center', anchorVert='center', antialias=True, autoDraw=False, autoLog=True, bold=False, color=array([1., 1., 1.]), colorSpace='rgb', contrast=1.0, depth=0.0, flipHoriz=False, flipVert=False, font='Open Sans', fontFiles=[], height=0.08, italic=False, languageStyle='LTR', name='Welcome', opacity=1.0, ori=0.0, pos=array([0., 0.]), rgb=UNKNOWN, text=str(...), units='norm', win=Window(...), wrapWidth=1)
9.9142 	EXP 	Created FirstInstructions = TextStim(__class__=<class 'psychopy.visual.text.TextStim'>, alignHoriz=method-wrapper(...), alignText='center', alignVert=method-wrapper(...), anchorHoriz='center', anchorVert='center', antialias=True, autoDraw=False, autoLog=True, bold=False, color=array([1., 1., 1.]), colorSpace='rgb', contrast=1.0, depth=0.0, flipHoriz=False, flipVert=False, font='Open Sans', fontFiles=[], height=0.08, italic=False, languageStyle='LTR', name='FirstInstructions', opacity=1.0, ori=0.0, pos=array([0., 0.]), rgb=UNKNOWN, text=str(...), units='norm', win=Window(...), wrapWidth=1)
9.9718 	EXP 	Created Match_text = TextStim(__class__=<class 'psychopy.visual.text.TextStim'>, alignHoriz=method-wrapper(...), alignText='center', alignVert=method-wrapper(...), anchorHoriz='center', anchorVert='center', antialias=True, autoDraw=False, autoLog=True, bold=False, color=array([1., 1., 1.]), colorSpace='rgb', contrast=1.0, depth=-1.0, flipHoriz=False, flipVert=False, font='Open Sans', fontFiles=[], height=0.08, italic=False, languageStyle='LTR', name='Match_text', opacity=1.0, ori=0.0, pos=array([0. , 0.3]), rgb=UNKNOWN, text=str(...), units='norm', win=Window(...), wrapWidth=1)
9.9776 	EXP 	Created syncing_text = TextStim(__class__=<class 'psychopy.visual.text.TextStim'>, alignHoriz=method-wrapper(...), alignText='center', alignVert=method-wrapper(...), anchorHoriz='center', anchorVert='center', antialias=True, autoDraw=False, autoLog=True, bold=False, color=array([1., 1., 1.]), colorSpace='rgb', contrast=1.0, depth=-2.0, flipHoriz=False, flipVert=False, font='Open Sans', fontFiles=[], height=0.12, italic=False, languageStyle='LTR', name='syncing_text', opacity=1.0, ori=0.0, pos=array([0. , 0.3]), rgb=UNKNOWN, text='Syncing…', units='norm', win=Window(...), wrapWidth=1)
9.9815 	EXP 	Created text_0 = TextStim(__class__=<class 'psychopy.visual.text.TextStim'>, alignHoriz=method-wrapper(...), alignText='center', alignVert=method-wrapper(...), anchorHoriz='center', anchorVert='center', antialias=True, autoDraw=False, autoLog=True, bold=False, color=array([1., 1., 1.]), colorSpace='rgb', contrast=1.0, depth=-3.0, flipHoriz=False, flipVert=False, font='Open Sans', fontFiles=[], height=0.1, italic=False, languageStyle='LTR', name='text_0', opacity=1.0, ori=0.0, pos=array([ 0. , -0.2]), rgb=UNKNOWN, text='0%', units='norm', win=Window(...), wrapWidth=1)
9.9843 	EXP 	Created Transparent = Rect(__class__=<class 'psychopy.visual.rect.Rect'>, anchor=('center', 'center'), autoDraw=False, autoLog=True, closeShape=True, color=method-wrapper(...), colorSpace='rgb', contrast=None, depth=-4.0, fillColor=array([0., 0., 0.]), fillColorSpace='rgb', fillRGB=array([0., 0., 0.]), interpolate=True, lineColor=array([1., 1., 1.]), lineColorSpace='rgb', lineRGB=array([1, 1, 1]), lineWidth=1.2, name='Transparent', opacity=1.0, ori=0.0, pos=array([0., 0.]), size=array([1. , 0.1]), units='norm', vertices=ndarray(...), win=Window(...))
9.9857 	EXP 	Created Loading_25 = Rect(__class__=<class 'psychopy.visual.rect.Rect'>, anchor=('center', 'center'), autoDraw=False, autoLog=True, closeShape=True, color=method-wrapper(...), colorSpace='rgb', contrast=None, depth=-5.0, fillColor=array([1, 1, 1]), fillColorSpace='rgb', fillRGB=array([1, 1, 1]), interpolate=True, lineColor=array([1., 1., 1.]), lineColorSpace='rgb', lineRGB=array([1, 1, 1]), lineWidth=1.0, name='Loading_25', opacity=1.0, ori=0.0, pos=array([-0.375,  0.   ]), size=array([0.25, 0.1 ]), units='norm', vertices=ndarray(...), win=Window(...))
9.9886 	EXP 	Created text_25 = TextStim(__class__=<class 'psychopy.visual.text.TextStim'>, alignHoriz=method-wrapper(...), alignText='center', alignVert=method-wrapper(...), anchorHoriz='center', anchorVert='center', antialias=True, autoDraw=False, autoLog=True, bold=False, color=array([1., 1., 1.]), colorSpace='rgb', contrast=1.0, depth=-6.0, flipHoriz=False, flipVert=False, font='Open Sans', fontFiles=[], height=0.1, italic=False, languageStyle='LTR', name='text_25', opacity=1.0, ori=0.0, pos=array([ 0. , -0.2]), rgb=UNKNOWN, text='25%', units='norm', win=Window(...), wrapWidth=1)
9.9900 	EXP 	Created Loading_50 = Rect(__class__=<class 'psychopy.visual.rect.Rect'>, anchor=('center', 'center'), autoDraw=False, autoLog=True, closeShape=True, color=method-wrapper(...), colorSpace='rgb', contrast=None, depth=-7.0, fillColor=array([1, 1, 1]), fillColorSpace='rgb', fillRGB=array([1, 1, 1]), interpolate=True, lineColor=array([1., 1., 1.]), lineColorSpace='rgb', lineRGB=array([1, 1, 1]), lineWidth=1.0, name='Loading_50', opacity=1.0, ori=0.0, pos=array([-0.25,  0.  ]), size=array([0.5, 0.1]), units='norm', vertices=ndarray(...), win=Window(...))
9.9920 	EXP 	Created text_50 = TextStim(__class__=<class 'psychopy.visual.text.TextStim'>, alignHoriz=method-wrapper(...), alignText='center', alignVert=method-wrapper(...), anchorHoriz='center', anchorVert='center', antialias=True, autoDraw=False, autoLog=True, bold=False, color=array([1., 1., 1.]), colorSpace='rgb', contrast=1.0, depth=-8.0, flipHoriz=False, flipVert=False, font='Open Sans', fontFiles=[], height=0.1, italic=False, languageStyle='LTR', name='text_50', opacity=1.0, ori=0.0, pos=array([ 0. , -0.2]), rgb=UNKNOWN, text='50%', units='norm', win=Window(...), wrapWidth=1)
9.9933 	EXP 	Created Loading_75 = Rect(__class__=<class 'psychopy.visual.rect.Rect'>, anchor=('center', 'center'), autoDraw=False, autoLog=True, closeShape=True, color=method-wrapper(...), colorSpace='rgb', contrast=None, depth=-9.0, fillColor=array([1, 1, 1]), fillColorSpace='rgb', fillRGB=array([1, 1, 1]), interpolate=True, lineColor=array([1., 1., 1.]), lineColorSpace='rgb', lineRGB=array([1, 1, 1]), lineWidth=1.0, name='Loading_75', opacity=1.0, ori=0.0, pos=array([-0.125,  0.   ]), size=array([0.75, 0.1 ]), units='norm', vertices=ndarray(...), win=Window(...))
9.9957 	EXP 	Created text_75 = TextStim(__class__=<class 'psychopy.visual.text.TextStim'>, alignHoriz=method-wrapper(...), alignText='center', alignVert=method-wrapper(...), anchorHoriz='center', anchorVert='center', antialias=True, autoDraw=False, autoLog=True, bold=False, color=array([1., 1., 1.]), colorSpace='rgb', contrast=1.0, depth=-10.0, flipHoriz=False, flipVert=False, font='Open Sans', fontFiles=[], height=0.1, italic=False, languageStyle='LTR', name='text_75', opacity=1.0, ori=0.0, pos=array([ 0. , -0.2]), rgb=UNKNOWN, text='75%', units='norm', win=Window(...), wrapWidth=1)
9.9970 	EXP 	Created Loading_100 = Rect(__class__=<class 'psychopy.visual.rect.Rect'>, anchor=('center', 'center'), autoDraw=False, autoLog=True, closeShape=True, color=method-wrapper(...), colorSpace='rgb', contrast=None, depth=-11.0, fillColor=array([1, 1, 1]), fillColorSpace='rgb', fillRGB=array([1, 1, 1]), interpolate=True, lineColor=array([1., 1., 1.]), lineColorSpace='rgb', lineRGB=array([1, 1, 1]), lineWidth=1.0, name='Loading_100', opacity=1.0, ori=0.0, pos=array([0., 0.]), size=array([1. , 0.1]), units='norm', vertices=ndarray(...), win=Window(...))
9.9995 	EXP 	Created text_100 = TextStim(__class__=<class 'psychopy.visual.text.TextStim'>, alignHoriz=method-wrapper(...), alignText='center', alignVert=method-wrapper(...), anchorHoriz='center', anchorVert='center', antialias=True, autoDraw=False, autoLog=True, bold=False, color=array([1., 1., 1.]), colorSpace='rgb', contrast=1.0, depth=-12.0, flipHoriz=False, flipVert=False, font='Open Sans', fontFiles=[], height=0.1, italic=False, languageStyle='LTR', name='text_100', opacity=1.0, ori=0.0, pos=array([ 0. , -0.2]), rgb=UNKNOWN, text='100%', units='norm', win=Window(...), wrapWidth=1)
10.0003 	EXP 	Created Youhavematched = TextStim(__class__=<class 'psychopy.visual.text.TextStim'>, alignHoriz=method-wrapper(...), alignText='center', alignVert=method-wrapper(...), anchorHoriz='center', anchorVert='center', antialias=True, autoDraw=False, autoLog=True, bold=False, color=array([1., 1., 1.]), colorSpace='rgb', contrast=1.0, depth=-1.0, flipHoriz=False, flipVert=False, font='Open Sans', fontFiles=[], height=0.08, italic=False, languageStyle='LTR', name='Youhavematched', opacity=1.0, ori=0.0, pos=array([0. , 0.6]), rgb=UNKNOWN, text='', units='norm', win=Window(...), wrapWidth=1)
10.0059 	EXP 	Created partneremoji_image = ImageStim(__class__=<class 'psychopy.visual.image.ImageStim'>, anchor=('center', 'center'), autoLog=True, color=array([1., 1., 1.]), colorSpace='rgb', contrast=1.0, depth=-2.0, flipHoriz=False, flipVert=False, image='sin', interpolate=True, mask=None, maskParams=None, name='partneremoji_image', opacity=1.0, ori=0.0, pos=array([0., 0.]), size=array([0.5 , 0.75]), texRes=128.0, units='norm', win=Window(...))
10.0665 	EXP 	Created PressToContinue = TextStim(__class__=<class 'psychopy.visual.text.TextStim'>, alignHoriz=method-wrapper(...), alignText='center', alignVert=method-wrapper(...), anchorHoriz='center', anchorVert='center', antialias=True, autoDraw=False, autoLog=True, bold=False, color=array([1., 1., 1.]), colorSpace='rgb', contrast=1.0, depth=-4.0, flipHoriz=False, flipVert=False, font='Open Sans', fontFiles=[], height=0.08, italic=False, languageStyle='LTR', name='PressToContinue', opacity=1.0, ori=0.0, pos=array([ 0. , -0.6]), rgb=UNKNOWN, text='Press space to continue.', units='norm', win=Window(...), wrapWidth=1)
10.0734 	EXP 	Created photobeingshared_text = TextStim(__class__=<class 'psychopy.visual.text.TextStim'>, alignHoriz=method-wrapper(...), alignText='center', alignVert=method-wrapper(...), anchorHoriz='center', anchorVert='center', antialias=True, autoDraw=False, autoLog=True, bold=False, color=array([1., 1., 1.]), colorSpace='rgb', contrast=1.0, depth=0.0, flipHoriz=False, flipVert=False, font='Open Sans', fontFiles=[], height=0.09, italic=False, languageStyle='LTR', name='photobeingshared_text', opacity=1.0, ori=0.0, pos=array([0. , 0.6]), rgb=UNKNOWN, text='This photo is now being shared', units='norm', win=Window(...), wrapWidth=1)
10.0799 	EXP 	Created waitforfeedback_text = TextStim(__class__=<class 'psychopy.visual.text.TextStim'>, alignHoriz=method-wrapper(...), alignText='center', alignVert=method-wrapper(...), anchorHoriz='center', anchorVert='center', antialias=True, autoDraw=False, autoLog=True, bold=False, color=array([1., 1., 1.]), colorSpace='rgb', contrast=1.0, depth=-1.0, flipHoriz=False, flipVert=False, font='Open Sans', fontFiles=[], height=0.09, italic=False, languageStyle='LTR', name='waitforfeedback_text', opacity=1.0, ori=0.0, pos=array([ 0. , -0.6]), rgb=UNKNOWN, text='Please wait for feedback.', units='norm', win=Window(...), wrapWidth=1)
10.0839 	EXP 	Created participantimage_image = ImageStim(__class__=<class 'psychopy.visual.image.ImageStim'>, anchor=('center', 'center'), autoLog=True, color=array([1., 1., 1.]), colorSpace='rgb', contrast=1.0, depth=-3.0, flipHoriz=False, flipVert=False, image='sin', interpolate=True, mask=None, maskParams=None, name='participantimage_image', opacity=1.0, ori=0.0, pos=array([0., 0.]), size=array([0.5 , 0.75]), texRes=128.0, units='norm', win=Window(...))
10.0889 	EXP 	Created waiting_text = TextStim(__class__=<class 'psychopy.visual.text.TextStim'>, alignHoriz=method-wrapper(...), alignText='center', alignVert=method-wrapper(...), anchorHoriz='center', anchorVert='center', antialias=True, autoDraw=False, autoLog=True, bold=False, color=array([1., 1., 1.]), colorSpace='rgb', contrast=1.0, depth=0.0, flipHoriz=False, flipVert=False, font='Open Sans', fontFiles=[], height=0.15, italic=False, languageStyle='LTR', name='waiting_text', opacity=1.0, ori=0.0, pos=array([0., 0.]), rgb=UNKNOWN, text='Waiting…', units='norm', win=Window(...), wrapWidth=1)
10.0898 	EXP 	Created displayfeedback_text = TextStim(__class__=<class 'psychopy.visual.text.TextStim'>, alignHoriz=method-wrapper(...), alignText='center', alignVert=method-wrapper(...), anchorHoriz='center', anchorVert='center', antialias=True, autoDraw=False, autoLog=True, bold=False, color=array([1., 1., 1.]), colorSpace='rgb', contrast=1.0, depth=0.0, flipHoriz=False, flipVert=False, font='Open Sans', fontFiles=[], height=0.12, italic=False, languageStyle='LTR', name='displayfeedback_text', opacity=1.0, ori=0.0, pos=array([0.  , 0.75]), rgb=UNKNOWN, text='', units='norm', win=Window(...), wrapWidth=1)
10.0934 	EXP 	Created fdbkimage_image = ImageStim(__class__=<class 'psychopy.visual.image.ImageStim'>, anchor=('center', 'center'), autoLog=True, color=array([1., 1., 1.]), colorSpace='rgb', contrast=1.0, depth=-1.0, flipHoriz=False, flipVert=False, image='sin', interpolate=True, mask=None, maskParams=None, name='fdbkimage_image', opacity=1.0, ori=0.0, pos=array([0., 0.]), size=array([0.75, 1.25]), texRes=128.0, units='norm', win=Window(...))
10.0984 	EXP 	Created presstosharenextphoto_text = TextStim(__class__=<class 'psychopy.visual.text.TextStim'>, alignHoriz=method-wrapper(...), alignText='center', alignVert=method-wrapper(...), anchorHoriz='center', anchorVert='center', antialias=True, autoDraw=False, autoLog=True, bold=False, color=array([1., 1., 1.]), colorSpace='rgb', contrast=1.0, depth=0.0, flipHoriz=False, flipVert=False, font='Open Sans', fontFiles=[], height=0.09, italic=False, languageStyle='LTR', name='presstosharenextphoto_text', opacity=1.0, ori=0.0, pos=array([0., 0.]), rgb=UNKNOWN, text='Press space to share your next photo.', units='norm', win=Window(...), wrapWidth=1)
10.1712 	EXP 	Created WTP_ins_text1 = TextStim(__class__=<class 'psychopy.visual.text.TextStim'>, alignHoriz=method-wrapper(...), alignText='center', alignVert=method-wrapper(...), anchorHoriz='center', anchorVert='center', antialias=True, autoDraw=False, autoLog=True, bold=False, color=array([1., 1., 1.]), colorSpace='rgb', contrast=1.0, depth=0.0, flipHoriz=False, flipVert=False, font='Open Sans', fontFiles=[], height=0.07, italic=False, languageStyle='LTR', name='WTP_ins_text1', opacity=1.0, ori=0.0, pos=array([0. , 0.3]), rgb=UNKNOWN, text=str(...), units='norm', win=Window(...), wrapWidth=1)
10.2428 	EXP 	Created WTP_ins_text2 = TextStim(__class__=<class 'psychopy.visual.text.TextStim'>, alignHoriz=method-wrapper(...), alignText='center', alignVert=method-wrapper(...), anchorHoriz='center', anchorVert='center', antialias=True, autoDraw=False, autoLog=True, bold=False, color=array([1., 1., 1.]), colorSpace='rgb', contrast=1.0, depth=0.0, flipHoriz=False, flipVert=False, font='Open Sans', fontFiles=[], height=0.05, italic=False, languageStyle='LTR', name='WTP_ins_text2', opacity=1.0, ori=0.0, pos=array([0., 0.]), rgb=UNKNOWN, text=str(...), units='norm', win=Window(...), wrapWidth=1)
10.2956 	EXP 	Created Left_Experience = TextStim(__class__=<class 'psychopy.visual.text.TextStim'>, alignHoriz=method-wrapper(...), alignText='center', alignVert=method-wrapper(...), anchorHoriz='center', anchorVert='center', antialias=True, autoDraw=False, autoLog=True, bold=False, color=array([1., 1., 1.]), colorSpace='rgb', contrast=1.0, depth=0.0, flipHoriz=False, flipVert=False, font='Open Sans', fontFiles=[], height=0.05, italic=False, languageStyle='LTR', name='Left_Experience', opacity=1.0, ori=0.0, pos=array([0.5, 0.1]), rgb=UNKNOWN, text='', units='norm', win=Window(...), wrapWidth=1)
10.2966 	EXP 	Created Right_Experience = TextStim(__class__=<class 'psychopy.visual.text.TextStim'>, alignHoriz=method-wrapper(...), alignText='center', alignVert=method-wrapper(...), anchorHoriz='center', anchorVert='center', antialias=True, autoDraw=False, autoLog=True, bold=False, color=array([1., 1., 1.]), colorSpace='rgb', contrast=1.0, depth=-1.0, flipHoriz=False, flipVert=False, font='Open Sans', fontFiles=[], height=0.05, italic=False, languageStyle='LTR', name='Right_Experience', opacity=1.0, ori=0.0, pos=array([-0.5,  0.1]), rgb=UNKNOWN, text='', units='norm', win=Window(...), wrapWidth=1)
10.2975 	EXP 	Created Left_Price = TextStim(__class__=<class 'psychopy.visual.text.TextStim'>, alignHoriz=method-wrapper(...), alignText='center', alignVert=method-wrapper(...), anchorHoriz='center', anchorVert='center', antialias=True, autoDraw=False, autoLog=True, bold=False, color=array([1., 1., 1.]), colorSpace='rgb', contrast=1.0, depth=-2.0, flipHoriz=False, flipVert=False, font='Open Sans', fontFiles=[], height=0.05, italic=False, languageStyle='LTR', name='Left_Price', opacity=1.0, ori=0.0, pos=array([ 0.5, -0.5]), rgb=UNKNOWN, text='', units='norm', win=Window(...), wrapWidth=1)
10.2985 	EXP 	Created Right_Price = TextStim(__class__=<class 'psychopy.visual.text.TextStim'>, alignHoriz=method-wrapper(...), alignText='center', alignVert=method-wrapper(...), anchorHoriz='center', anchorVert='center', antialias=True, autoDraw=False, autoLog=True, bold=False, color=array([1., 1., 1.]), colorSpace='rgb', contrast=1.0, depth=-3.0, flipHoriz=False, flipVert=False, font='Open Sans', fontFiles=[], height=0.05, italic=False, languageStyle='LTR', name='Right_Price', opacity=1.0, ori=0.0, pos=array([-0.5, -0.5]), rgb=UNKNOWN, text='', units='norm', win=Window(...), wrapWidth=1)
10.4023 	EXP 	Created Resume_Text = TextStim(__class__=<class 'psychopy.visual.text.TextStim'>, alignHoriz=method-wrapper(...), alignText='center', alignVert=method-wrapper(...), anchorHoriz='center', anchorVert='center', antialias=True, autoDraw=False, autoLog=True, bold=False, color=array([1., 1., 1.]), colorSpace='rgb', contrast=1.0, depth=-2.0, flipHoriz=False, flipVert=False, font='Open Sans', fontFiles=[], height=0.12, italic=False, languageStyle='LTR', name='Resume_Text', opacity=1.0, ori=0.0, pos=array([0., 0.]), rgb=UNKNOWN, text='', units='norm', win=Window(...), wrapWidth=1)
10.4185 	EXP 	window1: mouseVisible = True
10.4883 	EXP 	Created slider = Slider(__class__=<class 'psychopy.visual.slider.Slider'>, autoDraw=False, autoLog=True, borderColor=None, color=None, colorSpace='rgb', depth=-5, fillColor=None, flip=False, font='Open Sans', granularity=0.0, labelColor=None, labelHeight=0.05, labelWrapWidth=None, labels=(1, 2, 3, 4, 5), lineColor=None, markerColor=None, name='slider', opacity=None, ori=0.0, pos=array([ 0. , -0.4]), readOnly=False, self=UNKNOWN, size=array([1. , 0.1]), startValue=999, style='rating', styleTweaks=['labels45', 'triangleMarker'], ticks=array([1, 2, 3, 4, 5]), units='norm', win=Window(...))
10.4895 	EXP 	Created saliencequestion_text = TextStim(__class__=<class 'psychopy.visual.text.TextStim'>, alignHoriz=method-wrapper(...), alignText='center', alignVert=method-wrapper(...), anchorHoriz='center', anchorVert='center', antialias=True, autoDraw=False, autoLog=True, bold=False, color=array([1., 1., 1.]), colorSpace='rgb', contrast=1.0, depth=-1.0, flipHoriz=False, flipVert=False, font='Open Sans', fontFiles=[], height=0.06, italic=False, languageStyle='LTR', name='saliencequestion_text', opacity=1.0, ori=0.0, pos=array([0. , 0.6]), rgb=UNKNOWN, text='', units='norm', win=Window(...), wrapWidth=1)
10.5477 	EXP 	Created salienceavatar_image = ImageStim(__class__=<class 'psychopy.visual.image.ImageStim'>, anchor=('center', 'center'), autoLog=True, color=array([1., 1., 1.]), colorSpace='rgb', contrast=1.0, depth=-3.0, flipHoriz=False, flipVert=False, image='sin', interpolate=True, mask=None, maskParams=None, name='salienceavatar_image', opacity=1.0, ori=0.0, pos=array([0., 0.]), size=array([0.3 , 0.55]), texRes=128.0, units='norm', win=Window(...))
10.5560 	EXP 	Created saliencecontinue_text = TextStim(__class__=<class 'psychopy.visual.text.TextStim'>, alignHoriz=method-wrapper(...), alignText='center', alignVert=method-wrapper(...), anchorHoriz='center', anchorVert='center', antialias=True, autoDraw=False, autoLog=True, bold=False, color=array([1., 1., 1.]), colorSpace='rgb', contrast=1.0, depth=-4.0, flipHoriz=False, flipVert=False, font='Open Sans', fontFiles=[], height=0.07, italic=False, languageStyle='LTR', name='saliencecontinue_text', opacity=1.0, ori=0.0, pos=array([ 0. , -0.8]), rgb=UNKNOWN, text='Press space to enter rating and continue.', units='norm', win=Window(...), wrapWidth=1)
10.5571 	EXP 	Created displayrating_text = TextStim(__class__=<class 'psychopy.visual.text.TextStim'>, alignHoriz=method-wrapper(...), alignText='center', alignVert=method-wrapper(...), anchorHoriz='center', anchorVert='center', antialias=True, autoDraw=False, autoLog=True, bold=False, color=array([1., 1., 1.]), colorSpace='rgb', contrast=1.0, depth=-5.0, flipHoriz=False, flipVert=False, font='Open Sans', fontFiles=[], height=0.065, italic=False, languageStyle='LTR', name='displayrating_text', opacity=1.0, ori=0.0, pos=array([ 0.  , -0.65]), rgb=UNKNOWN, text='', units='norm', win=Window(...), wrapWidth=1)
10.5617 	EXP 	window1: mouseVisible = True
10.6463 	EXP 	Created slider = Slider(__class__=<class 'psychopy.visual.slider.Slider'>, autoDraw=False, autoLog=True, borderColor=None, color=None, colorSpace='rgb', depth=-5, fillColor=None, flip=False, font='Open Sans', granularity=0.0, labelColor=None, labelHeight=0.05, labelWrapWidth=None, labels=(1, 2, 3, 4, 5, 6, 7, 8, 9), lineColor=None, markerColor=None, name='slider', opacity=None, ori=0.0, pos=array([ 0. , -0.4]), readOnly=False, self=UNKNOWN, size=array([1. , 0.1]), startValue=999, style='rating', styleTweaks=['labels45', 'triangleMarker'], ticks=array([1, 2, 3, 4, 5, 6, 7, 8, 9]), units='norm', win=Window(...))
10.6472 	EXP 	Created stresslevel_text = TextStim(__class__=<class 'psychopy.visual.text.TextStim'>, alignHoriz=method-wrapper(...), alignText='center', alignVert=method-wrapper(...), anchorHoriz='center', anchorVert='center', antialias=True, autoDraw=False, autoLog=True, bold=False, color=array([1., 1., 1.]), colorSpace='rgb', contrast=1.0, depth=-1.0, flipHoriz=False, flipVert=False, font='Open Sans', fontFiles=[], height=0.08, italic=False, languageStyle='LTR', name='stresslevel_text', opacity=1.0, ori=0.0, pos=array([0. , 0.3]), rgb=UNKNOWN, text='', units='norm', win=Window(...), wrapWidth=1)
10.7009 	EXP 	Created displaystressrating_text = TextStim(__class__=<class 'psychopy.visual.text.TextStim'>, alignHoriz=method-wrapper(...), alignText='center', alignVert=method-wrapper(...), anchorHoriz='center', anchorVert='center', antialias=True, autoDraw=False, autoLog=True, bold=False, color=array([1., 1., 1.]), colorSpace='rgb', contrast=1.0, depth=-3.0, flipHoriz=False, flipVert=False, font='Open Sans', fontFiles=[], height=0.08, italic=False, languageStyle='LTR', name='displaystressrating_text', opacity=1.0, ori=0.0, pos=array([ 0.  , -0.65]), rgb=UNKNOWN, text='', units='norm', win=Window(...), wrapWidth=1)
10.7088 	WARNING 	t of last frame was 1279.14ms (=1/0)
10.7088 	EXP 	slider: autoLog = True
10.7088 	EXP 	slider: markerPos = 999
10.7088 	EXP 	slider: styleTweaks = []
10.7088 	EXP 	slider: styleTweaks = []
10.7088 	EXP 	slider: styleTweaks = ['labels45', 'triangleMarker']
10.7088 	EXP 	slider: styleTweaks = ['labels45', 'triangleMarker']
10.7088 	EXP 	slider: contrast = 1.0
10.7088 	EXP 	slider: autoLog = True
10.7088 	EXP 	slider: autoLog = True
10.7088 	EXP 	slider: markerPos = 999
10.7088 	EXP 	slider: styleTweaks = []
10.7088 	EXP 	slider: styleTweaks = []
10.7088 	EXP 	slider: styleTweaks = ['labels45', 'triangleMarker']
10.7088 	EXP 	slider: styleTweaks = ['labels45', 'triangleMarker']
10.7088 	EXP 	slider: contrast = 1.0
10.7088 	EXP 	slider: autoLog = True
10.7088 	EXP 	Welcome: autoDraw = True
11.1195 	DATA 	Keypress: space
11.1240 	EXP 	Welcome: autoDraw = False
11.1240 	EXP 	FirstInstructions: autoDraw = True
11.5783 	EXP 	Imported /Users/melanieruiz/Desktop/WTP_SM_Choice/Participant_Images/101/101_trials.csv as conditions, 150 conditions, 6 params
11.5792 	EXP 	Created sequence: sequential, trialTypes=150, nReps=1, seed=None
11.5795 	EXP 	New trial (rep=0, index=0): OrderedDict([('TrialNumber', 1), ('Partner', 'Alex'), ('Condition', 'Neutral'), ('Photos', 'Participant_Images/101/101_Images/101_Image_24.jpg'), ('Feedback', 'did not like'), ('FeedbackWait', 3.613205605)])
11.5879 	DATA 	Keypress: space
11.5906 	WARNING 	t of last frame was 28.66ms (=1/34)
11.5906 	EXP 	FirstInstructions: autoDraw = False
11.5906 	EXP 	Match_text: autoDraw = True
11.9834 	WARNING 	t of last frame was 21.76ms (=1/45)
12.1874 	WARNING 	t of last frame was 24.58ms (=1/40)
12.4214 	WARNING 	Multiple dropped frames have occurred - I'll stop bothering you about them!
14.5822 	EXP 	syncing_text: autoDraw = True
14.5822 	EXP 	text_0: autoDraw = True
14.5822 	EXP 	Transparent: autoDraw = True
14.5977 	EXP 	Match_text: autoDraw = False
15.8281 	EXP 	text_0: autoDraw = False
15.8281 	EXP 	Loading_25: autoDraw = True
15.8281 	EXP 	text_25: autoDraw = True
17.0650 	EXP 	Loading_25: autoDraw = False
17.0650 	EXP 	text_25: autoDraw = False
17.0718 	EXP 	Loading_50: autoDraw = True
17.0718 	EXP 	text_50: autoDraw = True
18.3188 	EXP 	Loading_50: autoDraw = False
18.3188 	EXP 	text_50: autoDraw = False
18.3238 	EXP 	Loading_75: autoDraw = True
18.3238 	EXP 	text_75: autoDraw = True
19.5647 	EXP 	Loading_75: autoDraw = False
19.5647 	EXP 	text_75: autoDraw = False
19.5721 	EXP 	Loading_100: autoDraw = True
19.5721 	EXP 	text_100: autoDraw = True
20.8142 	EXP 	Loading_100: autoDraw = False
20.8142 	EXP 	text_100: autoDraw = False
20.8581 	EXP 	syncing_text: autoDraw = False
20.8581 	EXP 	Transparent: autoDraw = False
20.8581 	EXP 	Match_text: autoDraw = False
20.8581 	EXP 	syncing_text: autoDraw = False
20.8581 	EXP 	text_0: autoDraw = False
20.8581 	EXP 	Transparent: autoDraw = False
20.8581 	EXP 	Loading_25: autoDraw = False
20.8581 	EXP 	text_25: autoDraw = False
20.8581 	EXP 	Loading_50: autoDraw = False
20.8581 	EXP 	text_50: autoDraw = False
20.8581 	EXP 	Loading_75: autoDraw = False
20.8581 	EXP 	text_75: autoDraw = False
20.8581 	EXP 	Loading_100: autoDraw = False
20.8581 	EXP 	text_100: autoDraw = False
20.8581 	EXP 	Youhavematched: height = 0.08
20.8581 	EXP 	Youhavematched: height = 0.08
20.8581 	EXP 	Youhavematched: height = 0.08
20.8581 	EXP 	Youhavematched: text = 'You have matched with: Alex'
20.8581 	EXP 	partneremoji_image: image = 'Images/cowboyemoji.png'
20.8581 	EXP 	Youhavematched: autoDraw = True
20.8581 	EXP 	partneremoji_image: autoDraw = True
20.8581 	EXP 	PressToContinue: autoDraw = True
21.8848 	DATA 	Keypress: space
21.8901 	EXP 	Youhavematched: autoDraw = False
21.8901 	EXP 	partneremoji_image: autoDraw = False
21.8901 	EXP 	PressToContinue: autoDraw = False
21.8901 	EXP 	participantimage_image: image = 'Participant_Images/101/101_Images/101_Image_24.jpg'
21.8901 	EXP 	photobeingshared_text: autoDraw = True
21.8901 	EXP 	waitforfeedback_text: autoDraw = True
21.8901 	EXP 	participantimage_image: autoDraw = True
24.6615 	EXP 	photobeingshared_text: autoDraw = False
24.6615 	EXP 	waitforfeedback_text: autoDraw = False
24.6615 	EXP 	participantimage_image: autoDraw = False
24.6615 	EXP 	waiting_text: autoDraw = True
29.6641 	EXP 	waiting_text: autoDraw = False
29.6641 	EXP 	waiting_text: autoDraw = False
29.6641 	EXP 	displayfeedback_text: height = 0.12
29.6641 	EXP 	displayfeedback_text: height = 0.12
29.6641 	EXP 	displayfeedback_text: height = 0.12
29.6641 	EXP 	displayfeedback_text: text = 'Alex did not like your photo'
29.6641 	EXP 	fdbkimage_image: image = 'Images/thumbsdown.png'
29.6641 	EXP 	displayfeedback_text: autoDraw = True
29.6641 	EXP 	fdbkimage_image: autoDraw = True
32.6590 	EXP 	displayfeedback_text: autoDraw = False
32.6590 	EXP 	fdbkimage_image: autoDraw = False
32.6590 	EXP 	presstosharenextphoto_text: autoDraw = True
33.7387 	EXP 	Created sequence: random, trialTypes=1, nReps=0, seed=None
33.7405 	DATA 	Keypress: space
33.7697 	EXP 	New trial (rep=0, index=1): OrderedDict([('TrialNumber', 2), ('Partner', 'Alex'), ('Condition', 'Neutral'), ('Photos', 'Participant_Images/101/101_Images/101_Image_9.jpg'), ('Feedback', 'did not like'), ('FeedbackWait', 4.988446431)])
33.9376 	EXP 	presstosharenextphoto_text: autoDraw = False
33.9376 	EXP 	slider: markerPos = 3
33.9376 	EXP 	saliencequestion_text: height = 0.06
33.9376 	EXP 	saliencequestion_text: height = 0.06
33.9376 	EXP 	saliencequestion_text: height = 0.06
33.9376 	EXP 	saliencequestion_text: text = 'How likely are you to share photos with Alex in the future? \n\n Use your left and right arrows to move the arrow to your desired rating.'
33.9376 	EXP 	salienceavatar_image: image = 'Images/cowboyemoji.png'
33.9376 	EXP 	displayrating_text: text = ''
33.9376 	EXP 	saliencequestion_text: autoDraw = False
33.9376 	EXP 	salienceavatar_image: autoDraw = False
33.9376 	EXP 	saliencecontinue_text: autoDraw = False
33.9376 	EXP 	displayrating_text: autoDraw = False
33.9376 	EXP 	slider: markerPos = 5
33.9376 	EXP 	stresslevel_text: height = 0.08
33.9376 	EXP 	stresslevel_text: height = 0.08
33.9376 	EXP 	stresslevel_text: height = 0.08
33.9376 	EXP 	stresslevel_text: text = 'Please rate your current stress level. \n\n\n Use your mouse or left and right arrows to move the arrow to your desired rating.'
33.9376 	EXP 	displaystressrating_text: text = ''
33.9376 	EXP 	stresslevel_text: autoDraw = False
33.9376 	EXP 	displaystressrating_text: autoDraw = False
33.9376 	EXP 	Match_text: autoDraw = False
33.9376 	EXP 	syncing_text: autoDraw = False
33.9376 	EXP 	text_0: autoDraw = False
33.9376 	EXP 	Transparent: autoDraw = False
33.9376 	EXP 	Loading_25: autoDraw = False
33.9376 	EXP 	text_25: autoDraw = False
33.9376 	EXP 	Loading_50: autoDraw = False
33.9376 	EXP 	text_50: autoDraw = False
33.9376 	EXP 	Loading_75: autoDraw = False
33.9376 	EXP 	text_75: autoDraw = False
33.9376 	EXP 	Loading_100: autoDraw = False
33.9376 	EXP 	text_100: autoDraw = False
33.9376 	EXP 	Youhavematched: text = 'You have matched with: Alex'
33.9376 	EXP 	partneremoji_image: image = 'Images/cowboyemoji.png'
33.9376 	EXP 	Youhavematched: autoDraw = False
33.9376 	EXP 	partneremoji_image: autoDraw = False
33.9376 	EXP 	PressToContinue: autoDraw = False
33.9376 	EXP 	participantimage_image: image = 'Participant_Images/101/101_Images/101_Image_9.jpg'
33.9376 	EXP 	photobeingshared_text: autoDraw = True
33.9376 	EXP 	waitforfeedback_text: autoDraw = True
33.9376 	EXP 	participantimage_image: autoDraw = True
36.7909 	EXP 	photobeingshared_text: autoDraw = False
36.7909 	EXP 	waitforfeedback_text: autoDraw = False
36.7909 	EXP 	participantimage_image: autoDraw = False
36.7909 	EXP 	waiting_text: autoDraw = True
38.7852 	DATA 	Keypress: space
39.3282 	DATA 	Keypress: space
39.7083 	DATA 	Keypress: space
40.1256 	DATA 	Keypress: space
41.7896 	EXP 	waiting_text: autoDraw = False
41.7896 	EXP 	displayfeedback_text: text = 'Alex did not like your photo'
41.7896 	EXP 	fdbkimage_image: image = 'Images/thumbsdown.png'
41.7896 	EXP 	displayfeedback_text: autoDraw = True
41.7896 	EXP 	fdbkimage_image: autoDraw = True
42.4466 	DATA 	Keypress: space
44.7871 	EXP 	displayfeedback_text: autoDraw = False
44.7871 	EXP 	fdbkimage_image: autoDraw = False
44.7871 	EXP 	presstosharenextphoto_text: autoDraw = True
45.2671 	EXP 	Created sequence: random, trialTypes=1, nReps=0, seed=None
45.2682 	DATA 	Keypress: space
45.2849 	EXP 	New trial (rep=0, index=2): OrderedDict([('TrialNumber', 3), ('Partner', 'Alex'), ('Condition', 'Neutral'), ('Photos', 'Participant_Images/101/101_Images/101_Image_4.jpg'), ('Feedback', 'liked'), ('FeedbackWait', 3.470791822)])
45.4573 	EXP 	presstosharenextphoto_text: autoDraw = False
45.4573 	EXP 	slider: markerPos = 3
45.4573 	EXP 	saliencequestion_text: text = 'How likely are you to share photos with Alex in the future? \n\n Use your left and right arrows to move the arrow to your desired rating.'
45.4573 	EXP 	salienceavatar_image: image = 'Images/cowboyemoji.png'
45.4573 	EXP 	displayrating_text: text = ''
45.4573 	EXP 	saliencequestion_text: autoDraw = False
45.4573 	EXP 	salienceavatar_image: autoDraw = False
45.4573 	EXP 	saliencecontinue_text: autoDraw = False
45.4573 	EXP 	displayrating_text: autoDraw = False
45.4573 	EXP 	slider: markerPos = 5
45.4573 	EXP 	stresslevel_text: text = 'Please rate your current stress level. \n\n\n Use your mouse or left and right arrows to move the arrow to your desired rating.'
45.4573 	EXP 	displaystressrating_text: text = ''
45.4573 	EXP 	stresslevel_text: autoDraw = False
45.4573 	EXP 	displaystressrating_text: autoDraw = False
45.4573 	EXP 	Match_text: autoDraw = False
45.4573 	EXP 	syncing_text: autoDraw = False
45.4573 	EXP 	text_0: autoDraw = False
45.4573 	EXP 	Transparent: autoDraw = False
45.4573 	EXP 	Loading_25: autoDraw = False
45.4573 	EXP 	text_25: autoDraw = False
45.4573 	EXP 	Loading_50: autoDraw = False
45.4573 	EXP 	text_50: autoDraw = False
45.4573 	EXP 	Loading_75: autoDraw = False
45.4573 	EXP 	text_75: autoDraw = False
45.4573 	EXP 	Loading_100: autoDraw = False
45.4573 	EXP 	text_100: autoDraw = False
45.4573 	EXP 	Youhavematched: text = 'You have matched with: Alex'
45.4573 	EXP 	partneremoji_image: image = 'Images/cowboyemoji.png'
45.4573 	EXP 	Youhavematched: autoDraw = False
45.4573 	EXP 	partneremoji_image: autoDraw = False
45.4573 	EXP 	PressToContinue: autoDraw = False
45.4573 	EXP 	participantimage_image: image = 'Participant_Images/101/101_Images/101_Image_4.jpg'
45.4573 	EXP 	photobeingshared_text: autoDraw = True
45.4573 	EXP 	waitforfeedback_text: autoDraw = True
45.4573 	EXP 	participantimage_image: autoDraw = True
47.1271 	DATA 	Keypress: space
47.9503 	DATA 	Keypress: space
48.3104 	EXP 	photobeingshared_text: autoDraw = False
48.3104 	EXP 	waitforfeedback_text: autoDraw = False
48.3104 	EXP 	participantimage_image: autoDraw = False
48.3104 	EXP 	waiting_text: autoDraw = True
48.9817 	DATA 	Keypress: space
49.3286 	DATA 	Keypress: space
53.3039 	EXP 	waiting_text: autoDraw = False
53.3039 	EXP 	displayfeedback_text: height = 0.12
53.3039 	EXP 	displayfeedback_text: height = 0.12
53.3039 	EXP 	displayfeedback_text: height = 0.12
53.3039 	EXP 	displayfeedback_text: text = 'Alex liked your photo'
53.3039 	EXP 	fdbkimage_image: image = 'Images/thumbsup.png'
53.3039 	EXP 	displayfeedback_text: autoDraw = True
53.3039 	EXP 	fdbkimage_image: autoDraw = True
56.2940 	EXP 	displayfeedback_text: autoDraw = False
56.2940 	EXP 	fdbkimage_image: autoDraw = False
56.2940 	EXP 	presstosharenextphoto_text: autoDraw = True
58.4798 	DATA 	Keypress: v
59.1124 	EXP 	Created sequence: random, trialTypes=1, nReps=0, seed=None
59.1134 	DATA 	Keypress: space
59.1278 	EXP 	New trial (rep=0, index=3): OrderedDict([('TrialNumber', 4), ('Partner', 'Alex'), ('Condition', 'Neutral'), ('Photos', 'Participant_Images/101/101_Images/101_Image_1.jpg'), ('Feedback', 'liked'), ('FeedbackWait', 3.820572462)])
59.2688 	EXP 	presstosharenextphoto_text: autoDraw = False
59.2688 	EXP 	slider: markerPos = 3
59.2688 	EXP 	saliencequestion_text: text = 'How likely are you to share photos with Alex in the future? \n\n Use your left and right arrows to move the arrow to your desired rating.'
59.2688 	EXP 	salienceavatar_image: image = 'Images/cowboyemoji.png'
59.2688 	EXP 	displayrating_text: text = ''
59.2688 	EXP 	saliencequestion_text: autoDraw = False
59.2688 	EXP 	salienceavatar_image: autoDraw = False
59.2688 	EXP 	saliencecontinue_text: autoDraw = False
59.2688 	EXP 	displayrating_text: autoDraw = False
59.2688 	EXP 	slider: markerPos = 5
59.2688 	EXP 	stresslevel_text: text = 'Please rate your current stress level. \n\n\n Use your mouse or left and right arrows to move the arrow to your desired rating.'
59.2688 	EXP 	displaystressrating_text: text = ''
59.2688 	EXP 	stresslevel_text: autoDraw = False
59.2688 	EXP 	displaystressrating_text: autoDraw = False
59.2688 	EXP 	Match_text: autoDraw = False
59.2688 	EXP 	syncing_text: autoDraw = False
59.2688 	EXP 	text_0: autoDraw = False
59.2688 	EXP 	Transparent: autoDraw = False
59.2688 	EXP 	Loading_25: autoDraw = False
59.2688 	EXP 	text_25: autoDraw = False
59.2688 	EXP 	Loading_50: autoDraw = False
59.2688 	EXP 	text_50: autoDraw = False
59.2688 	EXP 	Loading_75: autoDraw = False
59.2688 	EXP 	text_75: autoDraw = False
59.2688 	EXP 	Loading_100: autoDraw = False
59.2688 	EXP 	text_100: autoDraw = False
59.2688 	EXP 	Youhavematched: text = 'You have matched with: Alex'
59.2688 	EXP 	partneremoji_image: image = 'Images/cowboyemoji.png'
59.2688 	EXP 	Youhavematched: autoDraw = False
59.2688 	EXP 	partneremoji_image: autoDraw = False
59.2688 	EXP 	PressToContinue: autoDraw = False
59.2688 	EXP 	participantimage_image: image = 'Participant_Images/101/101_Images/101_Image_1.jpg'
59.2688 	EXP 	photobeingshared_text: autoDraw = True
59.2688 	EXP 	waitforfeedback_text: autoDraw = True
59.2688 	EXP 	participantimage_image: autoDraw = True
62.1593 	EXP 	photobeingshared_text: autoDraw = False
62.1593 	EXP 	waitforfeedback_text: autoDraw = False
62.1593 	EXP 	participantimage_image: autoDraw = False
62.1593 	EXP 	waiting_text: autoDraw = True
67.1534 	EXP 	waiting_text: autoDraw = False
67.1534 	EXP 	displayfeedback_text: text = 'Alex liked your photo'
67.1534 	EXP 	fdbkimage_image: image = 'Images/thumbsup.png'
67.1534 	EXP 	displayfeedback_text: autoDraw = True
67.1534 	EXP 	fdbkimage_image: autoDraw = True
70.1395 	EXP 	displayfeedback_text: autoDraw = False
70.1395 	EXP 	fdbkimage_image: autoDraw = False
70.1395 	EXP 	presstosharenextphoto_text: autoDraw = True
70.5875 	EXP 	Created sequence: random, trialTypes=1, nReps=0, seed=None
70.6014 	DATA 	Keypress: space
70.6067 	EXP 	New trial (rep=0, index=4): OrderedDict([('TrialNumber', 5), ('Partner', 'Alex'), ('Condition', 'Neutral'), ('Photos', 'Participant_Images/101/101_Images/101_Image_3.jpg'), ('Feedback', 'liked'), ('FeedbackWait', 2.455989137)])
70.7702 	EXP 	presstosharenextphoto_text: autoDraw = False
70.7702 	EXP 	slider: markerPos = 3
70.7702 	EXP 	saliencequestion_text: text = 'How likely are you to share photos with Alex in the future? \n\n Use your left and right arrows to move the arrow to your desired rating.'
70.7702 	EXP 	salienceavatar_image: image = 'Images/cowboyemoji.png'
70.7702 	EXP 	displayrating_text: text = ''
70.7702 	EXP 	saliencequestion_text: autoDraw = False
70.7702 	EXP 	salienceavatar_image: autoDraw = False
70.7702 	EXP 	saliencecontinue_text: autoDraw = False
70.7702 	EXP 	displayrating_text: autoDraw = False
70.7702 	EXP 	slider: markerPos = 5
70.7702 	EXP 	stresslevel_text: text = 'Please rate your current stress level. \n\n\n Use your mouse or left and right arrows to move the arrow to your desired rating.'
70.7702 	EXP 	displaystressrating_text: text = ''
70.7702 	EXP 	stresslevel_text: autoDraw = False
70.7702 	EXP 	displaystressrating_text: autoDraw = False
70.7702 	EXP 	Match_text: autoDraw = False
70.7702 	EXP 	syncing_text: autoDraw = False
70.7702 	EXP 	text_0: autoDraw = False
70.7702 	EXP 	Transparent: autoDraw = False
70.7702 	EXP 	Loading_25: autoDraw = False
70.7702 	EXP 	text_25: autoDraw = False
70.7702 	EXP 	Loading_50: autoDraw = False
70.7702 	EXP 	text_50: autoDraw = False
70.7702 	EXP 	Loading_75: autoDraw = False
70.7702 	EXP 	text_75: autoDraw = False
70.7702 	EXP 	Loading_100: autoDraw = False
70.7702 	EXP 	text_100: autoDraw = False
70.7702 	EXP 	Youhavematched: text = 'You have matched with: Alex'
70.7702 	EXP 	partneremoji_image: image = 'Images/cowboyemoji.png'
70.7702 	EXP 	Youhavematched: autoDraw = False
70.7702 	EXP 	partneremoji_image: autoDraw = False
70.7702 	EXP 	PressToContinue: autoDraw = False
70.7702 	EXP 	participantimage_image: image = 'Participant_Images/101/101_Images/101_Image_3.jpg'
70.7702 	EXP 	photobeingshared_text: autoDraw = True
70.7702 	EXP 	waitforfeedback_text: autoDraw = True
70.7702 	EXP 	participantimage_image: autoDraw = True
73.6285 	EXP 	photobeingshared_text: autoDraw = False
73.6285 	EXP 	waitforfeedback_text: autoDraw = False
73.6285 	EXP 	participantimage_image: autoDraw = False
73.6285 	EXP 	waiting_text: autoDraw = True
78.6217 	EXP 	waiting_text: autoDraw = False
78.6217 	EXP 	displayfeedback_text: text = 'Alex liked your photo'
78.6217 	EXP 	fdbkimage_image: image = 'Images/thumbsup.png'
78.6217 	EXP 	displayfeedback_text: autoDraw = True
78.6217 	EXP 	fdbkimage_image: autoDraw = True
79.0396 	DATA 	Keypress: space
81.6117 	EXP 	Created sequence: random, trialTypes=1, nReps=1, seed=None
81.6119 	EXP 	New trial (rep=0, index=0): None
81.6175 	EXP 	displayfeedback_text: autoDraw = False
81.6175 	EXP 	fdbkimage_image: autoDraw = False
81.6175 	EXP 	presstosharenextphoto_text: autoDraw = False
81.6175 	EXP 	WTP_ins_text1: autoDraw = True
82.1795 	DATA 	Keypress: space
82.1837 	EXP 	WTP_ins_text1: autoDraw = False
82.1837 	EXP 	WTP_ins_text2: autoDraw = True
82.6783 	EXP 	Imported /Users/melanieruiz/Desktop/WTP_SM_Choice/Participant_Images/101/101_WTP.xlsx as conditions, 5 conditions, 9 params
82.6787 	EXP 	Created sequence: sequential, trialTypes=5, nReps=1, seed=None
82.6790 	EXP 	New trial (rep=0, index=0): {'social_left': 0, 'Left_Exp': 'Rearranging furniture in your house', 'Right_Exp': 'Going to a carnival with friends', 'leftmoney': 0.01, 'rightmoney': 0.01, 'greenText': 'green', 'left_more_than_right': 0, 'matching_prices': 1, 'social_worthmore': 1}
82.6971 	DATA 	Keypress: space
82.7004 	EXP 	WTP_ins_text2: autoDraw = False
82.7004 	EXP 	Left_Experience: height = 0.05
82.7004 	EXP 	Left_Experience: height = 0.05
82.7004 	EXP 	Left_Experience: height = 0.05
82.7004 	EXP 	Left_Experience: text = 'Rearranging furniture in your house'
82.7004 	EXP 	Right_Experience: height = 0.05
82.7004 	EXP 	Right_Experience: height = 0.05
82.7004 	EXP 	Right_Experience: height = 0.05
82.7004 	EXP 	Right_Experience: text = 'Going to a carnival with friends'
82.7004 	EXP 	Left_Price: height = 0.05
82.7004 	EXP 	Left_Price: height = 0.05
82.7004 	EXP 	Left_Price: height = 0.05
82.7004 	EXP 	Left_Price: text = 0.01
82.7004 	EXP 	Right_Price: height = 0.05
82.7004 	EXP 	Right_Price: height = 0.05
82.7004 	EXP 	Right_Price: height = 0.05
82.7004 	EXP 	Right_Price: text = 0.01
82.7004 	EXP 	Left_Experience: autoDraw = True
82.7004 	EXP 	Right_Experience: autoDraw = True
82.7004 	EXP 	Left_Price: autoDraw = True
82.7004 	EXP 	Right_Price: autoDraw = True
83.6016 	DATA 	Keypress: 1
89.9761 	DATA 	Keypress: 1
91.4312 	DATA 	Keypress: 2
92.6980 	EXP 	Left_Experience: autoDraw = False
92.6980 	EXP 	Right_Experience: autoDraw = False
92.6980 	EXP 	Left_Price: autoDraw = False
92.6980 	EXP 	Right_Price: autoDraw = False
97.2756 	DATA 	Keypress: 1
97.7772 	DATA 	Keypress: 2
97.8622 	DATA 	Keypress: 1
98.0605 	DATA 	Keypress: 2
98.1245 	DATA 	Keypress: 1
98.2627 	DATA 	Keypress: 2
98.3668 	DATA 	Keypress: 1
98.4763 	DATA 	Keypress: 2
98.5481 	DATA 	Keypress: 1
98.6459 	DATA 	Keypress: 2
98.7123 	DATA 	Keypress: 1
98.8480 	DATA 	Keypress: 2
99.0416 	DATA 	Keypress: 1
99.0711 	DATA 	Keypress: 2
99.4321 	DATA 	Keypress: 2
99.5709 	DATA 	Keypress: 1
99.7305 	DATA 	Keypress: 2
99.9261 	DATA 	Keypress: 2
99.9552 	DATA 	Keypress: 1
100.5208 	DATA 	Keypress: escape
100.7281 	EXP 	window1: mouseVisible = True
