1.4786 	WARNING 	We strongly recommend you activate the PTB sound engine in PsychoPy prefs as the preferred audio engine. Its timing is vastly superior. Your prefs are currently set to use ['sounddevice', 'PTB', 'pyo', 'pygame'] (in that order).
6.0475 	WARNING 	User requested fullscreen with size [1440  900], but screen is actually [1512, 982]. Using actual size
6.9184 	EXP 	Created window1 = Window(allowGUI=True, allowStencil=False, autoLog=True, backendConf=UNKNOWN, bitsMode=UNKNOWN, blendMode='avg', bpc=(8, 8, 8), color=array([-1., -1., -1.]), colorSpace='rgb', depthBits=8, fullscr=<method-wrapper '__getattribute__' of attributeSetter object at 0x7fe1b2670d30>, gamma=None, gammaErrorPolicy='raise', lms=UNKNOWN, monitor=<psychopy.monitors.calibTools.Monitor object at 0x7fe168c035b0>, multiSample=False, name='window1', numSamples=2, pos=[378.0, 245.5], screen=0, size=array([3024, 1964]), stencilBits=0, stereo=False, units='norm', useFBO=True, useRetina=True, viewOri=0.0, viewPos=None, viewScale=None, waitBlanking=True, winType='pyglet')
6.9187 	EXP 	window1: mouseVisible = True
6.9188 	EXP 	window1: mouseVisible = True
6.9188 	EXP 	window1: Attempting to measure frame rate of screen (0) ...
6.9188 	EXP 	window1: recordFrameIntervals = False
7.0355 	EXP 	window1: recordFrameIntervals = True
8.3154 	WARNING 	Couldn't measure a consistent frame rate!
  - Is your graphics card set to sync to vertical blank?
  - Are you running other processes on your computer?

8.7102 	EXP 	Created Welcome = TextStim(__class__=<class 'psychopy.visual.text.TextStim'>, alignHoriz=method-wrapper(...), alignText='center', alignVert=method-wrapper(...), anchorHoriz='center', anchorVert='center', antialias=True, autoDraw=False, autoLog=True, bold=False, color=array([1., 1., 1.]), colorSpace='rgb', contrast=1.0, depth=0.0, flipHoriz=False, flipVert=False, font='Open Sans', fontFiles=[], height=0.08, italic=False, languageStyle='LTR', name='Welcome', opacity=1.0, ori=0.0, pos=array([0., 0.]), rgb=UNKNOWN, text=str(...), units='norm', win=Window(...), wrapWidth=1)
8.7814 	EXP 	Created FirstInstructions = TextStim(__class__=<class 'psychopy.visual.text.TextStim'>, alignHoriz=method-wrapper(...), alignText='center', alignVert=method-wrapper(...), anchorHoriz='center', anchorVert='center', antialias=True, autoDraw=False, autoLog=True, bold=False, color=array([1., 1., 1.]), colorSpace='rgb', contrast=1.0, depth=0.0, flipHoriz=False, flipVert=False, font='Open Sans', fontFiles=[], height=0.08, italic=False, languageStyle='LTR', name='FirstInstructions', opacity=1.0, ori=0.0, pos=array([0., 0.]), rgb=UNKNOWN, text=str(...), units='norm', win=Window(...), wrapWidth=1)
8.8375 	EXP 	Created Match_text = TextStim(__class__=<class 'psychopy.visual.text.TextStim'>, alignHoriz=method-wrapper(...), alignText='center', alignVert=method-wrapper(...), anchorHoriz='center', anchorVert='center', antialias=True, autoDraw=False, autoLog=True, bold=False, color=array([1., 1., 1.]), colorSpace='rgb', contrast=1.0, depth=-1.0, flipHoriz=False, flipVert=False, font='Open Sans', fontFiles=[], height=0.08, italic=False, languageStyle='LTR', name='Match_text', opacity=1.0, ori=0.0, pos=array([0. , 0.3]), rgb=UNKNOWN, text=str(...), units='norm', win=Window(...), wrapWidth=1)
8.8432 	EXP 	Created syncing_text = TextStim(__class__=<class 'psychopy.visual.text.TextStim'>, alignHoriz=method-wrapper(...), alignText='center', alignVert=method-wrapper(...), anchorHoriz='center', anchorVert='center', antialias=True, autoDraw=False, autoLog=True, bold=False, color=array([1., 1., 1.]), colorSpace='rgb', contrast=1.0, depth=-2.0, flipHoriz=False, flipVert=False, font='Open Sans', fontFiles=[], height=0.12, italic=False, languageStyle='LTR', name='syncing_text', opacity=1.0, ori=0.0, pos=array([0. , 0.3]), rgb=UNKNOWN, text='Syncing…', units='norm', win=Window(...), wrapWidth=1)
8.8470 	EXP 	Created text_0 = TextStim(__class__=<class 'psychopy.visual.text.TextStim'>, alignHoriz=method-wrapper(...), alignText='center', alignVert=method-wrapper(...), anchorHoriz='center', anchorVert='center', antialias=True, autoDraw=False, autoLog=True, bold=False, color=array([1., 1., 1.]), colorSpace='rgb', contrast=1.0, depth=-3.0, flipHoriz=False, flipVert=False, font='Open Sans', fontFiles=[], height=0.1, italic=False, languageStyle='LTR', name='text_0', opacity=1.0, ori=0.0, pos=array([ 0. , -0.2]), rgb=UNKNOWN, text='0%', units='norm', win=Window(...), wrapWidth=1)
8.8505 	EXP 	Created Transparent = Rect(__class__=<class 'psychopy.visual.rect.Rect'>, anchor=('center', 'center'), autoDraw=False, autoLog=True, closeShape=True, color=method-wrapper(...), colorSpace='rgb', contrast=None, depth=-4.0, fillColor=array([0., 0., 0.]), fillColorSpace='rgb', fillRGB=array([0., 0., 0.]), interpolate=True, lineColor=array([1., 1., 1.]), lineColorSpace='rgb', lineRGB=array([1, 1, 1]), lineWidth=1.2, name='Transparent', opacity=1.0, ori=0.0, pos=array([0., 0.]), size=array([1. , 0.1]), units='norm', vertices=ndarray(...), win=Window(...))
8.8519 	EXP 	Created Loading_25 = Rect(__class__=<class 'psychopy.visual.rect.Rect'>, anchor=('center', 'center'), autoDraw=False, autoLog=True, closeShape=True, color=method-wrapper(...), colorSpace='rgb', contrast=None, depth=-5.0, fillColor=array([1, 1, 1]), fillColorSpace='rgb', fillRGB=array([1, 1, 1]), interpolate=True, lineColor=array([1., 1., 1.]), lineColorSpace='rgb', lineRGB=array([1, 1, 1]), lineWidth=1.0, name='Loading_25', opacity=1.0, ori=0.0, pos=array([-0.375,  0.   ]), size=array([0.25, 0.1 ]), units='norm', vertices=ndarray(...), win=Window(...))
8.8546 	EXP 	Created text_25 = TextStim(__class__=<class 'psychopy.visual.text.TextStim'>, alignHoriz=method-wrapper(...), alignText='center', alignVert=method-wrapper(...), anchorHoriz='center', anchorVert='center', antialias=True, autoDraw=False, autoLog=True, bold=False, color=array([1., 1., 1.]), colorSpace='rgb', contrast=1.0, depth=-6.0, flipHoriz=False, flipVert=False, font='Open Sans', fontFiles=[], height=0.1, italic=False, languageStyle='LTR', name='text_25', opacity=1.0, ori=0.0, pos=array([ 0. , -0.2]), rgb=UNKNOWN, text='25%', units='norm', win=Window(...), wrapWidth=1)
8.8560 	EXP 	Created Loading_50 = Rect(__class__=<class 'psychopy.visual.rect.Rect'>, anchor=('center', 'center'), autoDraw=False, autoLog=True, closeShape=True, color=method-wrapper(...), colorSpace='rgb', contrast=None, depth=-7.0, fillColor=array([1, 1, 1]), fillColorSpace='rgb', fillRGB=array([1, 1, 1]), interpolate=True, lineColor=array([1., 1., 1.]), lineColorSpace='rgb', lineRGB=array([1, 1, 1]), lineWidth=1.0, name='Loading_50', opacity=1.0, ori=0.0, pos=array([-0.25,  0.  ]), size=array([0.5, 0.1]), units='norm', vertices=ndarray(...), win=Window(...))
8.8579 	EXP 	Created text_50 = TextStim(__class__=<class 'psychopy.visual.text.TextStim'>, alignHoriz=method-wrapper(...), alignText='center', alignVert=method-wrapper(...), anchorHoriz='center', anchorVert='center', antialias=True, autoDraw=False, autoLog=True, bold=False, color=array([1., 1., 1.]), colorSpace='rgb', contrast=1.0, depth=-8.0, flipHoriz=False, flipVert=False, font='Open Sans', fontFiles=[], height=0.1, italic=False, languageStyle='LTR', name='text_50', opacity=1.0, ori=0.0, pos=array([ 0. , -0.2]), rgb=UNKNOWN, text='50%', units='norm', win=Window(...), wrapWidth=1)
8.8592 	EXP 	Created Loading_75 = Rect(__class__=<class 'psychopy.visual.rect.Rect'>, anchor=('center', 'center'), autoDraw=False, autoLog=True, closeShape=True, color=method-wrapper(...), colorSpace='rgb', contrast=None, depth=-9.0, fillColor=array([1, 1, 1]), fillColorSpace='rgb', fillRGB=array([1, 1, 1]), interpolate=True, lineColor=array([1., 1., 1.]), lineColorSpace='rgb', lineRGB=array([1, 1, 1]), lineWidth=1.0, name='Loading_75', opacity=1.0, ori=0.0, pos=array([-0.125,  0.   ]), size=array([0.75, 0.1 ]), units='norm', vertices=ndarray(...), win=Window(...))
8.8616 	EXP 	Created text_75 = TextStim(__class__=<class 'psychopy.visual.text.TextStim'>, alignHoriz=method-wrapper(...), alignText='center', alignVert=method-wrapper(...), anchorHoriz='center', anchorVert='center', antialias=True, autoDraw=False, autoLog=True, bold=False, color=array([1., 1., 1.]), colorSpace='rgb', contrast=1.0, depth=-10.0, flipHoriz=False, flipVert=False, font='Open Sans', fontFiles=[], height=0.1, italic=False, languageStyle='LTR', name='text_75', opacity=1.0, ori=0.0, pos=array([ 0. , -0.2]), rgb=UNKNOWN, text='75%', units='norm', win=Window(...), wrapWidth=1)
8.8630 	EXP 	Created Loading_100 = Rect(__class__=<class 'psychopy.visual.rect.Rect'>, anchor=('center', 'center'), autoDraw=False, autoLog=True, closeShape=True, color=method-wrapper(...), colorSpace='rgb', contrast=None, depth=-11.0, fillColor=array([1, 1, 1]), fillColorSpace='rgb', fillRGB=array([1, 1, 1]), interpolate=True, lineColor=array([1., 1., 1.]), lineColorSpace='rgb', lineRGB=array([1, 1, 1]), lineWidth=1.0, name='Loading_100', opacity=1.0, ori=0.0, pos=array([0., 0.]), size=array([1. , 0.1]), units='norm', vertices=ndarray(...), win=Window(...))
8.8655 	EXP 	Created text_100 = TextStim(__class__=<class 'psychopy.visual.text.TextStim'>, alignHoriz=method-wrapper(...), alignText='center', alignVert=method-wrapper(...), anchorHoriz='center', anchorVert='center', antialias=True, autoDraw=False, autoLog=True, bold=False, color=array([1., 1., 1.]), colorSpace='rgb', contrast=1.0, depth=-12.0, flipHoriz=False, flipVert=False, font='Open Sans', fontFiles=[], height=0.1, italic=False, languageStyle='LTR', name='text_100', opacity=1.0, ori=0.0, pos=array([ 0. , -0.2]), rgb=UNKNOWN, text='100%', units='norm', win=Window(...), wrapWidth=1)
8.8663 	EXP 	Created Youhavematched = TextStim(__class__=<class 'psychopy.visual.text.TextStim'>, alignHoriz=method-wrapper(...), alignText='center', alignVert=method-wrapper(...), anchorHoriz='center', anchorVert='center', antialias=True, autoDraw=False, autoLog=True, bold=False, color=array([1., 1., 1.]), colorSpace='rgb', contrast=1.0, depth=-1.0, flipHoriz=False, flipVert=False, font='Open Sans', fontFiles=[], height=0.08, italic=False, languageStyle='LTR', name='Youhavematched', opacity=1.0, ori=0.0, pos=array([0. , 0.6]), rgb=UNKNOWN, text='', units='norm', win=Window(...), wrapWidth=1)
8.8716 	EXP 	Created partneremoji_image = ImageStim(__class__=<class 'psychopy.visual.image.ImageStim'>, anchor=('center', 'center'), autoLog=True, color=array([1., 1., 1.]), colorSpace='rgb', contrast=1.0, depth=-2.0, flipHoriz=False, flipVert=False, image='sin', interpolate=True, mask=None, maskParams=None, name='partneremoji_image', opacity=1.0, ori=0.0, pos=array([0., 0.]), size=array([0.5 , 0.75]), texRes=128.0, units='norm', win=Window(...))
8.9329 	EXP 	Created PressToContinue = TextStim(__class__=<class 'psychopy.visual.text.TextStim'>, alignHoriz=method-wrapper(...), alignText='center', alignVert=method-wrapper(...), anchorHoriz='center', anchorVert='center', antialias=True, autoDraw=False, autoLog=True, bold=False, color=array([1., 1., 1.]), colorSpace='rgb', contrast=1.0, depth=-4.0, flipHoriz=False, flipVert=False, font='Open Sans', fontFiles=[], height=0.08, italic=False, languageStyle='LTR', name='PressToContinue', opacity=1.0, ori=0.0, pos=array([ 0. , -0.6]), rgb=UNKNOWN, text='Press space to continue.', units='norm', win=Window(...), wrapWidth=1)
8.9396 	EXP 	Created photobeingshared_text = TextStim(__class__=<class 'psychopy.visual.text.TextStim'>, alignHoriz=method-wrapper(...), alignText='center', alignVert=method-wrapper(...), anchorHoriz='center', anchorVert='center', antialias=True, autoDraw=False, autoLog=True, bold=False, color=array([1., 1., 1.]), colorSpace='rgb', contrast=1.0, depth=0.0, flipHoriz=False, flipVert=False, font='Open Sans', fontFiles=[], height=0.09, italic=False, languageStyle='LTR', name='photobeingshared_text', opacity=1.0, ori=0.0, pos=array([0. , 0.6]), rgb=UNKNOWN, text='This photo is now being shared', units='norm', win=Window(...), wrapWidth=1)
8.9461 	EXP 	Created waitforfeedback_text = TextStim(__class__=<class 'psychopy.visual.text.TextStim'>, alignHoriz=method-wrapper(...), alignText='center', alignVert=method-wrapper(...), anchorHoriz='center', anchorVert='center', antialias=True, autoDraw=False, autoLog=True, bold=False, color=array([1., 1., 1.]), colorSpace='rgb', contrast=1.0, depth=-1.0, flipHoriz=False, flipVert=False, font='Open Sans', fontFiles=[], height=0.09, italic=False, languageStyle='LTR', name='waitforfeedback_text', opacity=1.0, ori=0.0, pos=array([ 0. , -0.6]), rgb=UNKNOWN, text='Please wait for feedback.', units='norm', win=Window(...), wrapWidth=1)
8.9500 	EXP 	Created participantimage_image = ImageStim(__class__=<class 'psychopy.visual.image.ImageStim'>, anchor=('center', 'center'), autoLog=True, color=array([1., 1., 1.]), colorSpace='rgb', contrast=1.0, depth=-3.0, flipHoriz=False, flipVert=False, image='sin', interpolate=True, mask=None, maskParams=None, name='participantimage_image', opacity=1.0, ori=0.0, pos=array([0., 0.]), size=array([0.5 , 0.75]), texRes=128.0, units='norm', win=Window(...))
8.9551 	EXP 	Created waiting_text = TextStim(__class__=<class 'psychopy.visual.text.TextStim'>, alignHoriz=method-wrapper(...), alignText='center', alignVert=method-wrapper(...), anchorHoriz='center', anchorVert='center', antialias=True, autoDraw=False, autoLog=True, bold=False, color=array([1., 1., 1.]), colorSpace='rgb', contrast=1.0, depth=0.0, flipHoriz=False, flipVert=False, font='Open Sans', fontFiles=[], height=0.15, italic=False, languageStyle='LTR', name='waiting_text', opacity=1.0, ori=0.0, pos=array([0., 0.]), rgb=UNKNOWN, text='Waiting…', units='norm', win=Window(...), wrapWidth=1)
8.9560 	EXP 	Created displayfeedback_text = TextStim(__class__=<class 'psychopy.visual.text.TextStim'>, alignHoriz=method-wrapper(...), alignText='center', alignVert=method-wrapper(...), anchorHoriz='center', anchorVert='center', antialias=True, autoDraw=False, autoLog=True, bold=False, color=array([1., 1., 1.]), colorSpace='rgb', contrast=1.0, depth=0.0, flipHoriz=False, flipVert=False, font='Open Sans', fontFiles=[], height=0.12, italic=False, languageStyle='LTR', name='displayfeedback_text', opacity=1.0, ori=0.0, pos=array([0.  , 0.75]), rgb=UNKNOWN, text='', units='norm', win=Window(...), wrapWidth=1)
8.9596 	EXP 	Created fdbkimage_image = ImageStim(__class__=<class 'psychopy.visual.image.ImageStim'>, anchor=('center', 'center'), autoLog=True, color=array([1., 1., 1.]), colorSpace='rgb', contrast=1.0, depth=-1.0, flipHoriz=False, flipVert=False, image='sin', interpolate=True, mask=None, maskParams=None, name='fdbkimage_image', opacity=1.0, ori=0.0, pos=array([0., 0.]), size=array([0.75, 1.25]), texRes=128.0, units='norm', win=Window(...))
8.9641 	EXP 	Created presstosharenextphoto_text = TextStim(__class__=<class 'psychopy.visual.text.TextStim'>, alignHoriz=method-wrapper(...), alignText='center', alignVert=method-wrapper(...), anchorHoriz='center', anchorVert='center', antialias=True, autoDraw=False, autoLog=True, bold=False, color=array([1., 1., 1.]), colorSpace='rgb', contrast=1.0, depth=0.0, flipHoriz=False, flipVert=False, font='Open Sans', fontFiles=[], height=0.09, italic=False, languageStyle='LTR', name='presstosharenextphoto_text', opacity=1.0, ori=0.0, pos=array([0., 0.]), rgb=UNKNOWN, text='Press space to share your next photo.', units='norm', win=Window(...), wrapWidth=1)
9.0356 	EXP 	Created WTP_ins_text1 = TextStim(__class__=<class 'psychopy.visual.text.TextStim'>, alignHoriz=method-wrapper(...), alignText='center', alignVert=method-wrapper(...), anchorHoriz='center', anchorVert='center', antialias=True, autoDraw=False, autoLog=True, bold=False, color=array([1., 1., 1.]), colorSpace='rgb', contrast=1.0, depth=0.0, flipHoriz=False, flipVert=False, font='Open Sans', fontFiles=[], height=0.07, italic=False, languageStyle='LTR', name='WTP_ins_text1', opacity=1.0, ori=0.0, pos=array([0. , 0.3]), rgb=UNKNOWN, text=str(...), units='norm', win=Window(...), wrapWidth=1)
9.1067 	EXP 	Created WTP_ins_text2 = TextStim(__class__=<class 'psychopy.visual.text.TextStim'>, alignHoriz=method-wrapper(...), alignText='center', alignVert=method-wrapper(...), anchorHoriz='center', anchorVert='center', antialias=True, autoDraw=False, autoLog=True, bold=False, color=array([1., 1., 1.]), colorSpace='rgb', contrast=1.0, depth=0.0, flipHoriz=False, flipVert=False, font='Open Sans', fontFiles=[], height=0.05, italic=False, languageStyle='LTR', name='WTP_ins_text2', opacity=1.0, ori=0.0, pos=array([0., 0.]), rgb=UNKNOWN, text=str(...), units='norm', win=Window(...), wrapWidth=1)
9.1598 	EXP 	Created Left_Experience = TextStim(__class__=<class 'psychopy.visual.text.TextStim'>, alignHoriz=method-wrapper(...), alignText='center', alignVert=method-wrapper(...), anchorHoriz='center', anchorVert='center', antialias=True, autoDraw=False, autoLog=True, bold=False, color=array([1., 1., 1.]), colorSpace='rgb', contrast=1.0, depth=0.0, flipHoriz=False, flipVert=False, font='Open Sans', fontFiles=[], height=0.05, italic=False, languageStyle='LTR', name='Left_Experience', opacity=1.0, ori=0.0, pos=array([0.5, 0.1]), rgb=UNKNOWN, text='', units='norm', win=Window(...), wrapWidth=1)
9.1607 	EXP 	Created Right_Experience = TextStim(__class__=<class 'psychopy.visual.text.TextStim'>, alignHoriz=method-wrapper(...), alignText='center', alignVert=method-wrapper(...), anchorHoriz='center', anchorVert='center', antialias=True, autoDraw=False, autoLog=True, bold=False, color=array([1., 1., 1.]), colorSpace='rgb', contrast=1.0, depth=-1.0, flipHoriz=False, flipVert=False, font='Open Sans', fontFiles=[], height=0.05, italic=False, languageStyle='LTR', name='Right_Experience', opacity=1.0, ori=0.0, pos=array([-0.5,  0.1]), rgb=UNKNOWN, text='', units='norm', win=Window(...), wrapWidth=1)
9.1615 	EXP 	Created Left_Price = TextStim(__class__=<class 'psychopy.visual.text.TextStim'>, alignHoriz=method-wrapper(...), alignText='center', alignVert=method-wrapper(...), anchorHoriz='center', anchorVert='center', antialias=True, autoDraw=False, autoLog=True, bold=False, color=array([1., 1., 1.]), colorSpace='rgb', contrast=1.0, depth=-2.0, flipHoriz=False, flipVert=False, font='Open Sans', fontFiles=[], height=0.05, italic=False, languageStyle='LTR', name='Left_Price', opacity=1.0, ori=0.0, pos=array([ 0.5, -0.5]), rgb=UNKNOWN, text='', units='norm', win=Window(...), wrapWidth=1)
9.1624 	EXP 	Created Right_Price = TextStim(__class__=<class 'psychopy.visual.text.TextStim'>, alignHoriz=method-wrapper(...), alignText='center', alignVert=method-wrapper(...), anchorHoriz='center', anchorVert='center', antialias=True, autoDraw=False, autoLog=True, bold=False, color=array([1., 1., 1.]), colorSpace='rgb', contrast=1.0, depth=-3.0, flipHoriz=False, flipVert=False, font='Open Sans', fontFiles=[], height=0.05, italic=False, languageStyle='LTR', name='Right_Price', opacity=1.0, ori=0.0, pos=array([-0.5, -0.5]), rgb=UNKNOWN, text='', units='norm', win=Window(...), wrapWidth=1)
9.2670 	EXP 	Created Resume_Text = TextStim(__class__=<class 'psychopy.visual.text.TextStim'>, alignHoriz=method-wrapper(...), alignText='center', alignVert=method-wrapper(...), anchorHoriz='center', anchorVert='center', antialias=True, autoDraw=False, autoLog=True, bold=False, color=array([1., 1., 1.]), colorSpace='rgb', contrast=1.0, depth=-2.0, flipHoriz=False, flipVert=False, font='Open Sans', fontFiles=[], height=0.12, italic=False, languageStyle='LTR', name='Resume_Text', opacity=1.0, ori=0.0, pos=array([0., 0.]), rgb=UNKNOWN, text='', units='norm', win=Window(...), wrapWidth=1)
9.2832 	EXP 	window1: mouseVisible = True
9.3529 	EXP 	Created slider = Slider(__class__=<class 'psychopy.visual.slider.Slider'>, autoDraw=False, autoLog=True, borderColor=None, color=None, colorSpace='rgb', depth=-5, fillColor=None, flip=False, font='Open Sans', granularity=0.0, labelColor=None, labelHeight=0.05, labelWrapWidth=None, labels=(1, 2, 3, 4, 5), lineColor=None, markerColor=None, name='slider', opacity=None, ori=0.0, pos=array([ 0. , -0.4]), readOnly=False, self=UNKNOWN, size=array([1. , 0.1]), startValue=999, style='rating', styleTweaks=['labels45', 'triangleMarker'], ticks=array([1, 2, 3, 4, 5]), units='norm', win=Window(...))
9.3542 	EXP 	Created saliencequestion_text = TextStim(__class__=<class 'psychopy.visual.text.TextStim'>, alignHoriz=method-wrapper(...), alignText='center', alignVert=method-wrapper(...), anchorHoriz='center', anchorVert='center', antialias=True, autoDraw=False, autoLog=True, bold=False, color=array([1., 1., 1.]), colorSpace='rgb', contrast=1.0, depth=-1.0, flipHoriz=False, flipVert=False, font='Open Sans', fontFiles=[], height=0.06, italic=False, languageStyle='LTR', name='saliencequestion_text', opacity=1.0, ori=0.0, pos=array([0. , 0.6]), rgb=UNKNOWN, text='', units='norm', win=Window(...), wrapWidth=1)
9.4116 	EXP 	Created salienceavatar_image = ImageStim(__class__=<class 'psychopy.visual.image.ImageStim'>, anchor=('center', 'center'), autoLog=True, color=array([1., 1., 1.]), colorSpace='rgb', contrast=1.0, depth=-3.0, flipHoriz=False, flipVert=False, image='sin', interpolate=True, mask=None, maskParams=None, name='salienceavatar_image', opacity=1.0, ori=0.0, pos=array([0., 0.]), size=array([0.3 , 0.55]), texRes=128.0, units='norm', win=Window(...))
9.4191 	EXP 	Created saliencecontinue_text = TextStim(__class__=<class 'psychopy.visual.text.TextStim'>, alignHoriz=method-wrapper(...), alignText='center', alignVert=method-wrapper(...), anchorHoriz='center', anchorVert='center', antialias=True, autoDraw=False, autoLog=True, bold=False, color=array([1., 1., 1.]), colorSpace='rgb', contrast=1.0, depth=-4.0, flipHoriz=False, flipVert=False, font='Open Sans', fontFiles=[], height=0.07, italic=False, languageStyle='LTR', name='saliencecontinue_text', opacity=1.0, ori=0.0, pos=array([ 0. , -0.8]), rgb=UNKNOWN, text='Press space to enter rating and continue.', units='norm', win=Window(...), wrapWidth=1)
9.4201 	EXP 	Created displayrating_text = TextStim(__class__=<class 'psychopy.visual.text.TextStim'>, alignHoriz=method-wrapper(...), alignText='center', alignVert=method-wrapper(...), anchorHoriz='center', anchorVert='center', antialias=True, autoDraw=False, autoLog=True, bold=False, color=array([1., 1., 1.]), colorSpace='rgb', contrast=1.0, depth=-5.0, flipHoriz=False, flipVert=False, font='Open Sans', fontFiles=[], height=0.065, italic=False, languageStyle='LTR', name='displayrating_text', opacity=1.0, ori=0.0, pos=array([ 0.  , -0.65]), rgb=UNKNOWN, text='', units='norm', win=Window(...), wrapWidth=1)
9.4247 	EXP 	window1: mouseVisible = True
9.5089 	EXP 	Created slider = Slider(__class__=<class 'psychopy.visual.slider.Slider'>, autoDraw=False, autoLog=True, borderColor=None, color=None, colorSpace='rgb', depth=-5, fillColor=None, flip=False, font='Open Sans', granularity=0.0, labelColor=None, labelHeight=0.05, labelWrapWidth=None, labels=(1, 2, 3, 4, 5, 6, 7, 8, 9), lineColor=None, markerColor=None, name='slider', opacity=None, ori=0.0, pos=array([ 0. , -0.4]), readOnly=False, self=UNKNOWN, size=array([1. , 0.1]), startValue=999, style='rating', styleTweaks=['labels45', 'triangleMarker'], ticks=array([1, 2, 3, 4, 5, 6, 7, 8, 9]), units='norm', win=Window(...))
9.5099 	EXP 	Created stresslevel_text = TextStim(__class__=<class 'psychopy.visual.text.TextStim'>, alignHoriz=method-wrapper(...), alignText='center', alignVert=method-wrapper(...), anchorHoriz='center', anchorVert='center', antialias=True, autoDraw=False, autoLog=True, bold=False, color=array([1., 1., 1.]), colorSpace='rgb', contrast=1.0, depth=-1.0, flipHoriz=False, flipVert=False, font='Open Sans', fontFiles=[], height=0.08, italic=False, languageStyle='LTR', name='stresslevel_text', opacity=1.0, ori=0.0, pos=array([0. , 0.3]), rgb=UNKNOWN, text='', units='norm', win=Window(...), wrapWidth=1)
9.5638 	EXP 	Created displaystressrating_text = TextStim(__class__=<class 'psychopy.visual.text.TextStim'>, alignHoriz=method-wrapper(...), alignText='center', alignVert=method-wrapper(...), anchorHoriz='center', anchorVert='center', antialias=True, autoDraw=False, autoLog=True, bold=False, color=array([1., 1., 1.]), colorSpace='rgb', contrast=1.0, depth=-3.0, flipHoriz=False, flipVert=False, font='Open Sans', fontFiles=[], height=0.08, italic=False, languageStyle='LTR', name='displaystressrating_text', opacity=1.0, ori=0.0, pos=array([ 0.  , -0.65]), rgb=UNKNOWN, text='', units='norm', win=Window(...), wrapWidth=1)
9.5729 	WARNING 	t of last frame was 1257.67ms (=1/0)
9.5729 	EXP 	slider: autoLog = True
9.5729 	EXP 	slider: markerPos = 999
9.5729 	EXP 	slider: styleTweaks = []
9.5729 	EXP 	slider: styleTweaks = []
9.5729 	EXP 	slider: styleTweaks = ['labels45', 'triangleMarker']
9.5729 	EXP 	slider: styleTweaks = ['labels45', 'triangleMarker']
9.5729 	EXP 	slider: contrast = 1.0
9.5729 	EXP 	slider: autoLog = True
9.5729 	EXP 	slider: autoLog = True
9.5729 	EXP 	slider: markerPos = 999
9.5729 	EXP 	slider: styleTweaks = []
9.5729 	EXP 	slider: styleTweaks = []
9.5729 	EXP 	slider: styleTweaks = ['labels45', 'triangleMarker']
9.5729 	EXP 	slider: styleTweaks = ['labels45', 'triangleMarker']
9.5729 	EXP 	slider: contrast = 1.0
9.5729 	EXP 	slider: autoLog = True
9.5729 	EXP 	Welcome: autoDraw = True
10.0714 	WARNING 	t of last frame was 21.04ms (=1/47)
10.0849 	DATA 	Keypress: space
10.0896 	EXP 	Welcome: autoDraw = False
10.0896 	EXP 	FirstInstructions: autoDraw = True
10.2857 	EXP 	Imported /Users/melanieruiz/Desktop/WTP_SM_Choice/Participant_Images/101/101_trials.csv as conditions, 150 conditions, 6 params
10.2866 	EXP 	Created sequence: sequential, trialTypes=150, nReps=1, seed=None
10.2870 	EXP 	New trial (rep=0, index=0): OrderedDict([('TrialNumber', 1), ('Partner', 'Alex'), ('Condition', 'Neutral'), ('Photos', 'Participant_Images/101/101_Images/101_Image_24.jpg'), ('Feedback', 'did not like'), ('FeedbackWait', 3.613205605)])
10.2957 	DATA 	Keypress: space
10.2991 	WARNING 	t of last frame was 31.66ms (=1/31)
10.2991 	EXP 	FirstInstructions: autoDraw = False
10.2991 	EXP 	Match_text: autoDraw = True
10.4556 	DATA 	Keypress: space
10.5955 	DATA 	Keypress: space
10.6836 	WARNING 	t of last frame was 25.11ms (=1/39)
10.7888 	DATA 	Keypress: space
11.0049 	WARNING 	Multiple dropped frames have occurred - I'll stop bothering you about them!
11.8848 	DATA 	Keypress: space
13.1158 	DATA 	Keypress: space
13.3050 	EXP 	Match_text: autoDraw = False
13.3050 	EXP 	syncing_text: autoDraw = True
13.3050 	EXP 	text_0: autoDraw = True
13.3050 	EXP 	Transparent: autoDraw = True
14.0658 	DATA 	Keypress: space
14.5365 	EXP 	Loading_25: autoDraw = True
14.5365 	EXP 	text_25: autoDraw = True
14.5623 	EXP 	text_0: autoDraw = False
15.7818 	EXP 	Loading_25: autoDraw = False
15.7818 	EXP 	text_25: autoDraw = False
15.7818 	EXP 	Loading_50: autoDraw = True
15.7818 	EXP 	text_50: autoDraw = True
16.2060 	DATA 	Keypress: space
17.0191 	EXP 	Loading_50: autoDraw = False
17.0191 	EXP 	text_50: autoDraw = False
17.0374 	EXP 	Loading_75: autoDraw = True
17.0374 	EXP 	text_75: autoDraw = True
17.4182 	DATA 	Keypress: space
18.2819 	EXP 	Loading_75: autoDraw = False
18.2819 	EXP 	text_75: autoDraw = False
18.2819 	EXP 	Loading_100: autoDraw = True
18.2819 	EXP 	text_100: autoDraw = True
18.8098 	DATA 	Keypress: space
19.5194 	EXP 	Loading_100: autoDraw = False
19.5194 	EXP 	text_100: autoDraw = False
19.5753 	EXP 	Match_text: autoDraw = False
19.5753 	EXP 	syncing_text: autoDraw = False
19.5753 	EXP 	text_0: autoDraw = False
19.5753 	EXP 	Transparent: autoDraw = False
19.5753 	EXP 	Loading_25: autoDraw = False
19.5753 	EXP 	text_25: autoDraw = False
19.5753 	EXP 	Loading_50: autoDraw = False
19.5753 	EXP 	text_50: autoDraw = False
19.5753 	EXP 	Loading_75: autoDraw = False
19.5753 	EXP 	text_75: autoDraw = False
19.5753 	EXP 	Loading_100: autoDraw = False
19.5753 	EXP 	text_100: autoDraw = False
19.5753 	EXP 	Youhavematched: height = 0.08
19.5753 	EXP 	Youhavematched: height = 0.08
19.5753 	EXP 	Youhavematched: height = 0.08
19.5753 	EXP 	Youhavematched: text = 'You have matched with: Alex'
19.5753 	EXP 	partneremoji_image: image = 'Images/cowboyemoji.png'
19.5753 	EXP 	Youhavematched: autoDraw = True
19.5753 	EXP 	partneremoji_image: autoDraw = True
19.5753 	EXP 	PressToContinue: autoDraw = True
20.2727 	DATA 	Keypress: space
20.2776 	EXP 	Youhavematched: autoDraw = False
20.2776 	EXP 	partneremoji_image: autoDraw = False
20.2776 	EXP 	PressToContinue: autoDraw = False
20.2776 	EXP 	participantimage_image: image = 'Participant_Images/101/101_Images/101_Image_24.jpg'
20.2776 	EXP 	photobeingshared_text: autoDraw = True
20.2776 	EXP 	waitforfeedback_text: autoDraw = True
20.2776 	EXP 	participantimage_image: autoDraw = True
23.0623 	EXP 	photobeingshared_text: autoDraw = False
23.0623 	EXP 	waitforfeedback_text: autoDraw = False
23.0623 	EXP 	participantimage_image: autoDraw = False
23.0623 	EXP 	waiting_text: autoDraw = True
24.7888 	DATA 	Keypress: space
28.0576 	EXP 	waiting_text: autoDraw = False
28.0576 	EXP 	displayfeedback_text: height = 0.12
28.0576 	EXP 	displayfeedback_text: height = 0.12
28.0576 	EXP 	displayfeedback_text: height = 0.12
28.0576 	EXP 	displayfeedback_text: text = 'Alex did not like your photo'
28.0576 	EXP 	fdbkimage_image: image = 'Images/thumbsdown.png'
28.0576 	EXP 	displayfeedback_text: autoDraw = True
28.0576 	EXP 	fdbkimage_image: autoDraw = True
31.0670 	EXP 	displayfeedback_text: autoDraw = False
31.0670 	EXP 	fdbkimage_image: autoDraw = False
31.0670 	EXP 	presstosharenextphoto_text: autoDraw = True
31.5034 	EXP 	Created sequence: random, trialTypes=1, nReps=0, seed=None
31.5075 	DATA 	Keypress: space
31.5409 	EXP 	New trial (rep=0, index=1): OrderedDict([('TrialNumber', 2), ('Partner', 'Alex'), ('Condition', 'Neutral'), ('Photos', 'Participant_Images/101/101_Images/101_Image_9.jpg'), ('Feedback', 'did not like'), ('FeedbackWait', 4.988446431)])
31.6965 	EXP 	presstosharenextphoto_text: autoDraw = False
31.6965 	EXP 	slider: markerPos = 3
31.6965 	EXP 	saliencequestion_text: height = 0.06
31.6965 	EXP 	saliencequestion_text: height = 0.06
31.6965 	EXP 	saliencequestion_text: height = 0.06
31.6965 	EXP 	saliencequestion_text: text = 'How likely are you to share photos with Alex in the future? \n\n Use your left and right arrows to move the arrow to your desired rating.'
31.6965 	EXP 	salienceavatar_image: image = 'Images/cowboyemoji.png'
31.6965 	EXP 	displayrating_text: text = ''
31.6965 	EXP 	saliencequestion_text: autoDraw = False
31.6965 	EXP 	salienceavatar_image: autoDraw = False
31.6965 	EXP 	saliencecontinue_text: autoDraw = False
31.6965 	EXP 	displayrating_text: autoDraw = False
31.6965 	EXP 	slider: markerPos = 5
31.6965 	EXP 	stresslevel_text: height = 0.08
31.6965 	EXP 	stresslevel_text: height = 0.08
31.6965 	EXP 	stresslevel_text: height = 0.08
31.6965 	EXP 	stresslevel_text: text = 'Please rate your current stress level. \n\n\n Use your mouse or left and right arrows to move the arrow to your desired rating.'
31.6965 	EXP 	displaystressrating_text: text = ''
31.6965 	EXP 	stresslevel_text: autoDraw = False
31.6965 	EXP 	displaystressrating_text: autoDraw = False
31.6965 	EXP 	Match_text: autoDraw = False
31.6965 	EXP 	syncing_text: autoDraw = False
31.6965 	EXP 	text_0: autoDraw = False
31.6965 	EXP 	Transparent: autoDraw = False
31.6965 	EXP 	Loading_25: autoDraw = False
31.6965 	EXP 	text_25: autoDraw = False
31.6965 	EXP 	Loading_50: autoDraw = False
31.6965 	EXP 	text_50: autoDraw = False
31.6965 	EXP 	Loading_75: autoDraw = False
31.6965 	EXP 	text_75: autoDraw = False
31.6965 	EXP 	Loading_100: autoDraw = False
31.6965 	EXP 	text_100: autoDraw = False
31.6965 	EXP 	Youhavematched: text = 'You have matched with: Alex'
31.6965 	EXP 	partneremoji_image: image = 'Images/cowboyemoji.png'
31.6965 	EXP 	Youhavematched: autoDraw = False
31.6965 	EXP 	partneremoji_image: autoDraw = False
31.6965 	EXP 	PressToContinue: autoDraw = False
31.6965 	EXP 	participantimage_image: image = 'Participant_Images/101/101_Images/101_Image_9.jpg'
31.6965 	EXP 	photobeingshared_text: autoDraw = True
31.6965 	EXP 	waitforfeedback_text: autoDraw = True
31.6965 	EXP 	participantimage_image: autoDraw = True
34.5690 	EXP 	photobeingshared_text: autoDraw = False
34.5690 	EXP 	waitforfeedback_text: autoDraw = False
34.5690 	EXP 	participantimage_image: autoDraw = False
34.5690 	EXP 	waiting_text: autoDraw = True
35.5774 	DATA 	Keypress: space
38.1117 	DATA 	Keypress: space
39.5572 	EXP 	waiting_text: autoDraw = False
39.5572 	EXP 	displayfeedback_text: text = 'Alex did not like your photo'
39.5572 	EXP 	fdbkimage_image: image = 'Images/thumbsdown.png'
39.5572 	EXP 	displayfeedback_text: autoDraw = True
39.5572 	EXP 	fdbkimage_image: autoDraw = True
42.5669 	EXP 	displayfeedback_text: autoDraw = False
42.5669 	EXP 	fdbkimage_image: autoDraw = False
42.5669 	EXP 	presstosharenextphoto_text: autoDraw = True
43.6003 	EXP 	Created sequence: random, trialTypes=1, nReps=0, seed=None
43.6028 	DATA 	Keypress: space
43.6139 	EXP 	New trial (rep=0, index=2): OrderedDict([('TrialNumber', 3), ('Partner', 'Alex'), ('Condition', 'Neutral'), ('Photos', 'Participant_Images/101/101_Images/101_Image_4.jpg'), ('Feedback', 'liked'), ('FeedbackWait', 3.470791822)])
43.7809 	EXP 	presstosharenextphoto_text: autoDraw = False
43.7809 	EXP 	slider: markerPos = 3
43.7809 	EXP 	saliencequestion_text: text = 'How likely are you to share photos with Alex in the future? \n\n Use your left and right arrows to move the arrow to your desired rating.'
43.7809 	EXP 	salienceavatar_image: image = 'Images/cowboyemoji.png'
43.7809 	EXP 	displayrating_text: text = ''
43.7809 	EXP 	saliencequestion_text: autoDraw = False
43.7809 	EXP 	salienceavatar_image: autoDraw = False
43.7809 	EXP 	saliencecontinue_text: autoDraw = False
43.7809 	EXP 	displayrating_text: autoDraw = False
43.7809 	EXP 	slider: markerPos = 5
43.7809 	EXP 	stresslevel_text: text = 'Please rate your current stress level. \n\n\n Use your mouse or left and right arrows to move the arrow to your desired rating.'
43.7809 	EXP 	displaystressrating_text: text = ''
43.7809 	EXP 	stresslevel_text: autoDraw = False
43.7809 	EXP 	displaystressrating_text: autoDraw = False
43.7809 	EXP 	Match_text: autoDraw = False
43.7809 	EXP 	syncing_text: autoDraw = False
43.7809 	EXP 	text_0: autoDraw = False
43.7809 	EXP 	Transparent: autoDraw = False
43.7809 	EXP 	Loading_25: autoDraw = False
43.7809 	EXP 	text_25: autoDraw = False
43.7809 	EXP 	Loading_50: autoDraw = False
43.7809 	EXP 	text_50: autoDraw = False
43.7809 	EXP 	Loading_75: autoDraw = False
43.7809 	EXP 	text_75: autoDraw = False
43.7809 	EXP 	Loading_100: autoDraw = False
43.7809 	EXP 	text_100: autoDraw = False
43.7809 	EXP 	Youhavematched: text = 'You have matched with: Alex'
43.7809 	EXP 	partneremoji_image: image = 'Images/cowboyemoji.png'
43.7809 	EXP 	Youhavematched: autoDraw = False
43.7809 	EXP 	partneremoji_image: autoDraw = False
43.7809 	EXP 	PressToContinue: autoDraw = False
43.7809 	EXP 	participantimage_image: image = 'Participant_Images/101/101_Images/101_Image_4.jpg'
43.7809 	EXP 	photobeingshared_text: autoDraw = True
43.7809 	EXP 	waitforfeedback_text: autoDraw = True
43.7809 	EXP 	participantimage_image: autoDraw = True
46.6316 	EXP 	photobeingshared_text: autoDraw = False
46.6316 	EXP 	waitforfeedback_text: autoDraw = False
46.6316 	EXP 	participantimage_image: autoDraw = False
46.6316 	EXP 	waiting_text: autoDraw = True
49.4872 	DATA 	Keypress: space
51.6380 	EXP 	waiting_text: autoDraw = False
51.6380 	EXP 	displayfeedback_text: height = 0.12
51.6380 	EXP 	displayfeedback_text: height = 0.12
51.6380 	EXP 	displayfeedback_text: height = 0.12
51.6380 	EXP 	displayfeedback_text: text = 'Alex liked your photo'
51.6380 	EXP 	fdbkimage_image: image = 'Images/thumbsup.png'
51.6380 	EXP 	displayfeedback_text: autoDraw = True
51.6380 	EXP 	fdbkimage_image: autoDraw = True
54.6419 	EXP 	displayfeedback_text: autoDraw = False
54.6419 	EXP 	fdbkimage_image: autoDraw = False
54.6419 	EXP 	presstosharenextphoto_text: autoDraw = True
55.5138 	EXP 	Created sequence: random, trialTypes=1, nReps=0, seed=None
55.5149 	DATA 	Keypress: space
55.5239 	EXP 	New trial (rep=0, index=3): OrderedDict([('TrialNumber', 4), ('Partner', 'Alex'), ('Condition', 'Neutral'), ('Photos', 'Participant_Images/101/101_Images/101_Image_1.jpg'), ('Feedback', 'liked'), ('FeedbackWait', 3.820572462)])
55.6626 	EXP 	presstosharenextphoto_text: autoDraw = False
55.6626 	EXP 	slider: markerPos = 3
55.6626 	EXP 	saliencequestion_text: text = 'How likely are you to share photos with Alex in the future? \n\n Use your left and right arrows to move the arrow to your desired rating.'
55.6626 	EXP 	salienceavatar_image: image = 'Images/cowboyemoji.png'
55.6626 	EXP 	displayrating_text: text = ''
55.6626 	EXP 	saliencequestion_text: autoDraw = False
55.6626 	EXP 	salienceavatar_image: autoDraw = False
55.6626 	EXP 	saliencecontinue_text: autoDraw = False
55.6626 	EXP 	displayrating_text: autoDraw = False
55.6626 	EXP 	slider: markerPos = 5
55.6626 	EXP 	stresslevel_text: text = 'Please rate your current stress level. \n\n\n Use your mouse or left and right arrows to move the arrow to your desired rating.'
55.6626 	EXP 	displaystressrating_text: text = ''
55.6626 	EXP 	stresslevel_text: autoDraw = False
55.6626 	EXP 	displaystressrating_text: autoDraw = False
55.6626 	EXP 	Match_text: autoDraw = False
55.6626 	EXP 	syncing_text: autoDraw = False
55.6626 	EXP 	text_0: autoDraw = False
55.6626 	EXP 	Transparent: autoDraw = False
55.6626 	EXP 	Loading_25: autoDraw = False
55.6626 	EXP 	text_25: autoDraw = False
55.6626 	EXP 	Loading_50: autoDraw = False
55.6626 	EXP 	text_50: autoDraw = False
55.6626 	EXP 	Loading_75: autoDraw = False
55.6626 	EXP 	text_75: autoDraw = False
55.6626 	EXP 	Loading_100: autoDraw = False
55.6626 	EXP 	text_100: autoDraw = False
55.6626 	EXP 	Youhavematched: text = 'You have matched with: Alex'
55.6626 	EXP 	partneremoji_image: image = 'Images/cowboyemoji.png'
55.6626 	EXP 	Youhavematched: autoDraw = False
55.6626 	EXP 	partneremoji_image: autoDraw = False
55.6626 	EXP 	PressToContinue: autoDraw = False
55.6626 	EXP 	participantimage_image: image = 'Participant_Images/101/101_Images/101_Image_1.jpg'
55.6626 	EXP 	photobeingshared_text: autoDraw = True
55.6626 	EXP 	waitforfeedback_text: autoDraw = True
55.6626 	EXP 	participantimage_image: autoDraw = True
58.5528 	EXP 	photobeingshared_text: autoDraw = False
58.5528 	EXP 	waitforfeedback_text: autoDraw = False
58.5528 	EXP 	participantimage_image: autoDraw = False
58.5528 	EXP 	waiting_text: autoDraw = True
63.5527 	EXP 	waiting_text: autoDraw = False
63.5527 	EXP 	displayfeedback_text: text = 'Alex liked your photo'
63.5527 	EXP 	fdbkimage_image: image = 'Images/thumbsup.png'
63.5527 	EXP 	displayfeedback_text: autoDraw = True
63.5527 	EXP 	fdbkimage_image: autoDraw = True
65.1000 	DATA 	Keypress: space
66.5478 	EXP 	displayfeedback_text: autoDraw = False
66.5478 	EXP 	fdbkimage_image: autoDraw = False
66.5478 	EXP 	presstosharenextphoto_text: autoDraw = True
67.2768 	EXP 	Created sequence: random, trialTypes=1, nReps=0, seed=None
67.2785 	DATA 	Keypress: space
67.2877 	EXP 	New trial (rep=0, index=4): OrderedDict([('TrialNumber', 5), ('Partner', 'Alex'), ('Condition', 'Neutral'), ('Photos', 'Participant_Images/101/101_Images/101_Image_3.jpg'), ('Feedback', 'liked'), ('FeedbackWait', 2.455989137)])
67.4565 	EXP 	presstosharenextphoto_text: autoDraw = False
67.4565 	EXP 	slider: markerPos = 3
67.4565 	EXP 	saliencequestion_text: text = 'How likely are you to share photos with Alex in the future? \n\n Use your left and right arrows to move the arrow to your desired rating.'
67.4565 	EXP 	salienceavatar_image: image = 'Images/cowboyemoji.png'
67.4565 	EXP 	displayrating_text: text = ''
67.4565 	EXP 	saliencequestion_text: autoDraw = False
67.4565 	EXP 	salienceavatar_image: autoDraw = False
67.4565 	EXP 	saliencecontinue_text: autoDraw = False
67.4565 	EXP 	displayrating_text: autoDraw = False
67.4565 	EXP 	slider: markerPos = 5
67.4565 	EXP 	stresslevel_text: text = 'Please rate your current stress level. \n\n\n Use your mouse or left and right arrows to move the arrow to your desired rating.'
67.4565 	EXP 	displaystressrating_text: text = ''
67.4565 	EXP 	stresslevel_text: autoDraw = False
67.4565 	EXP 	displaystressrating_text: autoDraw = False
67.4565 	EXP 	Match_text: autoDraw = False
67.4565 	EXP 	syncing_text: autoDraw = False
67.4565 	EXP 	text_0: autoDraw = False
67.4565 	EXP 	Transparent: autoDraw = False
67.4565 	EXP 	Loading_25: autoDraw = False
67.4565 	EXP 	text_25: autoDraw = False
67.4565 	EXP 	Loading_50: autoDraw = False
67.4565 	EXP 	text_50: autoDraw = False
67.4565 	EXP 	Loading_75: autoDraw = False
67.4565 	EXP 	text_75: autoDraw = False
67.4565 	EXP 	Loading_100: autoDraw = False
67.4565 	EXP 	text_100: autoDraw = False
67.4565 	EXP 	Youhavematched: text = 'You have matched with: Alex'
67.4565 	EXP 	partneremoji_image: image = 'Images/cowboyemoji.png'
67.4565 	EXP 	Youhavematched: autoDraw = False
67.4565 	EXP 	partneremoji_image: autoDraw = False
67.4565 	EXP 	PressToContinue: autoDraw = False
67.4565 	EXP 	participantimage_image: image = 'Participant_Images/101/101_Images/101_Image_3.jpg'
67.4565 	EXP 	photobeingshared_text: autoDraw = True
67.4565 	EXP 	waitforfeedback_text: autoDraw = True
67.4565 	EXP 	participantimage_image: autoDraw = True
70.3007 	EXP 	photobeingshared_text: autoDraw = False
70.3007 	EXP 	waitforfeedback_text: autoDraw = False
70.3007 	EXP 	participantimage_image: autoDraw = False
70.3007 	EXP 	waiting_text: autoDraw = True
71.0872 	DATA 	Keypress: space
75.2959 	EXP 	waiting_text: autoDraw = False
75.2959 	EXP 	waiting_text: autoDraw = False
75.2959 	EXP 	displayfeedback_text: text = 'Alex liked your photo'
75.2959 	EXP 	fdbkimage_image: image = 'Images/thumbsup.png'
75.2959 	EXP 	displayfeedback_text: autoDraw = True
75.2959 	EXP 	fdbkimage_image: autoDraw = True
78.2854 	EXP 	Created sequence: random, trialTypes=1, nReps=1, seed=None
78.2855 	EXP 	New trial (rep=0, index=0): None
78.2998 	EXP 	displayfeedback_text: autoDraw = False
78.2998 	EXP 	fdbkimage_image: autoDraw = False
78.2998 	EXP 	displayfeedback_text: autoDraw = False
78.2998 	EXP 	fdbkimage_image: autoDraw = False
78.2998 	EXP 	presstosharenextphoto_text: autoDraw = False
78.2998 	EXP 	WTP_ins_text1: autoDraw = True
79.1445 	DATA 	Keypress: space
79.1627 	EXP 	WTP_ins_text1: autoDraw = False
79.1627 	EXP 	WTP_ins_text2: autoDraw = True
79.8108 	EXP 	Imported /Users/melanieruiz/Desktop/WTP_SM_Choice/Participant_Images/101/101_WTP.xlsx as conditions, 5 conditions, 9 params
79.8111 	EXP 	Created sequence: sequential, trialTypes=5, nReps=1, seed=None
79.8114 	EXP 	New trial (rep=0, index=0): {'social_left': 0, 'Left_Exp': 'Rearranging furniture in your house', 'Right_Exp': 'Going to a carnival with friends', 'leftmoney': 0.01, 'rightmoney': 0.01, 'greenText': 'green', 'left_more_than_right': 0, 'matching_prices': 1, 'social_worthmore': 1}
79.8296 	DATA 	Keypress: space
79.8331 	EXP 	WTP_ins_text2: autoDraw = False
79.8331 	EXP 	Left_Experience: height = 0.05
79.8331 	EXP 	Left_Experience: height = 0.05
79.8331 	EXP 	Left_Experience: height = 0.05
79.8331 	EXP 	Left_Experience: text = 'Rearranging furniture in your house'
79.8331 	EXP 	Right_Experience: height = 0.05
79.8331 	EXP 	Right_Experience: height = 0.05
79.8331 	EXP 	Right_Experience: height = 0.05
79.8331 	EXP 	Right_Experience: text = 'Going to a carnival with friends'
79.8331 	EXP 	Left_Price: height = 0.05
79.8331 	EXP 	Left_Price: height = 0.05
79.8331 	EXP 	Left_Price: height = 0.05
79.8331 	EXP 	Left_Price: text = 0.01
79.8331 	EXP 	Right_Price: height = 0.05
79.8331 	EXP 	Right_Price: height = 0.05
79.8331 	EXP 	Right_Price: height = 0.05
79.8331 	EXP 	Right_Price: text = 0.01
79.8331 	EXP 	Left_Experience: autoDraw = True
79.8331 	EXP 	Right_Experience: autoDraw = True
79.8331 	EXP 	Left_Price: autoDraw = True
79.8331 	EXP 	Right_Price: autoDraw = True
80.5577 	EXP 	New trial (rep=0, index=1): {'social_left': 0, 'Left_Exp': 'Watching a new episode of a television show', 'Right_Exp': 'Having a picnic with family', 'leftmoney': 0.02, 'rightmoney': 0.01, 'greenText': 'green', 'left_more_than_right': 1, 'matching_prices': 0, 'social_worthmore': 0}
80.5710 	DATA 	Keypress: 1
80.5743 	EXP 	Left_Experience: autoDraw = False
80.5743 	EXP 	Right_Experience: autoDraw = False
80.5743 	EXP 	Left_Price: autoDraw = False
80.5743 	EXP 	Right_Price: autoDraw = False
80.5743 	EXP 	Left_Experience: height = 0.05
80.5743 	EXP 	Left_Experience: height = 0.05
80.5743 	EXP 	Left_Experience: height = 0.05
80.5743 	EXP 	Left_Experience: text = 'Watching a new episode of a television show'
80.5743 	EXP 	Right_Experience: height = 0.05
80.5743 	EXP 	Right_Experience: height = 0.05
80.5743 	EXP 	Right_Experience: height = 0.05
80.5743 	EXP 	Right_Experience: text = 'Having a picnic with family'
80.5743 	EXP 	Left_Price: height = 0.05
80.5743 	EXP 	Left_Price: height = 0.05
80.5743 	EXP 	Left_Price: height = 0.05
80.5743 	EXP 	Left_Price: text = 0.02
80.5743 	EXP 	Right_Price: height = 0.05
80.5743 	EXP 	Right_Price: height = 0.05
80.5743 	EXP 	Right_Price: height = 0.05
80.5743 	EXP 	Right_Price: text = 0.01
80.5743 	EXP 	Left_Experience: autoDraw = True
80.5743 	EXP 	Right_Experience: autoDraw = True
80.5743 	EXP 	Left_Price: autoDraw = True
80.5743 	EXP 	Right_Price: autoDraw = True
81.4078 	EXP 	New trial (rep=0, index=2): {'social_left': 0, 'Left_Exp': 'Painting your bedroom\na new color', 'Right_Exp': 'Having a romantic dinner with a significant other', 'leftmoney': 0.03, 'rightmoney': 0.01, 'greenText': 'green', 'left_more_than_right': 1, 'matching_prices': 0, 'social_worthmore': 0}
81.4225 	DATA 	Keypress: 2
81.4256 	EXP 	Left_Experience: autoDraw = False
81.4256 	EXP 	Right_Experience: autoDraw = False
81.4256 	EXP 	Left_Price: autoDraw = False
81.4256 	EXP 	Right_Price: autoDraw = False
81.4256 	EXP 	Left_Experience: height = 0.05
81.4256 	EXP 	Left_Experience: height = 0.05
81.4256 	EXP 	Left_Experience: height = 0.05
81.4256 	EXP 	Left_Experience: text = 'Painting your bedroom\na new color'
81.4256 	EXP 	Right_Experience: height = 0.05
81.4256 	EXP 	Right_Experience: height = 0.05
81.4256 	EXP 	Right_Experience: height = 0.05
81.4256 	EXP 	Right_Experience: text = 'Having a romantic dinner with a significant other'
81.4256 	EXP 	Left_Price: height = 0.05
81.4256 	EXP 	Left_Price: height = 0.05
81.4256 	EXP 	Left_Price: height = 0.05
81.4256 	EXP 	Left_Price: text = 0.03
81.4256 	EXP 	Right_Price: height = 0.05
81.4256 	EXP 	Right_Price: height = 0.05
81.4256 	EXP 	Right_Price: height = 0.05
81.4256 	EXP 	Right_Price: text = 0.01
81.4256 	EXP 	Left_Experience: autoDraw = True
81.4256 	EXP 	Right_Experience: autoDraw = True
81.4256 	EXP 	Left_Price: autoDraw = True
81.4256 	EXP 	Right_Price: autoDraw = True
81.9244 	EXP 	New trial (rep=0, index=3): {'social_left': 0, 'Left_Exp': 'Playing with a pet', 'Right_Exp': 'Studying abroad with friends', 'leftmoney': 0.04, 'rightmoney': 0.01, 'greenText': 'green', 'left_more_than_right': 1, 'matching_prices': 0, 'social_worthmore': 0}
81.9361 	DATA 	Keypress: 1
81.9392 	EXP 	Left_Experience: autoDraw = False
81.9392 	EXP 	Right_Experience: autoDraw = False
81.9392 	EXP 	Left_Price: autoDraw = False
81.9392 	EXP 	Right_Price: autoDraw = False
81.9392 	EXP 	Left_Experience: height = 0.05
81.9392 	EXP 	Left_Experience: height = 0.05
81.9392 	EXP 	Left_Experience: height = 0.05
81.9392 	EXP 	Left_Experience: text = 'Playing with a pet'
81.9392 	EXP 	Right_Experience: height = 0.05
81.9392 	EXP 	Right_Experience: height = 0.05
81.9392 	EXP 	Right_Experience: height = 0.05
81.9392 	EXP 	Right_Experience: text = 'Studying abroad with friends'
81.9392 	EXP 	Left_Price: height = 0.05
81.9392 	EXP 	Left_Price: height = 0.05
81.9392 	EXP 	Left_Price: height = 0.05
81.9392 	EXP 	Left_Price: text = 0.04
81.9392 	EXP 	Right_Price: height = 0.05
81.9392 	EXP 	Right_Price: height = 0.05
81.9392 	EXP 	Right_Price: height = 0.05
81.9392 	EXP 	Right_Price: text = 0.01
81.9392 	EXP 	Left_Experience: autoDraw = True
81.9392 	EXP 	Right_Experience: autoDraw = True
81.9392 	EXP 	Left_Price: autoDraw = True
81.9392 	EXP 	Right_Price: autoDraw = True
82.4242 	EXP 	New trial (rep=0, index=4): {'social_left': 0, 'Left_Exp': 'Reading a book', 'Right_Exp': 'Going to a friend’s birthday party', 'leftmoney': 0.05, 'rightmoney': 0.01, 'greenText': 'green', 'left_more_than_right': 1, 'matching_prices': 0, 'social_worthmore': 0}
82.4363 	DATA 	Keypress: 2
82.4393 	EXP 	Left_Experience: autoDraw = False
82.4393 	EXP 	Right_Experience: autoDraw = False
82.4393 	EXP 	Left_Price: autoDraw = False
82.4393 	EXP 	Right_Price: autoDraw = False
82.4393 	EXP 	Left_Experience: height = 0.05
82.4393 	EXP 	Left_Experience: height = 0.05
82.4393 	EXP 	Left_Experience: height = 0.05
82.4393 	EXP 	Left_Experience: text = 'Reading a book'
82.4393 	EXP 	Right_Experience: height = 0.05
82.4393 	EXP 	Right_Experience: height = 0.05
82.4393 	EXP 	Right_Experience: height = 0.05
82.4393 	EXP 	Right_Experience: text = 'Going to a friend’s birthday party'
82.4393 	EXP 	Left_Price: height = 0.05
82.4393 	EXP 	Left_Price: height = 0.05
82.4393 	EXP 	Left_Price: height = 0.05
82.4393 	EXP 	Left_Price: text = 0.05
82.4393 	EXP 	Right_Price: height = 0.05
82.4393 	EXP 	Right_Price: height = 0.05
82.4393 	EXP 	Right_Price: height = 0.05
82.4393 	EXP 	Right_Price: text = 0.01
82.4393 	EXP 	Left_Experience: autoDraw = True
82.4393 	EXP 	Right_Experience: autoDraw = True
82.4393 	EXP 	Left_Price: autoDraw = True
82.4393 	EXP 	Right_Price: autoDraw = True
82.8876 	EXP 	window1: mouseVisible = True
