1.5941 	WARNING 	We strongly recommend you activate the PTB sound engine in PsychoPy prefs as the preferred audio engine. Its timing is vastly superior. Your prefs are currently set to use ['sounddevice', 'PTB', 'pyo', 'pygame'] (in that order).
7.0009 	WARNING 	User requested fullscreen with size [1440  900], but screen is actually [1512, 982]. Using actual size
8.4772 	WARNING 	Couldn't measure a consistent frame rate!
  - Is your graphics card set to sync to vertical blank?
  - Are you running other processes on your computer?

8.4784 	EXP 	Created window1 = Window(allowGUI=True, allowStencil=False, autoLog=True, backendConf=UNKNOWN, bitsMode=UNKNOWN, blendMode='avg', bpc=(8, 8, 8), color=array([-1., -1., -1.]), colorSpace='rgb', depthBits=8, fullscr=<method-wrapper '__getattribute__' of attributeSetter object at 0x7fd59266ed30>, gamma=None, gammaErrorPolicy='raise', lms=UNKNOWN, monitor=<psychopy.monitors.calibTools.Monitor object at 0x7fd542666490>, multiSample=False, name='window1', numSamples=2, pos=[378.0, 245.5], screen=0, size=array([3024, 1964]), stencilBits=0, stereo=False, units='norm', useFBO=True, useRetina=True, viewOri=0.0, viewPos=None, viewScale=None, waitBlanking=True, winType='pyglet')
8.4789 	EXP 	window1: mouseVisible = True
8.4790 	EXP 	window1: mouseVisible = True
8.4791 	EXP 	window1: Attempting to measure frame rate of screen (0) ...
8.4791 	EXP 	window1: recordFrameIntervals = False
8.5716 	EXP 	window1: recordFrameIntervals = True
8.9267 	WARNING 	t of last frame was 20.91ms (=1/47)
9.1100 	WARNING 	t of last frame was 20.80ms (=1/48)
9.6439 	WARNING 	t of last frame was 20.96ms (=1/47)
9.7538 	WARNING 	Couldn't measure a consistent frame rate!
  - Is your graphics card set to sync to vertical blank?
  - Are you running other processes on your computer?

10.2095 	EXP 	Created Welcome = TextStim(__class__=<class 'psychopy.visual.text.TextStim'>, alignHoriz=method-wrapper(...), alignText='center', alignVert=method-wrapper(...), anchorHoriz='center', anchorVert='center', antialias=True, autoDraw=False, autoLog=True, bold=False, color=array([1., 1., 1.]), colorSpace='rgb', contrast=1.0, depth=0.0, flipHoriz=False, flipVert=False, font='Open Sans', fontFiles=[], height=0.08, italic=False, languageStyle='LTR', name='Welcome', opacity=1.0, ori=0.0, pos=array([0., 0.]), rgb=UNKNOWN, text=str(...), units='norm', win=Window(...), wrapWidth=1)
10.2803 	EXP 	Created FirstInstructions = TextStim(__class__=<class 'psychopy.visual.text.TextStim'>, alignHoriz=method-wrapper(...), alignText='center', alignVert=method-wrapper(...), anchorHoriz='center', anchorVert='center', antialias=True, autoDraw=False, autoLog=True, bold=False, color=array([1., 1., 1.]), colorSpace='rgb', contrast=1.0, depth=0.0, flipHoriz=False, flipVert=False, font='Open Sans', fontFiles=[], height=0.08, italic=False, languageStyle='LTR', name='FirstInstructions', opacity=1.0, ori=0.0, pos=array([0., 0.]), rgb=UNKNOWN, text=str(...), units='norm', win=Window(...), wrapWidth=1)
10.3371 	EXP 	Created Match_text = TextStim(__class__=<class 'psychopy.visual.text.TextStim'>, alignHoriz=method-wrapper(...), alignText='center', alignVert=method-wrapper(...), anchorHoriz='center', anchorVert='center', antialias=True, autoDraw=False, autoLog=True, bold=False, color=array([1., 1., 1.]), colorSpace='rgb', contrast=1.0, depth=-1.0, flipHoriz=False, flipVert=False, font='Open Sans', fontFiles=[], height=0.08, italic=False, languageStyle='LTR', name='Match_text', opacity=1.0, ori=0.0, pos=array([0. , 0.3]), rgb=UNKNOWN, text=str(...), units='norm', win=Window(...), wrapWidth=1)
10.3436 	EXP 	Created syncing_text = TextStim(__class__=<class 'psychopy.visual.text.TextStim'>, alignHoriz=method-wrapper(...), alignText='center', alignVert=method-wrapper(...), anchorHoriz='center', anchorVert='center', antialias=True, autoDraw=False, autoLog=True, bold=False, color=array([1., 1., 1.]), colorSpace='rgb', contrast=1.0, depth=-2.0, flipHoriz=False, flipVert=False, font='Open Sans', fontFiles=[], height=0.12, italic=False, languageStyle='LTR', name='syncing_text', opacity=1.0, ori=0.0, pos=array([0. , 0.3]), rgb=UNKNOWN, text='Syncing…', units='norm', win=Window(...), wrapWidth=1)
10.3473 	EXP 	Created text_0 = TextStim(__class__=<class 'psychopy.visual.text.TextStim'>, alignHoriz=method-wrapper(...), alignText='center', alignVert=method-wrapper(...), anchorHoriz='center', anchorVert='center', antialias=True, autoDraw=False, autoLog=True, bold=False, color=array([1., 1., 1.]), colorSpace='rgb', contrast=1.0, depth=-3.0, flipHoriz=False, flipVert=False, font='Open Sans', fontFiles=[], height=0.1, italic=False, languageStyle='LTR', name='text_0', opacity=1.0, ori=0.0, pos=array([ 0. , -0.2]), rgb=UNKNOWN, text='0%', units='norm', win=Window(...), wrapWidth=1)
10.3501 	EXP 	Created Transparent = Rect(__class__=<class 'psychopy.visual.rect.Rect'>, anchor=('center', 'center'), autoDraw=False, autoLog=True, closeShape=True, color=method-wrapper(...), colorSpace='rgb', contrast=None, depth=-4.0, fillColor=array([0., 0., 0.]), fillColorSpace='rgb', fillRGB=array([0., 0., 0.]), interpolate=True, lineColor=array([1., 1., 1.]), lineColorSpace='rgb', lineRGB=array([1, 1, 1]), lineWidth=1.2, name='Transparent', opacity=1.0, ori=0.0, pos=array([0., 0.]), size=array([1. , 0.1]), units='norm', vertices=ndarray(...), win=Window(...))
10.3516 	EXP 	Created Loading_25 = Rect(__class__=<class 'psychopy.visual.rect.Rect'>, anchor=('center', 'center'), autoDraw=False, autoLog=True, closeShape=True, color=method-wrapper(...), colorSpace='rgb', contrast=None, depth=-5.0, fillColor=array([1, 1, 1]), fillColorSpace='rgb', fillRGB=array([1, 1, 1]), interpolate=True, lineColor=array([1., 1., 1.]), lineColorSpace='rgb', lineRGB=array([1, 1, 1]), lineWidth=1.0, name='Loading_25', opacity=1.0, ori=0.0, pos=array([-0.375,  0.   ]), size=array([0.25, 0.1 ]), units='norm', vertices=ndarray(...), win=Window(...))
10.3549 	EXP 	Created text_25 = TextStim(__class__=<class 'psychopy.visual.text.TextStim'>, alignHoriz=method-wrapper(...), alignText='center', alignVert=method-wrapper(...), anchorHoriz='center', anchorVert='center', antialias=True, autoDraw=False, autoLog=True, bold=False, color=array([1., 1., 1.]), colorSpace='rgb', contrast=1.0, depth=-6.0, flipHoriz=False, flipVert=False, font='Open Sans', fontFiles=[], height=0.1, italic=False, languageStyle='LTR', name='text_25', opacity=1.0, ori=0.0, pos=array([ 0. , -0.2]), rgb=UNKNOWN, text='25%', units='norm', win=Window(...), wrapWidth=1)
10.3563 	EXP 	Created Loading_50 = Rect(__class__=<class 'psychopy.visual.rect.Rect'>, anchor=('center', 'center'), autoDraw=False, autoLog=True, closeShape=True, color=method-wrapper(...), colorSpace='rgb', contrast=None, depth=-7.0, fillColor=array([1, 1, 1]), fillColorSpace='rgb', fillRGB=array([1, 1, 1]), interpolate=True, lineColor=array([1., 1., 1.]), lineColorSpace='rgb', lineRGB=array([1, 1, 1]), lineWidth=1.0, name='Loading_50', opacity=1.0, ori=0.0, pos=array([-0.25,  0.  ]), size=array([0.5, 0.1]), units='norm', vertices=ndarray(...), win=Window(...))
10.3584 	EXP 	Created text_50 = TextStim(__class__=<class 'psychopy.visual.text.TextStim'>, alignHoriz=method-wrapper(...), alignText='center', alignVert=method-wrapper(...), anchorHoriz='center', anchorVert='center', antialias=True, autoDraw=False, autoLog=True, bold=False, color=array([1., 1., 1.]), colorSpace='rgb', contrast=1.0, depth=-8.0, flipHoriz=False, flipVert=False, font='Open Sans', fontFiles=[], height=0.1, italic=False, languageStyle='LTR', name='text_50', opacity=1.0, ori=0.0, pos=array([ 0. , -0.2]), rgb=UNKNOWN, text='50%', units='norm', win=Window(...), wrapWidth=1)
10.3598 	EXP 	Created Loading_75 = Rect(__class__=<class 'psychopy.visual.rect.Rect'>, anchor=('center', 'center'), autoDraw=False, autoLog=True, closeShape=True, color=method-wrapper(...), colorSpace='rgb', contrast=None, depth=-9.0, fillColor=array([1, 1, 1]), fillColorSpace='rgb', fillRGB=array([1, 1, 1]), interpolate=True, lineColor=array([1., 1., 1.]), lineColorSpace='rgb', lineRGB=array([1, 1, 1]), lineWidth=1.0, name='Loading_75', opacity=1.0, ori=0.0, pos=array([-0.125,  0.   ]), size=array([0.75, 0.1 ]), units='norm', vertices=ndarray(...), win=Window(...))
10.3621 	EXP 	Created text_75 = TextStim(__class__=<class 'psychopy.visual.text.TextStim'>, alignHoriz=method-wrapper(...), alignText='center', alignVert=method-wrapper(...), anchorHoriz='center', anchorVert='center', antialias=True, autoDraw=False, autoLog=True, bold=False, color=array([1., 1., 1.]), colorSpace='rgb', contrast=1.0, depth=-10.0, flipHoriz=False, flipVert=False, font='Open Sans', fontFiles=[], height=0.1, italic=False, languageStyle='LTR', name='text_75', opacity=1.0, ori=0.0, pos=array([ 0. , -0.2]), rgb=UNKNOWN, text='75%', units='norm', win=Window(...), wrapWidth=1)
10.3634 	EXP 	Created Loading_100 = Rect(__class__=<class 'psychopy.visual.rect.Rect'>, anchor=('center', 'center'), autoDraw=False, autoLog=True, closeShape=True, color=method-wrapper(...), colorSpace='rgb', contrast=None, depth=-11.0, fillColor=array([1, 1, 1]), fillColorSpace='rgb', fillRGB=array([1, 1, 1]), interpolate=True, lineColor=array([1., 1., 1.]), lineColorSpace='rgb', lineRGB=array([1, 1, 1]), lineWidth=1.0, name='Loading_100', opacity=1.0, ori=0.0, pos=array([0., 0.]), size=array([1. , 0.1]), units='norm', vertices=ndarray(...), win=Window(...))
10.3658 	EXP 	Created text_100 = TextStim(__class__=<class 'psychopy.visual.text.TextStim'>, alignHoriz=method-wrapper(...), alignText='center', alignVert=method-wrapper(...), anchorHoriz='center', anchorVert='center', antialias=True, autoDraw=False, autoLog=True, bold=False, color=array([1., 1., 1.]), colorSpace='rgb', contrast=1.0, depth=-12.0, flipHoriz=False, flipVert=False, font='Open Sans', fontFiles=[], height=0.1, italic=False, languageStyle='LTR', name='text_100', opacity=1.0, ori=0.0, pos=array([ 0. , -0.2]), rgb=UNKNOWN, text='100%', units='norm', win=Window(...), wrapWidth=1)
10.3667 	EXP 	Created Youhavematched = TextStim(__class__=<class 'psychopy.visual.text.TextStim'>, alignHoriz=method-wrapper(...), alignText='center', alignVert=method-wrapper(...), anchorHoriz='center', anchorVert='center', antialias=True, autoDraw=False, autoLog=True, bold=False, color=array([1., 1., 1.]), colorSpace='rgb', contrast=1.0, depth=-1.0, flipHoriz=False, flipVert=False, font='Open Sans', fontFiles=[], height=0.08, italic=False, languageStyle='LTR', name='Youhavematched', opacity=1.0, ori=0.0, pos=array([0. , 0.6]), rgb=UNKNOWN, text='', units='norm', win=Window(...), wrapWidth=1)
10.3722 	EXP 	Created partneremoji_image = ImageStim(__class__=<class 'psychopy.visual.image.ImageStim'>, anchor=('center', 'center'), autoLog=True, color=array([1., 1., 1.]), colorSpace='rgb', contrast=1.0, depth=-2.0, flipHoriz=False, flipVert=False, image='sin', interpolate=True, mask=None, maskParams=None, name='partneremoji_image', opacity=1.0, ori=0.0, pos=array([0., 0.]), size=array([0.5 , 0.75]), texRes=128.0, units='norm', win=Window(...))
10.4336 	EXP 	Created PressToContinue = TextStim(__class__=<class 'psychopy.visual.text.TextStim'>, alignHoriz=method-wrapper(...), alignText='center', alignVert=method-wrapper(...), anchorHoriz='center', anchorVert='center', antialias=True, autoDraw=False, autoLog=True, bold=False, color=array([1., 1., 1.]), colorSpace='rgb', contrast=1.0, depth=-4.0, flipHoriz=False, flipVert=False, font='Open Sans', fontFiles=[], height=0.08, italic=False, languageStyle='LTR', name='PressToContinue', opacity=1.0, ori=0.0, pos=array([ 0. , -0.6]), rgb=UNKNOWN, text='Press space to continue.', units='norm', win=Window(...), wrapWidth=1)
10.4405 	EXP 	Created photobeingshared_text = TextStim(__class__=<class 'psychopy.visual.text.TextStim'>, alignHoriz=method-wrapper(...), alignText='center', alignVert=method-wrapper(...), anchorHoriz='center', anchorVert='center', antialias=True, autoDraw=False, autoLog=True, bold=False, color=array([1., 1., 1.]), colorSpace='rgb', contrast=1.0, depth=0.0, flipHoriz=False, flipVert=False, font='Open Sans', fontFiles=[], height=0.09, italic=False, languageStyle='LTR', name='photobeingshared_text', opacity=1.0, ori=0.0, pos=array([0. , 0.6]), rgb=UNKNOWN, text='This photo is now being shared', units='norm', win=Window(...), wrapWidth=1)
10.4476 	EXP 	Created waitforfeedback_text = TextStim(__class__=<class 'psychopy.visual.text.TextStim'>, alignHoriz=method-wrapper(...), alignText='center', alignVert=method-wrapper(...), anchorHoriz='center', anchorVert='center', antialias=True, autoDraw=False, autoLog=True, bold=False, color=array([1., 1., 1.]), colorSpace='rgb', contrast=1.0, depth=-1.0, flipHoriz=False, flipVert=False, font='Open Sans', fontFiles=[], height=0.09, italic=False, languageStyle='LTR', name='waitforfeedback_text', opacity=1.0, ori=0.0, pos=array([ 0. , -0.6]), rgb=UNKNOWN, text='Please wait for feedback.', units='norm', win=Window(...), wrapWidth=1)
10.4514 	EXP 	Created participantimage_image = ImageStim(__class__=<class 'psychopy.visual.image.ImageStim'>, anchor=('center', 'center'), autoLog=True, color=array([1., 1., 1.]), colorSpace='rgb', contrast=1.0, depth=-3.0, flipHoriz=False, flipVert=False, image='sin', interpolate=True, mask=None, maskParams=None, name='participantimage_image', opacity=1.0, ori=0.0, pos=array([0., 0.]), size=array([0.5 , 0.75]), texRes=128.0, units='norm', win=Window(...))
10.4565 	EXP 	Created waiting_text = TextStim(__class__=<class 'psychopy.visual.text.TextStim'>, alignHoriz=method-wrapper(...), alignText='center', alignVert=method-wrapper(...), anchorHoriz='center', anchorVert='center', antialias=True, autoDraw=False, autoLog=True, bold=False, color=array([1., 1., 1.]), colorSpace='rgb', contrast=1.0, depth=0.0, flipHoriz=False, flipVert=False, font='Open Sans', fontFiles=[], height=0.15, italic=False, languageStyle='LTR', name='waiting_text', opacity=1.0, ori=0.0, pos=array([0., 0.]), rgb=UNKNOWN, text='Waiting…', units='norm', win=Window(...), wrapWidth=1)
10.4574 	EXP 	Created displayfeedback_text = TextStim(__class__=<class 'psychopy.visual.text.TextStim'>, alignHoriz=method-wrapper(...), alignText='center', alignVert=method-wrapper(...), anchorHoriz='center', anchorVert='center', antialias=True, autoDraw=False, autoLog=True, bold=False, color=array([1., 1., 1.]), colorSpace='rgb', contrast=1.0, depth=0.0, flipHoriz=False, flipVert=False, font='Open Sans', fontFiles=[], height=0.12, italic=False, languageStyle='LTR', name='displayfeedback_text', opacity=1.0, ori=0.0, pos=array([0.  , 0.75]), rgb=UNKNOWN, text='', units='norm', win=Window(...), wrapWidth=1)
10.4609 	EXP 	Created fdbkimage_image = ImageStim(__class__=<class 'psychopy.visual.image.ImageStim'>, anchor=('center', 'center'), autoLog=True, color=array([1., 1., 1.]), colorSpace='rgb', contrast=1.0, depth=-1.0, flipHoriz=False, flipVert=False, image='sin', interpolate=True, mask=None, maskParams=None, name='fdbkimage_image', opacity=1.0, ori=0.0, pos=array([0., 0.]), size=array([0.75, 1.25]), texRes=128.0, units='norm', win=Window(...))
10.4657 	EXP 	Created presstosharenextphoto_text = TextStim(__class__=<class 'psychopy.visual.text.TextStim'>, alignHoriz=method-wrapper(...), alignText='center', alignVert=method-wrapper(...), anchorHoriz='center', anchorVert='center', antialias=True, autoDraw=False, autoLog=True, bold=False, color=array([1., 1., 1.]), colorSpace='rgb', contrast=1.0, depth=0.0, flipHoriz=False, flipVert=False, font='Open Sans', fontFiles=[], height=0.09, italic=False, languageStyle='LTR', name='presstosharenextphoto_text', opacity=1.0, ori=0.0, pos=array([0., 0.]), rgb=UNKNOWN, text='Press space to share your next photo.', units='norm', win=Window(...), wrapWidth=1)
10.5379 	EXP 	Created WTP_ins_text1 = TextStim(__class__=<class 'psychopy.visual.text.TextStim'>, alignHoriz=method-wrapper(...), alignText='center', alignVert=method-wrapper(...), anchorHoriz='center', anchorVert='center', antialias=True, autoDraw=False, autoLog=True, bold=False, color=array([1., 1., 1.]), colorSpace='rgb', contrast=1.0, depth=0.0, flipHoriz=False, flipVert=False, font='Open Sans', fontFiles=[], height=0.07, italic=False, languageStyle='LTR', name='WTP_ins_text1', opacity=1.0, ori=0.0, pos=array([0. , 0.3]), rgb=UNKNOWN, text=str(...), units='norm', win=Window(...), wrapWidth=1)
10.6093 	EXP 	Created WTP_ins_text2 = TextStim(__class__=<class 'psychopy.visual.text.TextStim'>, alignHoriz=method-wrapper(...), alignText='center', alignVert=method-wrapper(...), anchorHoriz='center', anchorVert='center', antialias=True, autoDraw=False, autoLog=True, bold=False, color=array([1., 1., 1.]), colorSpace='rgb', contrast=1.0, depth=0.0, flipHoriz=False, flipVert=False, font='Open Sans', fontFiles=[], height=0.05, italic=False, languageStyle='LTR', name='WTP_ins_text2', opacity=1.0, ori=0.0, pos=array([0., 0.]), rgb=UNKNOWN, text=str(...), units='norm', win=Window(...), wrapWidth=1)
10.6620 	EXP 	Created Left_Experience = TextStim(__class__=<class 'psychopy.visual.text.TextStim'>, alignHoriz=method-wrapper(...), alignText='center', alignVert=method-wrapper(...), anchorHoriz='center', anchorVert='center', antialias=True, autoDraw=False, autoLog=True, bold=False, color=array([1., 1., 1.]), colorSpace='rgb', contrast=1.0, depth=0.0, flipHoriz=False, flipVert=False, font='Open Sans', fontFiles=[], height=0.05, italic=False, languageStyle='LTR', name='Left_Experience', opacity=1.0, ori=0.0, pos=array([0.5, 0.1]), rgb=UNKNOWN, text='', units='norm', win=Window(...), wrapWidth=1)
10.6630 	EXP 	Created Right_Experience = TextStim(__class__=<class 'psychopy.visual.text.TextStim'>, alignHoriz=method-wrapper(...), alignText='center', alignVert=method-wrapper(...), anchorHoriz='center', anchorVert='center', antialias=True, autoDraw=False, autoLog=True, bold=False, color=array([1., 1., 1.]), colorSpace='rgb', contrast=1.0, depth=-1.0, flipHoriz=False, flipVert=False, font='Open Sans', fontFiles=[], height=0.05, italic=False, languageStyle='LTR', name='Right_Experience', opacity=1.0, ori=0.0, pos=array([-0.5,  0.1]), rgb=UNKNOWN, text='', units='norm', win=Window(...), wrapWidth=1)
10.6639 	EXP 	Created Left_Price = TextStim(__class__=<class 'psychopy.visual.text.TextStim'>, alignHoriz=method-wrapper(...), alignText='center', alignVert=method-wrapper(...), anchorHoriz='center', anchorVert='center', antialias=True, autoDraw=False, autoLog=True, bold=False, color=array([1., 1., 1.]), colorSpace='rgb', contrast=1.0, depth=-2.0, flipHoriz=False, flipVert=False, font='Open Sans', fontFiles=[], height=0.05, italic=False, languageStyle='LTR', name='Left_Price', opacity=1.0, ori=0.0, pos=array([ 0.5, -0.5]), rgb=UNKNOWN, text='', units='norm', win=Window(...), wrapWidth=1)
10.6647 	EXP 	Created Right_Price = TextStim(__class__=<class 'psychopy.visual.text.TextStim'>, alignHoriz=method-wrapper(...), alignText='center', alignVert=method-wrapper(...), anchorHoriz='center', anchorVert='center', antialias=True, autoDraw=False, autoLog=True, bold=False, color=array([1., 1., 1.]), colorSpace='rgb', contrast=1.0, depth=-3.0, flipHoriz=False, flipVert=False, font='Open Sans', fontFiles=[], height=0.05, italic=False, languageStyle='LTR', name='Right_Price', opacity=1.0, ori=0.0, pos=array([-0.5, -0.5]), rgb=UNKNOWN, text='', units='norm', win=Window(...), wrapWidth=1)
10.7687 	EXP 	Created Resume_Text = TextStim(__class__=<class 'psychopy.visual.text.TextStim'>, alignHoriz=method-wrapper(...), alignText='center', alignVert=method-wrapper(...), anchorHoriz='center', anchorVert='center', antialias=True, autoDraw=False, autoLog=True, bold=False, color=array([1., 1., 1.]), colorSpace='rgb', contrast=1.0, depth=-2.0, flipHoriz=False, flipVert=False, font='Open Sans', fontFiles=[], height=0.12, italic=False, languageStyle='LTR', name='Resume_Text', opacity=1.0, ori=0.0, pos=array([0., 0.]), rgb=UNKNOWN, text='', units='norm', win=Window(...), wrapWidth=1)
10.7846 	EXP 	window1: mouseVisible = True
10.8526 	EXP 	Created slider = Slider(__class__=<class 'psychopy.visual.slider.Slider'>, autoDraw=False, autoLog=True, borderColor=None, color=None, colorSpace='rgb', depth=-5, fillColor=None, flip=False, font='Open Sans', granularity=0.0, labelColor=None, labelHeight=0.05, labelWrapWidth=None, labels=(1, 2, 3, 4, 5), lineColor=None, markerColor=None, name='slider', opacity=None, ori=0.0, pos=array([ 0. , -0.4]), readOnly=False, self=UNKNOWN, size=array([1. , 0.1]), startValue=999, style='rating', styleTweaks=['labels45', 'triangleMarker'], ticks=array([1, 2, 3, 4, 5]), units='norm', win=Window(...))
10.8538 	EXP 	Created saliencequestion_text = TextStim(__class__=<class 'psychopy.visual.text.TextStim'>, alignHoriz=method-wrapper(...), alignText='center', alignVert=method-wrapper(...), anchorHoriz='center', anchorVert='center', antialias=True, autoDraw=False, autoLog=True, bold=False, color=array([1., 1., 1.]), colorSpace='rgb', contrast=1.0, depth=-1.0, flipHoriz=False, flipVert=False, font='Open Sans', fontFiles=[], height=0.06, italic=False, languageStyle='LTR', name='saliencequestion_text', opacity=1.0, ori=0.0, pos=array([0. , 0.6]), rgb=UNKNOWN, text='', units='norm', win=Window(...), wrapWidth=1)
10.9114 	EXP 	Created salienceavatar_image = ImageStim(__class__=<class 'psychopy.visual.image.ImageStim'>, anchor=('center', 'center'), autoLog=True, color=array([1., 1., 1.]), colorSpace='rgb', contrast=1.0, depth=-3.0, flipHoriz=False, flipVert=False, image='sin', interpolate=True, mask=None, maskParams=None, name='salienceavatar_image', opacity=1.0, ori=0.0, pos=array([0., 0.]), size=array([0.3 , 0.55]), texRes=128.0, units='norm', win=Window(...))
10.9187 	EXP 	Created saliencecontinue_text = TextStim(__class__=<class 'psychopy.visual.text.TextStim'>, alignHoriz=method-wrapper(...), alignText='center', alignVert=method-wrapper(...), anchorHoriz='center', anchorVert='center', antialias=True, autoDraw=False, autoLog=True, bold=False, color=array([1., 1., 1.]), colorSpace='rgb', contrast=1.0, depth=-4.0, flipHoriz=False, flipVert=False, font='Open Sans', fontFiles=[], height=0.07, italic=False, languageStyle='LTR', name='saliencecontinue_text', opacity=1.0, ori=0.0, pos=array([ 0. , -0.8]), rgb=UNKNOWN, text='Press space to enter rating and continue.', units='norm', win=Window(...), wrapWidth=1)
10.9197 	EXP 	Created displayrating_text = TextStim(__class__=<class 'psychopy.visual.text.TextStim'>, alignHoriz=method-wrapper(...), alignText='center', alignVert=method-wrapper(...), anchorHoriz='center', anchorVert='center', antialias=True, autoDraw=False, autoLog=True, bold=False, color=array([1., 1., 1.]), colorSpace='rgb', contrast=1.0, depth=-5.0, flipHoriz=False, flipVert=False, font='Open Sans', fontFiles=[], height=0.065, italic=False, languageStyle='LTR', name='displayrating_text', opacity=1.0, ori=0.0, pos=array([ 0.  , -0.65]), rgb=UNKNOWN, text='', units='norm', win=Window(...), wrapWidth=1)
10.9241 	EXP 	window1: mouseVisible = True
11.0078 	EXP 	Created slider = Slider(__class__=<class 'psychopy.visual.slider.Slider'>, autoDraw=False, autoLog=True, borderColor=None, color=None, colorSpace='rgb', depth=-5, fillColor=None, flip=False, font='Open Sans', granularity=0.0, labelColor=None, labelHeight=0.05, labelWrapWidth=None, labels=(1, 2, 3, 4, 5, 6, 7, 8, 9), lineColor=None, markerColor=None, name='slider', opacity=None, ori=0.0, pos=array([ 0. , -0.4]), readOnly=False, self=UNKNOWN, size=array([1. , 0.1]), startValue=999, style='rating', styleTweaks=['labels45', 'triangleMarker'], ticks=array([1, 2, 3, 4, 5, 6, 7, 8, 9]), units='norm', win=Window(...))
11.0087 	EXP 	Created stresslevel_text = TextStim(__class__=<class 'psychopy.visual.text.TextStim'>, alignHoriz=method-wrapper(...), alignText='center', alignVert=method-wrapper(...), anchorHoriz='center', anchorVert='center', antialias=True, autoDraw=False, autoLog=True, bold=False, color=array([1., 1., 1.]), colorSpace='rgb', contrast=1.0, depth=-1.0, flipHoriz=False, flipVert=False, font='Open Sans', fontFiles=[], height=0.08, italic=False, languageStyle='LTR', name='stresslevel_text', opacity=1.0, ori=0.0, pos=array([0. , 0.3]), rgb=UNKNOWN, text='', units='norm', win=Window(...), wrapWidth=1)
11.0622 	EXP 	Created displaystressrating_text = TextStim(__class__=<class 'psychopy.visual.text.TextStim'>, alignHoriz=method-wrapper(...), alignText='center', alignVert=method-wrapper(...), anchorHoriz='center', anchorVert='center', antialias=True, autoDraw=False, autoLog=True, bold=False, color=array([1., 1., 1.]), colorSpace='rgb', contrast=1.0, depth=-3.0, flipHoriz=False, flipVert=False, font='Open Sans', fontFiles=[], height=0.08, italic=False, languageStyle='LTR', name='displaystressrating_text', opacity=1.0, ori=0.0, pos=array([ 0.  , -0.65]), rgb=UNKNOWN, text='', units='norm', win=Window(...), wrapWidth=1)
11.0704 	WARNING 	t of last frame was 1317.02ms (=1/0)
11.0704 	EXP 	slider: autoLog = True
11.0704 	EXP 	slider: markerPos = 999
11.0704 	EXP 	slider: styleTweaks = []
11.0704 	EXP 	slider: styleTweaks = []
11.0704 	EXP 	slider: styleTweaks = ['labels45', 'triangleMarker']
11.0704 	EXP 	slider: styleTweaks = ['labels45', 'triangleMarker']
11.0704 	EXP 	slider: contrast = 1.0
11.0704 	EXP 	slider: autoLog = True
11.0704 	EXP 	slider: autoLog = True
11.0704 	EXP 	slider: markerPos = 999
11.0704 	EXP 	slider: styleTweaks = []
11.0704 	EXP 	slider: styleTweaks = []
11.0704 	EXP 	slider: styleTweaks = ['labels45', 'triangleMarker']
11.0704 	EXP 	slider: styleTweaks = ['labels45', 'triangleMarker']
11.0704 	EXP 	slider: contrast = 1.0
11.0704 	EXP 	slider: autoLog = True
11.0704 	EXP 	Welcome: autoDraw = True
11.7895 	WARNING 	Multiple dropped frames have occurred - I'll stop bothering you about them!
12.0242 	DATA 	Keypress: space
12.0327 	EXP 	Welcome: autoDraw = False
12.0327 	EXP 	FirstInstructions: autoDraw = True
12.2158 	EXP 	Imported /Users/melanieruiz/Desktop/WTP_SM_Choice/Participant_Images/101/101_trials.csv as conditions, 150 conditions, 6 params
12.2167 	EXP 	Created sequence: sequential, trialTypes=150, nReps=1, seed=None
12.2169 	EXP 	New trial (rep=0, index=0): OrderedDict([('TrialNumber', 1), ('Partner', 'Alex'), ('Condition', 'Neutral'), ('Photos', 'Participant_Images/101/101_Images/101_Image_24.jpg'), ('Feedback', 'did not like'), ('FeedbackWait', 3.613205605)])
12.2252 	DATA 	Keypress: space
12.2285 	EXP 	FirstInstructions: autoDraw = False
12.2285 	EXP 	Match_text: autoDraw = True
15.2267 	EXP 	syncing_text: autoDraw = True
15.2267 	EXP 	text_0: autoDraw = True
15.2267 	EXP 	Transparent: autoDraw = True
15.2347 	EXP 	Match_text: autoDraw = False
16.4633 	EXP 	Loading_25: autoDraw = True
16.4633 	EXP 	text_25: autoDraw = True
16.4694 	EXP 	text_0: autoDraw = False
17.7118 	EXP 	Loading_25: autoDraw = False
17.7118 	EXP 	text_25: autoDraw = False
17.7118 	EXP 	Loading_50: autoDraw = True
17.7118 	EXP 	text_50: autoDraw = True
18.9534 	EXP 	Loading_50: autoDraw = False
18.9534 	EXP 	text_50: autoDraw = False
18.9588 	EXP 	Loading_75: autoDraw = True
18.9588 	EXP 	text_75: autoDraw = True
20.2034 	EXP 	Loading_75: autoDraw = False
20.2034 	EXP 	text_75: autoDraw = False
20.2088 	EXP 	Loading_100: autoDraw = True
20.2088 	EXP 	text_100: autoDraw = True
21.4538 	EXP 	Loading_100: autoDraw = False
21.4538 	EXP 	text_100: autoDraw = False
21.4944 	EXP 	Match_text: autoDraw = False
21.4944 	EXP 	syncing_text: autoDraw = False
21.4944 	EXP 	text_0: autoDraw = False
21.4944 	EXP 	Transparent: autoDraw = False
21.4944 	EXP 	Loading_25: autoDraw = False
21.4944 	EXP 	text_25: autoDraw = False
21.4944 	EXP 	Loading_50: autoDraw = False
21.4944 	EXP 	text_50: autoDraw = False
21.4944 	EXP 	Loading_75: autoDraw = False
21.4944 	EXP 	text_75: autoDraw = False
21.4944 	EXP 	Loading_100: autoDraw = False
21.4944 	EXP 	text_100: autoDraw = False
21.4944 	EXP 	Youhavematched: height = 0.08
21.4944 	EXP 	Youhavematched: height = 0.08
21.4944 	EXP 	Youhavematched: height = 0.08
21.4944 	EXP 	Youhavematched: text = 'You have matched with: Alex'
21.4944 	EXP 	partneremoji_image: image = 'Images/cowboyemoji.png'
21.4944 	EXP 	Youhavematched: autoDraw = True
21.4944 	EXP 	partneremoji_image: autoDraw = True
21.4944 	EXP 	PressToContinue: autoDraw = True
22.7373 	DATA 	Keypress: space
22.7435 	EXP 	Youhavematched: autoDraw = False
22.7435 	EXP 	partneremoji_image: autoDraw = False
22.7435 	EXP 	PressToContinue: autoDraw = False
22.7435 	EXP 	participantimage_image: image = 'Participant_Images/101/101_Images/101_Image_24.jpg'
22.7435 	EXP 	photobeingshared_text: autoDraw = True
22.7435 	EXP 	waitforfeedback_text: autoDraw = True
22.7435 	EXP 	participantimage_image: autoDraw = True
25.4707 	EXP 	photobeingshared_text: autoDraw = False
25.4707 	EXP 	waitforfeedback_text: autoDraw = False
25.4707 	EXP 	participantimage_image: autoDraw = False
25.4707 	EXP 	waiting_text: autoDraw = True
30.4761 	EXP 	waiting_text: autoDraw = False
30.4761 	EXP 	displayfeedback_text: height = 0.12
30.4761 	EXP 	displayfeedback_text: height = 0.12
30.4761 	EXP 	displayfeedback_text: height = 0.12
30.4761 	EXP 	displayfeedback_text: text = 'Alex did not like your photo'
30.4761 	EXP 	fdbkimage_image: image = 'Images/thumbsdown.png'
30.4761 	EXP 	displayfeedback_text: autoDraw = True
30.4761 	EXP 	fdbkimage_image: autoDraw = True
33.4736 	EXP 	displayfeedback_text: autoDraw = False
33.4736 	EXP 	fdbkimage_image: autoDraw = False
33.4736 	EXP 	presstosharenextphoto_text: autoDraw = True
34.0538 	EXP 	Created sequence: random, trialTypes=1, nReps=0, seed=None
34.0551 	DATA 	Keypress: space
34.0909 	EXP 	New trial (rep=0, index=1): OrderedDict([('TrialNumber', 2), ('Partner', 'Alex'), ('Condition', 'Neutral'), ('Photos', 'Participant_Images/101/101_Images/101_Image_9.jpg'), ('Feedback', 'did not like'), ('FeedbackWait', 4.988446431)])
34.2560 	EXP 	presstosharenextphoto_text: autoDraw = False
34.2560 	EXP 	slider: markerPos = 3
34.2560 	EXP 	saliencequestion_text: height = 0.06
34.2560 	EXP 	saliencequestion_text: height = 0.06
34.2560 	EXP 	saliencequestion_text: height = 0.06
34.2560 	EXP 	saliencequestion_text: text = 'How likely are you to share photos with Alex in the future? \n\n Use your left and right arrows to move the arrow to your desired rating.'
34.2560 	EXP 	salienceavatar_image: image = 'Images/cowboyemoji.png'
34.2560 	EXP 	displayrating_text: text = ''
34.2560 	EXP 	saliencequestion_text: autoDraw = False
34.2560 	EXP 	salienceavatar_image: autoDraw = False
34.2560 	EXP 	saliencecontinue_text: autoDraw = False
34.2560 	EXP 	displayrating_text: autoDraw = False
34.2560 	EXP 	slider: markerPos = 5
34.2560 	EXP 	stresslevel_text: height = 0.08
34.2560 	EXP 	stresslevel_text: height = 0.08
34.2560 	EXP 	stresslevel_text: height = 0.08
34.2560 	EXP 	stresslevel_text: text = 'Please rate your current stress level. \n\n\n Use your mouse or left and right arrows to move the arrow to your desired rating.'
34.2560 	EXP 	displaystressrating_text: text = ''
34.2560 	EXP 	stresslevel_text: autoDraw = False
34.2560 	EXP 	displaystressrating_text: autoDraw = False
34.2560 	EXP 	Match_text: autoDraw = False
34.2560 	EXP 	syncing_text: autoDraw = False
34.2560 	EXP 	text_0: autoDraw = False
34.2560 	EXP 	Transparent: autoDraw = False
34.2560 	EXP 	Loading_25: autoDraw = False
34.2560 	EXP 	text_25: autoDraw = False
34.2560 	EXP 	Loading_50: autoDraw = False
34.2560 	EXP 	text_50: autoDraw = False
34.2560 	EXP 	Loading_75: autoDraw = False
34.2560 	EXP 	text_75: autoDraw = False
34.2560 	EXP 	Loading_100: autoDraw = False
34.2560 	EXP 	text_100: autoDraw = False
34.2560 	EXP 	Youhavematched: text = 'You have matched with: Alex'
34.2560 	EXP 	partneremoji_image: image = 'Images/cowboyemoji.png'
34.2560 	EXP 	Youhavematched: autoDraw = False
34.2560 	EXP 	partneremoji_image: autoDraw = False
34.2560 	EXP 	PressToContinue: autoDraw = False
34.2560 	EXP 	participantimage_image: image = 'Participant_Images/101/101_Images/101_Image_9.jpg'
34.2560 	EXP 	photobeingshared_text: autoDraw = True
34.2560 	EXP 	waitforfeedback_text: autoDraw = True
34.2560 	EXP 	participantimage_image: autoDraw = True
37.1236 	EXP 	photobeingshared_text: autoDraw = False
37.1236 	EXP 	waitforfeedback_text: autoDraw = False
37.1236 	EXP 	participantimage_image: autoDraw = False
37.1236 	EXP 	waiting_text: autoDraw = True
42.1053 	EXP 	waiting_text: autoDraw = False
42.1053 	EXP 	displayfeedback_text: text = 'Alex did not like your photo'
42.1053 	EXP 	fdbkimage_image: image = 'Images/thumbsdown.png'
42.1053 	EXP 	displayfeedback_text: autoDraw = True
42.1053 	EXP 	fdbkimage_image: autoDraw = True
45.1045 	EXP 	displayfeedback_text: autoDraw = False
45.1045 	EXP 	fdbkimage_image: autoDraw = False
45.1045 	EXP 	presstosharenextphoto_text: autoDraw = True
48.1543 	EXP 	Created sequence: random, trialTypes=1, nReps=0, seed=None
48.1572 	DATA 	Keypress: space
48.1706 	EXP 	New trial (rep=0, index=2): OrderedDict([('TrialNumber', 3), ('Partner', 'Alex'), ('Condition', 'Neutral'), ('Photos', 'Participant_Images/101/101_Images/101_Image_4.jpg'), ('Feedback', 'liked'), ('FeedbackWait', 3.470791822)])
48.3368 	EXP 	presstosharenextphoto_text: autoDraw = False
48.3368 	EXP 	slider: markerPos = 3
48.3368 	EXP 	saliencequestion_text: text = 'How likely are you to share photos with Alex in the future? \n\n Use your left and right arrows to move the arrow to your desired rating.'
48.3368 	EXP 	salienceavatar_image: image = 'Images/cowboyemoji.png'
48.3368 	EXP 	displayrating_text: text = ''
48.3368 	EXP 	saliencequestion_text: autoDraw = False
48.3368 	EXP 	salienceavatar_image: autoDraw = False
48.3368 	EXP 	saliencecontinue_text: autoDraw = False
48.3368 	EXP 	displayrating_text: autoDraw = False
48.3368 	EXP 	slider: markerPos = 5
48.3368 	EXP 	stresslevel_text: text = 'Please rate your current stress level. \n\n\n Use your mouse or left and right arrows to move the arrow to your desired rating.'
48.3368 	EXP 	displaystressrating_text: text = ''
48.3368 	EXP 	stresslevel_text: autoDraw = False
48.3368 	EXP 	displaystressrating_text: autoDraw = False
48.3368 	EXP 	Match_text: autoDraw = False
48.3368 	EXP 	syncing_text: autoDraw = False
48.3368 	EXP 	text_0: autoDraw = False
48.3368 	EXP 	Transparent: autoDraw = False
48.3368 	EXP 	Loading_25: autoDraw = False
48.3368 	EXP 	text_25: autoDraw = False
48.3368 	EXP 	Loading_50: autoDraw = False
48.3368 	EXP 	text_50: autoDraw = False
48.3368 	EXP 	Loading_75: autoDraw = False
48.3368 	EXP 	text_75: autoDraw = False
48.3368 	EXP 	Loading_100: autoDraw = False
48.3368 	EXP 	text_100: autoDraw = False
48.3368 	EXP 	Youhavematched: text = 'You have matched with: Alex'
48.3368 	EXP 	partneremoji_image: image = 'Images/cowboyemoji.png'
48.3368 	EXP 	Youhavematched: autoDraw = False
48.3368 	EXP 	partneremoji_image: autoDraw = False
48.3368 	EXP 	PressToContinue: autoDraw = False
48.3368 	EXP 	participantimage_image: image = 'Participant_Images/101/101_Images/101_Image_4.jpg'
48.3368 	EXP 	photobeingshared_text: autoDraw = True
48.3368 	EXP 	waitforfeedback_text: autoDraw = True
48.3368 	EXP 	participantimage_image: autoDraw = True
51.1944 	EXP 	photobeingshared_text: autoDraw = False
51.1944 	EXP 	waitforfeedback_text: autoDraw = False
51.1944 	EXP 	participantimage_image: autoDraw = False
51.1944 	EXP 	waiting_text: autoDraw = True
56.1883 	EXP 	waiting_text: autoDraw = False
56.1883 	EXP 	displayfeedback_text: height = 0.12
56.1883 	EXP 	displayfeedback_text: height = 0.12
56.1883 	EXP 	displayfeedback_text: height = 0.12
56.1883 	EXP 	displayfeedback_text: text = 'Alex liked your photo'
56.1883 	EXP 	fdbkimage_image: image = 'Images/thumbsup.png'
56.1883 	EXP 	displayfeedback_text: autoDraw = True
56.1883 	EXP 	fdbkimage_image: autoDraw = True
59.1834 	EXP 	displayfeedback_text: autoDraw = False
59.1834 	EXP 	fdbkimage_image: autoDraw = False
59.1834 	EXP 	displayfeedback_text: autoDraw = False
59.1834 	EXP 	fdbkimage_image: autoDraw = False
59.1834 	EXP 	presstosharenextphoto_text: autoDraw = True
59.7241 	EXP 	Created sequence: random, trialTypes=1, nReps=0, seed=None
59.7323 	DATA 	Keypress: space
59.7350 	EXP 	New trial (rep=0, index=3): OrderedDict([('TrialNumber', 4), ('Partner', 'Alex'), ('Condition', 'Neutral'), ('Photos', 'Participant_Images/101/101_Images/101_Image_1.jpg'), ('Feedback', 'liked'), ('FeedbackWait', 3.820572462)])
59.8717 	EXP 	presstosharenextphoto_text: autoDraw = False
59.8717 	EXP 	slider: markerPos = 3
59.8717 	EXP 	saliencequestion_text: text = 'How likely are you to share photos with Alex in the future? \n\n Use your left and right arrows to move the arrow to your desired rating.'
59.8717 	EXP 	salienceavatar_image: image = 'Images/cowboyemoji.png'
59.8717 	EXP 	displayrating_text: text = ''
59.8717 	EXP 	saliencequestion_text: autoDraw = False
59.8717 	EXP 	salienceavatar_image: autoDraw = False
59.8717 	EXP 	saliencecontinue_text: autoDraw = False
59.8717 	EXP 	displayrating_text: autoDraw = False
59.8717 	EXP 	slider: markerPos = 5
59.8717 	EXP 	stresslevel_text: text = 'Please rate your current stress level. \n\n\n Use your mouse or left and right arrows to move the arrow to your desired rating.'
59.8717 	EXP 	displaystressrating_text: text = ''
59.8717 	EXP 	stresslevel_text: autoDraw = False
59.8717 	EXP 	displaystressrating_text: autoDraw = False
59.8717 	EXP 	Match_text: autoDraw = False
59.8717 	EXP 	syncing_text: autoDraw = False
59.8717 	EXP 	text_0: autoDraw = False
59.8717 	EXP 	Transparent: autoDraw = False
59.8717 	EXP 	Loading_25: autoDraw = False
59.8717 	EXP 	text_25: autoDraw = False
59.8717 	EXP 	Loading_50: autoDraw = False
59.8717 	EXP 	text_50: autoDraw = False
59.8717 	EXP 	Loading_75: autoDraw = False
59.8717 	EXP 	text_75: autoDraw = False
59.8717 	EXP 	Loading_100: autoDraw = False
59.8717 	EXP 	text_100: autoDraw = False
59.8717 	EXP 	Youhavematched: text = 'You have matched with: Alex'
59.8717 	EXP 	partneremoji_image: image = 'Images/cowboyemoji.png'
59.8717 	EXP 	Youhavematched: autoDraw = False
59.8717 	EXP 	partneremoji_image: autoDraw = False
59.8717 	EXP 	PressToContinue: autoDraw = False
59.8717 	EXP 	participantimage_image: image = 'Participant_Images/101/101_Images/101_Image_1.jpg'
59.8717 	EXP 	photobeingshared_text: autoDraw = True
59.8717 	EXP 	waitforfeedback_text: autoDraw = True
59.8717 	EXP 	participantimage_image: autoDraw = True
62.7573 	EXP 	photobeingshared_text: autoDraw = False
62.7573 	EXP 	waitforfeedback_text: autoDraw = False
62.7573 	EXP 	participantimage_image: autoDraw = False
62.7573 	EXP 	waiting_text: autoDraw = True
67.7622 	EXP 	waiting_text: autoDraw = False
67.7622 	EXP 	displayfeedback_text: text = 'Alex liked your photo'
67.7622 	EXP 	fdbkimage_image: image = 'Images/thumbsup.png'
67.7622 	EXP 	displayfeedback_text: autoDraw = True
67.7622 	EXP 	fdbkimage_image: autoDraw = True
70.7496 	EXP 	displayfeedback_text: autoDraw = False
70.7496 	EXP 	fdbkimage_image: autoDraw = False
70.7496 	EXP 	presstosharenextphoto_text: autoDraw = True
71.3441 	EXP 	Created sequence: random, trialTypes=1, nReps=0, seed=None
71.3456 	DATA 	Keypress: space
71.3609 	EXP 	New trial (rep=0, index=4): OrderedDict([('TrialNumber', 5), ('Partner', 'Alex'), ('Condition', 'Neutral'), ('Photos', 'Participant_Images/101/101_Images/101_Image_3.jpg'), ('Feedback', 'liked'), ('FeedbackWait', 2.455989137)])
71.5304 	EXP 	presstosharenextphoto_text: autoDraw = False
71.5304 	EXP 	slider: markerPos = 3
71.5304 	EXP 	saliencequestion_text: text = 'How likely are you to share photos with Alex in the future? \n\n Use your left and right arrows to move the arrow to your desired rating.'
71.5304 	EXP 	salienceavatar_image: image = 'Images/cowboyemoji.png'
71.5304 	EXP 	displayrating_text: text = ''
71.5304 	EXP 	saliencequestion_text: autoDraw = False
71.5304 	EXP 	salienceavatar_image: autoDraw = False
71.5304 	EXP 	saliencecontinue_text: autoDraw = False
71.5304 	EXP 	displayrating_text: autoDraw = False
71.5304 	EXP 	slider: markerPos = 5
71.5304 	EXP 	stresslevel_text: text = 'Please rate your current stress level. \n\n\n Use your mouse or left and right arrows to move the arrow to your desired rating.'
71.5304 	EXP 	displaystressrating_text: text = ''
71.5304 	EXP 	stresslevel_text: autoDraw = False
71.5304 	EXP 	displaystressrating_text: autoDraw = False
71.5304 	EXP 	Match_text: autoDraw = False
71.5304 	EXP 	syncing_text: autoDraw = False
71.5304 	EXP 	text_0: autoDraw = False
71.5304 	EXP 	Transparent: autoDraw = False
71.5304 	EXP 	Loading_25: autoDraw = False
71.5304 	EXP 	text_25: autoDraw = False
71.5304 	EXP 	Loading_50: autoDraw = False
71.5304 	EXP 	text_50: autoDraw = False
71.5304 	EXP 	Loading_75: autoDraw = False
71.5304 	EXP 	text_75: autoDraw = False
71.5304 	EXP 	Loading_100: autoDraw = False
71.5304 	EXP 	text_100: autoDraw = False
71.5304 	EXP 	Youhavematched: text = 'You have matched with: Alex'
71.5304 	EXP 	partneremoji_image: image = 'Images/cowboyemoji.png'
71.5304 	EXP 	Youhavematched: autoDraw = False
71.5304 	EXP 	partneremoji_image: autoDraw = False
71.5304 	EXP 	PressToContinue: autoDraw = False
71.5304 	EXP 	participantimage_image: image = 'Participant_Images/101/101_Images/101_Image_3.jpg'
71.5304 	EXP 	photobeingshared_text: autoDraw = True
71.5304 	EXP 	waitforfeedback_text: autoDraw = True
71.5304 	EXP 	participantimage_image: autoDraw = True
74.3909 	EXP 	photobeingshared_text: autoDraw = False
74.3909 	EXP 	waitforfeedback_text: autoDraw = False
74.3909 	EXP 	participantimage_image: autoDraw = False
74.3909 	EXP 	waiting_text: autoDraw = True
79.3836 	EXP 	waiting_text: autoDraw = False
79.3836 	EXP 	displayfeedback_text: text = 'Alex liked your photo'
79.3836 	EXP 	fdbkimage_image: image = 'Images/thumbsup.png'
79.3836 	EXP 	displayfeedback_text: autoDraw = True
79.3836 	EXP 	fdbkimage_image: autoDraw = True
82.3748 	EXP 	Created sequence: random, trialTypes=1, nReps=1, seed=None
82.3750 	EXP 	New trial (rep=0, index=0): None
82.3895 	EXP 	displayfeedback_text: autoDraw = False
82.3895 	EXP 	fdbkimage_image: autoDraw = False
82.3895 	EXP 	presstosharenextphoto_text: autoDraw = False
82.3895 	EXP 	WTP_ins_text1: autoDraw = True
83.4226 	DATA 	Keypress: space
83.4263 	EXP 	WTP_ins_text1: autoDraw = False
83.4263 	EXP 	WTP_ins_text2: autoDraw = True
83.8623 	EXP 	Imported /Users/melanieruiz/Desktop/WTP_SM_Choice/Participant_Images/101/101_WTP.xlsx as conditions, 5 conditions, 9 params
83.8627 	EXP 	Created sequence: sequential, trialTypes=5, nReps=1, seed=None
83.8630 	EXP 	New trial (rep=0, index=0): {'social_left': 0, 'Left_Exp': 'Rearranging furniture in your house', 'Right_Exp': 'Going to a carnival with friends', 'leftmoney': 0.01, 'rightmoney': 0.01, 'greenText': 'green', 'left_more_than_right': 0, 'matching_prices': 1, 'social_worthmore': 1}
83.8814 	DATA 	Keypress: space
83.8844 	EXP 	WTP_ins_text2: autoDraw = False
83.8844 	EXP 	Left_Experience: height = 0.05
83.8844 	EXP 	Left_Experience: height = 0.05
83.8844 	EXP 	Left_Experience: height = 0.05
83.8844 	EXP 	Left_Experience: text = 'Rearranging furniture in your house'
83.8844 	EXP 	Right_Experience: height = 0.05
83.8844 	EXP 	Right_Experience: height = 0.05
83.8844 	EXP 	Right_Experience: height = 0.05
83.8844 	EXP 	Right_Experience: text = 'Going to a carnival with friends'
83.8844 	EXP 	Left_Price: height = 0.05
83.8844 	EXP 	Left_Price: height = 0.05
83.8844 	EXP 	Left_Price: height = 0.05
83.8844 	EXP 	Left_Price: text = 0.01
83.8844 	EXP 	Right_Price: height = 0.05
83.8844 	EXP 	Right_Price: height = 0.05
83.8844 	EXP 	Right_Price: height = 0.05
83.8844 	EXP 	Right_Price: text = 0.01
83.8844 	EXP 	Left_Experience: autoDraw = True
83.8844 	EXP 	Right_Experience: autoDraw = True
83.8844 	EXP 	Left_Price: autoDraw = True
83.8844 	EXP 	Right_Price: autoDraw = True
84.7446 	DATA 	Keypress: 1
93.7790 	EXP 	New trial (rep=0, index=1): {'social_left': 0, 'Left_Exp': 'Watching a new episode of a television show', 'Right_Exp': 'Having a picnic with family', 'leftmoney': 0.02, 'rightmoney': 0.01, 'greenText': 'green', 'left_more_than_right': 1, 'matching_prices': 0, 'social_worthmore': 0}
93.7943 	EXP 	Left_Experience: autoDraw = False
93.7943 	EXP 	Right_Experience: autoDraw = False
93.7943 	EXP 	Left_Price: autoDraw = False
93.7943 	EXP 	Right_Price: autoDraw = False
93.7943 	EXP 	Left_Experience: height = 0.05
93.7943 	EXP 	Left_Experience: height = 0.05
93.7943 	EXP 	Left_Experience: height = 0.05
93.7943 	EXP 	Left_Experience: text = 'Watching a new episode of a television show'
93.7943 	EXP 	Right_Experience: height = 0.05
93.7943 	EXP 	Right_Experience: height = 0.05
93.7943 	EXP 	Right_Experience: height = 0.05
93.7943 	EXP 	Right_Experience: text = 'Having a picnic with family'
93.7943 	EXP 	Left_Price: height = 0.05
93.7943 	EXP 	Left_Price: height = 0.05
93.7943 	EXP 	Left_Price: height = 0.05
93.7943 	EXP 	Left_Price: text = 0.02
93.7943 	EXP 	Right_Price: height = 0.05
93.7943 	EXP 	Right_Price: height = 0.05
93.7943 	EXP 	Right_Price: height = 0.05
93.7943 	EXP 	Right_Price: text = 0.01
93.7943 	EXP 	Left_Experience: autoDraw = True
93.7943 	EXP 	Right_Experience: autoDraw = True
93.7943 	EXP 	Left_Price: autoDraw = True
93.7943 	EXP 	Right_Price: autoDraw = True
95.1903 	DATA 	Keypress: 1
96.4316 	DATA 	Keypress: 1
103.7808 	EXP 	New trial (rep=0, index=2): {'social_left': 0, 'Left_Exp': 'Painting your bedroom\na new color', 'Right_Exp': 'Having a romantic dinner with a significant other', 'leftmoney': 0.03, 'rightmoney': 0.01, 'greenText': 'green', 'left_more_than_right': 1, 'matching_prices': 0, 'social_worthmore': 0}
103.7957 	EXP 	Left_Experience: autoDraw = False
103.7957 	EXP 	Right_Experience: autoDraw = False
103.7957 	EXP 	Left_Price: autoDraw = False
103.7957 	EXP 	Right_Price: autoDraw = False
103.7957 	EXP 	Left_Experience: height = 0.05
103.7957 	EXP 	Left_Experience: height = 0.05
103.7957 	EXP 	Left_Experience: height = 0.05
103.7957 	EXP 	Left_Experience: text = 'Painting your bedroom\na new color'
103.7957 	EXP 	Right_Experience: height = 0.05
103.7957 	EXP 	Right_Experience: height = 0.05
103.7957 	EXP 	Right_Experience: height = 0.05
103.7957 	EXP 	Right_Experience: text = 'Having a romantic dinner with a significant other'
103.7957 	EXP 	Left_Price: height = 0.05
103.7957 	EXP 	Left_Price: height = 0.05
103.7957 	EXP 	Left_Price: height = 0.05
103.7957 	EXP 	Left_Price: text = 0.03
103.7957 	EXP 	Right_Price: height = 0.05
103.7957 	EXP 	Right_Price: height = 0.05
103.7957 	EXP 	Right_Price: height = 0.05
103.7957 	EXP 	Right_Price: text = 0.01
103.7957 	EXP 	Left_Experience: autoDraw = True
103.7957 	EXP 	Right_Experience: autoDraw = True
103.7957 	EXP 	Left_Price: autoDraw = True
103.7957 	EXP 	Right_Price: autoDraw = True
104.5319 	DATA 	Keypress: 2
108.6232 	DATA 	Keypress: escape
108.8015 	EXP 	window1: mouseVisible = True
