1.8200 	WARNING 	We strongly recommend you activate the PTB sound engine in PsychoPy prefs as the preferred audio engine. Its timing is vastly superior. Your prefs are currently set to use ['sounddevice', 'PTB', 'pyo', 'pygame'] (in that order).
6.6911 	WARNING 	User requested fullscreen with size [1440  900], but screen is actually [1512, 982]. Using actual size
7.9005 	WARNING 	Couldn't measure a consistent frame rate!
  - Is your graphics card set to sync to vertical blank?
  - Are you running other processes on your computer?

7.9017 	EXP 	Created window1 = Window(allowGUI=True, allowStencil=False, autoLog=True, backendConf=UNKNOWN, bitsMode=UNKNOWN, blendMode='avg', bpc=(8, 8, 8), color=array([-1., -1., -1.]), colorSpace='rgb', depthBits=8, fullscr=<method-wrapper '__getattribute__' of attributeSetter object at 0x7f97b9693d60>, gamma=None, gammaErrorPolicy='raise', lms=UNKNOWN, monitor=<psychopy.monitors.calibTools.Monitor object at 0x7f979cd08610>, multiSample=False, name='window1', numSamples=2, pos=[378.0, 245.5], screen=0, size=array([3024, 1964]), stencilBits=0, stereo=False, units='norm', useFBO=True, useRetina=True, viewOri=0.0, viewPos=None, viewScale=None, waitBlanking=True, winType='pyglet')
7.9021 	EXP 	window1: mouseVisible = True
7.9022 	EXP 	window1: mouseVisible = True
7.9022 	EXP 	window1: Attempting to measure frame rate of screen (0) ...
7.9023 	EXP 	window1: recordFrameIntervals = False
7.9833 	EXP 	window1: recordFrameIntervals = True
8.8979 	WARNING 	Couldn't measure a consistent frame rate!
  - Is your graphics card set to sync to vertical blank?
  - Are you running other processes on your computer?

9.2849 	EXP 	Created Welcome = TextStim(__class__=<class 'psychopy.visual.text.TextStim'>, alignHoriz=method-wrapper(...), alignText='center', alignVert=method-wrapper(...), anchorHoriz='center', anchorVert='center', antialias=True, autoDraw=False, autoLog=True, bold=False, color=array([1., 1., 1.]), colorSpace='rgb', contrast=1.0, depth=0.0, flipHoriz=False, flipVert=False, font='Open Sans', fontFiles=[], height=0.08, italic=False, languageStyle='LTR', name='Welcome', opacity=1.0, ori=0.0, pos=array([0., 0.]), rgb=UNKNOWN, text=str(...), units='norm', win=Window(...), wrapWidth=1)
9.3563 	EXP 	Created FirstInstructions = TextStim(__class__=<class 'psychopy.visual.text.TextStim'>, alignHoriz=method-wrapper(...), alignText='center', alignVert=method-wrapper(...), anchorHoriz='center', anchorVert='center', antialias=True, autoDraw=False, autoLog=True, bold=False, color=array([1., 1., 1.]), colorSpace='rgb', contrast=1.0, depth=0.0, flipHoriz=False, flipVert=False, font='Open Sans', fontFiles=[], height=0.08, italic=False, languageStyle='LTR', name='FirstInstructions', opacity=1.0, ori=0.0, pos=array([0., 0.]), rgb=UNKNOWN, text=str(...), units='norm', win=Window(...), wrapWidth=1)
9.4130 	EXP 	Created Match_text = TextStim(__class__=<class 'psychopy.visual.text.TextStim'>, alignHoriz=method-wrapper(...), alignText='center', alignVert=method-wrapper(...), anchorHoriz='center', anchorVert='center', antialias=True, autoDraw=False, autoLog=True, bold=False, color=array([1., 1., 1.]), colorSpace='rgb', contrast=1.0, depth=-1.0, flipHoriz=False, flipVert=False, font='Open Sans', fontFiles=[], height=0.08, italic=False, languageStyle='LTR', name='Match_text', opacity=1.0, ori=0.0, pos=array([0. , 0.3]), rgb=UNKNOWN, text=str(...), units='norm', win=Window(...), wrapWidth=1)
9.4200 	EXP 	Created syncing_text = TextStim(__class__=<class 'psychopy.visual.text.TextStim'>, alignHoriz=method-wrapper(...), alignText='center', alignVert=method-wrapper(...), anchorHoriz='center', anchorVert='center', antialias=True, autoDraw=False, autoLog=True, bold=False, color=array([1., 1., 1.]), colorSpace='rgb', contrast=1.0, depth=-2.0, flipHoriz=False, flipVert=False, font='Open Sans', fontFiles=[], height=0.12, italic=False, languageStyle='LTR', name='syncing_text', opacity=1.0, ori=0.0, pos=array([0. , 0.3]), rgb=UNKNOWN, text='Syncing…', units='norm', win=Window(...), wrapWidth=1)
9.4247 	EXP 	Created text_0 = TextStim(__class__=<class 'psychopy.visual.text.TextStim'>, alignHoriz=method-wrapper(...), alignText='center', alignVert=method-wrapper(...), anchorHoriz='center', anchorVert='center', antialias=True, autoDraw=False, autoLog=True, bold=False, color=array([1., 1., 1.]), colorSpace='rgb', contrast=1.0, depth=-3.0, flipHoriz=False, flipVert=False, font='Open Sans', fontFiles=[], height=0.1, italic=False, languageStyle='LTR', name='text_0', opacity=1.0, ori=0.0, pos=array([ 0. , -0.2]), rgb=UNKNOWN, text='0%', units='norm', win=Window(...), wrapWidth=1)
9.4285 	EXP 	Created Transparent = Rect(__class__=<class 'psychopy.visual.rect.Rect'>, anchor=('center', 'center'), autoDraw=False, autoLog=True, closeShape=True, color=method-wrapper(...), colorSpace='rgb', contrast=None, depth=-4.0, fillColor=array([0., 0., 0.]), fillColorSpace='rgb', fillRGB=array([0., 0., 0.]), interpolate=True, lineColor=array([1., 1., 1.]), lineColorSpace='rgb', lineRGB=array([1, 1, 1]), lineWidth=1.2, name='Transparent', opacity=1.0, ori=0.0, pos=array([0., 0.]), size=array([1. , 0.1]), units='norm', vertices=ndarray(...), win=Window(...))
9.4298 	EXP 	Created Loading_25 = Rect(__class__=<class 'psychopy.visual.rect.Rect'>, anchor=('center', 'center'), autoDraw=False, autoLog=True, closeShape=True, color=method-wrapper(...), colorSpace='rgb', contrast=None, depth=-5.0, fillColor=array([1, 1, 1]), fillColorSpace='rgb', fillRGB=array([1, 1, 1]), interpolate=True, lineColor=array([1., 1., 1.]), lineColorSpace='rgb', lineRGB=array([1, 1, 1]), lineWidth=1.0, name='Loading_25', opacity=1.0, ori=0.0, pos=array([-0.375,  0.   ]), size=array([0.25, 0.1 ]), units='norm', vertices=ndarray(...), win=Window(...))
9.4336 	EXP 	Created text_25 = TextStim(__class__=<class 'psychopy.visual.text.TextStim'>, alignHoriz=method-wrapper(...), alignText='center', alignVert=method-wrapper(...), anchorHoriz='center', anchorVert='center', antialias=True, autoDraw=False, autoLog=True, bold=False, color=array([1., 1., 1.]), colorSpace='rgb', contrast=1.0, depth=-6.0, flipHoriz=False, flipVert=False, font='Open Sans', fontFiles=[], height=0.1, italic=False, languageStyle='LTR', name='text_25', opacity=1.0, ori=0.0, pos=array([ 0. , -0.2]), rgb=UNKNOWN, text='25%', units='norm', win=Window(...), wrapWidth=1)
9.4351 	EXP 	Created Loading_50 = Rect(__class__=<class 'psychopy.visual.rect.Rect'>, anchor=('center', 'center'), autoDraw=False, autoLog=True, closeShape=True, color=method-wrapper(...), colorSpace='rgb', contrast=None, depth=-7.0, fillColor=array([1, 1, 1]), fillColorSpace='rgb', fillRGB=array([1, 1, 1]), interpolate=True, lineColor=array([1., 1., 1.]), lineColorSpace='rgb', lineRGB=array([1, 1, 1]), lineWidth=1.0, name='Loading_50', opacity=1.0, ori=0.0, pos=array([-0.25,  0.  ]), size=array([0.5, 0.1]), units='norm', vertices=ndarray(...), win=Window(...))
9.4374 	EXP 	Created text_50 = TextStim(__class__=<class 'psychopy.visual.text.TextStim'>, alignHoriz=method-wrapper(...), alignText='center', alignVert=method-wrapper(...), anchorHoriz='center', anchorVert='center', antialias=True, autoDraw=False, autoLog=True, bold=False, color=array([1., 1., 1.]), colorSpace='rgb', contrast=1.0, depth=-8.0, flipHoriz=False, flipVert=False, font='Open Sans', fontFiles=[], height=0.1, italic=False, languageStyle='LTR', name='text_50', opacity=1.0, ori=0.0, pos=array([ 0. , -0.2]), rgb=UNKNOWN, text='50%', units='norm', win=Window(...), wrapWidth=1)
9.4390 	EXP 	Created Loading_75 = Rect(__class__=<class 'psychopy.visual.rect.Rect'>, anchor=('center', 'center'), autoDraw=False, autoLog=True, closeShape=True, color=method-wrapper(...), colorSpace='rgb', contrast=None, depth=-9.0, fillColor=array([1, 1, 1]), fillColorSpace='rgb', fillRGB=array([1, 1, 1]), interpolate=True, lineColor=array([1., 1., 1.]), lineColorSpace='rgb', lineRGB=array([1, 1, 1]), lineWidth=1.0, name='Loading_75', opacity=1.0, ori=0.0, pos=array([-0.125,  0.   ]), size=array([0.75, 0.1 ]), units='norm', vertices=ndarray(...), win=Window(...))
9.4427 	EXP 	Created text_75 = TextStim(__class__=<class 'psychopy.visual.text.TextStim'>, alignHoriz=method-wrapper(...), alignText='center', alignVert=method-wrapper(...), anchorHoriz='center', anchorVert='center', antialias=True, autoDraw=False, autoLog=True, bold=False, color=array([1., 1., 1.]), colorSpace='rgb', contrast=1.0, depth=-10.0, flipHoriz=False, flipVert=False, font='Open Sans', fontFiles=[], height=0.1, italic=False, languageStyle='LTR', name='text_75', opacity=1.0, ori=0.0, pos=array([ 0. , -0.2]), rgb=UNKNOWN, text='75%', units='norm', win=Window(...), wrapWidth=1)
9.4442 	EXP 	Created Loading_100 = Rect(__class__=<class 'psychopy.visual.rect.Rect'>, anchor=('center', 'center'), autoDraw=False, autoLog=True, closeShape=True, color=method-wrapper(...), colorSpace='rgb', contrast=None, depth=-11.0, fillColor=array([1, 1, 1]), fillColorSpace='rgb', fillRGB=array([1, 1, 1]), interpolate=True, lineColor=array([1., 1., 1.]), lineColorSpace='rgb', lineRGB=array([1, 1, 1]), lineWidth=1.0, name='Loading_100', opacity=1.0, ori=0.0, pos=array([0., 0.]), size=array([1. , 0.1]), units='norm', vertices=ndarray(...), win=Window(...))
9.4476 	EXP 	Created text_100 = TextStim(__class__=<class 'psychopy.visual.text.TextStim'>, alignHoriz=method-wrapper(...), alignText='center', alignVert=method-wrapper(...), anchorHoriz='center', anchorVert='center', antialias=True, autoDraw=False, autoLog=True, bold=False, color=array([1., 1., 1.]), colorSpace='rgb', contrast=1.0, depth=-12.0, flipHoriz=False, flipVert=False, font='Open Sans', fontFiles=[], height=0.1, italic=False, languageStyle='LTR', name='text_100', opacity=1.0, ori=0.0, pos=array([ 0. , -0.2]), rgb=UNKNOWN, text='100%', units='norm', win=Window(...), wrapWidth=1)
9.4486 	EXP 	Created Youhavematched = TextStim(__class__=<class 'psychopy.visual.text.TextStim'>, alignHoriz=method-wrapper(...), alignText='center', alignVert=method-wrapper(...), anchorHoriz='center', anchorVert='center', antialias=True, autoDraw=False, autoLog=True, bold=False, color=array([1., 1., 1.]), colorSpace='rgb', contrast=1.0, depth=-1.0, flipHoriz=False, flipVert=False, font='Open Sans', fontFiles=[], height=0.08, italic=False, languageStyle='LTR', name='Youhavematched', opacity=1.0, ori=0.0, pos=array([0. , 0.6]), rgb=UNKNOWN, text='', units='norm', win=Window(...), wrapWidth=1)
9.4552 	EXP 	Created partneremoji_image = ImageStim(__class__=<class 'psychopy.visual.image.ImageStim'>, anchor=('center', 'center'), autoLog=True, color=array([1., 1., 1.]), colorSpace='rgb', contrast=1.0, depth=-2.0, flipHoriz=False, flipVert=False, image='sin', interpolate=True, mask=None, maskParams=None, name='partneremoji_image', opacity=1.0, ori=0.0, pos=array([0., 0.]), size=array([0.5 , 0.75]), texRes=128.0, units='norm', win=Window(...))
9.5296 	EXP 	Created PressToContinue = TextStim(__class__=<class 'psychopy.visual.text.TextStim'>, alignHoriz=method-wrapper(...), alignText='center', alignVert=method-wrapper(...), anchorHoriz='center', anchorVert='center', antialias=True, autoDraw=False, autoLog=True, bold=False, color=array([1., 1., 1.]), colorSpace='rgb', contrast=1.0, depth=-4.0, flipHoriz=False, flipVert=False, font='Open Sans', fontFiles=[], height=0.08, italic=False, languageStyle='LTR', name='PressToContinue', opacity=1.0, ori=0.0, pos=array([ 0. , -0.6]), rgb=UNKNOWN, text='Press space to continue.', units='norm', win=Window(...), wrapWidth=1)
9.5381 	EXP 	Created photobeingshared_text = TextStim(__class__=<class 'psychopy.visual.text.TextStim'>, alignHoriz=method-wrapper(...), alignText='center', alignVert=method-wrapper(...), anchorHoriz='center', anchorVert='center', antialias=True, autoDraw=False, autoLog=True, bold=False, color=array([1., 1., 1.]), colorSpace='rgb', contrast=1.0, depth=0.0, flipHoriz=False, flipVert=False, font='Open Sans', fontFiles=[], height=0.09, italic=False, languageStyle='LTR', name='photobeingshared_text', opacity=1.0, ori=0.0, pos=array([0. , 0.6]), rgb=UNKNOWN, text='This photo is now being shared', units='norm', win=Window(...), wrapWidth=1)
9.5452 	EXP 	Created waitforfeedback_text = TextStim(__class__=<class 'psychopy.visual.text.TextStim'>, alignHoriz=method-wrapper(...), alignText='center', alignVert=method-wrapper(...), anchorHoriz='center', anchorVert='center', antialias=True, autoDraw=False, autoLog=True, bold=False, color=array([1., 1., 1.]), colorSpace='rgb', contrast=1.0, depth=-1.0, flipHoriz=False, flipVert=False, font='Open Sans', fontFiles=[], height=0.09, italic=False, languageStyle='LTR', name='waitforfeedback_text', opacity=1.0, ori=0.0, pos=array([ 0. , -0.6]), rgb=UNKNOWN, text='Please wait for feedback.', units='norm', win=Window(...), wrapWidth=1)
9.5491 	EXP 	Created participantimage_image = ImageStim(__class__=<class 'psychopy.visual.image.ImageStim'>, anchor=('center', 'center'), autoLog=True, color=array([1., 1., 1.]), colorSpace='rgb', contrast=1.0, depth=-3.0, flipHoriz=False, flipVert=False, image='sin', interpolate=True, mask=None, maskParams=None, name='participantimage_image', opacity=1.0, ori=0.0, pos=array([0., 0.]), size=array([0.5 , 0.75]), texRes=128.0, units='norm', win=Window(...))
9.5543 	EXP 	Created waiting_text = TextStim(__class__=<class 'psychopy.visual.text.TextStim'>, alignHoriz=method-wrapper(...), alignText='center', alignVert=method-wrapper(...), anchorHoriz='center', anchorVert='center', antialias=True, autoDraw=False, autoLog=True, bold=False, color=array([1., 1., 1.]), colorSpace='rgb', contrast=1.0, depth=0.0, flipHoriz=False, flipVert=False, font='Open Sans', fontFiles=[], height=0.15, italic=False, languageStyle='LTR', name='waiting_text', opacity=1.0, ori=0.0, pos=array([0., 0.]), rgb=UNKNOWN, text='Waiting…', units='norm', win=Window(...), wrapWidth=1)
9.5552 	EXP 	Created displayfeedback_text = TextStim(__class__=<class 'psychopy.visual.text.TextStim'>, alignHoriz=method-wrapper(...), alignText='center', alignVert=method-wrapper(...), anchorHoriz='center', anchorVert='center', antialias=True, autoDraw=False, autoLog=True, bold=False, color=array([1., 1., 1.]), colorSpace='rgb', contrast=1.0, depth=0.0, flipHoriz=False, flipVert=False, font='Open Sans', fontFiles=[], height=0.12, italic=False, languageStyle='LTR', name='displayfeedback_text', opacity=1.0, ori=0.0, pos=array([0.  , 0.75]), rgb=UNKNOWN, text='', units='norm', win=Window(...), wrapWidth=1)
9.5591 	EXP 	Created fdbkimage_image = ImageStim(__class__=<class 'psychopy.visual.image.ImageStim'>, anchor=('center', 'center'), autoLog=True, color=array([1., 1., 1.]), colorSpace='rgb', contrast=1.0, depth=-1.0, flipHoriz=False, flipVert=False, image='sin', interpolate=True, mask=None, maskParams=None, name='fdbkimage_image', opacity=1.0, ori=0.0, pos=array([0., 0.]), size=array([0.75, 1.25]), texRes=128.0, units='norm', win=Window(...))
9.5636 	EXP 	Created presstosharenextphoto_text = TextStim(__class__=<class 'psychopy.visual.text.TextStim'>, alignHoriz=method-wrapper(...), alignText='center', alignVert=method-wrapper(...), anchorHoriz='center', anchorVert='center', antialias=True, autoDraw=False, autoLog=True, bold=False, color=array([1., 1., 1.]), colorSpace='rgb', contrast=1.0, depth=0.0, flipHoriz=False, flipVert=False, font='Open Sans', fontFiles=[], height=0.09, italic=False, languageStyle='LTR', name='presstosharenextphoto_text', opacity=1.0, ori=0.0, pos=array([0., 0.]), rgb=UNKNOWN, text='Press space to share your next photo.', units='norm', win=Window(...), wrapWidth=1)
9.6355 	EXP 	Created WTP_ins_text1 = TextStim(__class__=<class 'psychopy.visual.text.TextStim'>, alignHoriz=method-wrapper(...), alignText='center', alignVert=method-wrapper(...), anchorHoriz='center', anchorVert='center', antialias=True, autoDraw=False, autoLog=True, bold=False, color=array([1., 1., 1.]), colorSpace='rgb', contrast=1.0, depth=0.0, flipHoriz=False, flipVert=False, font='Open Sans', fontFiles=[], height=0.07, italic=False, languageStyle='LTR', name='WTP_ins_text1', opacity=1.0, ori=0.0, pos=array([0. , 0.3]), rgb=UNKNOWN, text=str(...), units='norm', win=Window(...), wrapWidth=1)
9.7070 	EXP 	Created WTP_ins_text2 = TextStim(__class__=<class 'psychopy.visual.text.TextStim'>, alignHoriz=method-wrapper(...), alignText='center', alignVert=method-wrapper(...), anchorHoriz='center', anchorVert='center', antialias=True, autoDraw=False, autoLog=True, bold=False, color=array([1., 1., 1.]), colorSpace='rgb', contrast=1.0, depth=0.0, flipHoriz=False, flipVert=False, font='Open Sans', fontFiles=[], height=0.05, italic=False, languageStyle='LTR', name='WTP_ins_text2', opacity=1.0, ori=0.0, pos=array([0., 0.]), rgb=UNKNOWN, text=str(...), units='norm', win=Window(...), wrapWidth=1)
9.7607 	EXP 	Created Left_Experience = TextStim(__class__=<class 'psychopy.visual.text.TextStim'>, alignHoriz=method-wrapper(...), alignText='center', alignVert=method-wrapper(...), anchorHoriz='center', anchorVert='center', antialias=True, autoDraw=False, autoLog=True, bold=False, color=array([1., 1., 1.]), colorSpace='rgb', contrast=1.0, depth=0.0, flipHoriz=False, flipVert=False, font='Open Sans', fontFiles=[], height=0.05, italic=False, languageStyle='LTR', name='Left_Experience', opacity=1.0, ori=0.0, pos=array([0., 0.]), rgb=UNKNOWN, text='', units='norm', win=Window(...), wrapWidth=1)
9.7616 	EXP 	Created Right_Experience = TextStim(__class__=<class 'psychopy.visual.text.TextStim'>, alignHoriz=method-wrapper(...), alignText='center', alignVert=method-wrapper(...), anchorHoriz='center', anchorVert='center', antialias=True, autoDraw=False, autoLog=True, bold=False, color=array([1., 1., 1.]), colorSpace='rgb', contrast=1.0, depth=-1.0, flipHoriz=False, flipVert=False, font='Open Sans', fontFiles=[], height=0.05, italic=False, languageStyle='LTR', name='Right_Experience', opacity=1.0, ori=0.0, pos=array([0., 0.]), rgb=UNKNOWN, text='', units='norm', win=Window(...), wrapWidth=1)
9.7625 	EXP 	Created Left_Price = TextStim(__class__=<class 'psychopy.visual.text.TextStim'>, alignHoriz=method-wrapper(...), alignText='center', alignVert=method-wrapper(...), anchorHoriz='center', anchorVert='center', antialias=True, autoDraw=False, autoLog=True, bold=False, color=array([1., 1., 1.]), colorSpace='rgb', contrast=1.0, depth=-2.0, flipHoriz=False, flipVert=False, font='Open Sans', fontFiles=[], height=0.05, italic=False, languageStyle='LTR', name='Left_Price', opacity=1.0, ori=0.0, pos=array([0., 0.]), rgb=UNKNOWN, text='', units='norm', win=Window(...), wrapWidth=1)
9.7633 	EXP 	Created Right_Price = TextStim(__class__=<class 'psychopy.visual.text.TextStim'>, alignHoriz=method-wrapper(...), alignText='center', alignVert=method-wrapper(...), anchorHoriz='center', anchorVert='center', antialias=True, autoDraw=False, autoLog=True, bold=False, color=array([1., 1., 1.]), colorSpace='rgb', contrast=1.0, depth=-3.0, flipHoriz=False, flipVert=False, font='Open Sans', fontFiles=[], height=0.05, italic=False, languageStyle='LTR', name='Right_Price', opacity=1.0, ori=0.0, pos=array([0., 0.]), rgb=UNKNOWN, text='', units='norm', win=Window(...), wrapWidth=1)
9.8694 	EXP 	Created Resume_Text = TextStim(__class__=<class 'psychopy.visual.text.TextStim'>, alignHoriz=method-wrapper(...), alignText='center', alignVert=method-wrapper(...), anchorHoriz='center', anchorVert='center', antialias=True, autoDraw=False, autoLog=True, bold=False, color=array([1., 1., 1.]), colorSpace='rgb', contrast=1.0, depth=-2.0, flipHoriz=False, flipVert=False, font='Open Sans', fontFiles=[], height=0.12, italic=False, languageStyle='LTR', name='Resume_Text', opacity=1.0, ori=0.0, pos=array([0., 0.]), rgb=UNKNOWN, text='', units='norm', win=Window(...), wrapWidth=1)
9.8851 	EXP 	window1: mouseVisible = True
9.9542 	EXP 	Created slider = Slider(__class__=<class 'psychopy.visual.slider.Slider'>, autoDraw=False, autoLog=True, borderColor=None, color=None, colorSpace='rgb', depth=-5, fillColor=None, flip=False, font='Open Sans', granularity=0.0, labelColor=None, labelHeight=0.05, labelWrapWidth=None, labels=(1, 2, 3, 4, 5), lineColor=None, markerColor=None, name='slider', opacity=None, ori=0.0, pos=array([ 0. , -0.4]), readOnly=False, self=UNKNOWN, size=array([1. , 0.1]), startValue=999, style='rating', styleTweaks=['labels45', 'triangleMarker'], ticks=array([1, 2, 3, 4, 5]), units='norm', win=Window(...))
9.9554 	EXP 	Created saliencequestion_text = TextStim(__class__=<class 'psychopy.visual.text.TextStim'>, alignHoriz=method-wrapper(...), alignText='center', alignVert=method-wrapper(...), anchorHoriz='center', anchorVert='center', antialias=True, autoDraw=False, autoLog=True, bold=False, color=array([1., 1., 1.]), colorSpace='rgb', contrast=1.0, depth=-1.0, flipHoriz=False, flipVert=False, font='Open Sans', fontFiles=[], height=0.06, italic=False, languageStyle='LTR', name='saliencequestion_text', opacity=1.0, ori=0.0, pos=array([0. , 0.6]), rgb=UNKNOWN, text='', units='norm', win=Window(...), wrapWidth=1)
10.0127 	EXP 	Created salienceavatar_image = ImageStim(__class__=<class 'psychopy.visual.image.ImageStim'>, anchor=('center', 'center'), autoLog=True, color=array([1., 1., 1.]), colorSpace='rgb', contrast=1.0, depth=-3.0, flipHoriz=False, flipVert=False, image='sin', interpolate=True, mask=None, maskParams=None, name='salienceavatar_image', opacity=1.0, ori=0.0, pos=array([0., 0.]), size=array([0.3 , 0.55]), texRes=128.0, units='norm', win=Window(...))
10.0202 	EXP 	Created saliencecontinue_text = TextStim(__class__=<class 'psychopy.visual.text.TextStim'>, alignHoriz=method-wrapper(...), alignText='center', alignVert=method-wrapper(...), anchorHoriz='center', anchorVert='center', antialias=True, autoDraw=False, autoLog=True, bold=False, color=array([1., 1., 1.]), colorSpace='rgb', contrast=1.0, depth=-4.0, flipHoriz=False, flipVert=False, font='Open Sans', fontFiles=[], height=0.07, italic=False, languageStyle='LTR', name='saliencecontinue_text', opacity=1.0, ori=0.0, pos=array([ 0. , -0.8]), rgb=UNKNOWN, text='Press space to enter rating and continue.', units='norm', win=Window(...), wrapWidth=1)
10.0213 	EXP 	Created displayrating_text = TextStim(__class__=<class 'psychopy.visual.text.TextStim'>, alignHoriz=method-wrapper(...), alignText='center', alignVert=method-wrapper(...), anchorHoriz='center', anchorVert='center', antialias=True, autoDraw=False, autoLog=True, bold=False, color=array([1., 1., 1.]), colorSpace='rgb', contrast=1.0, depth=-5.0, flipHoriz=False, flipVert=False, font='Open Sans', fontFiles=[], height=0.065, italic=False, languageStyle='LTR', name='displayrating_text', opacity=1.0, ori=0.0, pos=array([ 0.  , -0.65]), rgb=UNKNOWN, text='', units='norm', win=Window(...), wrapWidth=1)
10.0259 	EXP 	window1: mouseVisible = True
10.1116 	EXP 	Created slider = Slider(__class__=<class 'psychopy.visual.slider.Slider'>, autoDraw=False, autoLog=True, borderColor=None, color=None, colorSpace='rgb', depth=-5, fillColor=None, flip=False, font='Open Sans', granularity=0.0, labelColor=None, labelHeight=0.05, labelWrapWidth=None, labels=(1, 2, 3, 4, 5, 6, 7, 8, 9), lineColor=None, markerColor=None, name='slider', opacity=None, ori=0.0, pos=array([ 0. , -0.4]), readOnly=False, self=UNKNOWN, size=array([1. , 0.1]), startValue=999, style='rating', styleTweaks=['labels45', 'triangleMarker'], ticks=array([1, 2, 3, 4, 5, 6, 7, 8, 9]), units='norm', win=Window(...))
10.1125 	EXP 	Created stresslevel_text = TextStim(__class__=<class 'psychopy.visual.text.TextStim'>, alignHoriz=method-wrapper(...), alignText='center', alignVert=method-wrapper(...), anchorHoriz='center', anchorVert='center', antialias=True, autoDraw=False, autoLog=True, bold=False, color=array([1., 1., 1.]), colorSpace='rgb', contrast=1.0, depth=-1.0, flipHoriz=False, flipVert=False, font='Open Sans', fontFiles=[], height=0.08, italic=False, languageStyle='LTR', name='stresslevel_text', opacity=1.0, ori=0.0, pos=array([0. , 0.3]), rgb=UNKNOWN, text='', units='norm', win=Window(...), wrapWidth=1)
10.1660 	EXP 	Created displaystressrating_text = TextStim(__class__=<class 'psychopy.visual.text.TextStim'>, alignHoriz=method-wrapper(...), alignText='center', alignVert=method-wrapper(...), anchorHoriz='center', anchorVert='center', antialias=True, autoDraw=False, autoLog=True, bold=False, color=array([1., 1., 1.]), colorSpace='rgb', contrast=1.0, depth=-3.0, flipHoriz=False, flipVert=False, font='Open Sans', fontFiles=[], height=0.08, italic=False, languageStyle='LTR', name='displaystressrating_text', opacity=1.0, ori=0.0, pos=array([ 0.  , -0.65]), rgb=UNKNOWN, text='', units='norm', win=Window(...), wrapWidth=1)
10.1763 	WARNING 	t of last frame was 1278.48ms (=1/0)
10.1763 	EXP 	slider: autoLog = True
10.1763 	EXP 	slider: markerPos = 999
10.1763 	EXP 	slider: styleTweaks = []
10.1763 	EXP 	slider: styleTweaks = []
10.1763 	EXP 	slider: styleTweaks = ['labels45', 'triangleMarker']
10.1763 	EXP 	slider: styleTweaks = ['labels45', 'triangleMarker']
10.1763 	EXP 	slider: contrast = 1.0
10.1763 	EXP 	slider: autoLog = True
10.1763 	EXP 	slider: autoLog = True
10.1763 	EXP 	slider: markerPos = 999
10.1763 	EXP 	slider: styleTweaks = []
10.1763 	EXP 	slider: styleTweaks = []
10.1763 	EXP 	slider: styleTweaks = ['labels45', 'triangleMarker']
10.1763 	EXP 	slider: styleTweaks = ['labels45', 'triangleMarker']
10.1763 	EXP 	slider: contrast = 1.0
10.1763 	EXP 	slider: autoLog = True
10.1763 	EXP 	Welcome: autoDraw = True
11.2946 	DATA 	Keypress: space
11.3002 	EXP 	Welcome: autoDraw = False
11.3002 	EXP 	FirstInstructions: autoDraw = True
11.5046 	WARNING 	t of last frame was 26.36ms (=1/37)
11.9476 	EXP 	Imported /Users/melanieruiz/Desktop/WTP_SM_Choice/Participant_Images/101/101_trials.csv as conditions, 150 conditions, 6 params
11.9486 	EXP 	Created sequence: sequential, trialTypes=150, nReps=1, seed=None
11.9490 	EXP 	New trial (rep=0, index=0): OrderedDict([('TrialNumber', 1), ('Partner', 'Alex'), ('Condition', 'Neutral'), ('Photos', 'Participant_Images/101/101_Images/101_Image_24.jpg'), ('Feedback', 'did not like'), ('FeedbackWait', 3.613205605)])
11.9560 	DATA 	Keypress: space
11.9596 	WARNING 	t of last frame was 27.33ms (=1/36)
11.9596 	EXP 	FirstInstructions: autoDraw = False
11.9596 	EXP 	Match_text: autoDraw = True
12.1875 	WARNING 	t of last frame was 24.80ms (=1/40)
13.4976 	WARNING 	Multiple dropped frames have occurred - I'll stop bothering you about them!
14.9468 	EXP 	syncing_text: autoDraw = True
14.9468 	EXP 	text_0: autoDraw = True
14.9468 	EXP 	Transparent: autoDraw = True
14.9519 	EXP 	Match_text: autoDraw = False
16.1998 	EXP 	text_0: autoDraw = False
16.1998 	EXP 	Loading_25: autoDraw = True
16.1998 	EXP 	text_25: autoDraw = True
17.4657 	EXP 	Loading_25: autoDraw = False
17.4657 	EXP 	text_25: autoDraw = False
17.4657 	EXP 	Loading_50: autoDraw = True
17.4657 	EXP 	text_50: autoDraw = True
18.6969 	EXP 	Loading_75: autoDraw = True
18.6969 	EXP 	text_75: autoDraw = True
18.7081 	EXP 	Loading_50: autoDraw = False
18.7081 	EXP 	text_50: autoDraw = False
19.9340 	EXP 	Loading_75: autoDraw = False
19.9340 	EXP 	text_75: autoDraw = False
19.9414 	EXP 	Loading_100: autoDraw = True
19.9414 	EXP 	text_100: autoDraw = True
21.2080 	EXP 	syncing_text: autoDraw = False
21.2080 	EXP 	Transparent: autoDraw = False
21.2080 	EXP 	Loading_100: autoDraw = False
21.2080 	EXP 	text_100: autoDraw = False
21.2080 	EXP 	Match_text: autoDraw = False
21.2080 	EXP 	syncing_text: autoDraw = False
21.2080 	EXP 	text_0: autoDraw = False
21.2080 	EXP 	Transparent: autoDraw = False
21.2080 	EXP 	Loading_25: autoDraw = False
21.2080 	EXP 	text_25: autoDraw = False
21.2080 	EXP 	Loading_50: autoDraw = False
21.2080 	EXP 	text_50: autoDraw = False
21.2080 	EXP 	Loading_75: autoDraw = False
21.2080 	EXP 	text_75: autoDraw = False
21.2080 	EXP 	Loading_100: autoDraw = False
21.2080 	EXP 	text_100: autoDraw = False
21.2080 	EXP 	Youhavematched: height = 0.08
21.2080 	EXP 	Youhavematched: height = 0.08
21.2080 	EXP 	Youhavematched: height = 0.08
21.2080 	EXP 	Youhavematched: text = 'You have matched with: Alex'
21.2080 	EXP 	partneremoji_image: image = 'Images/cowboyemoji.png'
21.2080 	EXP 	Youhavematched: autoDraw = True
21.2080 	EXP 	partneremoji_image: autoDraw = True
21.2080 	EXP 	PressToContinue: autoDraw = True
21.9430 	DATA 	Keypress: space
21.9475 	EXP 	Youhavematched: autoDraw = False
21.9475 	EXP 	partneremoji_image: autoDraw = False
21.9475 	EXP 	PressToContinue: autoDraw = False
21.9475 	EXP 	participantimage_image: image = 'Participant_Images/101/101_Images/101_Image_24.jpg'
21.9475 	EXP 	photobeingshared_text: autoDraw = True
21.9475 	EXP 	waitforfeedback_text: autoDraw = True
21.9475 	EXP 	participantimage_image: autoDraw = True
24.7370 	EXP 	photobeingshared_text: autoDraw = False
24.7370 	EXP 	waitforfeedback_text: autoDraw = False
24.7370 	EXP 	participantimage_image: autoDraw = False
24.7370 	EXP 	waiting_text: autoDraw = True
29.7324 	EXP 	waiting_text: autoDraw = False
29.7324 	EXP 	displayfeedback_text: height = 0.12
29.7324 	EXP 	displayfeedback_text: height = 0.12
29.7324 	EXP 	displayfeedback_text: height = 0.12
29.7324 	EXP 	displayfeedback_text: text = 'Alex did not like your photo'
29.7324 	EXP 	fdbkimage_image: image = 'Images/thumbsdown.png'
29.7324 	EXP 	displayfeedback_text: autoDraw = True
29.7324 	EXP 	fdbkimage_image: autoDraw = True
32.7180 	EXP 	displayfeedback_text: autoDraw = False
32.7180 	EXP 	fdbkimage_image: autoDraw = False
32.7180 	EXP 	presstosharenextphoto_text: autoDraw = True
33.6575 	EXP 	Created sequence: random, trialTypes=1, nReps=0, seed=None
33.6800 	DATA 	Keypress: space
33.6890 	EXP 	New trial (rep=0, index=1): OrderedDict([('TrialNumber', 2), ('Partner', 'Alex'), ('Condition', 'Neutral'), ('Photos', 'Participant_Images/101/101_Images/101_Image_9.jpg'), ('Feedback', 'did not like'), ('FeedbackWait', 4.988446431)])
33.8634 	EXP 	presstosharenextphoto_text: autoDraw = False
33.8634 	EXP 	slider: markerPos = 3
33.8634 	EXP 	saliencequestion_text: height = 0.06
33.8634 	EXP 	saliencequestion_text: height = 0.06
33.8634 	EXP 	saliencequestion_text: height = 0.06
33.8634 	EXP 	saliencequestion_text: text = 'How likely are you to share photos with Alex in the future? \n\n Use your left and right arrows to move the arrow to your desired rating.'
33.8634 	EXP 	salienceavatar_image: image = 'Images/cowboyemoji.png'
33.8634 	EXP 	displayrating_text: text = ''
33.8634 	EXP 	saliencequestion_text: autoDraw = False
33.8634 	EXP 	salienceavatar_image: autoDraw = False
33.8634 	EXP 	saliencecontinue_text: autoDraw = False
33.8634 	EXP 	displayrating_text: autoDraw = False
33.8634 	EXP 	slider: markerPos = 5
33.8634 	EXP 	stresslevel_text: height = 0.08
33.8634 	EXP 	stresslevel_text: height = 0.08
33.8634 	EXP 	stresslevel_text: height = 0.08
33.8634 	EXP 	stresslevel_text: text = 'Please rate your current stress level. \n\n\n Use your mouse or left and right arrows to move the arrow to your desired rating.'
33.8634 	EXP 	displaystressrating_text: text = ''
33.8634 	EXP 	stresslevel_text: autoDraw = False
33.8634 	EXP 	displaystressrating_text: autoDraw = False
33.8634 	EXP 	Match_text: autoDraw = False
33.8634 	EXP 	syncing_text: autoDraw = False
33.8634 	EXP 	text_0: autoDraw = False
33.8634 	EXP 	Transparent: autoDraw = False
33.8634 	EXP 	Loading_25: autoDraw = False
33.8634 	EXP 	text_25: autoDraw = False
33.8634 	EXP 	Loading_50: autoDraw = False
33.8634 	EXP 	text_50: autoDraw = False
33.8634 	EXP 	Loading_75: autoDraw = False
33.8634 	EXP 	text_75: autoDraw = False
33.8634 	EXP 	Loading_100: autoDraw = False
33.8634 	EXP 	text_100: autoDraw = False
33.8634 	EXP 	Youhavematched: text = 'You have matched with: Alex'
33.8634 	EXP 	partneremoji_image: image = 'Images/cowboyemoji.png'
33.8634 	EXP 	Youhavematched: autoDraw = False
33.8634 	EXP 	partneremoji_image: autoDraw = False
33.8634 	EXP 	PressToContinue: autoDraw = False
33.8634 	EXP 	participantimage_image: image = 'Participant_Images/101/101_Images/101_Image_9.jpg'
33.8634 	EXP 	photobeingshared_text: autoDraw = True
33.8634 	EXP 	waitforfeedback_text: autoDraw = True
33.8634 	EXP 	participantimage_image: autoDraw = True
36.7094 	EXP 	photobeingshared_text: autoDraw = False
36.7094 	EXP 	waitforfeedback_text: autoDraw = False
36.7094 	EXP 	participantimage_image: autoDraw = False
36.7094 	EXP 	waiting_text: autoDraw = True
41.7052 	EXP 	waiting_text: autoDraw = False
41.7052 	EXP 	displayfeedback_text: text = 'Alex did not like your photo'
41.7052 	EXP 	fdbkimage_image: image = 'Images/thumbsdown.png'
41.7052 	EXP 	displayfeedback_text: autoDraw = True
41.7052 	EXP 	fdbkimage_image: autoDraw = True
44.7040 	EXP 	displayfeedback_text: autoDraw = False
44.7040 	EXP 	fdbkimage_image: autoDraw = False
44.7040 	EXP 	presstosharenextphoto_text: autoDraw = True
45.4091 	EXP 	Created sequence: random, trialTypes=1, nReps=0, seed=None
45.4103 	DATA 	Keypress: space
45.4199 	EXP 	New trial (rep=0, index=2): OrderedDict([('TrialNumber', 3), ('Partner', 'Alex'), ('Condition', 'Neutral'), ('Photos', 'Participant_Images/101/101_Images/101_Image_4.jpg'), ('Feedback', 'liked'), ('FeedbackWait', 3.470791822)])
45.5957 	EXP 	presstosharenextphoto_text: autoDraw = False
45.5957 	EXP 	slider: markerPos = 3
45.5957 	EXP 	saliencequestion_text: text = 'How likely are you to share photos with Alex in the future? \n\n Use your left and right arrows to move the arrow to your desired rating.'
45.5957 	EXP 	salienceavatar_image: image = 'Images/cowboyemoji.png'
45.5957 	EXP 	displayrating_text: text = ''
45.5957 	EXP 	saliencequestion_text: autoDraw = False
45.5957 	EXP 	salienceavatar_image: autoDraw = False
45.5957 	EXP 	saliencecontinue_text: autoDraw = False
45.5957 	EXP 	displayrating_text: autoDraw = False
45.5957 	EXP 	slider: markerPos = 5
45.5957 	EXP 	stresslevel_text: text = 'Please rate your current stress level. \n\n\n Use your mouse or left and right arrows to move the arrow to your desired rating.'
45.5957 	EXP 	displaystressrating_text: text = ''
45.5957 	EXP 	stresslevel_text: autoDraw = False
45.5957 	EXP 	displaystressrating_text: autoDraw = False
45.5957 	EXP 	Match_text: autoDraw = False
45.5957 	EXP 	syncing_text: autoDraw = False
45.5957 	EXP 	text_0: autoDraw = False
45.5957 	EXP 	Transparent: autoDraw = False
45.5957 	EXP 	Loading_25: autoDraw = False
45.5957 	EXP 	text_25: autoDraw = False
45.5957 	EXP 	Loading_50: autoDraw = False
45.5957 	EXP 	text_50: autoDraw = False
45.5957 	EXP 	Loading_75: autoDraw = False
45.5957 	EXP 	text_75: autoDraw = False
45.5957 	EXP 	Loading_100: autoDraw = False
45.5957 	EXP 	text_100: autoDraw = False
45.5957 	EXP 	Youhavematched: text = 'You have matched with: Alex'
45.5957 	EXP 	partneremoji_image: image = 'Images/cowboyemoji.png'
45.5957 	EXP 	Youhavematched: autoDraw = False
45.5957 	EXP 	partneremoji_image: autoDraw = False
45.5957 	EXP 	PressToContinue: autoDraw = False
45.5957 	EXP 	participantimage_image: image = 'Participant_Images/101/101_Images/101_Image_4.jpg'
45.5957 	EXP 	photobeingshared_text: autoDraw = True
45.5957 	EXP 	waitforfeedback_text: autoDraw = True
45.5957 	EXP 	participantimage_image: autoDraw = True
48.4430 	EXP 	photobeingshared_text: autoDraw = False
48.4430 	EXP 	waitforfeedback_text: autoDraw = False
48.4430 	EXP 	participantimage_image: autoDraw = False
48.4430 	EXP 	waiting_text: autoDraw = True
53.4486 	EXP 	waiting_text: autoDraw = False
53.4486 	EXP 	displayfeedback_text: height = 0.12
53.4486 	EXP 	displayfeedback_text: height = 0.12
53.4486 	EXP 	displayfeedback_text: height = 0.12
53.4486 	EXP 	displayfeedback_text: text = 'Alex liked your photo'
53.4486 	EXP 	fdbkimage_image: image = 'Images/thumbsup.png'
53.4486 	EXP 	displayfeedback_text: autoDraw = True
53.4486 	EXP 	fdbkimage_image: autoDraw = True
56.4427 	EXP 	displayfeedback_text: autoDraw = False
56.4427 	EXP 	fdbkimage_image: autoDraw = False
56.4427 	EXP 	presstosharenextphoto_text: autoDraw = True
58.0526 	EXP 	Created sequence: random, trialTypes=1, nReps=0, seed=None
58.0541 	DATA 	Keypress: space
58.0629 	EXP 	New trial (rep=0, index=3): OrderedDict([('TrialNumber', 4), ('Partner', 'Alex'), ('Condition', 'Neutral'), ('Photos', 'Participant_Images/101/101_Images/101_Image_1.jpg'), ('Feedback', 'liked'), ('FeedbackWait', 3.820572462)])
58.2051 	EXP 	presstosharenextphoto_text: autoDraw = False
58.2051 	EXP 	slider: markerPos = 3
58.2051 	EXP 	saliencequestion_text: text = 'How likely are you to share photos with Alex in the future? \n\n Use your left and right arrows to move the arrow to your desired rating.'
58.2051 	EXP 	salienceavatar_image: image = 'Images/cowboyemoji.png'
58.2051 	EXP 	displayrating_text: text = ''
58.2051 	EXP 	saliencequestion_text: autoDraw = False
58.2051 	EXP 	salienceavatar_image: autoDraw = False
58.2051 	EXP 	saliencecontinue_text: autoDraw = False
58.2051 	EXP 	displayrating_text: autoDraw = False
58.2051 	EXP 	slider: markerPos = 5
58.2051 	EXP 	stresslevel_text: text = 'Please rate your current stress level. \n\n\n Use your mouse or left and right arrows to move the arrow to your desired rating.'
58.2051 	EXP 	displaystressrating_text: text = ''
58.2051 	EXP 	stresslevel_text: autoDraw = False
58.2051 	EXP 	displaystressrating_text: autoDraw = False
58.2051 	EXP 	Match_text: autoDraw = False
58.2051 	EXP 	syncing_text: autoDraw = False
58.2051 	EXP 	text_0: autoDraw = False
58.2051 	EXP 	Transparent: autoDraw = False
58.2051 	EXP 	Loading_25: autoDraw = False
58.2051 	EXP 	text_25: autoDraw = False
58.2051 	EXP 	Loading_50: autoDraw = False
58.2051 	EXP 	text_50: autoDraw = False
58.2051 	EXP 	Loading_75: autoDraw = False
58.2051 	EXP 	text_75: autoDraw = False
58.2051 	EXP 	Loading_100: autoDraw = False
58.2051 	EXP 	text_100: autoDraw = False
58.2051 	EXP 	Youhavematched: text = 'You have matched with: Alex'
58.2051 	EXP 	partneremoji_image: image = 'Images/cowboyemoji.png'
58.2051 	EXP 	Youhavematched: autoDraw = False
58.2051 	EXP 	partneremoji_image: autoDraw = False
58.2051 	EXP 	PressToContinue: autoDraw = False
58.2051 	EXP 	participantimage_image: image = 'Participant_Images/101/101_Images/101_Image_1.jpg'
58.2051 	EXP 	photobeingshared_text: autoDraw = True
58.2051 	EXP 	waitforfeedback_text: autoDraw = True
58.2051 	EXP 	participantimage_image: autoDraw = True
61.0833 	EXP 	photobeingshared_text: autoDraw = False
61.0833 	EXP 	waitforfeedback_text: autoDraw = False
61.0833 	EXP 	participantimage_image: autoDraw = False
61.0833 	EXP 	waiting_text: autoDraw = True
66.0761 	EXP 	waiting_text: autoDraw = False
66.0761 	EXP 	displayfeedback_text: text = 'Alex liked your photo'
66.0761 	EXP 	fdbkimage_image: image = 'Images/thumbsup.png'
66.0761 	EXP 	displayfeedback_text: autoDraw = True
66.0761 	EXP 	fdbkimage_image: autoDraw = True
69.0832 	EXP 	displayfeedback_text: autoDraw = False
69.0832 	EXP 	fdbkimage_image: autoDraw = False
69.0832 	EXP 	presstosharenextphoto_text: autoDraw = True
69.5357 	EXP 	Created sequence: random, trialTypes=1, nReps=0, seed=None
69.5446 	DATA 	Keypress: space
69.5472 	EXP 	New trial (rep=0, index=4): OrderedDict([('TrialNumber', 5), ('Partner', 'Alex'), ('Condition', 'Neutral'), ('Photos', 'Participant_Images/101/101_Images/101_Image_3.jpg'), ('Feedback', 'liked'), ('FeedbackWait', 2.455989137)])
69.7150 	EXP 	presstosharenextphoto_text: autoDraw = False
69.7150 	EXP 	slider: markerPos = 3
69.7150 	EXP 	saliencequestion_text: text = 'How likely are you to share photos with Alex in the future? \n\n Use your left and right arrows to move the arrow to your desired rating.'
69.7150 	EXP 	salienceavatar_image: image = 'Images/cowboyemoji.png'
69.7150 	EXP 	displayrating_text: text = ''
69.7150 	EXP 	saliencequestion_text: autoDraw = False
69.7150 	EXP 	salienceavatar_image: autoDraw = False
69.7150 	EXP 	saliencecontinue_text: autoDraw = False
69.7150 	EXP 	displayrating_text: autoDraw = False
69.7150 	EXP 	slider: markerPos = 5
69.7150 	EXP 	stresslevel_text: text = 'Please rate your current stress level. \n\n\n Use your mouse or left and right arrows to move the arrow to your desired rating.'
69.7150 	EXP 	displaystressrating_text: text = ''
69.7150 	EXP 	stresslevel_text: autoDraw = False
69.7150 	EXP 	displaystressrating_text: autoDraw = False
69.7150 	EXP 	Match_text: autoDraw = False
69.7150 	EXP 	syncing_text: autoDraw = False
69.7150 	EXP 	text_0: autoDraw = False
69.7150 	EXP 	Transparent: autoDraw = False
69.7150 	EXP 	Loading_25: autoDraw = False
69.7150 	EXP 	text_25: autoDraw = False
69.7150 	EXP 	Loading_50: autoDraw = False
69.7150 	EXP 	text_50: autoDraw = False
69.7150 	EXP 	Loading_75: autoDraw = False
69.7150 	EXP 	text_75: autoDraw = False
69.7150 	EXP 	Loading_100: autoDraw = False
69.7150 	EXP 	text_100: autoDraw = False
69.7150 	EXP 	Youhavematched: text = 'You have matched with: Alex'
69.7150 	EXP 	partneremoji_image: image = 'Images/cowboyemoji.png'
69.7150 	EXP 	Youhavematched: autoDraw = False
69.7150 	EXP 	partneremoji_image: autoDraw = False
69.7150 	EXP 	PressToContinue: autoDraw = False
69.7150 	EXP 	participantimage_image: image = 'Participant_Images/101/101_Images/101_Image_3.jpg'
69.7150 	EXP 	photobeingshared_text: autoDraw = True
69.7150 	EXP 	waitforfeedback_text: autoDraw = True
69.7150 	EXP 	participantimage_image: autoDraw = True
72.5657 	EXP 	photobeingshared_text: autoDraw = False
72.5657 	EXP 	waitforfeedback_text: autoDraw = False
72.5657 	EXP 	participantimage_image: autoDraw = False
72.5657 	EXP 	waiting_text: autoDraw = True
77.5625 	EXP 	waiting_text: autoDraw = False
77.5625 	EXP 	displayfeedback_text: text = 'Alex liked your photo'
77.5625 	EXP 	fdbkimage_image: image = 'Images/thumbsup.png'
77.5625 	EXP 	displayfeedback_text: autoDraw = True
77.5625 	EXP 	fdbkimage_image: autoDraw = True
80.5460 	EXP 	Created sequence: random, trialTypes=1, nReps=1, seed=None
80.5461 	EXP 	New trial (rep=0, index=0): None
80.5500 	EXP 	displayfeedback_text: autoDraw = False
80.5500 	EXP 	fdbkimage_image: autoDraw = False
80.5500 	EXP 	displayfeedback_text: autoDraw = False
80.5500 	EXP 	fdbkimage_image: autoDraw = False
80.5500 	EXP 	presstosharenextphoto_text: autoDraw = False
80.5500 	EXP 	WTP_ins_text1: autoDraw = True
96.3974 	EXP 	WTP_ins_text1: autoDraw = False
96.3974 	EXP 	WTP_ins_text2: autoDraw = True
96.3994 	DATA 	Keypress: space
102.1026 	EXP 	window1: mouseVisible = True
