1.8924 	WARNING 	We strongly recommend you activate the PTB sound engine in PsychoPy prefs as the preferred audio engine. Its timing is vastly superior. Your prefs are currently set to use ['sounddevice', 'PTB', 'pyo', 'pygame'] (in that order).
7.7887 	WARNING 	User requested fullscreen with size [1440  900], but screen is actually [1512, 982]. Using actual size
9.1676 	WARNING 	Couldn't measure a consistent frame rate!
  - Is your graphics card set to sync to vertical blank?
  - Are you running other processes on your computer?

9.1683 	EXP 	Created window1 = Window(allowGUI=True, allowStencil=False, autoLog=True, backendConf=UNKNOWN, bitsMode=UNKNOWN, blendMode='avg', bpc=(8, 8, 8), color=array([-1., -1., -1.]), colorSpace='rgb', depthBits=8, fullscr=<method-wrapper '__getattribute__' of attributeSetter object at 0x7ff1e1775d90>, gamma=None, gammaErrorPolicy='raise', lms=UNKNOWN, monitor=<psychopy.monitors.calibTools.Monitor object at 0x7ff1a1dd06a0>, multiSample=False, name='window1', numSamples=2, pos=[378.0, 245.5], screen=0, size=array([3024, 1964]), stencilBits=0, stereo=False, units='norm', useFBO=True, useRetina=True, viewOri=0.0, viewPos=None, viewScale=None, waitBlanking=True, winType='pyglet')
9.1685 	EXP 	window1: mouseVisible = True
9.1686 	EXP 	window1: mouseVisible = True
9.1686 	EXP 	window1: Attempting to measure frame rate of screen (0) ...
9.1686 	EXP 	window1: recordFrameIntervals = False
9.2796 	EXP 	window1: recordFrameIntervals = True
9.9370 	WARNING 	t of last frame was 20.49ms (=1/48)
10.1038 	WARNING 	t of last frame was 20.21ms (=1/49)
10.3850 	EXP 	Screen (0) actual frame rate measured at 59.65Hz
10.3850 	EXP 	window1: recordFrameIntervals = True
10.7674 	EXP 	Created Welcome = TextStim(__class__=<class 'psychopy.visual.text.TextStim'>, alignHoriz=method-wrapper(...), alignText='center', alignVert=method-wrapper(...), anchorHoriz='center', anchorVert='center', antialias=True, autoDraw=False, autoLog=True, bold=False, color=array([1., 1., 1.]), colorSpace='rgb', contrast=1.0, depth=0.0, flipHoriz=False, flipVert=False, font='Open Sans', fontFiles=[], height=0.08, italic=False, languageStyle='LTR', name='Welcome', opacity=1.0, ori=0.0, pos=array([0., 0.]), rgb=UNKNOWN, text=str(...), units='norm', win=Window(...), wrapWidth=1)
10.8381 	EXP 	Created FirstInstructions = TextStim(__class__=<class 'psychopy.visual.text.TextStim'>, alignHoriz=method-wrapper(...), alignText='center', alignVert=method-wrapper(...), anchorHoriz='center', anchorVert='center', antialias=True, autoDraw=False, autoLog=True, bold=False, color=array([1., 1., 1.]), colorSpace='rgb', contrast=1.0, depth=0.0, flipHoriz=False, flipVert=False, font='Open Sans', fontFiles=[], height=0.08, italic=False, languageStyle='LTR', name='FirstInstructions', opacity=1.0, ori=0.0, pos=array([0., 0.]), rgb=UNKNOWN, text=str(...), units='norm', win=Window(...), wrapWidth=1)
10.8942 	EXP 	Created Match_text = TextStim(__class__=<class 'psychopy.visual.text.TextStim'>, alignHoriz=method-wrapper(...), alignText='center', alignVert=method-wrapper(...), anchorHoriz='center', anchorVert='center', antialias=True, autoDraw=False, autoLog=True, bold=False, color=array([1., 1., 1.]), colorSpace='rgb', contrast=1.0, depth=-1.0, flipHoriz=False, flipVert=False, font='Open Sans', fontFiles=[], height=0.08, italic=False, languageStyle='LTR', name='Match_text', opacity=1.0, ori=0.0, pos=array([0. , 0.3]), rgb=UNKNOWN, text=str(...), units='norm', win=Window(...), wrapWidth=1)
10.9000 	EXP 	Created syncing_text = TextStim(__class__=<class 'psychopy.visual.text.TextStim'>, alignHoriz=method-wrapper(...), alignText='center', alignVert=method-wrapper(...), anchorHoriz='center', anchorVert='center', antialias=True, autoDraw=False, autoLog=True, bold=False, color=array([1., 1., 1.]), colorSpace='rgb', contrast=1.0, depth=-2.0, flipHoriz=False, flipVert=False, font='Open Sans', fontFiles=[], height=0.12, italic=False, languageStyle='LTR', name='syncing_text', opacity=1.0, ori=0.0, pos=array([0. , 0.3]), rgb=UNKNOWN, text='Syncing…', units='norm', win=Window(...), wrapWidth=1)
10.9038 	EXP 	Created text_0 = TextStim(__class__=<class 'psychopy.visual.text.TextStim'>, alignHoriz=method-wrapper(...), alignText='center', alignVert=method-wrapper(...), anchorHoriz='center', anchorVert='center', antialias=True, autoDraw=False, autoLog=True, bold=False, color=array([1., 1., 1.]), colorSpace='rgb', contrast=1.0, depth=-3.0, flipHoriz=False, flipVert=False, font='Open Sans', fontFiles=[], height=0.1, italic=False, languageStyle='LTR', name='text_0', opacity=1.0, ori=0.0, pos=array([ 0. , -0.2]), rgb=UNKNOWN, text='0%', units='norm', win=Window(...), wrapWidth=1)
10.9072 	EXP 	Created Transparent = Rect(__class__=<class 'psychopy.visual.rect.Rect'>, anchor=('center', 'center'), autoDraw=False, autoLog=True, closeShape=True, color=method-wrapper(...), colorSpace='rgb', contrast=None, depth=-4.0, fillColor=array([0., 0., 0.]), fillColorSpace='rgb', fillRGB=array([0., 0., 0.]), interpolate=True, lineColor=array([1., 1., 1.]), lineColorSpace='rgb', lineRGB=array([1, 1, 1]), lineWidth=1.2, name='Transparent', opacity=1.0, ori=0.0, pos=array([0., 0.]), size=array([1. , 0.1]), units='norm', vertices=ndarray(...), win=Window(...))
10.9085 	EXP 	Created Loading_25 = Rect(__class__=<class 'psychopy.visual.rect.Rect'>, anchor=('center', 'center'), autoDraw=False, autoLog=True, closeShape=True, color=method-wrapper(...), colorSpace='rgb', contrast=None, depth=-5.0, fillColor=array([1, 1, 1]), fillColorSpace='rgb', fillRGB=array([1, 1, 1]), interpolate=True, lineColor=array([1., 1., 1.]), lineColorSpace='rgb', lineRGB=array([1, 1, 1]), lineWidth=1.0, name='Loading_25', opacity=1.0, ori=0.0, pos=array([-0.375,  0.   ]), size=array([0.25, 0.1 ]), units='norm', vertices=ndarray(...), win=Window(...))
10.9114 	EXP 	Created text_25 = TextStim(__class__=<class 'psychopy.visual.text.TextStim'>, alignHoriz=method-wrapper(...), alignText='center', alignVert=method-wrapper(...), anchorHoriz='center', anchorVert='center', antialias=True, autoDraw=False, autoLog=True, bold=False, color=array([1., 1., 1.]), colorSpace='rgb', contrast=1.0, depth=-6.0, flipHoriz=False, flipVert=False, font='Open Sans', fontFiles=[], height=0.1, italic=False, languageStyle='LTR', name='text_25', opacity=1.0, ori=0.0, pos=array([ 0. , -0.2]), rgb=UNKNOWN, text='25%', units='norm', win=Window(...), wrapWidth=1)
10.9128 	EXP 	Created Loading_50 = Rect(__class__=<class 'psychopy.visual.rect.Rect'>, anchor=('center', 'center'), autoDraw=False, autoLog=True, closeShape=True, color=method-wrapper(...), colorSpace='rgb', contrast=None, depth=-7.0, fillColor=array([1, 1, 1]), fillColorSpace='rgb', fillRGB=array([1, 1, 1]), interpolate=True, lineColor=array([1., 1., 1.]), lineColorSpace='rgb', lineRGB=array([1, 1, 1]), lineWidth=1.0, name='Loading_50', opacity=1.0, ori=0.0, pos=array([-0.25,  0.  ]), size=array([0.5, 0.1]), units='norm', vertices=ndarray(...), win=Window(...))
10.9148 	EXP 	Created text_50 = TextStim(__class__=<class 'psychopy.visual.text.TextStim'>, alignHoriz=method-wrapper(...), alignText='center', alignVert=method-wrapper(...), anchorHoriz='center', anchorVert='center', antialias=True, autoDraw=False, autoLog=True, bold=False, color=array([1., 1., 1.]), colorSpace='rgb', contrast=1.0, depth=-8.0, flipHoriz=False, flipVert=False, font='Open Sans', fontFiles=[], height=0.1, italic=False, languageStyle='LTR', name='text_50', opacity=1.0, ori=0.0, pos=array([ 0. , -0.2]), rgb=UNKNOWN, text='50%', units='norm', win=Window(...), wrapWidth=1)
10.9162 	EXP 	Created Loading_75 = Rect(__class__=<class 'psychopy.visual.rect.Rect'>, anchor=('center', 'center'), autoDraw=False, autoLog=True, closeShape=True, color=method-wrapper(...), colorSpace='rgb', contrast=None, depth=-9.0, fillColor=array([1, 1, 1]), fillColorSpace='rgb', fillRGB=array([1, 1, 1]), interpolate=True, lineColor=array([1., 1., 1.]), lineColorSpace='rgb', lineRGB=array([1, 1, 1]), lineWidth=1.0, name='Loading_75', opacity=1.0, ori=0.0, pos=array([-0.125,  0.   ]), size=array([0.75, 0.1 ]), units='norm', vertices=ndarray(...), win=Window(...))
10.9185 	EXP 	Created text_75 = TextStim(__class__=<class 'psychopy.visual.text.TextStim'>, alignHoriz=method-wrapper(...), alignText='center', alignVert=method-wrapper(...), anchorHoriz='center', anchorVert='center', antialias=True, autoDraw=False, autoLog=True, bold=False, color=array([1., 1., 1.]), colorSpace='rgb', contrast=1.0, depth=-10.0, flipHoriz=False, flipVert=False, font='Open Sans', fontFiles=[], height=0.1, italic=False, languageStyle='LTR', name='text_75', opacity=1.0, ori=0.0, pos=array([ 0. , -0.2]), rgb=UNKNOWN, text='75%', units='norm', win=Window(...), wrapWidth=1)
10.9198 	EXP 	Created Loading_100 = Rect(__class__=<class 'psychopy.visual.rect.Rect'>, anchor=('center', 'center'), autoDraw=False, autoLog=True, closeShape=True, color=method-wrapper(...), colorSpace='rgb', contrast=None, depth=-11.0, fillColor=array([1, 1, 1]), fillColorSpace='rgb', fillRGB=array([1, 1, 1]), interpolate=True, lineColor=array([1., 1., 1.]), lineColorSpace='rgb', lineRGB=array([1, 1, 1]), lineWidth=1.0, name='Loading_100', opacity=1.0, ori=0.0, pos=array([0., 0.]), size=array([1. , 0.1]), units='norm', vertices=ndarray(...), win=Window(...))
10.9222 	EXP 	Created text_100 = TextStim(__class__=<class 'psychopy.visual.text.TextStim'>, alignHoriz=method-wrapper(...), alignText='center', alignVert=method-wrapper(...), anchorHoriz='center', anchorVert='center', antialias=True, autoDraw=False, autoLog=True, bold=False, color=array([1., 1., 1.]), colorSpace='rgb', contrast=1.0, depth=-12.0, flipHoriz=False, flipVert=False, font='Open Sans', fontFiles=[], height=0.1, italic=False, languageStyle='LTR', name='text_100', opacity=1.0, ori=0.0, pos=array([ 0. , -0.2]), rgb=UNKNOWN, text='100%', units='norm', win=Window(...), wrapWidth=1)
10.9231 	EXP 	Created Youhavematched = TextStim(__class__=<class 'psychopy.visual.text.TextStim'>, alignHoriz=method-wrapper(...), alignText='center', alignVert=method-wrapper(...), anchorHoriz='center', anchorVert='center', antialias=True, autoDraw=False, autoLog=True, bold=False, color=array([1., 1., 1.]), colorSpace='rgb', contrast=1.0, depth=-1.0, flipHoriz=False, flipVert=False, font='Open Sans', fontFiles=[], height=0.08, italic=False, languageStyle='LTR', name='Youhavematched', opacity=1.0, ori=0.0, pos=array([0. , 0.6]), rgb=UNKNOWN, text='', units='norm', win=Window(...), wrapWidth=1)
10.9287 	EXP 	Created partneremoji_image = ImageStim(__class__=<class 'psychopy.visual.image.ImageStim'>, anchor=('center', 'center'), autoLog=True, color=array([1., 1., 1.]), colorSpace='rgb', contrast=1.0, depth=-2.0, flipHoriz=False, flipVert=False, image='sin', interpolate=True, mask=None, maskParams=None, name='partneremoji_image', opacity=1.0, ori=0.0, pos=array([0., 0.]), size=array([0.5 , 0.75]), texRes=128.0, units='norm', win=Window(...))
10.9890 	EXP 	Created PressToContinue = TextStim(__class__=<class 'psychopy.visual.text.TextStim'>, alignHoriz=method-wrapper(...), alignText='center', alignVert=method-wrapper(...), anchorHoriz='center', anchorVert='center', antialias=True, autoDraw=False, autoLog=True, bold=False, color=array([1., 1., 1.]), colorSpace='rgb', contrast=1.0, depth=-4.0, flipHoriz=False, flipVert=False, font='Open Sans', fontFiles=[], height=0.08, italic=False, languageStyle='LTR', name='PressToContinue', opacity=1.0, ori=0.0, pos=array([ 0. , -0.6]), rgb=UNKNOWN, text='Press space to continue.', units='norm', win=Window(...), wrapWidth=1)
10.9958 	EXP 	Created photobeingshared_text = TextStim(__class__=<class 'psychopy.visual.text.TextStim'>, alignHoriz=method-wrapper(...), alignText='center', alignVert=method-wrapper(...), anchorHoriz='center', anchorVert='center', antialias=True, autoDraw=False, autoLog=True, bold=False, color=array([1., 1., 1.]), colorSpace='rgb', contrast=1.0, depth=0.0, flipHoriz=False, flipVert=False, font='Open Sans', fontFiles=[], height=0.09, italic=False, languageStyle='LTR', name='photobeingshared_text', opacity=1.0, ori=0.0, pos=array([0. , 0.6]), rgb=UNKNOWN, text='This photo is now being shared', units='norm', win=Window(...), wrapWidth=1)
11.0023 	EXP 	Created waitforfeedback_text = TextStim(__class__=<class 'psychopy.visual.text.TextStim'>, alignHoriz=method-wrapper(...), alignText='center', alignVert=method-wrapper(...), anchorHoriz='center', anchorVert='center', antialias=True, autoDraw=False, autoLog=True, bold=False, color=array([1., 1., 1.]), colorSpace='rgb', contrast=1.0, depth=-1.0, flipHoriz=False, flipVert=False, font='Open Sans', fontFiles=[], height=0.09, italic=False, languageStyle='LTR', name='waitforfeedback_text', opacity=1.0, ori=0.0, pos=array([ 0. , -0.6]), rgb=UNKNOWN, text='Please wait for feedback.', units='norm', win=Window(...), wrapWidth=1)
11.0061 	EXP 	Created participantimage_image = ImageStim(__class__=<class 'psychopy.visual.image.ImageStim'>, anchor=('center', 'center'), autoLog=True, color=array([1., 1., 1.]), colorSpace='rgb', contrast=1.0, depth=-3.0, flipHoriz=False, flipVert=False, image='sin', interpolate=True, mask=None, maskParams=None, name='participantimage_image', opacity=1.0, ori=0.0, pos=array([0., 0.]), size=array([0.5 , 0.75]), texRes=128.0, units='norm', win=Window(...))
11.0109 	EXP 	Created waiting_text = TextStim(__class__=<class 'psychopy.visual.text.TextStim'>, alignHoriz=method-wrapper(...), alignText='center', alignVert=method-wrapper(...), anchorHoriz='center', anchorVert='center', antialias=True, autoDraw=False, autoLog=True, bold=False, color=array([1., 1., 1.]), colorSpace='rgb', contrast=1.0, depth=0.0, flipHoriz=False, flipVert=False, font='Open Sans', fontFiles=[], height=0.15, italic=False, languageStyle='LTR', name='waiting_text', opacity=1.0, ori=0.0, pos=array([0., 0.]), rgb=UNKNOWN, text='Waiting…', units='norm', win=Window(...), wrapWidth=1)
11.0119 	EXP 	Created displayfeedback_text = TextStim(__class__=<class 'psychopy.visual.text.TextStim'>, alignHoriz=method-wrapper(...), alignText='center', alignVert=method-wrapper(...), anchorHoriz='center', anchorVert='center', antialias=True, autoDraw=False, autoLog=True, bold=False, color=array([1., 1., 1.]), colorSpace='rgb', contrast=1.0, depth=0.0, flipHoriz=False, flipVert=False, font='Open Sans', fontFiles=[], height=0.12, italic=False, languageStyle='LTR', name='displayfeedback_text', opacity=1.0, ori=0.0, pos=array([0.  , 0.75]), rgb=UNKNOWN, text='', units='norm', win=Window(...), wrapWidth=1)
11.0157 	EXP 	Created fdbkimage_image = ImageStim(__class__=<class 'psychopy.visual.image.ImageStim'>, anchor=('center', 'center'), autoLog=True, color=array([1., 1., 1.]), colorSpace='rgb', contrast=1.0, depth=-1.0, flipHoriz=False, flipVert=False, image='sin', interpolate=True, mask=None, maskParams=None, name='fdbkimage_image', opacity=1.0, ori=0.0, pos=array([0., 0.]), size=array([0.75, 1.25]), texRes=128.0, units='norm', win=Window(...))
11.0210 	EXP 	Created presstosharenextphoto_text = TextStim(__class__=<class 'psychopy.visual.text.TextStim'>, alignHoriz=method-wrapper(...), alignText='center', alignVert=method-wrapper(...), anchorHoriz='center', anchorVert='center', antialias=True, autoDraw=False, autoLog=True, bold=False, color=array([1., 1., 1.]), colorSpace='rgb', contrast=1.0, depth=0.0, flipHoriz=False, flipVert=False, font='Open Sans', fontFiles=[], height=0.09, italic=False, languageStyle='LTR', name='presstosharenextphoto_text', opacity=1.0, ori=0.0, pos=array([0., 0.]), rgb=UNKNOWN, text='Press space to share your next photo.', units='norm', win=Window(...), wrapWidth=1)
11.0927 	EXP 	Created WTP_ins_text1 = TextStim(__class__=<class 'psychopy.visual.text.TextStim'>, alignHoriz=method-wrapper(...), alignText='center', alignVert=method-wrapper(...), anchorHoriz='center', anchorVert='center', antialias=True, autoDraw=False, autoLog=True, bold=False, color=array([1., 1., 1.]), colorSpace='rgb', contrast=1.0, depth=0.0, flipHoriz=False, flipVert=False, font='Open Sans', fontFiles=[], height=0.07, italic=False, languageStyle='LTR', name='WTP_ins_text1', opacity=1.0, ori=0.0, pos=array([0. , 0.3]), rgb=UNKNOWN, text=str(...), units='norm', win=Window(...), wrapWidth=1)
11.1641 	EXP 	Created WTP_ins_text2 = TextStim(__class__=<class 'psychopy.visual.text.TextStim'>, alignHoriz=method-wrapper(...), alignText='center', alignVert=method-wrapper(...), anchorHoriz='center', anchorVert='center', antialias=True, autoDraw=False, autoLog=True, bold=False, color=array([1., 1., 1.]), colorSpace='rgb', contrast=1.0, depth=0.0, flipHoriz=False, flipVert=False, font='Open Sans', fontFiles=[], height=0.05, italic=False, languageStyle='LTR', name='WTP_ins_text2', opacity=1.0, ori=0.0, pos=array([0., 0.]), rgb=UNKNOWN, text=str(...), units='norm', win=Window(...), wrapWidth=1)
11.2191 	EXP 	Created Left_Experience = TextStim(__class__=<class 'psychopy.visual.text.TextStim'>, alignHoriz=method-wrapper(...), alignText='center', alignVert=method-wrapper(...), anchorHoriz='center', anchorVert='center', antialias=True, autoDraw=False, autoLog=True, bold=False, color=array([1., 1., 1.]), colorSpace='rgb', contrast=1.0, depth=0.0, flipHoriz=False, flipVert=False, font='Open Sans', fontFiles=[], height=0.05, italic=False, languageStyle='LTR', name='Left_Experience', opacity=1.0, ori=0.0, pos=array([0.5, 0.1]), rgb=UNKNOWN, text='', units='norm', win=Window(...), wrapWidth=1)
11.2200 	EXP 	Created Right_Experience = TextStim(__class__=<class 'psychopy.visual.text.TextStim'>, alignHoriz=method-wrapper(...), alignText='center', alignVert=method-wrapper(...), anchorHoriz='center', anchorVert='center', antialias=True, autoDraw=False, autoLog=True, bold=False, color=array([1., 1., 1.]), colorSpace='rgb', contrast=1.0, depth=-1.0, flipHoriz=False, flipVert=False, font='Open Sans', fontFiles=[], height=0.05, italic=False, languageStyle='LTR', name='Right_Experience', opacity=1.0, ori=0.0, pos=array([-0.5,  0.1]), rgb=UNKNOWN, text='', units='norm', win=Window(...), wrapWidth=1)
11.2210 	EXP 	Created Left_Price = TextStim(__class__=<class 'psychopy.visual.text.TextStim'>, alignHoriz=method-wrapper(...), alignText='center', alignVert=method-wrapper(...), anchorHoriz='center', anchorVert='center', antialias=True, autoDraw=False, autoLog=True, bold=False, color=array([1., 1., 1.]), colorSpace='rgb', contrast=1.0, depth=-2.0, flipHoriz=False, flipVert=False, font='Open Sans', fontFiles=[], height=0.05, italic=False, languageStyle='LTR', name='Left_Price', opacity=1.0, ori=0.0, pos=array([ 0.5, -0.5]), rgb=UNKNOWN, text='', units='norm', win=Window(...), wrapWidth=1)
11.2220 	EXP 	Created Right_Price = TextStim(__class__=<class 'psychopy.visual.text.TextStim'>, alignHoriz=method-wrapper(...), alignText='center', alignVert=method-wrapper(...), anchorHoriz='center', anchorVert='center', antialias=True, autoDraw=False, autoLog=True, bold=False, color=array([1., 1., 1.]), colorSpace='rgb', contrast=1.0, depth=-3.0, flipHoriz=False, flipVert=False, font='Open Sans', fontFiles=[], height=0.05, italic=False, languageStyle='LTR', name='Right_Price', opacity=1.0, ori=0.0, pos=array([-0.5, -0.5]), rgb=UNKNOWN, text='', units='norm', win=Window(...), wrapWidth=1)
11.2757 	EXP 	Created ITI_text = TextStim(__class__=<class 'psychopy.visual.text.TextStim'>, alignHoriz=method-wrapper(...), alignText='center', alignVert=method-wrapper(...), anchorHoriz='center', anchorVert='center', antialias=True, autoDraw=False, autoLog=True, bold=False, color=array([1., 1., 1.]), colorSpace='rgb', contrast=1.0, depth=0.0, flipHoriz=False, flipVert=False, font='Open Sans', fontFiles=[], height=0.05, italic=False, languageStyle='LTR', name='ITI_text', opacity=1.0, ori=0.0, pos=array([0., 0.]), rgb=UNKNOWN, text='', units='norm', win=Window(...), wrapWidth=1)
11.3285 	EXP 	Created Resume_Text = TextStim(__class__=<class 'psychopy.visual.text.TextStim'>, alignHoriz=method-wrapper(...), alignText='center', alignVert=method-wrapper(...), anchorHoriz='center', anchorVert='center', antialias=True, autoDraw=False, autoLog=True, bold=False, color=array([1., 1., 1.]), colorSpace='rgb', contrast=1.0, depth=-2.0, flipHoriz=False, flipVert=False, font='Open Sans', fontFiles=[], height=0.12, italic=False, languageStyle='LTR', name='Resume_Text', opacity=1.0, ori=0.0, pos=array([0., 0.]), rgb=UNKNOWN, text='', units='norm', win=Window(...), wrapWidth=1)
11.3445 	EXP 	window1: mouseVisible = True
11.4149 	EXP 	Created slider = Slider(__class__=<class 'psychopy.visual.slider.Slider'>, autoDraw=False, autoLog=True, borderColor=None, color=None, colorSpace='rgb', depth=-5, fillColor=None, flip=False, font='Open Sans', granularity=0.0, labelColor=None, labelHeight=0.05, labelWrapWidth=None, labels=(1, 2, 3, 4, 5), lineColor=None, markerColor=None, name='slider', opacity=None, ori=0.0, pos=array([ 0. , -0.4]), readOnly=False, self=UNKNOWN, size=array([1. , 0.1]), startValue=999, style='rating', styleTweaks=['labels45', 'triangleMarker'], ticks=array([1, 2, 3, 4, 5]), units='norm', win=Window(...))
11.4161 	EXP 	Created saliencequestion_text = TextStim(__class__=<class 'psychopy.visual.text.TextStim'>, alignHoriz=method-wrapper(...), alignText='center', alignVert=method-wrapper(...), anchorHoriz='center', anchorVert='center', antialias=True, autoDraw=False, autoLog=True, bold=False, color=array([1., 1., 1.]), colorSpace='rgb', contrast=1.0, depth=-1.0, flipHoriz=False, flipVert=False, font='Open Sans', fontFiles=[], height=0.06, italic=False, languageStyle='LTR', name='saliencequestion_text', opacity=1.0, ori=0.0, pos=array([0. , 0.6]), rgb=UNKNOWN, text='', units='norm', win=Window(...), wrapWidth=1)
11.4727 	EXP 	Created salienceavatar_image = ImageStim(__class__=<class 'psychopy.visual.image.ImageStim'>, anchor=('center', 'center'), autoLog=True, color=array([1., 1., 1.]), colorSpace='rgb', contrast=1.0, depth=-3.0, flipHoriz=False, flipVert=False, image='sin', interpolate=True, mask=None, maskParams=None, name='salienceavatar_image', opacity=1.0, ori=0.0, pos=array([0., 0.]), size=array([0.3 , 0.55]), texRes=128.0, units='norm', win=Window(...))
11.4793 	EXP 	Created saliencecontinue_text = TextStim(__class__=<class 'psychopy.visual.text.TextStim'>, alignHoriz=method-wrapper(...), alignText='center', alignVert=method-wrapper(...), anchorHoriz='center', anchorVert='center', antialias=True, autoDraw=False, autoLog=True, bold=False, color=array([1., 1., 1.]), colorSpace='rgb', contrast=1.0, depth=-4.0, flipHoriz=False, flipVert=False, font='Open Sans', fontFiles=[], height=0.07, italic=False, languageStyle='LTR', name='saliencecontinue_text', opacity=1.0, ori=0.0, pos=array([ 0. , -0.8]), rgb=UNKNOWN, text='Press space to enter rating and continue.', units='norm', win=Window(...), wrapWidth=1)
11.4804 	EXP 	Created displayrating_text = TextStim(__class__=<class 'psychopy.visual.text.TextStim'>, alignHoriz=method-wrapper(...), alignText='center', alignVert=method-wrapper(...), anchorHoriz='center', anchorVert='center', antialias=True, autoDraw=False, autoLog=True, bold=False, color=array([1., 1., 1.]), colorSpace='rgb', contrast=1.0, depth=-5.0, flipHoriz=False, flipVert=False, font='Open Sans', fontFiles=[], height=0.065, italic=False, languageStyle='LTR', name='displayrating_text', opacity=1.0, ori=0.0, pos=array([ 0.  , -0.65]), rgb=UNKNOWN, text='', units='norm', win=Window(...), wrapWidth=1)
11.4849 	EXP 	window1: mouseVisible = True
11.5720 	EXP 	Created slider = Slider(__class__=<class 'psychopy.visual.slider.Slider'>, autoDraw=False, autoLog=True, borderColor=None, color=None, colorSpace='rgb', depth=-5, fillColor=None, flip=False, font='Open Sans', granularity=0.0, labelColor=None, labelHeight=0.05, labelWrapWidth=None, labels=(1, 2, 3, 4, 5, 6, 7, 8, 9), lineColor=None, markerColor=None, name='slider', opacity=None, ori=0.0, pos=array([ 0. , -0.4]), readOnly=False, self=UNKNOWN, size=array([1. , 0.1]), startValue=999, style='rating', styleTweaks=['labels45', 'triangleMarker'], ticks=array([1, 2, 3, 4, 5, 6, 7, 8, 9]), units='norm', win=Window(...))
11.5729 	EXP 	Created stresslevel_text = TextStim(__class__=<class 'psychopy.visual.text.TextStim'>, alignHoriz=method-wrapper(...), alignText='center', alignVert=method-wrapper(...), anchorHoriz='center', anchorVert='center', antialias=True, autoDraw=False, autoLog=True, bold=False, color=array([1., 1., 1.]), colorSpace='rgb', contrast=1.0, depth=-1.0, flipHoriz=False, flipVert=False, font='Open Sans', fontFiles=[], height=0.08, italic=False, languageStyle='LTR', name='stresslevel_text', opacity=1.0, ori=0.0, pos=array([0. , 0.3]), rgb=UNKNOWN, text='', units='norm', win=Window(...), wrapWidth=1)
11.6263 	EXP 	Created displaystressrating_text = TextStim(__class__=<class 'psychopy.visual.text.TextStim'>, alignHoriz=method-wrapper(...), alignText='center', alignVert=method-wrapper(...), anchorHoriz='center', anchorVert='center', antialias=True, autoDraw=False, autoLog=True, bold=False, color=array([1., 1., 1.]), colorSpace='rgb', contrast=1.0, depth=-3.0, flipHoriz=False, flipVert=False, font='Open Sans', fontFiles=[], height=0.08, italic=False, languageStyle='LTR', name='displaystressrating_text', opacity=1.0, ori=0.0, pos=array([ 0.  , -0.65]), rgb=UNKNOWN, text='', units='norm', win=Window(...), wrapWidth=1)
11.6356 	WARNING 	t of last frame was 1250.81ms (=1/0)
11.6356 	EXP 	slider: autoLog = True
11.6356 	EXP 	slider: markerPos = 999
11.6356 	EXP 	slider: styleTweaks = []
11.6356 	EXP 	slider: styleTweaks = []
11.6356 	EXP 	slider: styleTweaks = ['labels45', 'triangleMarker']
11.6356 	EXP 	slider: styleTweaks = ['labels45', 'triangleMarker']
11.6356 	EXP 	slider: contrast = 1.0
11.6356 	EXP 	slider: autoLog = True
11.6356 	EXP 	slider: autoLog = True
11.6356 	EXP 	slider: markerPos = 999
11.6356 	EXP 	slider: styleTweaks = []
11.6356 	EXP 	slider: styleTweaks = []
11.6356 	EXP 	slider: styleTweaks = ['labels45', 'triangleMarker']
11.6356 	EXP 	slider: styleTweaks = ['labels45', 'triangleMarker']
11.6356 	EXP 	slider: contrast = 1.0
11.6356 	EXP 	slider: autoLog = True
11.6356 	EXP 	Welcome: autoDraw = True
12.5044 	WARNING 	t of last frame was 21.75ms (=1/45)
12.5486 	WARNING 	Multiple dropped frames have occurred - I'll stop bothering you about them!
12.6010 	DATA 	Keypress: space
12.6044 	EXP 	Welcome: autoDraw = False
12.6044 	EXP 	FirstInstructions: autoDraw = True
12.9649 	EXP 	Imported /Users/melanieruiz/Desktop/WTP_SM_Choice/Participant_Images/101/101_trials.csv as conditions, 150 conditions, 6 params
12.9658 	EXP 	Created sequence: sequential, trialTypes=150, nReps=1, seed=None
12.9661 	EXP 	New trial (rep=0, index=0): OrderedDict([('TrialNumber', 1), ('Partner', 'Alex'), ('Condition', 'Neutral'), ('Photos', 'Participant_Images/101/101_Images/101_Image_24.jpg'), ('Feedback', 'did not like'), ('FeedbackWait', 3.613205605)])
12.9798 	DATA 	Keypress: space
12.9826 	EXP 	FirstInstructions: autoDraw = False
12.9826 	EXP 	Match_text: autoDraw = True
15.9753 	EXP 	syncing_text: autoDraw = True
15.9753 	EXP 	text_0: autoDraw = True
15.9753 	EXP 	Transparent: autoDraw = True
15.9804 	EXP 	Match_text: autoDraw = False
17.2143 	EXP 	Loading_25: autoDraw = True
17.2143 	EXP 	text_25: autoDraw = True
17.2190 	EXP 	text_0: autoDraw = False
18.4641 	EXP 	Loading_25: autoDraw = False
18.4641 	EXP 	text_25: autoDraw = False
18.4641 	EXP 	Loading_50: autoDraw = True
18.4641 	EXP 	text_50: autoDraw = True
19.7032 	EXP 	Loading_50: autoDraw = False
19.7032 	EXP 	text_50: autoDraw = False
19.7091 	EXP 	Loading_75: autoDraw = True
19.7091 	EXP 	text_75: autoDraw = True
20.9515 	EXP 	Loading_75: autoDraw = False
20.9515 	EXP 	text_75: autoDraw = False
20.9643 	EXP 	Loading_100: autoDraw = True
20.9643 	EXP 	text_100: autoDraw = True
21.1188 	DATA 	Keypress: space
21.5278 	DATA 	Keypress: space
21.8923 	DATA 	Keypress: space
22.1617 	DATA 	Keypress: space
22.2144 	EXP 	Loading_100: autoDraw = False
22.2144 	EXP 	text_100: autoDraw = False
22.2409 	EXP 	syncing_text: autoDraw = False
22.2409 	EXP 	Transparent: autoDraw = False
22.2409 	EXP 	Match_text: autoDraw = False
22.2409 	EXP 	syncing_text: autoDraw = False
22.2409 	EXP 	text_0: autoDraw = False
22.2409 	EXP 	Transparent: autoDraw = False
22.2409 	EXP 	Loading_25: autoDraw = False
22.2409 	EXP 	text_25: autoDraw = False
22.2409 	EXP 	Loading_50: autoDraw = False
22.2409 	EXP 	text_50: autoDraw = False
22.2409 	EXP 	Loading_75: autoDraw = False
22.2409 	EXP 	text_75: autoDraw = False
22.2409 	EXP 	Loading_100: autoDraw = False
22.2409 	EXP 	text_100: autoDraw = False
22.2409 	EXP 	Youhavematched: height = 0.08
22.2409 	EXP 	Youhavematched: height = 0.08
22.2409 	EXP 	Youhavematched: height = 0.08
22.2409 	EXP 	Youhavematched: text = 'You have matched with: Alex'
22.2409 	EXP 	partneremoji_image: image = 'Images/cowboyemoji.png'
22.2409 	EXP 	Youhavematched: autoDraw = True
22.2409 	EXP 	partneremoji_image: autoDraw = True
22.2409 	EXP 	PressToContinue: autoDraw = True
22.8150 	DATA 	Keypress: space
22.8271 	EXP 	Youhavematched: autoDraw = False
22.8271 	EXP 	partneremoji_image: autoDraw = False
22.8271 	EXP 	PressToContinue: autoDraw = False
22.8271 	EXP 	participantimage_image: image = 'Participant_Images/101/101_Images/101_Image_24.jpg'
22.8271 	EXP 	photobeingshared_text: autoDraw = True
22.8271 	EXP 	waitforfeedback_text: autoDraw = True
22.8271 	EXP 	participantimage_image: autoDraw = True
22.9374 	DATA 	Keypress: space
25.5703 	EXP 	photobeingshared_text: autoDraw = False
25.5703 	EXP 	waitforfeedback_text: autoDraw = False
25.5703 	EXP 	participantimage_image: autoDraw = False
25.5703 	EXP 	waiting_text: autoDraw = True
26.4027 	DATA 	Keypress: c
26.7697 	DATA 	Keypress: space
27.2941 	DATA 	Keypress: space
30.5711 	EXP 	waiting_text: autoDraw = False
30.5711 	EXP 	displayfeedback_text: height = 0.12
30.5711 	EXP 	displayfeedback_text: height = 0.12
30.5711 	EXP 	displayfeedback_text: height = 0.12
30.5711 	EXP 	displayfeedback_text: text = 'Alex did not like your photo'
30.5711 	EXP 	fdbkimage_image: image = 'Images/thumbsdown.png'
30.5711 	EXP 	displayfeedback_text: autoDraw = True
30.5711 	EXP 	fdbkimage_image: autoDraw = True
33.5641 	EXP 	displayfeedback_text: autoDraw = False
33.5641 	EXP 	fdbkimage_image: autoDraw = False
33.5641 	EXP 	presstosharenextphoto_text: autoDraw = True
34.2163 	EXP 	Created sequence: random, trialTypes=1, nReps=0, seed=None
34.2183 	DATA 	Keypress: space
34.2567 	EXP 	New trial (rep=0, index=1): OrderedDict([('TrialNumber', 2), ('Partner', 'Alex'), ('Condition', 'Neutral'), ('Photos', 'Participant_Images/101/101_Images/101_Image_9.jpg'), ('Feedback', 'did not like'), ('FeedbackWait', 4.988446431)])
34.4155 	EXP 	presstosharenextphoto_text: autoDraw = False
34.4155 	EXP 	slider: markerPos = 3
34.4155 	EXP 	saliencequestion_text: height = 0.06
34.4155 	EXP 	saliencequestion_text: height = 0.06
34.4155 	EXP 	saliencequestion_text: height = 0.06
34.4155 	EXP 	saliencequestion_text: text = 'How likely are you to share photos with Alex in the future? \n\n Use your left and right arrows to move the arrow to your desired rating.'
34.4155 	EXP 	salienceavatar_image: image = 'Images/cowboyemoji.png'
34.4155 	EXP 	displayrating_text: text = ''
34.4155 	EXP 	saliencequestion_text: autoDraw = False
34.4155 	EXP 	salienceavatar_image: autoDraw = False
34.4155 	EXP 	saliencecontinue_text: autoDraw = False
34.4155 	EXP 	displayrating_text: autoDraw = False
34.4155 	EXP 	slider: markerPos = 5
34.4155 	EXP 	stresslevel_text: height = 0.08
34.4155 	EXP 	stresslevel_text: height = 0.08
34.4155 	EXP 	stresslevel_text: height = 0.08
34.4155 	EXP 	stresslevel_text: text = 'Please rate your current stress level. \n\n\n Use your mouse or left and right arrows to move the arrow to your desired rating.'
34.4155 	EXP 	displaystressrating_text: text = ''
34.4155 	EXP 	stresslevel_text: autoDraw = False
34.4155 	EXP 	displaystressrating_text: autoDraw = False
34.4155 	EXP 	Match_text: autoDraw = False
34.4155 	EXP 	syncing_text: autoDraw = False
34.4155 	EXP 	text_0: autoDraw = False
34.4155 	EXP 	Transparent: autoDraw = False
34.4155 	EXP 	Loading_25: autoDraw = False
34.4155 	EXP 	text_25: autoDraw = False
34.4155 	EXP 	Loading_50: autoDraw = False
34.4155 	EXP 	text_50: autoDraw = False
34.4155 	EXP 	Loading_75: autoDraw = False
34.4155 	EXP 	text_75: autoDraw = False
34.4155 	EXP 	Loading_100: autoDraw = False
34.4155 	EXP 	text_100: autoDraw = False
34.4155 	EXP 	Youhavematched: text = 'You have matched with: Alex'
34.4155 	EXP 	partneremoji_image: image = 'Images/cowboyemoji.png'
34.4155 	EXP 	Youhavematched: autoDraw = False
34.4155 	EXP 	partneremoji_image: autoDraw = False
34.4155 	EXP 	PressToContinue: autoDraw = False
34.4155 	EXP 	participantimage_image: image = 'Participant_Images/101/101_Images/101_Image_9.jpg'
34.4155 	EXP 	photobeingshared_text: autoDraw = True
34.4155 	EXP 	waitforfeedback_text: autoDraw = True
34.4155 	EXP 	participantimage_image: autoDraw = True
37.2690 	EXP 	photobeingshared_text: autoDraw = False
37.2690 	EXP 	waitforfeedback_text: autoDraw = False
37.2690 	EXP 	participantimage_image: autoDraw = False
37.2690 	EXP 	waiting_text: autoDraw = True
42.2640 	EXP 	waiting_text: autoDraw = False
42.2640 	EXP 	waiting_text: autoDraw = False
42.2640 	EXP 	displayfeedback_text: text = 'Alex did not like your photo'
42.2640 	EXP 	fdbkimage_image: image = 'Images/thumbsdown.png'
42.2640 	EXP 	displayfeedback_text: autoDraw = True
42.2640 	EXP 	fdbkimage_image: autoDraw = True
45.2662 	EXP 	displayfeedback_text: autoDraw = False
45.2662 	EXP 	fdbkimage_image: autoDraw = False
45.2662 	EXP 	displayfeedback_text: autoDraw = False
45.2662 	EXP 	fdbkimage_image: autoDraw = False
45.2662 	EXP 	presstosharenextphoto_text: autoDraw = True
45.8284 	EXP 	Created sequence: random, trialTypes=1, nReps=0, seed=None
45.8296 	DATA 	Keypress: space
45.8386 	EXP 	New trial (rep=0, index=2): OrderedDict([('TrialNumber', 3), ('Partner', 'Alex'), ('Condition', 'Neutral'), ('Photos', 'Participant_Images/101/101_Images/101_Image_4.jpg'), ('Feedback', 'liked'), ('FeedbackWait', 3.470791822)])
46.0095 	EXP 	presstosharenextphoto_text: autoDraw = False
46.0095 	EXP 	slider: markerPos = 3
46.0095 	EXP 	saliencequestion_text: text = 'How likely are you to share photos with Alex in the future? \n\n Use your left and right arrows to move the arrow to your desired rating.'
46.0095 	EXP 	salienceavatar_image: image = 'Images/cowboyemoji.png'
46.0095 	EXP 	displayrating_text: text = ''
46.0095 	EXP 	saliencequestion_text: autoDraw = False
46.0095 	EXP 	salienceavatar_image: autoDraw = False
46.0095 	EXP 	saliencecontinue_text: autoDraw = False
46.0095 	EXP 	displayrating_text: autoDraw = False
46.0095 	EXP 	slider: markerPos = 5
46.0095 	EXP 	stresslevel_text: text = 'Please rate your current stress level. \n\n\n Use your mouse or left and right arrows to move the arrow to your desired rating.'
46.0095 	EXP 	displaystressrating_text: text = ''
46.0095 	EXP 	stresslevel_text: autoDraw = False
46.0095 	EXP 	displaystressrating_text: autoDraw = False
46.0095 	EXP 	Match_text: autoDraw = False
46.0095 	EXP 	syncing_text: autoDraw = False
46.0095 	EXP 	text_0: autoDraw = False
46.0095 	EXP 	Transparent: autoDraw = False
46.0095 	EXP 	Loading_25: autoDraw = False
46.0095 	EXP 	text_25: autoDraw = False
46.0095 	EXP 	Loading_50: autoDraw = False
46.0095 	EXP 	text_50: autoDraw = False
46.0095 	EXP 	Loading_75: autoDraw = False
46.0095 	EXP 	text_75: autoDraw = False
46.0095 	EXP 	Loading_100: autoDraw = False
46.0095 	EXP 	text_100: autoDraw = False
46.0095 	EXP 	Youhavematched: text = 'You have matched with: Alex'
46.0095 	EXP 	partneremoji_image: image = 'Images/cowboyemoji.png'
46.0095 	EXP 	Youhavematched: autoDraw = False
46.0095 	EXP 	partneremoji_image: autoDraw = False
46.0095 	EXP 	PressToContinue: autoDraw = False
46.0095 	EXP 	participantimage_image: image = 'Participant_Images/101/101_Images/101_Image_4.jpg'
46.0095 	EXP 	photobeingshared_text: autoDraw = True
46.0095 	EXP 	waitforfeedback_text: autoDraw = True
46.0095 	EXP 	participantimage_image: autoDraw = True
47.4424 	DATA 	Keypress: space
47.9860 	DATA 	Keypress: space
48.1872 	DATA 	Keypress: space
48.4132 	DATA 	Keypress: space
48.5373 	DATA 	Keypress: space
48.7039 	DATA 	Keypress: space
48.8561 	EXP 	photobeingshared_text: autoDraw = False
48.8561 	EXP 	waitforfeedback_text: autoDraw = False
48.8561 	EXP 	participantimage_image: autoDraw = False
48.8561 	EXP 	waiting_text: autoDraw = True
48.8924 	DATA 	Keypress: space
49.2265 	DATA 	Keypress: space
49.4065 	DATA 	Keypress: space
49.5987 	DATA 	Keypress: space
49.7715 	DATA 	Keypress: space
49.9599 	DATA 	Keypress: space
50.1408 	DATA 	Keypress: space
51.1134 	DATA 	Keypress: space
51.3562 	DATA 	Keypress: space
51.6102 	DATA 	Keypress: space
51.8245 	DATA 	Keypress: space
52.0563 	DATA 	Keypress: space
52.3045 	DATA 	Keypress: space
52.5333 	DATA 	Keypress: space
52.8023 	DATA 	Keypress: space
53.1132 	DATA 	Keypress: space
53.3875 	DATA 	Keypress: space
53.6328 	DATA 	Keypress: space
53.9709 	DATA 	Keypress: space
53.9739 	EXP 	waiting_text: autoDraw = False
53.9739 	EXP 	displayfeedback_text: height = 0.12
53.9739 	EXP 	displayfeedback_text: height = 0.12
53.9739 	EXP 	displayfeedback_text: height = 0.12
53.9739 	EXP 	displayfeedback_text: text = 'Alex liked your photo'
53.9739 	EXP 	fdbkimage_image: image = 'Images/thumbsup.png'
53.9739 	EXP 	displayfeedback_text: autoDraw = True
53.9739 	EXP 	fdbkimage_image: autoDraw = True
54.1372 	DATA 	Keypress: space
54.4245 	DATA 	Keypress: space
55.0011 	DATA 	Keypress: space
55.2099 	DATA 	Keypress: space
56.8679 	EXP 	displayfeedback_text: autoDraw = False
56.8679 	EXP 	fdbkimage_image: autoDraw = False
56.8679 	EXP 	presstosharenextphoto_text: autoDraw = True
58.3713 	EXP 	Created sequence: random, trialTypes=1, nReps=0, seed=None
58.3740 	DATA 	Keypress: space
58.3860 	EXP 	New trial (rep=0, index=3): OrderedDict([('TrialNumber', 4), ('Partner', 'Alex'), ('Condition', 'Neutral'), ('Photos', 'Participant_Images/101/101_Images/101_Image_1.jpg'), ('Feedback', 'liked'), ('FeedbackWait', 3.820572462)])
58.5266 	EXP 	presstosharenextphoto_text: autoDraw = False
58.5266 	EXP 	slider: markerPos = 3
58.5266 	EXP 	saliencequestion_text: text = 'How likely are you to share photos with Alex in the future? \n\n Use your left and right arrows to move the arrow to your desired rating.'
58.5266 	EXP 	salienceavatar_image: image = 'Images/cowboyemoji.png'
58.5266 	EXP 	displayrating_text: text = ''
58.5266 	EXP 	saliencequestion_text: autoDraw = False
58.5266 	EXP 	salienceavatar_image: autoDraw = False
58.5266 	EXP 	saliencecontinue_text: autoDraw = False
58.5266 	EXP 	displayrating_text: autoDraw = False
58.5266 	EXP 	slider: markerPos = 5
58.5266 	EXP 	stresslevel_text: text = 'Please rate your current stress level. \n\n\n Use your mouse or left and right arrows to move the arrow to your desired rating.'
58.5266 	EXP 	displaystressrating_text: text = ''
58.5266 	EXP 	stresslevel_text: autoDraw = False
58.5266 	EXP 	displaystressrating_text: autoDraw = False
58.5266 	EXP 	Match_text: autoDraw = False
58.5266 	EXP 	syncing_text: autoDraw = False
58.5266 	EXP 	text_0: autoDraw = False
58.5266 	EXP 	Transparent: autoDraw = False
58.5266 	EXP 	Loading_25: autoDraw = False
58.5266 	EXP 	text_25: autoDraw = False
58.5266 	EXP 	Loading_50: autoDraw = False
58.5266 	EXP 	text_50: autoDraw = False
58.5266 	EXP 	Loading_75: autoDraw = False
58.5266 	EXP 	text_75: autoDraw = False
58.5266 	EXP 	Loading_100: autoDraw = False
58.5266 	EXP 	text_100: autoDraw = False
58.5266 	EXP 	Youhavematched: text = 'You have matched with: Alex'
58.5266 	EXP 	partneremoji_image: image = 'Images/cowboyemoji.png'
58.5266 	EXP 	Youhavematched: autoDraw = False
58.5266 	EXP 	partneremoji_image: autoDraw = False
58.5266 	EXP 	PressToContinue: autoDraw = False
58.5266 	EXP 	participantimage_image: image = 'Participant_Images/101/101_Images/101_Image_1.jpg'
58.5266 	EXP 	photobeingshared_text: autoDraw = True
58.5266 	EXP 	waitforfeedback_text: autoDraw = True
58.5266 	EXP 	participantimage_image: autoDraw = True
60.4993 	DATA 	Keypress: space
61.4101 	EXP 	photobeingshared_text: autoDraw = False
61.4101 	EXP 	waitforfeedback_text: autoDraw = False
61.4101 	EXP 	participantimage_image: autoDraw = False
61.4101 	EXP 	waiting_text: autoDraw = True
66.4024 	EXP 	waiting_text: autoDraw = False
66.4024 	EXP 	displayfeedback_text: text = 'Alex liked your photo'
66.4024 	EXP 	fdbkimage_image: image = 'Images/thumbsup.png'
66.4024 	EXP 	displayfeedback_text: autoDraw = True
66.4024 	EXP 	fdbkimage_image: autoDraw = True
69.4031 	EXP 	displayfeedback_text: autoDraw = False
69.4031 	EXP 	fdbkimage_image: autoDraw = False
69.4031 	EXP 	presstosharenextphoto_text: autoDraw = True
70.4269 	EXP 	Created sequence: random, trialTypes=1, nReps=0, seed=None
70.4357 	DATA 	Keypress: space
70.4383 	EXP 	New trial (rep=0, index=4): OrderedDict([('TrialNumber', 5), ('Partner', 'Alex'), ('Condition', 'Neutral'), ('Photos', 'Participant_Images/101/101_Images/101_Image_3.jpg'), ('Feedback', 'liked'), ('FeedbackWait', 2.455989137)])
70.6036 	EXP 	presstosharenextphoto_text: autoDraw = False
70.6036 	EXP 	slider: markerPos = 3
70.6036 	EXP 	saliencequestion_text: text = 'How likely are you to share photos with Alex in the future? \n\n Use your left and right arrows to move the arrow to your desired rating.'
70.6036 	EXP 	salienceavatar_image: image = 'Images/cowboyemoji.png'
70.6036 	EXP 	displayrating_text: text = ''
70.6036 	EXP 	saliencequestion_text: autoDraw = False
70.6036 	EXP 	salienceavatar_image: autoDraw = False
70.6036 	EXP 	saliencecontinue_text: autoDraw = False
70.6036 	EXP 	displayrating_text: autoDraw = False
70.6036 	EXP 	slider: markerPos = 5
70.6036 	EXP 	stresslevel_text: text = 'Please rate your current stress level. \n\n\n Use your mouse or left and right arrows to move the arrow to your desired rating.'
70.6036 	EXP 	displaystressrating_text: text = ''
70.6036 	EXP 	stresslevel_text: autoDraw = False
70.6036 	EXP 	displaystressrating_text: autoDraw = False
70.6036 	EXP 	Match_text: autoDraw = False
70.6036 	EXP 	syncing_text: autoDraw = False
70.6036 	EXP 	text_0: autoDraw = False
70.6036 	EXP 	Transparent: autoDraw = False
70.6036 	EXP 	Loading_25: autoDraw = False
70.6036 	EXP 	text_25: autoDraw = False
70.6036 	EXP 	Loading_50: autoDraw = False
70.6036 	EXP 	text_50: autoDraw = False
70.6036 	EXP 	Loading_75: autoDraw = False
70.6036 	EXP 	text_75: autoDraw = False
70.6036 	EXP 	Loading_100: autoDraw = False
70.6036 	EXP 	text_100: autoDraw = False
70.6036 	EXP 	Youhavematched: text = 'You have matched with: Alex'
70.6036 	EXP 	partneremoji_image: image = 'Images/cowboyemoji.png'
70.6036 	EXP 	Youhavematched: autoDraw = False
70.6036 	EXP 	partneremoji_image: autoDraw = False
70.6036 	EXP 	PressToContinue: autoDraw = False
70.6036 	EXP 	participantimage_image: image = 'Participant_Images/101/101_Images/101_Image_3.jpg'
70.6036 	EXP 	photobeingshared_text: autoDraw = True
70.6036 	EXP 	waitforfeedback_text: autoDraw = True
70.6036 	EXP 	participantimage_image: autoDraw = True
73.4564 	EXP 	photobeingshared_text: autoDraw = False
73.4564 	EXP 	waitforfeedback_text: autoDraw = False
73.4564 	EXP 	participantimage_image: autoDraw = False
73.4564 	EXP 	waiting_text: autoDraw = True
74.6236 	DATA 	Keypress: space
75.0869 	DATA 	Keypress: space
75.5734 	DATA 	Keypress: space
76.0037 	DATA 	Keypress: space
77.0888 	DATA 	Keypress: space
77.5603 	DATA 	Keypress: space
78.4601 	EXP 	waiting_text: autoDraw = False
78.4601 	EXP 	displayfeedback_text: text = 'Alex liked your photo'
78.4601 	EXP 	fdbkimage_image: image = 'Images/thumbsup.png'
78.4601 	EXP 	displayfeedback_text: autoDraw = True
78.4601 	EXP 	fdbkimage_image: autoDraw = True
78.5901 	DATA 	Keypress: space
81.4480 	EXP 	Created sequence: random, trialTypes=1, nReps=1, seed=None
81.4484 	EXP 	New trial (rep=0, index=0): None
81.4544 	EXP 	displayfeedback_text: autoDraw = False
81.4544 	EXP 	fdbkimage_image: autoDraw = False
81.4544 	EXP 	presstosharenextphoto_text: autoDraw = False
81.4544 	EXP 	WTP_ins_text1: autoDraw = True
206.5178 	DATA 	Keypress: space
206.5221 	EXP 	WTP_ins_text1: autoDraw = False
206.5221 	EXP 	WTP_ins_text2: autoDraw = True
207.1311 	EXP 	Imported /Users/melanieruiz/Desktop/WTP_SM_Choice/Participant_Images/101/101_WTP.xlsx as conditions, 5 conditions, 10 params
207.1316 	EXP 	Created sequence: sequential, trialTypes=5, nReps=1, seed=None
207.1320 	EXP 	New trial (rep=0, index=0): {'social_left': 0, 'Left_Exp': 'Rearranging furniture in your house', 'Right_Exp': 'Going to a carnival with friends', 'ITI': 4, 'leftmoney': 0.01, 'rightmoney': 0.01, 'greenText': 'green', 'left_more_than_right': 0, 'matching_prices': 1, 'social_worthmore': 1}
207.1529 	DATA 	Keypress: space
207.1560 	EXP 	WTP_ins_text2: autoDraw = False
207.1560 	EXP 	Left_Experience: height = 0.05
207.1560 	EXP 	Left_Experience: height = 0.05
207.1560 	EXP 	Left_Experience: height = 0.05
207.1560 	EXP 	Left_Experience: text = 'Rearranging furniture in your house'
207.1560 	EXP 	Right_Experience: height = 0.05
207.1560 	EXP 	Right_Experience: height = 0.05
207.1560 	EXP 	Right_Experience: height = 0.05
207.1560 	EXP 	Right_Experience: text = 'Going to a carnival with friends'
207.1560 	EXP 	Left_Price: height = 0.05
207.1560 	EXP 	Left_Price: height = 0.05
207.1560 	EXP 	Left_Price: height = 0.05
207.1560 	EXP 	Left_Price: text = 0.01
207.1560 	EXP 	Right_Price: height = 0.05
207.1560 	EXP 	Right_Price: height = 0.05
207.1560 	EXP 	Right_Price: height = 0.05
207.1560 	EXP 	Right_Price: text = 0.01
207.1560 	EXP 	Left_Experience: autoDraw = True
207.1560 	EXP 	Right_Experience: autoDraw = True
207.1560 	EXP 	Left_Price: autoDraw = True
207.1560 	EXP 	Right_Price: autoDraw = True
207.9100 	DATA 	Keypress: 1
217.1247 	EXP 	Left_Experience: autoDraw = False
217.1247 	EXP 	Right_Experience: autoDraw = False
217.1247 	EXP 	Left_Price: autoDraw = False
217.1247 	EXP 	Right_Price: autoDraw = False
217.1247 	EXP 	ITI_text: height = 0.05
217.1247 	EXP 	ITI_text: height = 0.05
217.1247 	EXP 	ITI_text: height = 0.05
217.1247 	EXP 	ITI_text: text = '+'
217.1247 	EXP 	ITI_text: autoDraw = True
221.1131 	EXP 	New trial (rep=0, index=1): {'social_left': 0, 'Left_Exp': 'Watching a new episode of a television show', 'Right_Exp': 'Having a picnic with family', 'ITI': 5, 'leftmoney': 0.02, 'rightmoney': 0.01, 'greenText': 'green', 'left_more_than_right': 1, 'matching_prices': 0, 'social_worthmore': 0}
221.1320 	EXP 	ITI_text: autoDraw = False
221.1320 	EXP 	ITI_text: autoDraw = False
221.1320 	EXP 	Left_Experience: height = 0.05
221.1320 	EXP 	Left_Experience: height = 0.05
221.1320 	EXP 	Left_Experience: height = 0.05
221.1320 	EXP 	Left_Experience: text = 'Watching a new episode of a television show'
221.1320 	EXP 	Right_Experience: height = 0.05
221.1320 	EXP 	Right_Experience: height = 0.05
221.1320 	EXP 	Right_Experience: height = 0.05
221.1320 	EXP 	Right_Experience: text = 'Having a picnic with family'
221.1320 	EXP 	Left_Price: height = 0.05
221.1320 	EXP 	Left_Price: height = 0.05
221.1320 	EXP 	Left_Price: height = 0.05
221.1320 	EXP 	Left_Price: text = 0.02
221.1320 	EXP 	Right_Price: height = 0.05
221.1320 	EXP 	Right_Price: height = 0.05
221.1320 	EXP 	Right_Price: height = 0.05
221.1320 	EXP 	Right_Price: text = 0.01
221.1320 	EXP 	Left_Experience: autoDraw = True
221.1320 	EXP 	Right_Experience: autoDraw = True
221.1320 	EXP 	Left_Price: autoDraw = True
221.1320 	EXP 	Right_Price: autoDraw = True
221.7053 	DATA 	Keypress: 2
224.7503 	DATA 	Keypress: escape
225.0760 	EXP 	window1: mouseVisible = True
