1.6131 	WARNING 	We strongly recommend you activate the PTB sound engine in PsychoPy prefs as the preferred audio engine. Its timing is vastly superior. Your prefs are currently set to use ['sounddevice', 'PTB', 'pyo', 'pygame'] (in that order).
6.9104 	WARNING 	User requested fullscreen with size [1440  900], but screen is actually [1512, 982]. Using actual size
8.1733 	WARNING 	Couldn't measure a consistent frame rate!
  - Is your graphics card set to sync to vertical blank?
  - Are you running other processes on your computer?

8.1748 	EXP 	Created window1 = Window(allowGUI=True, allowStencil=False, autoLog=True, backendConf=UNKNOWN, bitsMode=UNKNOWN, blendMode='avg', bpc=(8, 8, 8), color=array([-1., -1., -1.]), colorSpace='rgb', depthBits=8, fullscr=<method-wrapper '__getattribute__' of attributeSetter object at 0x7fa4c21d7d90>, gamma=None, gammaErrorPolicy='raise', lms=UNKNOWN, monitor=<psychopy.monitors.calibTools.Monitor object at 0x7fa4b65dc880>, multiSample=False, name='window1', numSamples=2, pos=[378.0, 245.5], screen=0, size=array([3024, 1964]), stencilBits=0, stereo=False, units='norm', useFBO=True, useRetina=True, viewOri=0.0, viewPos=None, viewScale=None, waitBlanking=True, winType='pyglet')
8.1756 	EXP 	window1: mouseVisible = True
8.1756 	EXP 	window1: mouseVisible = True
8.1757 	EXP 	window1: Attempting to measure frame rate of screen (0) ...
8.1757 	EXP 	window1: recordFrameIntervals = False
8.2776 	EXP 	window1: recordFrameIntervals = True
8.4913 	EXP 	Screen (0) actual frame rate measured at 78.24Hz
8.4914 	EXP 	window1: recordFrameIntervals = True
9.0343 	EXP 	Created Welcome = TextStim(__class__=<class 'psychopy.visual.text.TextStim'>, alignHoriz=method-wrapper(...), alignText='center', alignVert=method-wrapper(...), anchorHoriz='center', anchorVert='center', antialias=True, autoDraw=False, autoLog=True, bold=False, color=array([1., 1., 1.]), colorSpace='rgb', contrast=1.0, depth=0.0, flipHoriz=False, flipVert=False, font='Open Sans', fontFiles=[], height=0.08, italic=False, languageStyle='LTR', name='Welcome', opacity=1.0, ori=0.0, pos=array([0., 0.]), rgb=UNKNOWN, text=str(...), units='norm', win=Window(...), wrapWidth=1)
9.1055 	EXP 	Created FirstInstructions = TextStim(__class__=<class 'psychopy.visual.text.TextStim'>, alignHoriz=method-wrapper(...), alignText='center', alignVert=method-wrapper(...), anchorHoriz='center', anchorVert='center', antialias=True, autoDraw=False, autoLog=True, bold=False, color=array([1., 1., 1.]), colorSpace='rgb', contrast=1.0, depth=0.0, flipHoriz=False, flipVert=False, font='Open Sans', fontFiles=[], height=0.08, italic=False, languageStyle='LTR', name='FirstInstructions', opacity=1.0, ori=0.0, pos=array([0., 0.]), rgb=UNKNOWN, text=str(...), units='norm', win=Window(...), wrapWidth=1)
9.1618 	EXP 	Created Match_text = TextStim(__class__=<class 'psychopy.visual.text.TextStim'>, alignHoriz=method-wrapper(...), alignText='center', alignVert=method-wrapper(...), anchorHoriz='center', anchorVert='center', antialias=True, autoDraw=False, autoLog=True, bold=False, color=array([1., 1., 1.]), colorSpace='rgb', contrast=1.0, depth=-1.0, flipHoriz=False, flipVert=False, font='Open Sans', fontFiles=[], height=0.08, italic=False, languageStyle='LTR', name='Match_text', opacity=1.0, ori=0.0, pos=array([0. , 0.3]), rgb=UNKNOWN, text=str(...), units='norm', win=Window(...), wrapWidth=1)
9.1673 	EXP 	Created syncing_text = TextStim(__class__=<class 'psychopy.visual.text.TextStim'>, alignHoriz=method-wrapper(...), alignText='center', alignVert=method-wrapper(...), anchorHoriz='center', anchorVert='center', antialias=True, autoDraw=False, autoLog=True, bold=False, color=array([1., 1., 1.]), colorSpace='rgb', contrast=1.0, depth=-2.0, flipHoriz=False, flipVert=False, font='Open Sans', fontFiles=[], height=0.12, italic=False, languageStyle='LTR', name='syncing_text', opacity=1.0, ori=0.0, pos=array([0. , 0.3]), rgb=UNKNOWN, text='Syncing…', units='norm', win=Window(...), wrapWidth=1)
9.1712 	EXP 	Created text_0 = TextStim(__class__=<class 'psychopy.visual.text.TextStim'>, alignHoriz=method-wrapper(...), alignText='center', alignVert=method-wrapper(...), anchorHoriz='center', anchorVert='center', antialias=True, autoDraw=False, autoLog=True, bold=False, color=array([1., 1., 1.]), colorSpace='rgb', contrast=1.0, depth=-3.0, flipHoriz=False, flipVert=False, font='Open Sans', fontFiles=[], height=0.1, italic=False, languageStyle='LTR', name='text_0', opacity=1.0, ori=0.0, pos=array([ 0. , -0.2]), rgb=UNKNOWN, text='0%', units='norm', win=Window(...), wrapWidth=1)
9.1746 	EXP 	Created Transparent = Rect(__class__=<class 'psychopy.visual.rect.Rect'>, anchor=('center', 'center'), autoDraw=False, autoLog=True, closeShape=True, color=method-wrapper(...), colorSpace='rgb', contrast=None, depth=-4.0, fillColor=array([0., 0., 0.]), fillColorSpace='rgb', fillRGB=array([0., 0., 0.]), interpolate=True, lineColor=array([1., 1., 1.]), lineColorSpace='rgb', lineRGB=array([1, 1, 1]), lineWidth=1.2, name='Transparent', opacity=1.0, ori=0.0, pos=array([0., 0.]), size=array([1. , 0.1]), units='norm', vertices=ndarray(...), win=Window(...))
9.1760 	EXP 	Created Loading_25 = Rect(__class__=<class 'psychopy.visual.rect.Rect'>, anchor=('center', 'center'), autoDraw=False, autoLog=True, closeShape=True, color=method-wrapper(...), colorSpace='rgb', contrast=None, depth=-5.0, fillColor=array([1, 1, 1]), fillColorSpace='rgb', fillRGB=array([1, 1, 1]), interpolate=True, lineColor=array([1., 1., 1.]), lineColorSpace='rgb', lineRGB=array([1, 1, 1]), lineWidth=1.0, name='Loading_25', opacity=1.0, ori=0.0, pos=array([-0.375,  0.   ]), size=array([0.25, 0.1 ]), units='norm', vertices=ndarray(...), win=Window(...))
9.1788 	EXP 	Created text_25 = TextStim(__class__=<class 'psychopy.visual.text.TextStim'>, alignHoriz=method-wrapper(...), alignText='center', alignVert=method-wrapper(...), anchorHoriz='center', anchorVert='center', antialias=True, autoDraw=False, autoLog=True, bold=False, color=array([1., 1., 1.]), colorSpace='rgb', contrast=1.0, depth=-6.0, flipHoriz=False, flipVert=False, font='Open Sans', fontFiles=[], height=0.1, italic=False, languageStyle='LTR', name='text_25', opacity=1.0, ori=0.0, pos=array([ 0. , -0.2]), rgb=UNKNOWN, text='25%', units='norm', win=Window(...), wrapWidth=1)
9.1802 	EXP 	Created Loading_50 = Rect(__class__=<class 'psychopy.visual.rect.Rect'>, anchor=('center', 'center'), autoDraw=False, autoLog=True, closeShape=True, color=method-wrapper(...), colorSpace='rgb', contrast=None, depth=-7.0, fillColor=array([1, 1, 1]), fillColorSpace='rgb', fillRGB=array([1, 1, 1]), interpolate=True, lineColor=array([1., 1., 1.]), lineColorSpace='rgb', lineRGB=array([1, 1, 1]), lineWidth=1.0, name='Loading_50', opacity=1.0, ori=0.0, pos=array([-0.25,  0.  ]), size=array([0.5, 0.1]), units='norm', vertices=ndarray(...), win=Window(...))
9.1821 	EXP 	Created text_50 = TextStim(__class__=<class 'psychopy.visual.text.TextStim'>, alignHoriz=method-wrapper(...), alignText='center', alignVert=method-wrapper(...), anchorHoriz='center', anchorVert='center', antialias=True, autoDraw=False, autoLog=True, bold=False, color=array([1., 1., 1.]), colorSpace='rgb', contrast=1.0, depth=-8.0, flipHoriz=False, flipVert=False, font='Open Sans', fontFiles=[], height=0.1, italic=False, languageStyle='LTR', name='text_50', opacity=1.0, ori=0.0, pos=array([ 0. , -0.2]), rgb=UNKNOWN, text='50%', units='norm', win=Window(...), wrapWidth=1)
9.1834 	EXP 	Created Loading_75 = Rect(__class__=<class 'psychopy.visual.rect.Rect'>, anchor=('center', 'center'), autoDraw=False, autoLog=True, closeShape=True, color=method-wrapper(...), colorSpace='rgb', contrast=None, depth=-9.0, fillColor=array([1, 1, 1]), fillColorSpace='rgb', fillRGB=array([1, 1, 1]), interpolate=True, lineColor=array([1., 1., 1.]), lineColorSpace='rgb', lineRGB=array([1, 1, 1]), lineWidth=1.0, name='Loading_75', opacity=1.0, ori=0.0, pos=array([-0.125,  0.   ]), size=array([0.75, 0.1 ]), units='norm', vertices=ndarray(...), win=Window(...))
9.1859 	EXP 	Created text_75 = TextStim(__class__=<class 'psychopy.visual.text.TextStim'>, alignHoriz=method-wrapper(...), alignText='center', alignVert=method-wrapper(...), anchorHoriz='center', anchorVert='center', antialias=True, autoDraw=False, autoLog=True, bold=False, color=array([1., 1., 1.]), colorSpace='rgb', contrast=1.0, depth=-10.0, flipHoriz=False, flipVert=False, font='Open Sans', fontFiles=[], height=0.1, italic=False, languageStyle='LTR', name='text_75', opacity=1.0, ori=0.0, pos=array([ 0. , -0.2]), rgb=UNKNOWN, text='75%', units='norm', win=Window(...), wrapWidth=1)
9.1872 	EXP 	Created Loading_100 = Rect(__class__=<class 'psychopy.visual.rect.Rect'>, anchor=('center', 'center'), autoDraw=False, autoLog=True, closeShape=True, color=method-wrapper(...), colorSpace='rgb', contrast=None, depth=-11.0, fillColor=array([1, 1, 1]), fillColorSpace='rgb', fillRGB=array([1, 1, 1]), interpolate=True, lineColor=array([1., 1., 1.]), lineColorSpace='rgb', lineRGB=array([1, 1, 1]), lineWidth=1.0, name='Loading_100', opacity=1.0, ori=0.0, pos=array([0., 0.]), size=array([1. , 0.1]), units='norm', vertices=ndarray(...), win=Window(...))
9.1898 	EXP 	Created text_100 = TextStim(__class__=<class 'psychopy.visual.text.TextStim'>, alignHoriz=method-wrapper(...), alignText='center', alignVert=method-wrapper(...), anchorHoriz='center', anchorVert='center', antialias=True, autoDraw=False, autoLog=True, bold=False, color=array([1., 1., 1.]), colorSpace='rgb', contrast=1.0, depth=-12.0, flipHoriz=False, flipVert=False, font='Open Sans', fontFiles=[], height=0.1, italic=False, languageStyle='LTR', name='text_100', opacity=1.0, ori=0.0, pos=array([ 0. , -0.2]), rgb=UNKNOWN, text='100%', units='norm', win=Window(...), wrapWidth=1)
9.1907 	EXP 	Created Youhavematched = TextStim(__class__=<class 'psychopy.visual.text.TextStim'>, alignHoriz=method-wrapper(...), alignText='center', alignVert=method-wrapper(...), anchorHoriz='center', anchorVert='center', antialias=True, autoDraw=False, autoLog=True, bold=False, color=array([1., 1., 1.]), colorSpace='rgb', contrast=1.0, depth=-1.0, flipHoriz=False, flipVert=False, font='Open Sans', fontFiles=[], height=0.08, italic=False, languageStyle='LTR', name='Youhavematched', opacity=1.0, ori=0.0, pos=array([0. , 0.6]), rgb=UNKNOWN, text='', units='norm', win=Window(...), wrapWidth=1)
9.1962 	EXP 	Created partneremoji_image = ImageStim(__class__=<class 'psychopy.visual.image.ImageStim'>, anchor=('center', 'center'), autoLog=True, color=array([1., 1., 1.]), colorSpace='rgb', contrast=1.0, depth=-2.0, flipHoriz=False, flipVert=False, image='sin', interpolate=True, mask=None, maskParams=None, name='partneremoji_image', opacity=1.0, ori=0.0, pos=array([0., 0.]), size=array([0.5 , 0.75]), texRes=128.0, units='norm', win=Window(...))
9.2571 	EXP 	Created PressToContinue = TextStim(__class__=<class 'psychopy.visual.text.TextStim'>, alignHoriz=method-wrapper(...), alignText='center', alignVert=method-wrapper(...), anchorHoriz='center', anchorVert='center', antialias=True, autoDraw=False, autoLog=True, bold=False, color=array([1., 1., 1.]), colorSpace='rgb', contrast=1.0, depth=-4.0, flipHoriz=False, flipVert=False, font='Open Sans', fontFiles=[], height=0.08, italic=False, languageStyle='LTR', name='PressToContinue', opacity=1.0, ori=0.0, pos=array([ 0. , -0.6]), rgb=UNKNOWN, text='Press space to continue.', units='norm', win=Window(...), wrapWidth=1)
9.2637 	EXP 	Created photobeingshared_text = TextStim(__class__=<class 'psychopy.visual.text.TextStim'>, alignHoriz=method-wrapper(...), alignText='center', alignVert=method-wrapper(...), anchorHoriz='center', anchorVert='center', antialias=True, autoDraw=False, autoLog=True, bold=False, color=array([1., 1., 1.]), colorSpace='rgb', contrast=1.0, depth=0.0, flipHoriz=False, flipVert=False, font='Open Sans', fontFiles=[], height=0.09, italic=False, languageStyle='LTR', name='photobeingshared_text', opacity=1.0, ori=0.0, pos=array([0. , 0.6]), rgb=UNKNOWN, text='This photo is now being shared', units='norm', win=Window(...), wrapWidth=1)
9.2703 	EXP 	Created waitforfeedback_text = TextStim(__class__=<class 'psychopy.visual.text.TextStim'>, alignHoriz=method-wrapper(...), alignText='center', alignVert=method-wrapper(...), anchorHoriz='center', anchorVert='center', antialias=True, autoDraw=False, autoLog=True, bold=False, color=array([1., 1., 1.]), colorSpace='rgb', contrast=1.0, depth=-1.0, flipHoriz=False, flipVert=False, font='Open Sans', fontFiles=[], height=0.09, italic=False, languageStyle='LTR', name='waitforfeedback_text', opacity=1.0, ori=0.0, pos=array([ 0. , -0.6]), rgb=UNKNOWN, text='Please wait for feedback.', units='norm', win=Window(...), wrapWidth=1)
9.2740 	EXP 	Created participantimage_image = ImageStim(__class__=<class 'psychopy.visual.image.ImageStim'>, anchor=('center', 'center'), autoLog=True, color=array([1., 1., 1.]), colorSpace='rgb', contrast=1.0, depth=-3.0, flipHoriz=False, flipVert=False, image='sin', interpolate=True, mask=None, maskParams=None, name='participantimage_image', opacity=1.0, ori=0.0, pos=array([0., 0.]), size=array([0.5 , 0.75]), texRes=128.0, units='norm', win=Window(...))
9.2789 	EXP 	Created waiting_text = TextStim(__class__=<class 'psychopy.visual.text.TextStim'>, alignHoriz=method-wrapper(...), alignText='center', alignVert=method-wrapper(...), anchorHoriz='center', anchorVert='center', antialias=True, autoDraw=False, autoLog=True, bold=False, color=array([1., 1., 1.]), colorSpace='rgb', contrast=1.0, depth=0.0, flipHoriz=False, flipVert=False, font='Open Sans', fontFiles=[], height=0.15, italic=False, languageStyle='LTR', name='waiting_text', opacity=1.0, ori=0.0, pos=array([0., 0.]), rgb=UNKNOWN, text='Waiting…', units='norm', win=Window(...), wrapWidth=1)
9.2799 	EXP 	Created displayfeedback_text = TextStim(__class__=<class 'psychopy.visual.text.TextStim'>, alignHoriz=method-wrapper(...), alignText='center', alignVert=method-wrapper(...), anchorHoriz='center', anchorVert='center', antialias=True, autoDraw=False, autoLog=True, bold=False, color=array([1., 1., 1.]), colorSpace='rgb', contrast=1.0, depth=0.0, flipHoriz=False, flipVert=False, font='Open Sans', fontFiles=[], height=0.12, italic=False, languageStyle='LTR', name='displayfeedback_text', opacity=1.0, ori=0.0, pos=array([0.  , 0.75]), rgb=UNKNOWN, text='', units='norm', win=Window(...), wrapWidth=1)
9.2835 	EXP 	Created fdbkimage_image = ImageStim(__class__=<class 'psychopy.visual.image.ImageStim'>, anchor=('center', 'center'), autoLog=True, color=array([1., 1., 1.]), colorSpace='rgb', contrast=1.0, depth=-1.0, flipHoriz=False, flipVert=False, image='sin', interpolate=True, mask=None, maskParams=None, name='fdbkimage_image', opacity=1.0, ori=0.0, pos=array([0., 0.]), size=array([0.75, 1.25]), texRes=128.0, units='norm', win=Window(...))
9.2880 	EXP 	Created presstosharenextphoto_text = TextStim(__class__=<class 'psychopy.visual.text.TextStim'>, alignHoriz=method-wrapper(...), alignText='center', alignVert=method-wrapper(...), anchorHoriz='center', anchorVert='center', antialias=True, autoDraw=False, autoLog=True, bold=False, color=array([1., 1., 1.]), colorSpace='rgb', contrast=1.0, depth=0.0, flipHoriz=False, flipVert=False, font='Open Sans', fontFiles=[], height=0.09, italic=False, languageStyle='LTR', name='presstosharenextphoto_text', opacity=1.0, ori=0.0, pos=array([0., 0.]), rgb=UNKNOWN, text='Press space to share your next photo.', units='norm', win=Window(...), wrapWidth=1)
9.3607 	EXP 	Created WTP_ins_text1 = TextStim(__class__=<class 'psychopy.visual.text.TextStim'>, alignHoriz=method-wrapper(...), alignText='center', alignVert=method-wrapper(...), anchorHoriz='center', anchorVert='center', antialias=True, autoDraw=False, autoLog=True, bold=False, color=array([1., 1., 1.]), colorSpace='rgb', contrast=1.0, depth=0.0, flipHoriz=False, flipVert=False, font='Open Sans', fontFiles=[], height=0.07, italic=False, languageStyle='LTR', name='WTP_ins_text1', opacity=1.0, ori=0.0, pos=array([0. , 0.3]), rgb=UNKNOWN, text=str(...), units='norm', win=Window(...), wrapWidth=1)
9.4328 	EXP 	Created WTP_ins_text2 = TextStim(__class__=<class 'psychopy.visual.text.TextStim'>, alignHoriz=method-wrapper(...), alignText='center', alignVert=method-wrapper(...), anchorHoriz='center', anchorVert='center', antialias=True, autoDraw=False, autoLog=True, bold=False, color=array([1., 1., 1.]), colorSpace='rgb', contrast=1.0, depth=0.0, flipHoriz=False, flipVert=False, font='Open Sans', fontFiles=[], height=0.05, italic=False, languageStyle='LTR', name='WTP_ins_text2', opacity=1.0, ori=0.0, pos=array([0., 0.]), rgb=UNKNOWN, text=str(...), units='norm', win=Window(...), wrapWidth=1)
9.4874 	EXP 	Created Left_Experience = TextStim(__class__=<class 'psychopy.visual.text.TextStim'>, alignHoriz=method-wrapper(...), alignText='center', alignVert=method-wrapper(...), anchorHoriz='center', anchorVert='center', antialias=True, autoDraw=False, autoLog=True, bold=False, color=array([1., 1., 1.]), colorSpace='rgb', contrast=1.0, depth=0.0, flipHoriz=False, flipVert=False, font='Open Sans', fontFiles=[], height=0.05, italic=False, languageStyle='LTR', name='Left_Experience', opacity=1.0, ori=0.0, pos=array([0.5, 0.1]), rgb=UNKNOWN, text='', units='norm', win=Window(...), wrapWidth=1)
9.4883 	EXP 	Created Right_Experience = TextStim(__class__=<class 'psychopy.visual.text.TextStim'>, alignHoriz=method-wrapper(...), alignText='center', alignVert=method-wrapper(...), anchorHoriz='center', anchorVert='center', antialias=True, autoDraw=False, autoLog=True, bold=False, color=array([1., 1., 1.]), colorSpace='rgb', contrast=1.0, depth=-1.0, flipHoriz=False, flipVert=False, font='Open Sans', fontFiles=[], height=0.05, italic=False, languageStyle='LTR', name='Right_Experience', opacity=1.0, ori=0.0, pos=array([-0.5,  0.1]), rgb=UNKNOWN, text='', units='norm', win=Window(...), wrapWidth=1)
9.4891 	EXP 	Created Left_Price = TextStim(__class__=<class 'psychopy.visual.text.TextStim'>, alignHoriz=method-wrapper(...), alignText='center', alignVert=method-wrapper(...), anchorHoriz='center', anchorVert='center', antialias=True, autoDraw=False, autoLog=True, bold=False, color=array([1., 1., 1.]), colorSpace='rgb', contrast=1.0, depth=-2.0, flipHoriz=False, flipVert=False, font='Open Sans', fontFiles=[], height=0.05, italic=False, languageStyle='LTR', name='Left_Price', opacity=1.0, ori=0.0, pos=array([ 0.5, -0.5]), rgb=UNKNOWN, text='', units='norm', win=Window(...), wrapWidth=1)
9.4900 	EXP 	Created Right_Price = TextStim(__class__=<class 'psychopy.visual.text.TextStim'>, alignHoriz=method-wrapper(...), alignText='center', alignVert=method-wrapper(...), anchorHoriz='center', anchorVert='center', antialias=True, autoDraw=False, autoLog=True, bold=False, color=array([1., 1., 1.]), colorSpace='rgb', contrast=1.0, depth=-3.0, flipHoriz=False, flipVert=False, font='Open Sans', fontFiles=[], height=0.05, italic=False, languageStyle='LTR', name='Right_Price', opacity=1.0, ori=0.0, pos=array([-0.5, -0.5]), rgb=UNKNOWN, text='', units='norm', win=Window(...), wrapWidth=1)
9.5983 	EXP 	Created Resume_Text = TextStim(__class__=<class 'psychopy.visual.text.TextStim'>, alignHoriz=method-wrapper(...), alignText='center', alignVert=method-wrapper(...), anchorHoriz='center', anchorVert='center', antialias=True, autoDraw=False, autoLog=True, bold=False, color=array([1., 1., 1.]), colorSpace='rgb', contrast=1.0, depth=-2.0, flipHoriz=False, flipVert=False, font='Open Sans', fontFiles=[], height=0.12, italic=False, languageStyle='LTR', name='Resume_Text', opacity=1.0, ori=0.0, pos=array([0., 0.]), rgb=UNKNOWN, text='', units='norm', win=Window(...), wrapWidth=1)
9.6139 	EXP 	window1: mouseVisible = True
9.6833 	EXP 	Created slider = Slider(__class__=<class 'psychopy.visual.slider.Slider'>, autoDraw=False, autoLog=True, borderColor=None, color=None, colorSpace='rgb', depth=-5, fillColor=None, flip=False, font='Open Sans', granularity=0.0, labelColor=None, labelHeight=0.05, labelWrapWidth=None, labels=(1, 2, 3, 4, 5), lineColor=None, markerColor=None, name='slider', opacity=None, ori=0.0, pos=array([ 0. , -0.4]), readOnly=False, self=UNKNOWN, size=array([1. , 0.1]), startValue=999, style='rating', styleTweaks=['labels45', 'triangleMarker'], ticks=array([1, 2, 3, 4, 5]), units='norm', win=Window(...))
9.6846 	EXP 	Created saliencequestion_text = TextStim(__class__=<class 'psychopy.visual.text.TextStim'>, alignHoriz=method-wrapper(...), alignText='center', alignVert=method-wrapper(...), anchorHoriz='center', anchorVert='center', antialias=True, autoDraw=False, autoLog=True, bold=False, color=array([1., 1., 1.]), colorSpace='rgb', contrast=1.0, depth=-1.0, flipHoriz=False, flipVert=False, font='Open Sans', fontFiles=[], height=0.06, italic=False, languageStyle='LTR', name='saliencequestion_text', opacity=1.0, ori=0.0, pos=array([0. , 0.6]), rgb=UNKNOWN, text='', units='norm', win=Window(...), wrapWidth=1)
9.7423 	EXP 	Created salienceavatar_image = ImageStim(__class__=<class 'psychopy.visual.image.ImageStim'>, anchor=('center', 'center'), autoLog=True, color=array([1., 1., 1.]), colorSpace='rgb', contrast=1.0, depth=-3.0, flipHoriz=False, flipVert=False, image='sin', interpolate=True, mask=None, maskParams=None, name='salienceavatar_image', opacity=1.0, ori=0.0, pos=array([0., 0.]), size=array([0.3 , 0.55]), texRes=128.0, units='norm', win=Window(...))
9.7499 	EXP 	Created saliencecontinue_text = TextStim(__class__=<class 'psychopy.visual.text.TextStim'>, alignHoriz=method-wrapper(...), alignText='center', alignVert=method-wrapper(...), anchorHoriz='center', anchorVert='center', antialias=True, autoDraw=False, autoLog=True, bold=False, color=array([1., 1., 1.]), colorSpace='rgb', contrast=1.0, depth=-4.0, flipHoriz=False, flipVert=False, font='Open Sans', fontFiles=[], height=0.07, italic=False, languageStyle='LTR', name='saliencecontinue_text', opacity=1.0, ori=0.0, pos=array([ 0. , -0.8]), rgb=UNKNOWN, text='Press space to enter rating and continue.', units='norm', win=Window(...), wrapWidth=1)
9.7511 	EXP 	Created displayrating_text = TextStim(__class__=<class 'psychopy.visual.text.TextStim'>, alignHoriz=method-wrapper(...), alignText='center', alignVert=method-wrapper(...), anchorHoriz='center', anchorVert='center', antialias=True, autoDraw=False, autoLog=True, bold=False, color=array([1., 1., 1.]), colorSpace='rgb', contrast=1.0, depth=-5.0, flipHoriz=False, flipVert=False, font='Open Sans', fontFiles=[], height=0.065, italic=False, languageStyle='LTR', name='displayrating_text', opacity=1.0, ori=0.0, pos=array([ 0.  , -0.65]), rgb=UNKNOWN, text='', units='norm', win=Window(...), wrapWidth=1)
9.7557 	EXP 	window1: mouseVisible = True
9.8417 	EXP 	Created slider = Slider(__class__=<class 'psychopy.visual.slider.Slider'>, autoDraw=False, autoLog=True, borderColor=None, color=None, colorSpace='rgb', depth=-5, fillColor=None, flip=False, font='Open Sans', granularity=0.0, labelColor=None, labelHeight=0.05, labelWrapWidth=None, labels=(1, 2, 3, 4, 5, 6, 7, 8, 9), lineColor=None, markerColor=None, name='slider', opacity=None, ori=0.0, pos=array([ 0. , -0.4]), readOnly=False, self=UNKNOWN, size=array([1. , 0.1]), startValue=999, style='rating', styleTweaks=['labels45', 'triangleMarker'], ticks=array([1, 2, 3, 4, 5, 6, 7, 8, 9]), units='norm', win=Window(...))
9.8427 	EXP 	Created stresslevel_text = TextStim(__class__=<class 'psychopy.visual.text.TextStim'>, alignHoriz=method-wrapper(...), alignText='center', alignVert=method-wrapper(...), anchorHoriz='center', anchorVert='center', antialias=True, autoDraw=False, autoLog=True, bold=False, color=array([1., 1., 1.]), colorSpace='rgb', contrast=1.0, depth=-1.0, flipHoriz=False, flipVert=False, font='Open Sans', fontFiles=[], height=0.08, italic=False, languageStyle='LTR', name='stresslevel_text', opacity=1.0, ori=0.0, pos=array([0. , 0.3]), rgb=UNKNOWN, text='', units='norm', win=Window(...), wrapWidth=1)
9.8983 	EXP 	Created displaystressrating_text = TextStim(__class__=<class 'psychopy.visual.text.TextStim'>, alignHoriz=method-wrapper(...), alignText='center', alignVert=method-wrapper(...), anchorHoriz='center', anchorVert='center', antialias=True, autoDraw=False, autoLog=True, bold=False, color=array([1., 1., 1.]), colorSpace='rgb', contrast=1.0, depth=-3.0, flipHoriz=False, flipVert=False, font='Open Sans', fontFiles=[], height=0.08, italic=False, languageStyle='LTR', name='displaystressrating_text', opacity=1.0, ori=0.0, pos=array([ 0.  , -0.65]), rgb=UNKNOWN, text='', units='norm', win=Window(...), wrapWidth=1)
9.9090 	WARNING 	t of last frame was 1418.21ms (=1/0)
9.9090 	EXP 	slider: autoLog = True
9.9090 	EXP 	slider: markerPos = 999
9.9090 	EXP 	slider: styleTweaks = []
9.9090 	EXP 	slider: styleTweaks = []
9.9090 	EXP 	slider: styleTweaks = ['labels45', 'triangleMarker']
9.9090 	EXP 	slider: styleTweaks = ['labels45', 'triangleMarker']
9.9090 	EXP 	slider: contrast = 1.0
9.9090 	EXP 	slider: autoLog = True
9.9090 	EXP 	slider: autoLog = True
9.9090 	EXP 	slider: markerPos = 999
9.9090 	EXP 	slider: styleTweaks = []
9.9090 	EXP 	slider: styleTweaks = []
9.9090 	EXP 	slider: styleTweaks = ['labels45', 'triangleMarker']
9.9090 	EXP 	slider: styleTweaks = ['labels45', 'triangleMarker']
9.9090 	EXP 	slider: contrast = 1.0
9.9090 	EXP 	slider: autoLog = True
9.9090 	EXP 	Welcome: autoDraw = True
10.3320 	WARNING 	t of last frame was 25.18ms (=1/39)
10.6730 	DATA 	Keypress: space
10.6780 	EXP 	Welcome: autoDraw = False
10.6780 	EXP 	FirstInstructions: autoDraw = True
10.8593 	EXP 	Imported /Users/melanieruiz/Desktop/WTP_SM_Choice/Participant_Images/101/101_trials.csv as conditions, 150 conditions, 6 params
10.8603 	EXP 	Created sequence: sequential, trialTypes=150, nReps=1, seed=None
10.8606 	EXP 	New trial (rep=0, index=0): OrderedDict([('TrialNumber', 1), ('Partner', 'Alex'), ('Condition', 'Neutral'), ('Photos', 'Participant_Images/101/101_Images/101_Image_24.jpg'), ('Feedback', 'did not like'), ('FeedbackWait', 3.613205605)])
10.8692 	DATA 	Keypress: space
10.8716 	WARNING 	t of last frame was 30.31ms (=1/32)
10.8716 	EXP 	FirstInstructions: autoDraw = False
10.8716 	EXP 	Match_text: autoDraw = True
11.0098 	DATA 	Keypress: space
11.1068 	WARNING 	t of last frame was 24.60ms (=1/40)
11.1491 	WARNING 	Multiple dropped frames have occurred - I'll stop bothering you about them!
11.1881 	DATA 	Keypress: space
13.8632 	EXP 	syncing_text: autoDraw = True
13.8632 	EXP 	text_0: autoDraw = True
13.8632 	EXP 	Transparent: autoDraw = True
13.8695 	EXP 	Match_text: autoDraw = False
15.1119 	EXP 	text_0: autoDraw = False
15.1119 	EXP 	Loading_25: autoDraw = True
15.1119 	EXP 	text_25: autoDraw = True
16.3625 	EXP 	Loading_25: autoDraw = False
16.3625 	EXP 	text_25: autoDraw = False
16.3625 	EXP 	Loading_50: autoDraw = True
16.3625 	EXP 	text_50: autoDraw = True
17.6019 	EXP 	Loading_50: autoDraw = False
17.6019 	EXP 	text_50: autoDraw = False
17.6019 	EXP 	Loading_75: autoDraw = True
17.6019 	EXP 	text_75: autoDraw = True
18.8458 	EXP 	Loading_75: autoDraw = False
18.8458 	EXP 	text_75: autoDraw = False
18.8523 	EXP 	Loading_100: autoDraw = True
18.8523 	EXP 	text_100: autoDraw = True
20.0957 	EXP 	Loading_100: autoDraw = False
20.0957 	EXP 	text_100: autoDraw = False
20.1229 	EXP 	syncing_text: autoDraw = False
20.1229 	EXP 	Transparent: autoDraw = False
20.1229 	EXP 	Match_text: autoDraw = False
20.1229 	EXP 	syncing_text: autoDraw = False
20.1229 	EXP 	text_0: autoDraw = False
20.1229 	EXP 	Transparent: autoDraw = False
20.1229 	EXP 	Loading_25: autoDraw = False
20.1229 	EXP 	text_25: autoDraw = False
20.1229 	EXP 	Loading_50: autoDraw = False
20.1229 	EXP 	text_50: autoDraw = False
20.1229 	EXP 	Loading_75: autoDraw = False
20.1229 	EXP 	text_75: autoDraw = False
20.1229 	EXP 	Loading_100: autoDraw = False
20.1229 	EXP 	text_100: autoDraw = False
20.1229 	EXP 	Youhavematched: height = 0.08
20.1229 	EXP 	Youhavematched: height = 0.08
20.1229 	EXP 	Youhavematched: height = 0.08
20.1229 	EXP 	Youhavematched: text = 'You have matched with: Alex'
20.1229 	EXP 	partneremoji_image: image = 'Images/cowboyemoji.png'
20.1229 	EXP 	Youhavematched: autoDraw = True
20.1229 	EXP 	partneremoji_image: autoDraw = True
20.1229 	EXP 	PressToContinue: autoDraw = True
25.8013 	DATA 	Keypress: space
25.8052 	EXP 	Youhavematched: autoDraw = False
25.8052 	EXP 	partneremoji_image: autoDraw = False
25.8052 	EXP 	PressToContinue: autoDraw = False
25.8052 	EXP 	participantimage_image: image = 'Participant_Images/101/101_Images/101_Image_24.jpg'
25.8052 	EXP 	photobeingshared_text: autoDraw = True
25.8052 	EXP 	waitforfeedback_text: autoDraw = True
25.8052 	EXP 	participantimage_image: autoDraw = True
28.5757 	EXP 	photobeingshared_text: autoDraw = False
28.5757 	EXP 	waitforfeedback_text: autoDraw = False
28.5757 	EXP 	participantimage_image: autoDraw = False
28.5757 	EXP 	waiting_text: autoDraw = True
33.5756 	EXP 	waiting_text: autoDraw = False
33.5756 	EXP 	displayfeedback_text: height = 0.12
33.5756 	EXP 	displayfeedback_text: height = 0.12
33.5756 	EXP 	displayfeedback_text: height = 0.12
33.5756 	EXP 	displayfeedback_text: text = 'Alex did not like your photo'
33.5756 	EXP 	fdbkimage_image: image = 'Images/thumbsdown.png'
33.5756 	EXP 	displayfeedback_text: autoDraw = True
33.5756 	EXP 	fdbkimage_image: autoDraw = True
36.5868 	EXP 	displayfeedback_text: autoDraw = False
36.5868 	EXP 	fdbkimage_image: autoDraw = False
36.5868 	EXP 	presstosharenextphoto_text: autoDraw = True
39.8058 	EXP 	Created sequence: random, trialTypes=1, nReps=0, seed=None
39.8074 	DATA 	Keypress: space
39.8379 	EXP 	New trial (rep=0, index=1): OrderedDict([('TrialNumber', 2), ('Partner', 'Alex'), ('Condition', 'Neutral'), ('Photos', 'Participant_Images/101/101_Images/101_Image_9.jpg'), ('Feedback', 'did not like'), ('FeedbackWait', 4.988446431)])
40.0056 	EXP 	presstosharenextphoto_text: autoDraw = False
40.0056 	EXP 	slider: markerPos = 3
40.0056 	EXP 	saliencequestion_text: height = 0.06
40.0056 	EXP 	saliencequestion_text: height = 0.06
40.0056 	EXP 	saliencequestion_text: height = 0.06
40.0056 	EXP 	saliencequestion_text: text = 'How likely are you to share photos with Alex in the future? \n\n Use your left and right arrows to move the arrow to your desired rating.'
40.0056 	EXP 	salienceavatar_image: image = 'Images/cowboyemoji.png'
40.0056 	EXP 	displayrating_text: text = ''
40.0056 	EXP 	saliencequestion_text: autoDraw = False
40.0056 	EXP 	salienceavatar_image: autoDraw = False
40.0056 	EXP 	saliencecontinue_text: autoDraw = False
40.0056 	EXP 	displayrating_text: autoDraw = False
40.0056 	EXP 	slider: markerPos = 5
40.0056 	EXP 	stresslevel_text: height = 0.08
40.0056 	EXP 	stresslevel_text: height = 0.08
40.0056 	EXP 	stresslevel_text: height = 0.08
40.0056 	EXP 	stresslevel_text: text = 'Please rate your current stress level. \n\n\n Use your mouse or left and right arrows to move the arrow to your desired rating.'
40.0056 	EXP 	displaystressrating_text: text = ''
40.0056 	EXP 	stresslevel_text: autoDraw = False
40.0056 	EXP 	displaystressrating_text: autoDraw = False
40.0056 	EXP 	Match_text: autoDraw = False
40.0056 	EXP 	syncing_text: autoDraw = False
40.0056 	EXP 	text_0: autoDraw = False
40.0056 	EXP 	Transparent: autoDraw = False
40.0056 	EXP 	Loading_25: autoDraw = False
40.0056 	EXP 	text_25: autoDraw = False
40.0056 	EXP 	Loading_50: autoDraw = False
40.0056 	EXP 	text_50: autoDraw = False
40.0056 	EXP 	Loading_75: autoDraw = False
40.0056 	EXP 	text_75: autoDraw = False
40.0056 	EXP 	Loading_100: autoDraw = False
40.0056 	EXP 	text_100: autoDraw = False
40.0056 	EXP 	Youhavematched: text = 'You have matched with: Alex'
40.0056 	EXP 	partneremoji_image: image = 'Images/cowboyemoji.png'
40.0056 	EXP 	Youhavematched: autoDraw = False
40.0056 	EXP 	partneremoji_image: autoDraw = False
40.0056 	EXP 	PressToContinue: autoDraw = False
40.0056 	EXP 	participantimage_image: image = 'Participant_Images/101/101_Images/101_Image_9.jpg'
40.0056 	EXP 	photobeingshared_text: autoDraw = True
40.0056 	EXP 	waitforfeedback_text: autoDraw = True
40.0056 	EXP 	participantimage_image: autoDraw = True
42.8618 	EXP 	photobeingshared_text: autoDraw = False
42.8618 	EXP 	waitforfeedback_text: autoDraw = False
42.8618 	EXP 	participantimage_image: autoDraw = False
42.8618 	EXP 	waiting_text: autoDraw = True
47.8651 	EXP 	waiting_text: autoDraw = False
47.8651 	EXP 	displayfeedback_text: text = 'Alex did not like your photo'
47.8651 	EXP 	fdbkimage_image: image = 'Images/thumbsdown.png'
47.8651 	EXP 	displayfeedback_text: autoDraw = True
47.8651 	EXP 	fdbkimage_image: autoDraw = True
50.8591 	EXP 	displayfeedback_text: autoDraw = False
50.8591 	EXP 	fdbkimage_image: autoDraw = False
50.8591 	EXP 	presstosharenextphoto_text: autoDraw = True
53.3509 	DATA 	Mouse: Left button down, pos=(636,567)
53.4443 	DATA 	Mouse:  Left button up, pos=(636,567)
53.5152 	EXP 	Created sequence: random, trialTypes=1, nReps=0, seed=None
53.5176 	DATA 	Keypress: space
53.5264 	EXP 	New trial (rep=0, index=2): OrderedDict([('TrialNumber', 3), ('Partner', 'Alex'), ('Condition', 'Neutral'), ('Photos', 'Participant_Images/101/101_Images/101_Image_4.jpg'), ('Feedback', 'liked'), ('FeedbackWait', 3.470791822)])
53.6988 	EXP 	presstosharenextphoto_text: autoDraw = False
53.6988 	EXP 	slider: markerPos = 3
53.6988 	EXP 	saliencequestion_text: text = 'How likely are you to share photos with Alex in the future? \n\n Use your left and right arrows to move the arrow to your desired rating.'
53.6988 	EXP 	salienceavatar_image: image = 'Images/cowboyemoji.png'
53.6988 	EXP 	displayrating_text: text = ''
53.6988 	EXP 	saliencequestion_text: autoDraw = False
53.6988 	EXP 	salienceavatar_image: autoDraw = False
53.6988 	EXP 	saliencecontinue_text: autoDraw = False
53.6988 	EXP 	displayrating_text: autoDraw = False
53.6988 	EXP 	slider: markerPos = 5
53.6988 	EXP 	stresslevel_text: text = 'Please rate your current stress level. \n\n\n Use your mouse or left and right arrows to move the arrow to your desired rating.'
53.6988 	EXP 	displaystressrating_text: text = ''
53.6988 	EXP 	stresslevel_text: autoDraw = False
53.6988 	EXP 	displaystressrating_text: autoDraw = False
53.6988 	EXP 	Match_text: autoDraw = False
53.6988 	EXP 	syncing_text: autoDraw = False
53.6988 	EXP 	text_0: autoDraw = False
53.6988 	EXP 	Transparent: autoDraw = False
53.6988 	EXP 	Loading_25: autoDraw = False
53.6988 	EXP 	text_25: autoDraw = False
53.6988 	EXP 	Loading_50: autoDraw = False
53.6988 	EXP 	text_50: autoDraw = False
53.6988 	EXP 	Loading_75: autoDraw = False
53.6988 	EXP 	text_75: autoDraw = False
53.6988 	EXP 	Loading_100: autoDraw = False
53.6988 	EXP 	text_100: autoDraw = False
53.6988 	EXP 	Youhavematched: text = 'You have matched with: Alex'
53.6988 	EXP 	partneremoji_image: image = 'Images/cowboyemoji.png'
53.6988 	EXP 	Youhavematched: autoDraw = False
53.6988 	EXP 	partneremoji_image: autoDraw = False
53.6988 	EXP 	PressToContinue: autoDraw = False
53.6988 	EXP 	participantimage_image: image = 'Participant_Images/101/101_Images/101_Image_4.jpg'
53.6988 	EXP 	photobeingshared_text: autoDraw = True
53.6988 	EXP 	waitforfeedback_text: autoDraw = True
53.6988 	EXP 	participantimage_image: autoDraw = True
54.7436 	DATA 	Keypress: space
56.5475 	EXP 	photobeingshared_text: autoDraw = False
56.5475 	EXP 	waitforfeedback_text: autoDraw = False
56.5475 	EXP 	participantimage_image: autoDraw = False
56.5475 	EXP 	waiting_text: autoDraw = True
57.2513 	DATA 	Keypress: space
61.5533 	EXP 	waiting_text: autoDraw = False
61.5533 	EXP 	displayfeedback_text: height = 0.12
61.5533 	EXP 	displayfeedback_text: height = 0.12
61.5533 	EXP 	displayfeedback_text: height = 0.12
61.5533 	EXP 	displayfeedback_text: text = 'Alex liked your photo'
61.5533 	EXP 	fdbkimage_image: image = 'Images/thumbsup.png'
61.5533 	EXP 	displayfeedback_text: autoDraw = True
61.5533 	EXP 	fdbkimage_image: autoDraw = True
64.5414 	EXP 	displayfeedback_text: autoDraw = False
64.5414 	EXP 	fdbkimage_image: autoDraw = False
64.5414 	EXP 	presstosharenextphoto_text: autoDraw = True
71.6910 	EXP 	Created sequence: random, trialTypes=1, nReps=0, seed=None
71.6984 	DATA 	Keypress: space
71.7010 	EXP 	New trial (rep=0, index=3): OrderedDict([('TrialNumber', 4), ('Partner', 'Alex'), ('Condition', 'Neutral'), ('Photos', 'Participant_Images/101/101_Images/101_Image_1.jpg'), ('Feedback', 'liked'), ('FeedbackWait', 3.820572462)])
71.8435 	EXP 	presstosharenextphoto_text: autoDraw = False
71.8435 	EXP 	slider: markerPos = 3
71.8435 	EXP 	saliencequestion_text: text = 'How likely are you to share photos with Alex in the future? \n\n Use your left and right arrows to move the arrow to your desired rating.'
71.8435 	EXP 	salienceavatar_image: image = 'Images/cowboyemoji.png'
71.8435 	EXP 	displayrating_text: text = ''
71.8435 	EXP 	saliencequestion_text: autoDraw = False
71.8435 	EXP 	salienceavatar_image: autoDraw = False
71.8435 	EXP 	saliencecontinue_text: autoDraw = False
71.8435 	EXP 	displayrating_text: autoDraw = False
71.8435 	EXP 	slider: markerPos = 5
71.8435 	EXP 	stresslevel_text: text = 'Please rate your current stress level. \n\n\n Use your mouse or left and right arrows to move the arrow to your desired rating.'
71.8435 	EXP 	displaystressrating_text: text = ''
71.8435 	EXP 	stresslevel_text: autoDraw = False
71.8435 	EXP 	displaystressrating_text: autoDraw = False
71.8435 	EXP 	Match_text: autoDraw = False
71.8435 	EXP 	syncing_text: autoDraw = False
71.8435 	EXP 	text_0: autoDraw = False
71.8435 	EXP 	Transparent: autoDraw = False
71.8435 	EXP 	Loading_25: autoDraw = False
71.8435 	EXP 	text_25: autoDraw = False
71.8435 	EXP 	Loading_50: autoDraw = False
71.8435 	EXP 	text_50: autoDraw = False
71.8435 	EXP 	Loading_75: autoDraw = False
71.8435 	EXP 	text_75: autoDraw = False
71.8435 	EXP 	Loading_100: autoDraw = False
71.8435 	EXP 	text_100: autoDraw = False
71.8435 	EXP 	Youhavematched: text = 'You have matched with: Alex'
71.8435 	EXP 	partneremoji_image: image = 'Images/cowboyemoji.png'
71.8435 	EXP 	Youhavematched: autoDraw = False
71.8435 	EXP 	partneremoji_image: autoDraw = False
71.8435 	EXP 	PressToContinue: autoDraw = False
71.8435 	EXP 	participantimage_image: image = 'Participant_Images/101/101_Images/101_Image_1.jpg'
71.8435 	EXP 	photobeingshared_text: autoDraw = True
71.8435 	EXP 	waitforfeedback_text: autoDraw = True
71.8435 	EXP 	participantimage_image: autoDraw = True
74.7120 	EXP 	photobeingshared_text: autoDraw = False
74.7120 	EXP 	waitforfeedback_text: autoDraw = False
74.7120 	EXP 	participantimage_image: autoDraw = False
74.7120 	EXP 	waiting_text: autoDraw = True
79.7074 	EXP 	waiting_text: autoDraw = False
79.7074 	EXP 	waiting_text: autoDraw = False
79.7074 	EXP 	displayfeedback_text: text = 'Alex liked your photo'
79.7074 	EXP 	fdbkimage_image: image = 'Images/thumbsup.png'
79.7074 	EXP 	displayfeedback_text: autoDraw = True
79.7074 	EXP 	fdbkimage_image: autoDraw = True
82.7119 	EXP 	displayfeedback_text: autoDraw = False
82.7119 	EXP 	fdbkimage_image: autoDraw = False
82.7119 	EXP 	displayfeedback_text: autoDraw = False
82.7119 	EXP 	fdbkimage_image: autoDraw = False
82.7119 	EXP 	presstosharenextphoto_text: autoDraw = True
140.6926 	EXP 	Created sequence: random, trialTypes=1, nReps=0, seed=None
140.7009 	DATA 	Keypress: space
140.7035 	EXP 	New trial (rep=0, index=4): OrderedDict([('TrialNumber', 5), ('Partner', 'Alex'), ('Condition', 'Neutral'), ('Photos', 'Participant_Images/101/101_Images/101_Image_3.jpg'), ('Feedback', 'liked'), ('FeedbackWait', 2.455989137)])
140.8688 	EXP 	presstosharenextphoto_text: autoDraw = False
140.8688 	EXP 	slider: markerPos = 3
140.8688 	EXP 	saliencequestion_text: text = 'How likely are you to share photos with Alex in the future? \n\n Use your left and right arrows to move the arrow to your desired rating.'
140.8688 	EXP 	salienceavatar_image: image = 'Images/cowboyemoji.png'
140.8688 	EXP 	displayrating_text: text = ''
140.8688 	EXP 	saliencequestion_text: autoDraw = False
140.8688 	EXP 	salienceavatar_image: autoDraw = False
140.8688 	EXP 	saliencecontinue_text: autoDraw = False
140.8688 	EXP 	displayrating_text: autoDraw = False
140.8688 	EXP 	slider: markerPos = 5
140.8688 	EXP 	stresslevel_text: text = 'Please rate your current stress level. \n\n\n Use your mouse or left and right arrows to move the arrow to your desired rating.'
140.8688 	EXP 	displaystressrating_text: text = ''
140.8688 	EXP 	stresslevel_text: autoDraw = False
140.8688 	EXP 	displaystressrating_text: autoDraw = False
140.8688 	EXP 	Match_text: autoDraw = False
140.8688 	EXP 	syncing_text: autoDraw = False
140.8688 	EXP 	text_0: autoDraw = False
140.8688 	EXP 	Transparent: autoDraw = False
140.8688 	EXP 	Loading_25: autoDraw = False
140.8688 	EXP 	text_25: autoDraw = False
140.8688 	EXP 	Loading_50: autoDraw = False
140.8688 	EXP 	text_50: autoDraw = False
140.8688 	EXP 	Loading_75: autoDraw = False
140.8688 	EXP 	text_75: autoDraw = False
140.8688 	EXP 	Loading_100: autoDraw = False
140.8688 	EXP 	text_100: autoDraw = False
140.8688 	EXP 	Youhavematched: text = 'You have matched with: Alex'
140.8688 	EXP 	partneremoji_image: image = 'Images/cowboyemoji.png'
140.8688 	EXP 	Youhavematched: autoDraw = False
140.8688 	EXP 	partneremoji_image: autoDraw = False
140.8688 	EXP 	PressToContinue: autoDraw = False
140.8688 	EXP 	participantimage_image: image = 'Participant_Images/101/101_Images/101_Image_3.jpg'
140.8688 	EXP 	photobeingshared_text: autoDraw = True
140.8688 	EXP 	waitforfeedback_text: autoDraw = True
140.8688 	EXP 	participantimage_image: autoDraw = True
143.7207 	EXP 	photobeingshared_text: autoDraw = False
143.7207 	EXP 	waitforfeedback_text: autoDraw = False
143.7207 	EXP 	participantimage_image: autoDraw = False
143.7207 	EXP 	waiting_text: autoDraw = True
148.7316 	EXP 	waiting_text: autoDraw = False
148.7316 	EXP 	displayfeedback_text: text = 'Alex liked your photo'
148.7316 	EXP 	fdbkimage_image: image = 'Images/thumbsup.png'
148.7316 	EXP 	displayfeedback_text: autoDraw = True
148.7316 	EXP 	fdbkimage_image: autoDraw = True
151.7128 	EXP 	Created sequence: random, trialTypes=1, nReps=1, seed=None
151.7130 	EXP 	New trial (rep=0, index=0): None
151.7183 	EXP 	displayfeedback_text: autoDraw = False
151.7183 	EXP 	fdbkimage_image: autoDraw = False
151.7183 	EXP 	presstosharenextphoto_text: autoDraw = False
151.7183 	EXP 	WTP_ins_text1: autoDraw = True
231.3969 	DATA 	Mouse: Left button down, pos=(272,354)
231.4168 	DATA 	Mouse:  Left button up, pos=(271,315)
231.8834 	DATA 	Mouse: Right button down, pos=(253,302)
231.9025 	DATA 	Mouse: wheel shift=(0,0), pos=(220,318)
232.0277 	DATA 	Mouse:  Right button up, pos=(0,97)
298.7119 	DATA 	Keypress: space
298.7155 	EXP 	WTP_ins_text1: autoDraw = False
298.7155 	EXP 	WTP_ins_text2: autoDraw = True
299.3206 	EXP 	Imported /Users/melanieruiz/Desktop/WTP_SM_Choice/Participant_Images/101/101_WTP.xlsx as conditions, 4 conditions, 9 params
299.3209 	EXP 	Created sequence: sequential, trialTypes=4, nReps=1, seed=None
299.3212 	EXP 	New trial (rep=0, index=0): {'social_left': 0, 'Left_Exp': 'Rearranging furniture in your house', 'Right_Exp': 'Going to a carnival with friends', 'leftmoney': 0.01, 'rightmoney': 0.01, 'greenText': 'green', 'left_more_than_right': 0, 'matching_prices': 1, 'social_worthmore': 1}
299.3397 	DATA 	Keypress: space
299.3431 	EXP 	WTP_ins_text2: autoDraw = False
299.3431 	EXP 	Left_Experience: height = 0.05
299.3431 	EXP 	Left_Experience: height = 0.05
299.3431 	EXP 	Left_Experience: height = 0.05
299.3431 	EXP 	Left_Experience: text = 'Rearranging furniture in your house'
299.3431 	EXP 	Right_Experience: height = 0.05
299.3431 	EXP 	Right_Experience: height = 0.05
299.3431 	EXP 	Right_Experience: height = 0.05
299.3431 	EXP 	Right_Experience: text = 'Going to a carnival with friends'
299.3431 	EXP 	Left_Price: height = 0.05
299.3431 	EXP 	Left_Price: height = 0.05
299.3431 	EXP 	Left_Price: height = 0.05
299.3431 	EXP 	Left_Price: text = 0.01
299.3431 	EXP 	Right_Price: height = 0.05
299.3431 	EXP 	Right_Price: height = 0.05
299.3431 	EXP 	Right_Price: height = 0.05
299.3431 	EXP 	Right_Price: text = 0.01
299.3431 	EXP 	Left_Experience: autoDraw = True
299.3431 	EXP 	Right_Experience: autoDraw = True
299.3431 	EXP 	Left_Price: autoDraw = True
299.3431 	EXP 	Right_Price: autoDraw = True
299.9583 	DATA 	Keypress: 1
309.2161 	EXP 	New trial (rep=0, index=1): {'social_left': 0, 'Left_Exp': 'Watching a new episode of a television show', 'Right_Exp': 'Having a picnic with family', 'leftmoney': 0.02, 'rightmoney': 0.01, 'greenText': 'green', 'left_more_than_right': 1, 'matching_prices': 0, 'social_worthmore': 0}
309.2323 	EXP 	Left_Experience: autoDraw = False
309.2323 	EXP 	Right_Experience: autoDraw = False
309.2323 	EXP 	Left_Price: autoDraw = False
309.2323 	EXP 	Right_Price: autoDraw = False
309.2323 	EXP 	Left_Experience: height = 0.05
309.2323 	EXP 	Left_Experience: height = 0.05
309.2323 	EXP 	Left_Experience: height = 0.05
309.2323 	EXP 	Left_Experience: text = 'Watching a new episode of a television show'
309.2323 	EXP 	Right_Experience: height = 0.05
309.2323 	EXP 	Right_Experience: height = 0.05
309.2323 	EXP 	Right_Experience: height = 0.05
309.2323 	EXP 	Right_Experience: text = 'Having a picnic with family'
309.2323 	EXP 	Left_Price: height = 0.05
309.2323 	EXP 	Left_Price: height = 0.05
309.2323 	EXP 	Left_Price: height = 0.05
309.2323 	EXP 	Left_Price: text = 0.02
309.2323 	EXP 	Right_Price: height = 0.05
309.2323 	EXP 	Right_Price: height = 0.05
309.2323 	EXP 	Right_Price: height = 0.05
309.2323 	EXP 	Right_Price: text = 0.01
309.2323 	EXP 	Left_Experience: autoDraw = True
309.2323 	EXP 	Right_Experience: autoDraw = True
309.2323 	EXP 	Left_Price: autoDraw = True
309.2323 	EXP 	Right_Price: autoDraw = True
319.2101 	EXP 	New trial (rep=0, index=2): {'social_left': 0, 'Left_Exp': 'Painting your bedroom\na new color', 'Right_Exp': 'Having a romantic dinner with a significant other', 'leftmoney': 0.03, 'rightmoney': 0.01, 'greenText': 'green', 'left_more_than_right': 1, 'matching_prices': 0, 'social_worthmore': 0}
319.2288 	EXP 	Left_Experience: autoDraw = False
319.2288 	EXP 	Right_Experience: autoDraw = False
319.2288 	EXP 	Left_Price: autoDraw = False
319.2288 	EXP 	Right_Price: autoDraw = False
319.2288 	EXP 	Left_Experience: height = 0.05
319.2288 	EXP 	Left_Experience: height = 0.05
319.2288 	EXP 	Left_Experience: height = 0.05
319.2288 	EXP 	Left_Experience: text = 'Painting your bedroom\na new color'
319.2288 	EXP 	Right_Experience: height = 0.05
319.2288 	EXP 	Right_Experience: height = 0.05
319.2288 	EXP 	Right_Experience: height = 0.05
319.2288 	EXP 	Right_Experience: text = 'Having a romantic dinner with a significant other'
319.2288 	EXP 	Left_Price: height = 0.05
319.2288 	EXP 	Left_Price: height = 0.05
319.2288 	EXP 	Left_Price: height = 0.05
319.2288 	EXP 	Left_Price: text = 0.03
319.2288 	EXP 	Right_Price: height = 0.05
319.2288 	EXP 	Right_Price: height = 0.05
319.2288 	EXP 	Right_Price: height = 0.05
319.2288 	EXP 	Right_Price: text = 0.01
319.2288 	EXP 	Left_Experience: autoDraw = True
319.2288 	EXP 	Right_Experience: autoDraw = True
319.2288 	EXP 	Left_Price: autoDraw = True
319.2288 	EXP 	Right_Price: autoDraw = True
329.2168 	EXP 	New trial (rep=0, index=3): {'social_left': 0, 'Left_Exp': 'Playing with a pet', 'Right_Exp': 'Studying abroad with friends', 'leftmoney': 0.04, 'rightmoney': 0.01, 'greenText': 'green', 'left_more_than_right': 1, 'matching_prices': 0, 'social_worthmore': 0}
329.2331 	EXP 	Left_Experience: autoDraw = False
329.2331 	EXP 	Right_Experience: autoDraw = False
329.2331 	EXP 	Left_Price: autoDraw = False
329.2331 	EXP 	Right_Price: autoDraw = False
329.2331 	EXP 	Left_Experience: height = 0.05
329.2331 	EXP 	Left_Experience: height = 0.05
329.2331 	EXP 	Left_Experience: height = 0.05
329.2331 	EXP 	Left_Experience: text = 'Playing with a pet'
329.2331 	EXP 	Right_Experience: height = 0.05
329.2331 	EXP 	Right_Experience: height = 0.05
329.2331 	EXP 	Right_Experience: height = 0.05
329.2331 	EXP 	Right_Experience: text = 'Studying abroad with friends'
329.2331 	EXP 	Left_Price: height = 0.05
329.2331 	EXP 	Left_Price: height = 0.05
329.2331 	EXP 	Left_Price: height = 0.05
329.2331 	EXP 	Left_Price: text = 0.04
329.2331 	EXP 	Right_Price: height = 0.05
329.2331 	EXP 	Right_Price: height = 0.05
329.2331 	EXP 	Right_Price: height = 0.05
329.2331 	EXP 	Right_Price: text = 0.01
329.2331 	EXP 	Left_Experience: autoDraw = True
329.2331 	EXP 	Right_Experience: autoDraw = True
329.2331 	EXP 	Left_Price: autoDraw = True
329.2331 	EXP 	Right_Price: autoDraw = True
339.2170 	EXP 	Left_Experience: autoDraw = False
339.2170 	EXP 	Right_Experience: autoDraw = False
339.2170 	EXP 	Left_Price: autoDraw = False
339.2170 	EXP 	Right_Price: autoDraw = False
339.2170 	EXP 	Resume_Text: height = 0.12
339.2170 	EXP 	Resume_Text: height = 0.12
339.2170 	EXP 	Resume_Text: height = 0.12
339.2170 	EXP 	Resume_Text: text = 'Press space to resume sharing your photos.'
339.2170 	EXP 	Resume_Text: autoDraw = True
473.6269 	DATA 	Keypress: v
473.9028 	DATA 	Keypress: space
473.9052 	EXP 	New trial (rep=0, index=5): OrderedDict([('TrialNumber', 6), ('Partner', 'Alex'), ('Condition', 'Neutral'), ('Photos', 'Participant_Images/101/101_Images/101_Image_13.jpg'), ('Feedback', 'liked'), ('FeedbackWait', 3.79605092)])
474.0625 	EXP 	Resume_Text: autoDraw = False
474.0625 	EXP 	slider: markerPos = 3
474.0625 	EXP 	saliencequestion_text: text = 'How likely are you to share photos with Alex in the future? \n\n Use your left and right arrows to move the arrow to your desired rating.'
474.0625 	EXP 	salienceavatar_image: image = 'Images/cowboyemoji.png'
474.0625 	EXP 	displayrating_text: text = ''
474.0625 	EXP 	saliencequestion_text: autoDraw = False
474.0625 	EXP 	salienceavatar_image: autoDraw = False
474.0625 	EXP 	saliencecontinue_text: autoDraw = False
474.0625 	EXP 	displayrating_text: autoDraw = False
474.0625 	EXP 	slider: markerPos = 5
474.0625 	EXP 	stresslevel_text: text = 'Please rate your current stress level. \n\n\n Use your mouse or left and right arrows to move the arrow to your desired rating.'
474.0625 	EXP 	displaystressrating_text: text = ''
474.0625 	EXP 	stresslevel_text: autoDraw = False
474.0625 	EXP 	displaystressrating_text: autoDraw = False
474.0625 	EXP 	Match_text: autoDraw = False
474.0625 	EXP 	syncing_text: autoDraw = False
474.0625 	EXP 	text_0: autoDraw = False
474.0625 	EXP 	Transparent: autoDraw = False
474.0625 	EXP 	Loading_25: autoDraw = False
474.0625 	EXP 	text_25: autoDraw = False
474.0625 	EXP 	Loading_50: autoDraw = False
474.0625 	EXP 	text_50: autoDraw = False
474.0625 	EXP 	Loading_75: autoDraw = False
474.0625 	EXP 	text_75: autoDraw = False
474.0625 	EXP 	Loading_100: autoDraw = False
474.0625 	EXP 	text_100: autoDraw = False
474.0625 	EXP 	Youhavematched: text = 'You have matched with: Alex'
474.0625 	EXP 	partneremoji_image: image = 'Images/cowboyemoji.png'
474.0625 	EXP 	Youhavematched: autoDraw = False
474.0625 	EXP 	partneremoji_image: autoDraw = False
474.0625 	EXP 	PressToContinue: autoDraw = False
474.0625 	EXP 	participantimage_image: image = 'Participant_Images/101/101_Images/101_Image_13.jpg'
474.0625 	EXP 	photobeingshared_text: autoDraw = True
474.0625 	EXP 	waitforfeedback_text: autoDraw = True
474.0625 	EXP 	participantimage_image: autoDraw = True
476.9257 	EXP 	photobeingshared_text: autoDraw = False
476.9257 	EXP 	waitforfeedback_text: autoDraw = False
476.9257 	EXP 	participantimage_image: autoDraw = False
476.9257 	EXP 	waiting_text: autoDraw = True
481.9193 	EXP 	waiting_text: autoDraw = False
481.9193 	EXP 	displayfeedback_text: text = 'Alex liked your photo'
481.9193 	EXP 	fdbkimage_image: image = 'Images/thumbsup.png'
481.9193 	EXP 	displayfeedback_text: autoDraw = True
481.9193 	EXP 	fdbkimage_image: autoDraw = True
484.9120 	EXP 	displayfeedback_text: autoDraw = False
484.9120 	EXP 	fdbkimage_image: autoDraw = False
484.9120 	EXP 	displayfeedback_text: autoDraw = False
484.9120 	EXP 	fdbkimage_image: autoDraw = False
484.9120 	EXP 	presstosharenextphoto_text: autoDraw = True
517.8330 	EXP 	Created sequence: random, trialTypes=1, nReps=0, seed=None
517.8422 	DATA 	Keypress: space
517.8448 	EXP 	New trial (rep=0, index=6): OrderedDict([('TrialNumber', 7), ('Partner', 'Alex'), ('Condition', 'Neutral'), ('Photos', 'Participant_Images/101/101_Images/101_Image_2.jpg'), ('Feedback', 'did not like'), ('FeedbackWait', 3.562416326)])
517.9972 	EXP 	presstosharenextphoto_text: autoDraw = False
517.9972 	EXP 	slider: markerPos = 3
517.9972 	EXP 	saliencequestion_text: text = 'How likely are you to share photos with Alex in the future? \n\n Use your left and right arrows to move the arrow to your desired rating.'
517.9972 	EXP 	salienceavatar_image: image = 'Images/cowboyemoji.png'
517.9972 	EXP 	displayrating_text: text = ''
517.9972 	EXP 	saliencequestion_text: autoDraw = False
517.9972 	EXP 	salienceavatar_image: autoDraw = False
517.9972 	EXP 	saliencecontinue_text: autoDraw = False
517.9972 	EXP 	displayrating_text: autoDraw = False
517.9972 	EXP 	slider: markerPos = 5
517.9972 	EXP 	stresslevel_text: text = 'Please rate your current stress level. \n\n\n Use your mouse or left and right arrows to move the arrow to your desired rating.'
517.9972 	EXP 	displaystressrating_text: text = ''
517.9972 	EXP 	stresslevel_text: autoDraw = False
517.9972 	EXP 	displaystressrating_text: autoDraw = False
517.9972 	EXP 	Match_text: autoDraw = False
517.9972 	EXP 	syncing_text: autoDraw = False
517.9972 	EXP 	text_0: autoDraw = False
517.9972 	EXP 	Transparent: autoDraw = False
517.9972 	EXP 	Loading_25: autoDraw = False
517.9972 	EXP 	text_25: autoDraw = False
517.9972 	EXP 	Loading_50: autoDraw = False
517.9972 	EXP 	text_50: autoDraw = False
517.9972 	EXP 	Loading_75: autoDraw = False
517.9972 	EXP 	text_75: autoDraw = False
517.9972 	EXP 	Loading_100: autoDraw = False
517.9972 	EXP 	text_100: autoDraw = False
517.9972 	EXP 	Youhavematched: text = 'You have matched with: Alex'
517.9972 	EXP 	partneremoji_image: image = 'Images/cowboyemoji.png'
517.9972 	EXP 	Youhavematched: autoDraw = False
517.9972 	EXP 	partneremoji_image: autoDraw = False
517.9972 	EXP 	PressToContinue: autoDraw = False
517.9972 	EXP 	participantimage_image: image = 'Participant_Images/101/101_Images/101_Image_2.jpg'
517.9972 	EXP 	photobeingshared_text: autoDraw = True
517.9972 	EXP 	waitforfeedback_text: autoDraw = True
517.9972 	EXP 	participantimage_image: autoDraw = True
520.8713 	EXP 	photobeingshared_text: autoDraw = False
520.8713 	EXP 	waitforfeedback_text: autoDraw = False
520.8713 	EXP 	participantimage_image: autoDraw = False
520.8713 	EXP 	waiting_text: autoDraw = True
525.8671 	EXP 	waiting_text: autoDraw = False
525.8671 	EXP 	displayfeedback_text: height = 0.12
525.8671 	EXP 	displayfeedback_text: height = 0.12
525.8671 	EXP 	displayfeedback_text: height = 0.12
525.8671 	EXP 	displayfeedback_text: text = 'Alex did not like your photo'
525.8671 	EXP 	fdbkimage_image: image = 'Images/thumbsdown.png'
525.8671 	EXP 	displayfeedback_text: autoDraw = True
525.8671 	EXP 	fdbkimage_image: autoDraw = True
528.8545 	EXP 	displayfeedback_text: autoDraw = False
528.8545 	EXP 	fdbkimage_image: autoDraw = False
528.8545 	EXP 	presstosharenextphoto_text: autoDraw = True
538.7768 	EXP 	Created sequence: random, trialTypes=1, nReps=0, seed=None
538.7896 	DATA 	Keypress: space
538.7923 	EXP 	New trial (rep=0, index=7): OrderedDict([('TrialNumber', 8), ('Partner', 'Alex'), ('Condition', 'Neutral'), ('Photos', 'Participant_Images/101/101_Images/101_Image_25.jpg'), ('Feedback', 'liked'), ('FeedbackWait', 2.843822497)])
538.9535 	EXP 	presstosharenextphoto_text: autoDraw = False
538.9535 	EXP 	slider: markerPos = 3
538.9535 	EXP 	saliencequestion_text: text = 'How likely are you to share photos with Alex in the future? \n\n Use your left and right arrows to move the arrow to your desired rating.'
538.9535 	EXP 	salienceavatar_image: image = 'Images/cowboyemoji.png'
538.9535 	EXP 	displayrating_text: text = ''
538.9535 	EXP 	saliencequestion_text: autoDraw = False
538.9535 	EXP 	salienceavatar_image: autoDraw = False
538.9535 	EXP 	saliencecontinue_text: autoDraw = False
538.9535 	EXP 	displayrating_text: autoDraw = False
538.9535 	EXP 	slider: markerPos = 5
538.9535 	EXP 	stresslevel_text: text = 'Please rate your current stress level. \n\n\n Use your mouse or left and right arrows to move the arrow to your desired rating.'
538.9535 	EXP 	displaystressrating_text: text = ''
538.9535 	EXP 	stresslevel_text: autoDraw = False
538.9535 	EXP 	displaystressrating_text: autoDraw = False
538.9535 	EXP 	Match_text: autoDraw = False
538.9535 	EXP 	syncing_text: autoDraw = False
538.9535 	EXP 	text_0: autoDraw = False
538.9535 	EXP 	Transparent: autoDraw = False
538.9535 	EXP 	Loading_25: autoDraw = False
538.9535 	EXP 	text_25: autoDraw = False
538.9535 	EXP 	Loading_50: autoDraw = False
538.9535 	EXP 	text_50: autoDraw = False
538.9535 	EXP 	Loading_75: autoDraw = False
538.9535 	EXP 	text_75: autoDraw = False
538.9535 	EXP 	Loading_100: autoDraw = False
538.9535 	EXP 	text_100: autoDraw = False
538.9535 	EXP 	Youhavematched: text = 'You have matched with: Alex'
538.9535 	EXP 	partneremoji_image: image = 'Images/cowboyemoji.png'
538.9535 	EXP 	Youhavematched: autoDraw = False
538.9535 	EXP 	partneremoji_image: autoDraw = False
538.9535 	EXP 	PressToContinue: autoDraw = False
538.9535 	EXP 	participantimage_image: image = 'Participant_Images/101/101_Images/101_Image_25.jpg'
538.9535 	EXP 	photobeingshared_text: autoDraw = True
538.9535 	EXP 	waitforfeedback_text: autoDraw = True
538.9535 	EXP 	participantimage_image: autoDraw = True
541.8159 	EXP 	photobeingshared_text: autoDraw = False
541.8159 	EXP 	waitforfeedback_text: autoDraw = False
541.8159 	EXP 	participantimage_image: autoDraw = False
541.8159 	EXP 	waiting_text: autoDraw = True
546.8111 	EXP 	waiting_text: autoDraw = False
546.8111 	EXP 	displayfeedback_text: height = 0.12
546.8111 	EXP 	displayfeedback_text: height = 0.12
546.8111 	EXP 	displayfeedback_text: height = 0.12
546.8111 	EXP 	displayfeedback_text: text = 'Alex liked your photo'
546.8111 	EXP 	fdbkimage_image: image = 'Images/thumbsup.png'
546.8111 	EXP 	displayfeedback_text: autoDraw = True
546.8111 	EXP 	fdbkimage_image: autoDraw = True
549.8144 	EXP 	displayfeedback_text: autoDraw = False
549.8144 	EXP 	fdbkimage_image: autoDraw = False
549.8144 	EXP 	presstosharenextphoto_text: autoDraw = True
551.7565 	EXP 	Created sequence: random, trialTypes=1, nReps=0, seed=None
551.7587 	DATA 	Keypress: space
551.7678 	EXP 	New trial (rep=0, index=8): OrderedDict([('TrialNumber', 9), ('Partner', 'Alex'), ('Condition', 'Neutral'), ('Photos', 'Participant_Images/101/101_Images/101_Image_8.jpg'), ('Feedback', 'did not like'), ('FeedbackWait', 3.546495948)])
551.9399 	EXP 	presstosharenextphoto_text: autoDraw = False
551.9399 	EXP 	slider: markerPos = 3
551.9399 	EXP 	saliencequestion_text: text = 'How likely are you to share photos with Alex in the future? \n\n Use your left and right arrows to move the arrow to your desired rating.'
551.9399 	EXP 	salienceavatar_image: image = 'Images/cowboyemoji.png'
551.9399 	EXP 	displayrating_text: text = ''
551.9399 	EXP 	saliencequestion_text: autoDraw = False
551.9399 	EXP 	salienceavatar_image: autoDraw = False
551.9399 	EXP 	saliencecontinue_text: autoDraw = False
551.9399 	EXP 	displayrating_text: autoDraw = False
551.9399 	EXP 	slider: markerPos = 5
551.9399 	EXP 	stresslevel_text: text = 'Please rate your current stress level. \n\n\n Use your mouse or left and right arrows to move the arrow to your desired rating.'
551.9399 	EXP 	displaystressrating_text: text = ''
551.9399 	EXP 	stresslevel_text: autoDraw = False
551.9399 	EXP 	displaystressrating_text: autoDraw = False
551.9399 	EXP 	Match_text: autoDraw = False
551.9399 	EXP 	syncing_text: autoDraw = False
551.9399 	EXP 	text_0: autoDraw = False
551.9399 	EXP 	Transparent: autoDraw = False
551.9399 	EXP 	Loading_25: autoDraw = False
551.9399 	EXP 	text_25: autoDraw = False
551.9399 	EXP 	Loading_50: autoDraw = False
551.9399 	EXP 	text_50: autoDraw = False
551.9399 	EXP 	Loading_75: autoDraw = False
551.9399 	EXP 	text_75: autoDraw = False
551.9399 	EXP 	Loading_100: autoDraw = False
551.9399 	EXP 	text_100: autoDraw = False
551.9399 	EXP 	Youhavematched: text = 'You have matched with: Alex'
551.9399 	EXP 	partneremoji_image: image = 'Images/cowboyemoji.png'
551.9399 	EXP 	Youhavematched: autoDraw = False
551.9399 	EXP 	partneremoji_image: autoDraw = False
551.9399 	EXP 	PressToContinue: autoDraw = False
551.9399 	EXP 	participantimage_image: image = 'Participant_Images/101/101_Images/101_Image_8.jpg'
551.9399 	EXP 	photobeingshared_text: autoDraw = True
551.9399 	EXP 	waitforfeedback_text: autoDraw = True
551.9399 	EXP 	participantimage_image: autoDraw = True
554.7774 	EXP 	photobeingshared_text: autoDraw = False
554.7774 	EXP 	waitforfeedback_text: autoDraw = False
554.7774 	EXP 	participantimage_image: autoDraw = False
554.7774 	EXP 	waiting_text: autoDraw = True
559.7796 	EXP 	waiting_text: autoDraw = False
559.7796 	EXP 	waiting_text: autoDraw = False
559.7796 	EXP 	displayfeedback_text: height = 0.12
559.7796 	EXP 	displayfeedback_text: height = 0.12
559.7796 	EXP 	displayfeedback_text: height = 0.12
559.7796 	EXP 	displayfeedback_text: text = 'Alex did not like your photo'
559.7796 	EXP 	fdbkimage_image: image = 'Images/thumbsdown.png'
559.7796 	EXP 	displayfeedback_text: autoDraw = True
559.7796 	EXP 	fdbkimage_image: autoDraw = True
562.7816 	EXP 	displayfeedback_text: autoDraw = False
562.7816 	EXP 	fdbkimage_image: autoDraw = False
562.7816 	EXP 	presstosharenextphoto_text: autoDraw = True
563.6001 	EXP 	Created sequence: random, trialTypes=1, nReps=0, seed=None
563.6019 	DATA 	Keypress: space
563.6126 	EXP 	New trial (rep=0, index=9): OrderedDict([('TrialNumber', 10), ('Partner', 'Alex'), ('Condition', 'Neutral'), ('Photos', 'Participant_Images/101/101_Images/101_Image_7.jpg'), ('Feedback', 'did not like'), ('FeedbackWait', 1.672012706)])
563.7654 	EXP 	presstosharenextphoto_text: autoDraw = False
563.7654 	EXP 	slider: markerPos = 3
563.7654 	EXP 	saliencequestion_text: text = 'How likely are you to share photos with Alex in the future? \n\n Use your left and right arrows to move the arrow to your desired rating.'
563.7654 	EXP 	salienceavatar_image: image = 'Images/cowboyemoji.png'
563.7654 	EXP 	displayrating_text: text = ''
563.7654 	EXP 	saliencequestion_text: autoDraw = False
563.7654 	EXP 	salienceavatar_image: autoDraw = False
563.7654 	EXP 	saliencecontinue_text: autoDraw = False
563.7654 	EXP 	displayrating_text: autoDraw = False
563.7654 	EXP 	slider: markerPos = 5
563.7654 	EXP 	stresslevel_text: text = 'Please rate your current stress level. \n\n\n Use your mouse or left and right arrows to move the arrow to your desired rating.'
563.7654 	EXP 	displaystressrating_text: text = ''
563.7654 	EXP 	stresslevel_text: autoDraw = False
563.7654 	EXP 	displaystressrating_text: autoDraw = False
563.7654 	EXP 	Match_text: autoDraw = False
563.7654 	EXP 	syncing_text: autoDraw = False
563.7654 	EXP 	text_0: autoDraw = False
563.7654 	EXP 	Transparent: autoDraw = False
563.7654 	EXP 	Loading_25: autoDraw = False
563.7654 	EXP 	text_25: autoDraw = False
563.7654 	EXP 	Loading_50: autoDraw = False
563.7654 	EXP 	text_50: autoDraw = False
563.7654 	EXP 	Loading_75: autoDraw = False
563.7654 	EXP 	text_75: autoDraw = False
563.7654 	EXP 	Loading_100: autoDraw = False
563.7654 	EXP 	text_100: autoDraw = False
563.7654 	EXP 	Youhavematched: text = 'You have matched with: Alex'
563.7654 	EXP 	partneremoji_image: image = 'Images/cowboyemoji.png'
563.7654 	EXP 	Youhavematched: autoDraw = False
563.7654 	EXP 	partneremoji_image: autoDraw = False
563.7654 	EXP 	PressToContinue: autoDraw = False
563.7654 	EXP 	participantimage_image: image = 'Participant_Images/101/101_Images/101_Image_7.jpg'
563.7654 	EXP 	photobeingshared_text: autoDraw = True
563.7654 	EXP 	waitforfeedback_text: autoDraw = True
563.7654 	EXP 	participantimage_image: autoDraw = True
566.6233 	EXP 	photobeingshared_text: autoDraw = False
566.6233 	EXP 	waitforfeedback_text: autoDraw = False
566.6233 	EXP 	participantimage_image: autoDraw = False
566.6233 	EXP 	waiting_text: autoDraw = True
571.6169 	EXP 	waiting_text: autoDraw = False
571.6169 	EXP 	waiting_text: autoDraw = False
571.6169 	EXP 	displayfeedback_text: text = 'Alex did not like your photo'
571.6169 	EXP 	fdbkimage_image: image = 'Images/thumbsdown.png'
571.6169 	EXP 	displayfeedback_text: autoDraw = True
571.6169 	EXP 	fdbkimage_image: autoDraw = True
574.6035 	EXP 	Created sequence: random, trialTypes=1, nReps=1, seed=None
574.6036 	EXP 	New trial (rep=0, index=0): None
574.6171 	EXP 	displayfeedback_text: autoDraw = False
574.6171 	EXP 	fdbkimage_image: autoDraw = False
574.6171 	EXP 	displayfeedback_text: autoDraw = False
574.6171 	EXP 	fdbkimage_image: autoDraw = False
574.6171 	EXP 	presstosharenextphoto_text: autoDraw = False
574.6171 	EXP 	WTP_ins_text1: autoDraw = True
581.6083 	DATA 	Keypress: space
581.6117 	EXP 	WTP_ins_text1: autoDraw = False
581.6117 	EXP 	WTP_ins_text2: autoDraw = True
582.1198 	EXP 	Imported /Users/melanieruiz/Desktop/WTP_SM_Choice/Participant_Images/101/101_WTP.xlsx as conditions, 4 conditions, 9 params
582.1201 	EXP 	Created sequence: sequential, trialTypes=4, nReps=1, seed=None
582.1204 	EXP 	New trial (rep=0, index=0): {'social_left': 0, 'Left_Exp': 'Rearranging furniture in your house', 'Right_Exp': 'Going to a carnival with friends', 'leftmoney': 0.01, 'rightmoney': 0.01, 'greenText': 'green', 'left_more_than_right': 0, 'matching_prices': 1, 'social_worthmore': 1}
582.1312 	DATA 	Keypress: space
582.1339 	EXP 	WTP_ins_text2: autoDraw = False
582.1339 	EXP 	Left_Experience: height = 0.05
582.1339 	EXP 	Left_Experience: height = 0.05
582.1339 	EXP 	Left_Experience: height = 0.05
582.1339 	EXP 	Left_Experience: text = 'Rearranging furniture in your house'
582.1339 	EXP 	Right_Experience: height = 0.05
582.1339 	EXP 	Right_Experience: height = 0.05
582.1339 	EXP 	Right_Experience: height = 0.05
582.1339 	EXP 	Right_Experience: text = 'Going to a carnival with friends'
582.1339 	EXP 	Left_Price: height = 0.05
582.1339 	EXP 	Left_Price: height = 0.05
582.1339 	EXP 	Left_Price: height = 0.05
582.1339 	EXP 	Left_Price: text = 0.01
582.1339 	EXP 	Right_Price: height = 0.05
582.1339 	EXP 	Right_Price: height = 0.05
582.1339 	EXP 	Right_Price: height = 0.05
582.1339 	EXP 	Right_Price: text = 0.01
582.1339 	EXP 	Left_Experience: autoDraw = True
582.1339 	EXP 	Right_Experience: autoDraw = True
582.1339 	EXP 	Left_Price: autoDraw = True
582.1339 	EXP 	Right_Price: autoDraw = True
583.2878 	DATA 	Keypress: 1
592.1072 	EXP 	New trial (rep=0, index=1): {'social_left': 0, 'Left_Exp': 'Watching a new episode of a television show', 'Right_Exp': 'Having a picnic with family', 'leftmoney': 0.02, 'rightmoney': 0.01, 'greenText': 'green', 'left_more_than_right': 1, 'matching_prices': 0, 'social_worthmore': 0}
592.1196 	EXP 	Left_Experience: autoDraw = False
592.1196 	EXP 	Right_Experience: autoDraw = False
592.1196 	EXP 	Left_Price: autoDraw = False
592.1196 	EXP 	Right_Price: autoDraw = False
592.1196 	EXP 	Left_Experience: height = 0.05
592.1196 	EXP 	Left_Experience: height = 0.05
592.1196 	EXP 	Left_Experience: height = 0.05
592.1196 	EXP 	Left_Experience: text = 'Watching a new episode of a television show'
592.1196 	EXP 	Right_Experience: height = 0.05
592.1196 	EXP 	Right_Experience: height = 0.05
592.1196 	EXP 	Right_Experience: height = 0.05
592.1196 	EXP 	Right_Experience: text = 'Having a picnic with family'
592.1196 	EXP 	Left_Price: height = 0.05
592.1196 	EXP 	Left_Price: height = 0.05
592.1196 	EXP 	Left_Price: height = 0.05
592.1196 	EXP 	Left_Price: text = 0.02
592.1196 	EXP 	Right_Price: height = 0.05
592.1196 	EXP 	Right_Price: height = 0.05
592.1196 	EXP 	Right_Price: height = 0.05
592.1196 	EXP 	Right_Price: text = 0.01
592.1196 	EXP 	Left_Experience: autoDraw = True
592.1196 	EXP 	Right_Experience: autoDraw = True
592.1196 	EXP 	Left_Price: autoDraw = True
592.1196 	EXP 	Right_Price: autoDraw = True
593.8851 	DATA 	Keypress: 2
602.1069 	EXP 	New trial (rep=0, index=2): {'social_left': 0, 'Left_Exp': 'Painting your bedroom\na new color', 'Right_Exp': 'Having a romantic dinner with a significant other', 'leftmoney': 0.03, 'rightmoney': 0.01, 'greenText': 'green', 'left_more_than_right': 1, 'matching_prices': 0, 'social_worthmore': 0}
602.1189 	EXP 	Left_Experience: autoDraw = False
602.1189 	EXP 	Right_Experience: autoDraw = False
602.1189 	EXP 	Left_Price: autoDraw = False
602.1189 	EXP 	Right_Price: autoDraw = False
602.1189 	EXP 	Left_Experience: height = 0.05
602.1189 	EXP 	Left_Experience: height = 0.05
602.1189 	EXP 	Left_Experience: height = 0.05
602.1189 	EXP 	Left_Experience: text = 'Painting your bedroom\na new color'
602.1189 	EXP 	Right_Experience: height = 0.05
602.1189 	EXP 	Right_Experience: height = 0.05
602.1189 	EXP 	Right_Experience: height = 0.05
602.1189 	EXP 	Right_Experience: text = 'Having a romantic dinner with a significant other'
602.1189 	EXP 	Left_Price: height = 0.05
602.1189 	EXP 	Left_Price: height = 0.05
602.1189 	EXP 	Left_Price: height = 0.05
602.1189 	EXP 	Left_Price: text = 0.03
602.1189 	EXP 	Right_Price: height = 0.05
602.1189 	EXP 	Right_Price: height = 0.05
602.1189 	EXP 	Right_Price: height = 0.05
602.1189 	EXP 	Right_Price: text = 0.01
602.1189 	EXP 	Left_Experience: autoDraw = True
602.1189 	EXP 	Right_Experience: autoDraw = True
602.1189 	EXP 	Left_Price: autoDraw = True
602.1189 	EXP 	Right_Price: autoDraw = True
612.1114 	EXP 	New trial (rep=0, index=3): {'social_left': 0, 'Left_Exp': 'Playing with a pet', 'Right_Exp': 'Studying abroad with friends', 'leftmoney': 0.04, 'rightmoney': 0.01, 'greenText': 'green', 'left_more_than_right': 1, 'matching_prices': 0, 'social_worthmore': 0}
612.1254 	EXP 	Left_Experience: autoDraw = False
612.1254 	EXP 	Right_Experience: autoDraw = False
612.1254 	EXP 	Left_Price: autoDraw = False
612.1254 	EXP 	Right_Price: autoDraw = False
612.1254 	EXP 	Left_Experience: height = 0.05
612.1254 	EXP 	Left_Experience: height = 0.05
612.1254 	EXP 	Left_Experience: height = 0.05
612.1254 	EXP 	Left_Experience: text = 'Playing with a pet'
612.1254 	EXP 	Right_Experience: height = 0.05
612.1254 	EXP 	Right_Experience: height = 0.05
612.1254 	EXP 	Right_Experience: height = 0.05
612.1254 	EXP 	Right_Experience: text = 'Studying abroad with friends'
612.1254 	EXP 	Left_Price: height = 0.05
612.1254 	EXP 	Left_Price: height = 0.05
612.1254 	EXP 	Left_Price: height = 0.05
612.1254 	EXP 	Left_Price: text = 0.04
612.1254 	EXP 	Right_Price: height = 0.05
612.1254 	EXP 	Right_Price: height = 0.05
612.1254 	EXP 	Right_Price: height = 0.05
612.1254 	EXP 	Right_Price: text = 0.01
612.1254 	EXP 	Left_Experience: autoDraw = True
612.1254 	EXP 	Right_Experience: autoDraw = True
612.1254 	EXP 	Left_Price: autoDraw = True
612.1254 	EXP 	Right_Price: autoDraw = True
622.1160 	EXP 	Left_Experience: autoDraw = False
622.1160 	EXP 	Right_Experience: autoDraw = False
622.1160 	EXP 	Left_Price: autoDraw = False
622.1160 	EXP 	Right_Price: autoDraw = False
622.1160 	EXP 	Resume_Text: text = 'Press space to resume sharing your photos.'
622.1160 	EXP 	Resume_Text: autoDraw = True
623.6381 	DATA 	Keypress: space
623.6492 	EXP 	New trial (rep=0, index=10): OrderedDict([('TrialNumber', 11), ('Partner', 'Alex'), ('Condition', 'Neutral'), ('Photos', 'Participant_Images/101/101_Images/101_Image_27.jpg'), ('Feedback', 'liked'), ('FeedbackWait', 4.942172136)])
623.7981 	EXP 	Resume_Text: autoDraw = False
623.7981 	EXP 	slider: markerPos = 3
623.7981 	EXP 	saliencequestion_text: text = 'How likely are you to share photos with Alex in the future? \n\n Use your left and right arrows to move the arrow to your desired rating.'
623.7981 	EXP 	salienceavatar_image: image = 'Images/cowboyemoji.png'
623.7981 	EXP 	displayrating_text: text = ''
623.7981 	EXP 	saliencequestion_text: autoDraw = False
623.7981 	EXP 	salienceavatar_image: autoDraw = False
623.7981 	EXP 	saliencecontinue_text: autoDraw = False
623.7981 	EXP 	displayrating_text: autoDraw = False
623.7981 	EXP 	slider: markerPos = 5
623.7981 	EXP 	stresslevel_text: text = 'Please rate your current stress level. \n\n\n Use your mouse or left and right arrows to move the arrow to your desired rating.'
623.7981 	EXP 	displaystressrating_text: text = ''
623.7981 	EXP 	stresslevel_text: autoDraw = False
623.7981 	EXP 	displaystressrating_text: autoDraw = False
623.7981 	EXP 	Match_text: autoDraw = False
623.7981 	EXP 	syncing_text: autoDraw = False
623.7981 	EXP 	text_0: autoDraw = False
623.7981 	EXP 	Transparent: autoDraw = False
623.7981 	EXP 	Loading_25: autoDraw = False
623.7981 	EXP 	text_25: autoDraw = False
623.7981 	EXP 	Loading_50: autoDraw = False
623.7981 	EXP 	text_50: autoDraw = False
623.7981 	EXP 	Loading_75: autoDraw = False
623.7981 	EXP 	text_75: autoDraw = False
623.7981 	EXP 	Loading_100: autoDraw = False
623.7981 	EXP 	text_100: autoDraw = False
623.7981 	EXP 	Youhavematched: text = 'You have matched with: Alex'
623.7981 	EXP 	partneremoji_image: image = 'Images/cowboyemoji.png'
623.7981 	EXP 	Youhavematched: autoDraw = False
623.7981 	EXP 	partneremoji_image: autoDraw = False
623.7981 	EXP 	PressToContinue: autoDraw = False
623.7981 	EXP 	participantimage_image: image = 'Participant_Images/101/101_Images/101_Image_27.jpg'
623.7981 	EXP 	photobeingshared_text: autoDraw = True
623.7981 	EXP 	waitforfeedback_text: autoDraw = True
623.7981 	EXP 	participantimage_image: autoDraw = True
626.6711 	EXP 	photobeingshared_text: autoDraw = False
626.6711 	EXP 	waitforfeedback_text: autoDraw = False
626.6711 	EXP 	participantimage_image: autoDraw = False
626.6711 	EXP 	waiting_text: autoDraw = True
631.6724 	EXP 	waiting_text: autoDraw = False
631.6724 	EXP 	displayfeedback_text: height = 0.12
631.6724 	EXP 	displayfeedback_text: height = 0.12
631.6724 	EXP 	displayfeedback_text: height = 0.12
631.6724 	EXP 	displayfeedback_text: text = 'Alex liked your photo'
631.6724 	EXP 	fdbkimage_image: image = 'Images/thumbsup.png'
631.6724 	EXP 	displayfeedback_text: autoDraw = True
631.6724 	EXP 	fdbkimage_image: autoDraw = True
634.6667 	EXP 	displayfeedback_text: autoDraw = False
634.6667 	EXP 	fdbkimage_image: autoDraw = False
634.6667 	EXP 	presstosharenextphoto_text: autoDraw = True
638.5951 	EXP 	Created sequence: random, trialTypes=1, nReps=0, seed=None
638.5965 	DATA 	Keypress: space
638.6085 	EXP 	New trial (rep=0, index=11): OrderedDict([('TrialNumber', 12), ('Partner', 'Alex'), ('Condition', 'Neutral'), ('Photos', 'Participant_Images/101/101_Images/101_Image_10.jpg'), ('Feedback', 'liked'), ('FeedbackWait', 2.50187214)])
638.7528 	EXP 	presstosharenextphoto_text: autoDraw = False
638.7528 	EXP 	slider: markerPos = 3
638.7528 	EXP 	saliencequestion_text: text = 'How likely are you to share photos with Alex in the future? \n\n Use your left and right arrows to move the arrow to your desired rating.'
638.7528 	EXP 	salienceavatar_image: image = 'Images/cowboyemoji.png'
638.7528 	EXP 	displayrating_text: text = ''
638.7528 	EXP 	saliencequestion_text: autoDraw = False
638.7528 	EXP 	salienceavatar_image: autoDraw = False
638.7528 	EXP 	saliencecontinue_text: autoDraw = False
638.7528 	EXP 	displayrating_text: autoDraw = False
638.7528 	EXP 	slider: markerPos = 5
638.7528 	EXP 	stresslevel_text: text = 'Please rate your current stress level. \n\n\n Use your mouse or left and right arrows to move the arrow to your desired rating.'
638.7528 	EXP 	displaystressrating_text: text = ''
638.7528 	EXP 	stresslevel_text: autoDraw = False
638.7528 	EXP 	displaystressrating_text: autoDraw = False
638.7528 	EXP 	Match_text: autoDraw = False
638.7528 	EXP 	syncing_text: autoDraw = False
638.7528 	EXP 	text_0: autoDraw = False
638.7528 	EXP 	Transparent: autoDraw = False
638.7528 	EXP 	Loading_25: autoDraw = False
638.7528 	EXP 	text_25: autoDraw = False
638.7528 	EXP 	Loading_50: autoDraw = False
638.7528 	EXP 	text_50: autoDraw = False
638.7528 	EXP 	Loading_75: autoDraw = False
638.7528 	EXP 	text_75: autoDraw = False
638.7528 	EXP 	Loading_100: autoDraw = False
638.7528 	EXP 	text_100: autoDraw = False
638.7528 	EXP 	Youhavematched: text = 'You have matched with: Alex'
638.7528 	EXP 	partneremoji_image: image = 'Images/cowboyemoji.png'
638.7528 	EXP 	Youhavematched: autoDraw = False
638.7528 	EXP 	partneremoji_image: autoDraw = False
638.7528 	EXP 	PressToContinue: autoDraw = False
638.7528 	EXP 	participantimage_image: image = 'Participant_Images/101/101_Images/101_Image_10.jpg'
638.7528 	EXP 	photobeingshared_text: autoDraw = True
638.7528 	EXP 	waitforfeedback_text: autoDraw = True
638.7528 	EXP 	participantimage_image: autoDraw = True
641.6296 	EXP 	photobeingshared_text: autoDraw = False
641.6296 	EXP 	waitforfeedback_text: autoDraw = False
641.6296 	EXP 	participantimage_image: autoDraw = False
641.6296 	EXP 	waiting_text: autoDraw = True
646.6275 	EXP 	waiting_text: autoDraw = False
646.6275 	EXP 	displayfeedback_text: text = 'Alex liked your photo'
646.6275 	EXP 	fdbkimage_image: image = 'Images/thumbsup.png'
646.6275 	EXP 	displayfeedback_text: autoDraw = True
646.6275 	EXP 	fdbkimage_image: autoDraw = True
649.6239 	EXP 	displayfeedback_text: autoDraw = False
649.6239 	EXP 	fdbkimage_image: autoDraw = False
649.6239 	EXP 	presstosharenextphoto_text: autoDraw = True
658.1290 	EXP 	Created sequence: random, trialTypes=1, nReps=0, seed=None
658.1317 	DATA 	Keypress: space
658.1420 	EXP 	New trial (rep=0, index=12): OrderedDict([('TrialNumber', 13), ('Partner', 'Alex'), ('Condition', 'Neutral'), ('Photos', 'Participant_Images/101/101_Images/101_Image_20.jpg'), ('Feedback', 'liked'), ('FeedbackWait', 2.071164779)])
658.2841 	EXP 	presstosharenextphoto_text: autoDraw = False
658.2841 	EXP 	slider: markerPos = 3
658.2841 	EXP 	saliencequestion_text: text = 'How likely are you to share photos with Alex in the future? \n\n Use your left and right arrows to move the arrow to your desired rating.'
658.2841 	EXP 	salienceavatar_image: image = 'Images/cowboyemoji.png'
658.2841 	EXP 	displayrating_text: text = ''
658.2841 	EXP 	saliencequestion_text: autoDraw = False
658.2841 	EXP 	salienceavatar_image: autoDraw = False
658.2841 	EXP 	saliencecontinue_text: autoDraw = False
658.2841 	EXP 	displayrating_text: autoDraw = False
658.2841 	EXP 	slider: markerPos = 5
658.2841 	EXP 	stresslevel_text: text = 'Please rate your current stress level. \n\n\n Use your mouse or left and right arrows to move the arrow to your desired rating.'
658.2841 	EXP 	displaystressrating_text: text = ''
658.2841 	EXP 	stresslevel_text: autoDraw = False
658.2841 	EXP 	displaystressrating_text: autoDraw = False
658.2841 	EXP 	Match_text: autoDraw = False
658.2841 	EXP 	syncing_text: autoDraw = False
658.2841 	EXP 	text_0: autoDraw = False
658.2841 	EXP 	Transparent: autoDraw = False
658.2841 	EXP 	Loading_25: autoDraw = False
658.2841 	EXP 	text_25: autoDraw = False
658.2841 	EXP 	Loading_50: autoDraw = False
658.2841 	EXP 	text_50: autoDraw = False
658.2841 	EXP 	Loading_75: autoDraw = False
658.2841 	EXP 	text_75: autoDraw = False
658.2841 	EXP 	Loading_100: autoDraw = False
658.2841 	EXP 	text_100: autoDraw = False
658.2841 	EXP 	Youhavematched: text = 'You have matched with: Alex'
658.2841 	EXP 	partneremoji_image: image = 'Images/cowboyemoji.png'
658.2841 	EXP 	Youhavematched: autoDraw = False
658.2841 	EXP 	partneremoji_image: autoDraw = False
658.2841 	EXP 	PressToContinue: autoDraw = False
658.2841 	EXP 	participantimage_image: image = 'Participant_Images/101/101_Images/101_Image_20.jpg'
658.2841 	EXP 	photobeingshared_text: autoDraw = True
658.2841 	EXP 	waitforfeedback_text: autoDraw = True
658.2841 	EXP 	participantimage_image: autoDraw = True
658.3188 	DATA 	Keypress: space
661.1562 	EXP 	photobeingshared_text: autoDraw = False
661.1562 	EXP 	waitforfeedback_text: autoDraw = False
661.1562 	EXP 	participantimage_image: autoDraw = False
661.1562 	EXP 	waiting_text: autoDraw = True
666.1475 	EXP 	waiting_text: autoDraw = False
666.1475 	EXP 	waiting_text: autoDraw = False
666.1475 	EXP 	displayfeedback_text: text = 'Alex liked your photo'
666.1475 	EXP 	fdbkimage_image: image = 'Images/thumbsup.png'
666.1475 	EXP 	displayfeedback_text: autoDraw = True
666.1475 	EXP 	fdbkimage_image: autoDraw = True
669.1492 	EXP 	displayfeedback_text: autoDraw = False
669.1492 	EXP 	fdbkimage_image: autoDraw = False
669.1492 	EXP 	displayfeedback_text: autoDraw = False
669.1492 	EXP 	fdbkimage_image: autoDraw = False
669.1492 	EXP 	presstosharenextphoto_text: autoDraw = True
682.6073 	EXP 	Created sequence: random, trialTypes=1, nReps=0, seed=None
682.6085 	DATA 	Keypress: space
682.6207 	EXP 	New trial (rep=0, index=13): OrderedDict([('TrialNumber', 14), ('Partner', 'Alex'), ('Condition', 'Neutral'), ('Photos', 'Participant_Images/101/101_Images/101_Image_14.jpg'), ('Feedback', 'liked'), ('FeedbackWait', 5.336503566)])
682.7786 	EXP 	presstosharenextphoto_text: autoDraw = False
682.7786 	EXP 	slider: markerPos = 3
682.7786 	EXP 	saliencequestion_text: text = 'How likely are you to share photos with Alex in the future? \n\n Use your left and right arrows to move the arrow to your desired rating.'
682.7786 	EXP 	salienceavatar_image: image = 'Images/cowboyemoji.png'
682.7786 	EXP 	displayrating_text: text = ''
682.7786 	EXP 	saliencequestion_text: autoDraw = False
682.7786 	EXP 	salienceavatar_image: autoDraw = False
682.7786 	EXP 	saliencecontinue_text: autoDraw = False
682.7786 	EXP 	displayrating_text: autoDraw = False
682.7786 	EXP 	slider: markerPos = 5
682.7786 	EXP 	stresslevel_text: text = 'Please rate your current stress level. \n\n\n Use your mouse or left and right arrows to move the arrow to your desired rating.'
682.7786 	EXP 	displaystressrating_text: text = ''
682.7786 	EXP 	stresslevel_text: autoDraw = False
682.7786 	EXP 	displaystressrating_text: autoDraw = False
682.7786 	EXP 	Match_text: autoDraw = False
682.7786 	EXP 	syncing_text: autoDraw = False
682.7786 	EXP 	text_0: autoDraw = False
682.7786 	EXP 	Transparent: autoDraw = False
682.7786 	EXP 	Loading_25: autoDraw = False
682.7786 	EXP 	text_25: autoDraw = False
682.7786 	EXP 	Loading_50: autoDraw = False
682.7786 	EXP 	text_50: autoDraw = False
682.7786 	EXP 	Loading_75: autoDraw = False
682.7786 	EXP 	text_75: autoDraw = False
682.7786 	EXP 	Loading_100: autoDraw = False
682.7786 	EXP 	text_100: autoDraw = False
682.7786 	EXP 	Youhavematched: text = 'You have matched with: Alex'
682.7786 	EXP 	partneremoji_image: image = 'Images/cowboyemoji.png'
682.7786 	EXP 	Youhavematched: autoDraw = False
682.7786 	EXP 	partneremoji_image: autoDraw = False
682.7786 	EXP 	PressToContinue: autoDraw = False
682.7786 	EXP 	participantimage_image: image = 'Participant_Images/101/101_Images/101_Image_14.jpg'
682.7786 	EXP 	photobeingshared_text: autoDraw = True
682.7786 	EXP 	waitforfeedback_text: autoDraw = True
682.7786 	EXP 	participantimage_image: autoDraw = True
685.6448 	EXP 	photobeingshared_text: autoDraw = False
685.6448 	EXP 	waitforfeedback_text: autoDraw = False
685.6448 	EXP 	participantimage_image: autoDraw = False
685.6448 	EXP 	waiting_text: autoDraw = True
690.6366 	EXP 	waiting_text: autoDraw = False
690.6366 	EXP 	displayfeedback_text: text = 'Alex liked your photo'
690.6366 	EXP 	fdbkimage_image: image = 'Images/thumbsup.png'
690.6366 	EXP 	displayfeedback_text: autoDraw = True
690.6366 	EXP 	fdbkimage_image: autoDraw = True
693.6294 	EXP 	displayfeedback_text: autoDraw = False
693.6294 	EXP 	fdbkimage_image: autoDraw = False
693.6294 	EXP 	displayfeedback_text: autoDraw = False
693.6294 	EXP 	fdbkimage_image: autoDraw = False
693.6294 	EXP 	presstosharenextphoto_text: autoDraw = True
694.9446 	EXP 	Created sequence: random, trialTypes=1, nReps=0, seed=None
694.9462 	DATA 	Keypress: space
694.9592 	EXP 	New trial (rep=0, index=14): OrderedDict([('TrialNumber', 15), ('Partner', 'Alex'), ('Condition', 'Neutral'), ('Photos', 'Participant_Images/101/101_Images/101_Image_21.jpg'), ('Feedback', 'liked'), ('FeedbackWait', 2.642157193)])
695.1094 	EXP 	presstosharenextphoto_text: autoDraw = False
695.1094 	EXP 	slider: markerPos = 3
695.1094 	EXP 	saliencequestion_text: text = 'How likely are you to share photos with Alex in the future? \n\n Use your left and right arrows to move the arrow to your desired rating.'
695.1094 	EXP 	salienceavatar_image: image = 'Images/cowboyemoji.png'
695.1094 	EXP 	displayrating_text: text = ''
695.1094 	EXP 	saliencequestion_text: autoDraw = False
695.1094 	EXP 	salienceavatar_image: autoDraw = False
695.1094 	EXP 	saliencecontinue_text: autoDraw = False
695.1094 	EXP 	displayrating_text: autoDraw = False
695.1094 	EXP 	slider: markerPos = 5
695.1094 	EXP 	stresslevel_text: text = 'Please rate your current stress level. \n\n\n Use your mouse or left and right arrows to move the arrow to your desired rating.'
695.1094 	EXP 	displaystressrating_text: text = ''
695.1094 	EXP 	stresslevel_text: autoDraw = False
695.1094 	EXP 	displaystressrating_text: autoDraw = False
695.1094 	EXP 	Match_text: autoDraw = False
695.1094 	EXP 	syncing_text: autoDraw = False
695.1094 	EXP 	text_0: autoDraw = False
695.1094 	EXP 	Transparent: autoDraw = False
695.1094 	EXP 	Loading_25: autoDraw = False
695.1094 	EXP 	text_25: autoDraw = False
695.1094 	EXP 	Loading_50: autoDraw = False
695.1094 	EXP 	text_50: autoDraw = False
695.1094 	EXP 	Loading_75: autoDraw = False
695.1094 	EXP 	text_75: autoDraw = False
695.1094 	EXP 	Loading_100: autoDraw = False
695.1094 	EXP 	text_100: autoDraw = False
695.1094 	EXP 	Youhavematched: text = 'You have matched with: Alex'
695.1094 	EXP 	partneremoji_image: image = 'Images/cowboyemoji.png'
695.1094 	EXP 	Youhavematched: autoDraw = False
695.1094 	EXP 	partneremoji_image: autoDraw = False
695.1094 	EXP 	PressToContinue: autoDraw = False
695.1094 	EXP 	participantimage_image: image = 'Participant_Images/101/101_Images/101_Image_21.jpg'
695.1094 	EXP 	photobeingshared_text: autoDraw = True
695.1094 	EXP 	waitforfeedback_text: autoDraw = True
695.1094 	EXP 	participantimage_image: autoDraw = True
697.9828 	EXP 	photobeingshared_text: autoDraw = False
697.9828 	EXP 	waitforfeedback_text: autoDraw = False
697.9828 	EXP 	participantimage_image: autoDraw = False
697.9828 	EXP 	waiting_text: autoDraw = True
702.9859 	EXP 	waiting_text: autoDraw = False
702.9859 	EXP 	displayfeedback_text: text = 'Alex liked your photo'
702.9859 	EXP 	fdbkimage_image: image = 'Images/thumbsup.png'
702.9859 	EXP 	displayfeedback_text: autoDraw = True
702.9859 	EXP 	fdbkimage_image: autoDraw = True
705.9714 	EXP 	Created sequence: random, trialTypes=1, nReps=1, seed=None
705.9715 	EXP 	New trial (rep=0, index=0): None
705.9747 	EXP 	displayfeedback_text: autoDraw = False
705.9747 	EXP 	fdbkimage_image: autoDraw = False
705.9747 	EXP 	presstosharenextphoto_text: autoDraw = False
705.9747 	EXP 	WTP_ins_text1: autoDraw = True
708.0949 	DATA 	Keypress: space
708.0983 	EXP 	WTP_ins_text1: autoDraw = False
708.0983 	EXP 	WTP_ins_text2: autoDraw = True
708.4745 	EXP 	Imported /Users/melanieruiz/Desktop/WTP_SM_Choice/Participant_Images/101/101_WTP.xlsx as conditions, 4 conditions, 9 params
708.4748 	EXP 	Created sequence: sequential, trialTypes=4, nReps=1, seed=None
708.4751 	EXP 	New trial (rep=0, index=0): {'social_left': 0, 'Left_Exp': 'Rearranging furniture in your house', 'Right_Exp': 'Going to a carnival with friends', 'leftmoney': 0.01, 'rightmoney': 0.01, 'greenText': 'green', 'left_more_than_right': 0, 'matching_prices': 1, 'social_worthmore': 1}
708.4855 	DATA 	Keypress: space
708.4882 	EXP 	WTP_ins_text2: autoDraw = False
708.4882 	EXP 	Left_Experience: height = 0.05
708.4882 	EXP 	Left_Experience: height = 0.05
708.4882 	EXP 	Left_Experience: height = 0.05
708.4882 	EXP 	Left_Experience: text = 'Rearranging furniture in your house'
708.4882 	EXP 	Right_Experience: height = 0.05
708.4882 	EXP 	Right_Experience: height = 0.05
708.4882 	EXP 	Right_Experience: height = 0.05
708.4882 	EXP 	Right_Experience: text = 'Going to a carnival with friends'
708.4882 	EXP 	Left_Price: height = 0.05
708.4882 	EXP 	Left_Price: height = 0.05
708.4882 	EXP 	Left_Price: height = 0.05
708.4882 	EXP 	Left_Price: text = 0.01
708.4882 	EXP 	Right_Price: height = 0.05
708.4882 	EXP 	Right_Price: height = 0.05
708.4882 	EXP 	Right_Price: height = 0.05
708.4882 	EXP 	Right_Price: text = 0.01
708.4882 	EXP 	Left_Experience: autoDraw = True
708.4882 	EXP 	Right_Experience: autoDraw = True
708.4882 	EXP 	Left_Price: autoDraw = True
708.4882 	EXP 	Right_Price: autoDraw = True
709.7760 	DATA 	Keypress: 2
713.6599 	DATA 	Keypress: escape
713.8664 	EXP 	window1: mouseVisible = True
