1.5972 	WARNING 	We strongly recommend you activate the PTB sound engine in PsychoPy prefs as the preferred audio engine. Its timing is vastly superior. Your prefs are currently set to use ['sounddevice', 'PTB', 'pyo', 'pygame'] (in that order).
7.0767 	WARNING 	User requested fullscreen with size [1440  900], but screen is actually [1512, 982]. Using actual size
8.2991 	WARNING 	Couldn't measure a consistent frame rate!
  - Is your graphics card set to sync to vertical blank?
  - Are you running other processes on your computer?

8.2997 	EXP 	Created window1 = Window(allowGUI=True, allowStencil=False, autoLog=True, backendConf=UNKNOWN, bitsMode=UNKNOWN, blendMode='avg', bpc=(8, 8, 8), color=array([-1., -1., -1.]), colorSpace='rgb', depthBits=8, fullscr=<method-wrapper '__getattribute__' of attributeSetter object at 0x7f9580b43d30>, gamma=None, gammaErrorPolicy='raise', lms=UNKNOWN, monitor=<psychopy.monitors.calibTools.Monitor object at 0x7f9561458580>, multiSample=False, name='window1', numSamples=2, pos=[378.0, 245.5], screen=0, size=array([3024, 1964]), stencilBits=0, stereo=False, units='norm', useFBO=True, useRetina=True, viewOri=0.0, viewPos=None, viewScale=None, waitBlanking=True, winType='pyglet')
8.2999 	EXP 	window1: mouseVisible = True
8.3000 	EXP 	window1: mouseVisible = True
8.3000 	EXP 	window1: Attempting to measure frame rate of screen (0) ...
8.3000 	EXP 	window1: recordFrameIntervals = False
8.4072 	EXP 	window1: recordFrameIntervals = True
9.2649 	WARNING 	Couldn't measure a consistent frame rate!
  - Is your graphics card set to sync to vertical blank?
  - Are you running other processes on your computer?

9.6495 	EXP 	Created Welcome = TextStim(__class__=<class 'psychopy.visual.text.TextStim'>, alignHoriz=method-wrapper(...), alignText='center', alignVert=method-wrapper(...), anchorHoriz='center', anchorVert='center', antialias=True, autoDraw=False, autoLog=True, bold=False, color=array([1., 1., 1.]), colorSpace='rgb', contrast=1.0, depth=0.0, flipHoriz=False, flipVert=False, font='Open Sans', fontFiles=[], height=0.08, italic=False, languageStyle='LTR', name='Welcome', opacity=1.0, ori=0.0, pos=array([0., 0.]), rgb=UNKNOWN, text=str(...), units='norm', win=Window(...), wrapWidth=1)
9.7199 	EXP 	Created FirstInstructions = TextStim(__class__=<class 'psychopy.visual.text.TextStim'>, alignHoriz=method-wrapper(...), alignText='center', alignVert=method-wrapper(...), anchorHoriz='center', anchorVert='center', antialias=True, autoDraw=False, autoLog=True, bold=False, color=array([1., 1., 1.]), colorSpace='rgb', contrast=1.0, depth=0.0, flipHoriz=False, flipVert=False, font='Open Sans', fontFiles=[], height=0.08, italic=False, languageStyle='LTR', name='FirstInstructions', opacity=1.0, ori=0.0, pos=array([0., 0.]), rgb=UNKNOWN, text=str(...), units='norm', win=Window(...), wrapWidth=1)
9.7755 	EXP 	Created Match_text = TextStim(__class__=<class 'psychopy.visual.text.TextStim'>, alignHoriz=method-wrapper(...), alignText='center', alignVert=method-wrapper(...), anchorHoriz='center', anchorVert='center', antialias=True, autoDraw=False, autoLog=True, bold=False, color=array([1., 1., 1.]), colorSpace='rgb', contrast=1.0, depth=-1.0, flipHoriz=False, flipVert=False, font='Open Sans', fontFiles=[], height=0.08, italic=False, languageStyle='LTR', name='Match_text', opacity=1.0, ori=0.0, pos=array([0. , 0.3]), rgb=UNKNOWN, text=str(...), units='norm', win=Window(...), wrapWidth=1)
9.7813 	EXP 	Created syncing_text = TextStim(__class__=<class 'psychopy.visual.text.TextStim'>, alignHoriz=method-wrapper(...), alignText='center', alignVert=method-wrapper(...), anchorHoriz='center', anchorVert='center', antialias=True, autoDraw=False, autoLog=True, bold=False, color=array([1., 1., 1.]), colorSpace='rgb', contrast=1.0, depth=-2.0, flipHoriz=False, flipVert=False, font='Open Sans', fontFiles=[], height=0.12, italic=False, languageStyle='LTR', name='syncing_text', opacity=1.0, ori=0.0, pos=array([0. , 0.3]), rgb=UNKNOWN, text='Syncing…', units='norm', win=Window(...), wrapWidth=1)
9.7850 	EXP 	Created text_0 = TextStim(__class__=<class 'psychopy.visual.text.TextStim'>, alignHoriz=method-wrapper(...), alignText='center', alignVert=method-wrapper(...), anchorHoriz='center', anchorVert='center', antialias=True, autoDraw=False, autoLog=True, bold=False, color=array([1., 1., 1.]), colorSpace='rgb', contrast=1.0, depth=-3.0, flipHoriz=False, flipVert=False, font='Open Sans', fontFiles=[], height=0.1, italic=False, languageStyle='LTR', name='text_0', opacity=1.0, ori=0.0, pos=array([ 0. , -0.2]), rgb=UNKNOWN, text='0%', units='norm', win=Window(...), wrapWidth=1)
9.7885 	EXP 	Created Transparent = Rect(__class__=<class 'psychopy.visual.rect.Rect'>, anchor=('center', 'center'), autoDraw=False, autoLog=True, closeShape=True, color=method-wrapper(...), colorSpace='rgb', contrast=None, depth=-4.0, fillColor=array([0., 0., 0.]), fillColorSpace='rgb', fillRGB=array([0., 0., 0.]), interpolate=True, lineColor=array([1., 1., 1.]), lineColorSpace='rgb', lineRGB=array([1, 1, 1]), lineWidth=1.2, name='Transparent', opacity=1.0, ori=0.0, pos=array([0., 0.]), size=array([1. , 0.1]), units='norm', vertices=ndarray(...), win=Window(...))
9.7898 	EXP 	Created Loading_25 = Rect(__class__=<class 'psychopy.visual.rect.Rect'>, anchor=('center', 'center'), autoDraw=False, autoLog=True, closeShape=True, color=method-wrapper(...), colorSpace='rgb', contrast=None, depth=-5.0, fillColor=array([1, 1, 1]), fillColorSpace='rgb', fillRGB=array([1, 1, 1]), interpolate=True, lineColor=array([1., 1., 1.]), lineColorSpace='rgb', lineRGB=array([1, 1, 1]), lineWidth=1.0, name='Loading_25', opacity=1.0, ori=0.0, pos=array([-0.375,  0.   ]), size=array([0.25, 0.1 ]), units='norm', vertices=ndarray(...), win=Window(...))
9.7927 	EXP 	Created text_25 = TextStim(__class__=<class 'psychopy.visual.text.TextStim'>, alignHoriz=method-wrapper(...), alignText='center', alignVert=method-wrapper(...), anchorHoriz='center', anchorVert='center', antialias=True, autoDraw=False, autoLog=True, bold=False, color=array([1., 1., 1.]), colorSpace='rgb', contrast=1.0, depth=-6.0, flipHoriz=False, flipVert=False, font='Open Sans', fontFiles=[], height=0.1, italic=False, languageStyle='LTR', name='text_25', opacity=1.0, ori=0.0, pos=array([ 0. , -0.2]), rgb=UNKNOWN, text='25%', units='norm', win=Window(...), wrapWidth=1)
9.7940 	EXP 	Created Loading_50 = Rect(__class__=<class 'psychopy.visual.rect.Rect'>, anchor=('center', 'center'), autoDraw=False, autoLog=True, closeShape=True, color=method-wrapper(...), colorSpace='rgb', contrast=None, depth=-7.0, fillColor=array([1, 1, 1]), fillColorSpace='rgb', fillRGB=array([1, 1, 1]), interpolate=True, lineColor=array([1., 1., 1.]), lineColorSpace='rgb', lineRGB=array([1, 1, 1]), lineWidth=1.0, name='Loading_50', opacity=1.0, ori=0.0, pos=array([-0.25,  0.  ]), size=array([0.5, 0.1]), units='norm', vertices=ndarray(...), win=Window(...))
9.7961 	EXP 	Created text_50 = TextStim(__class__=<class 'psychopy.visual.text.TextStim'>, alignHoriz=method-wrapper(...), alignText='center', alignVert=method-wrapper(...), anchorHoriz='center', anchorVert='center', antialias=True, autoDraw=False, autoLog=True, bold=False, color=array([1., 1., 1.]), colorSpace='rgb', contrast=1.0, depth=-8.0, flipHoriz=False, flipVert=False, font='Open Sans', fontFiles=[], height=0.1, italic=False, languageStyle='LTR', name='text_50', opacity=1.0, ori=0.0, pos=array([ 0. , -0.2]), rgb=UNKNOWN, text='50%', units='norm', win=Window(...), wrapWidth=1)
9.7974 	EXP 	Created Loading_75 = Rect(__class__=<class 'psychopy.visual.rect.Rect'>, anchor=('center', 'center'), autoDraw=False, autoLog=True, closeShape=True, color=method-wrapper(...), colorSpace='rgb', contrast=None, depth=-9.0, fillColor=array([1, 1, 1]), fillColorSpace='rgb', fillRGB=array([1, 1, 1]), interpolate=True, lineColor=array([1., 1., 1.]), lineColorSpace='rgb', lineRGB=array([1, 1, 1]), lineWidth=1.0, name='Loading_75', opacity=1.0, ori=0.0, pos=array([-0.125,  0.   ]), size=array([0.75, 0.1 ]), units='norm', vertices=ndarray(...), win=Window(...))
9.7998 	EXP 	Created text_75 = TextStim(__class__=<class 'psychopy.visual.text.TextStim'>, alignHoriz=method-wrapper(...), alignText='center', alignVert=method-wrapper(...), anchorHoriz='center', anchorVert='center', antialias=True, autoDraw=False, autoLog=True, bold=False, color=array([1., 1., 1.]), colorSpace='rgb', contrast=1.0, depth=-10.0, flipHoriz=False, flipVert=False, font='Open Sans', fontFiles=[], height=0.1, italic=False, languageStyle='LTR', name='text_75', opacity=1.0, ori=0.0, pos=array([ 0. , -0.2]), rgb=UNKNOWN, text='75%', units='norm', win=Window(...), wrapWidth=1)
9.8011 	EXP 	Created Loading_100 = Rect(__class__=<class 'psychopy.visual.rect.Rect'>, anchor=('center', 'center'), autoDraw=False, autoLog=True, closeShape=True, color=method-wrapper(...), colorSpace='rgb', contrast=None, depth=-11.0, fillColor=array([1, 1, 1]), fillColorSpace='rgb', fillRGB=array([1, 1, 1]), interpolate=True, lineColor=array([1., 1., 1.]), lineColorSpace='rgb', lineRGB=array([1, 1, 1]), lineWidth=1.0, name='Loading_100', opacity=1.0, ori=0.0, pos=array([0., 0.]), size=array([1. , 0.1]), units='norm', vertices=ndarray(...), win=Window(...))
9.8035 	EXP 	Created text_100 = TextStim(__class__=<class 'psychopy.visual.text.TextStim'>, alignHoriz=method-wrapper(...), alignText='center', alignVert=method-wrapper(...), anchorHoriz='center', anchorVert='center', antialias=True, autoDraw=False, autoLog=True, bold=False, color=array([1., 1., 1.]), colorSpace='rgb', contrast=1.0, depth=-12.0, flipHoriz=False, flipVert=False, font='Open Sans', fontFiles=[], height=0.1, italic=False, languageStyle='LTR', name='text_100', opacity=1.0, ori=0.0, pos=array([ 0. , -0.2]), rgb=UNKNOWN, text='100%', units='norm', win=Window(...), wrapWidth=1)
9.8044 	EXP 	Created Youhavematched = TextStim(__class__=<class 'psychopy.visual.text.TextStim'>, alignHoriz=method-wrapper(...), alignText='center', alignVert=method-wrapper(...), anchorHoriz='center', anchorVert='center', antialias=True, autoDraw=False, autoLog=True, bold=False, color=array([1., 1., 1.]), colorSpace='rgb', contrast=1.0, depth=-1.0, flipHoriz=False, flipVert=False, font='Open Sans', fontFiles=[], height=0.08, italic=False, languageStyle='LTR', name='Youhavematched', opacity=1.0, ori=0.0, pos=array([0. , 0.6]), rgb=UNKNOWN, text='', units='norm', win=Window(...), wrapWidth=1)
9.8101 	EXP 	Created partneremoji_image = ImageStim(__class__=<class 'psychopy.visual.image.ImageStim'>, anchor=('center', 'center'), autoLog=True, color=array([1., 1., 1.]), colorSpace='rgb', contrast=1.0, depth=-2.0, flipHoriz=False, flipVert=False, image='sin', interpolate=True, mask=None, maskParams=None, name='partneremoji_image', opacity=1.0, ori=0.0, pos=array([0., 0.]), size=array([0.5 , 0.75]), texRes=128.0, units='norm', win=Window(...))
9.8714 	EXP 	Created PressToContinue = TextStim(__class__=<class 'psychopy.visual.text.TextStim'>, alignHoriz=method-wrapper(...), alignText='center', alignVert=method-wrapper(...), anchorHoriz='center', anchorVert='center', antialias=True, autoDraw=False, autoLog=True, bold=False, color=array([1., 1., 1.]), colorSpace='rgb', contrast=1.0, depth=-4.0, flipHoriz=False, flipVert=False, font='Open Sans', fontFiles=[], height=0.08, italic=False, languageStyle='LTR', name='PressToContinue', opacity=1.0, ori=0.0, pos=array([ 0. , -0.6]), rgb=UNKNOWN, text='Press space to continue.', units='norm', win=Window(...), wrapWidth=1)
9.8782 	EXP 	Created photobeingshared_text = TextStim(__class__=<class 'psychopy.visual.text.TextStim'>, alignHoriz=method-wrapper(...), alignText='center', alignVert=method-wrapper(...), anchorHoriz='center', anchorVert='center', antialias=True, autoDraw=False, autoLog=True, bold=False, color=array([1., 1., 1.]), colorSpace='rgb', contrast=1.0, depth=0.0, flipHoriz=False, flipVert=False, font='Open Sans', fontFiles=[], height=0.09, italic=False, languageStyle='LTR', name='photobeingshared_text', opacity=1.0, ori=0.0, pos=array([0. , 0.6]), rgb=UNKNOWN, text='This photo is now being shared', units='norm', win=Window(...), wrapWidth=1)
9.8847 	EXP 	Created waitforfeedback_text = TextStim(__class__=<class 'psychopy.visual.text.TextStim'>, alignHoriz=method-wrapper(...), alignText='center', alignVert=method-wrapper(...), anchorHoriz='center', anchorVert='center', antialias=True, autoDraw=False, autoLog=True, bold=False, color=array([1., 1., 1.]), colorSpace='rgb', contrast=1.0, depth=-1.0, flipHoriz=False, flipVert=False, font='Open Sans', fontFiles=[], height=0.09, italic=False, languageStyle='LTR', name='waitforfeedback_text', opacity=1.0, ori=0.0, pos=array([ 0. , -0.6]), rgb=UNKNOWN, text='Please wait for feedback.', units='norm', win=Window(...), wrapWidth=1)
9.8884 	EXP 	Created participantimage_image = ImageStim(__class__=<class 'psychopy.visual.image.ImageStim'>, anchor=('center', 'center'), autoLog=True, color=array([1., 1., 1.]), colorSpace='rgb', contrast=1.0, depth=-3.0, flipHoriz=False, flipVert=False, image='sin', interpolate=True, mask=None, maskParams=None, name='participantimage_image', opacity=1.0, ori=0.0, pos=array([0., 0.]), size=array([0.5 , 0.75]), texRes=128.0, units='norm', win=Window(...))
9.8934 	EXP 	Created waiting_text = TextStim(__class__=<class 'psychopy.visual.text.TextStim'>, alignHoriz=method-wrapper(...), alignText='center', alignVert=method-wrapper(...), anchorHoriz='center', anchorVert='center', antialias=True, autoDraw=False, autoLog=True, bold=False, color=array([1., 1., 1.]), colorSpace='rgb', contrast=1.0, depth=0.0, flipHoriz=False, flipVert=False, font='Open Sans', fontFiles=[], height=0.15, italic=False, languageStyle='LTR', name='waiting_text', opacity=1.0, ori=0.0, pos=array([0., 0.]), rgb=UNKNOWN, text='Waiting…', units='norm', win=Window(...), wrapWidth=1)
9.8942 	EXP 	Created displayfeedback_text = TextStim(__class__=<class 'psychopy.visual.text.TextStim'>, alignHoriz=method-wrapper(...), alignText='center', alignVert=method-wrapper(...), anchorHoriz='center', anchorVert='center', antialias=True, autoDraw=False, autoLog=True, bold=False, color=array([1., 1., 1.]), colorSpace='rgb', contrast=1.0, depth=0.0, flipHoriz=False, flipVert=False, font='Open Sans', fontFiles=[], height=0.12, italic=False, languageStyle='LTR', name='displayfeedback_text', opacity=1.0, ori=0.0, pos=array([0.  , 0.75]), rgb=UNKNOWN, text='', units='norm', win=Window(...), wrapWidth=1)
9.8978 	EXP 	Created fdbkimage_image = ImageStim(__class__=<class 'psychopy.visual.image.ImageStim'>, anchor=('center', 'center'), autoLog=True, color=array([1., 1., 1.]), colorSpace='rgb', contrast=1.0, depth=-1.0, flipHoriz=False, flipVert=False, image='sin', interpolate=True, mask=None, maskParams=None, name='fdbkimage_image', opacity=1.0, ori=0.0, pos=array([0., 0.]), size=array([0.75, 1.25]), texRes=128.0, units='norm', win=Window(...))
9.9029 	EXP 	Created presstosharenextphoto_text = TextStim(__class__=<class 'psychopy.visual.text.TextStim'>, alignHoriz=method-wrapper(...), alignText='center', alignVert=method-wrapper(...), anchorHoriz='center', anchorVert='center', antialias=True, autoDraw=False, autoLog=True, bold=False, color=array([1., 1., 1.]), colorSpace='rgb', contrast=1.0, depth=0.0, flipHoriz=False, flipVert=False, font='Open Sans', fontFiles=[], height=0.09, italic=False, languageStyle='LTR', name='presstosharenextphoto_text', opacity=1.0, ori=0.0, pos=array([0., 0.]), rgb=UNKNOWN, text='Press space to share your next photo.', units='norm', win=Window(...), wrapWidth=1)
9.9748 	EXP 	Created WTP_ins_text1 = TextStim(__class__=<class 'psychopy.visual.text.TextStim'>, alignHoriz=method-wrapper(...), alignText='center', alignVert=method-wrapper(...), anchorHoriz='center', anchorVert='center', antialias=True, autoDraw=False, autoLog=True, bold=False, color=array([1., 1., 1.]), colorSpace='rgb', contrast=1.0, depth=0.0, flipHoriz=False, flipVert=False, font='Open Sans', fontFiles=[], height=0.07, italic=False, languageStyle='LTR', name='WTP_ins_text1', opacity=1.0, ori=0.0, pos=array([0. , 0.3]), rgb=UNKNOWN, text=str(...), units='norm', win=Window(...), wrapWidth=1)
10.0467 	EXP 	Created WTP_ins_text2 = TextStim(__class__=<class 'psychopy.visual.text.TextStim'>, alignHoriz=method-wrapper(...), alignText='center', alignVert=method-wrapper(...), anchorHoriz='center', anchorVert='center', antialias=True, autoDraw=False, autoLog=True, bold=False, color=array([1., 1., 1.]), colorSpace='rgb', contrast=1.0, depth=0.0, flipHoriz=False, flipVert=False, font='Open Sans', fontFiles=[], height=0.05, italic=False, languageStyle='LTR', name='WTP_ins_text2', opacity=1.0, ori=0.0, pos=array([0., 0.]), rgb=UNKNOWN, text=str(...), units='norm', win=Window(...), wrapWidth=1)
10.0996 	EXP 	Created Left_Experience = TextStim(__class__=<class 'psychopy.visual.text.TextStim'>, alignHoriz=method-wrapper(...), alignText='center', alignVert=method-wrapper(...), anchorHoriz='center', anchorVert='center', antialias=True, autoDraw=False, autoLog=True, bold=False, color=array([1., 1., 1.]), colorSpace='rgb', contrast=1.0, depth=0.0, flipHoriz=False, flipVert=False, font='Open Sans', fontFiles=[], height=0.05, italic=False, languageStyle='LTR', name='Left_Experience', opacity=1.0, ori=0.0, pos=array([0.5, 0.1]), rgb=UNKNOWN, text='', units='norm', win=Window(...), wrapWidth=1)
10.1006 	EXP 	Created Right_Experience = TextStim(__class__=<class 'psychopy.visual.text.TextStim'>, alignHoriz=method-wrapper(...), alignText='center', alignVert=method-wrapper(...), anchorHoriz='center', anchorVert='center', antialias=True, autoDraw=False, autoLog=True, bold=False, color=array([1., 1., 1.]), colorSpace='rgb', contrast=1.0, depth=-1.0, flipHoriz=False, flipVert=False, font='Open Sans', fontFiles=[], height=0.05, italic=False, languageStyle='LTR', name='Right_Experience', opacity=1.0, ori=0.0, pos=array([-0.5,  0.1]), rgb=UNKNOWN, text='', units='norm', win=Window(...), wrapWidth=1)
10.1015 	EXP 	Created Left_Price = TextStim(__class__=<class 'psychopy.visual.text.TextStim'>, alignHoriz=method-wrapper(...), alignText='center', alignVert=method-wrapper(...), anchorHoriz='center', anchorVert='center', antialias=True, autoDraw=False, autoLog=True, bold=False, color=array([1., 1., 1.]), colorSpace='rgb', contrast=1.0, depth=-2.0, flipHoriz=False, flipVert=False, font='Open Sans', fontFiles=[], height=0.05, italic=False, languageStyle='LTR', name='Left_Price', opacity=1.0, ori=0.0, pos=array([ 0.5, -0.5]), rgb=UNKNOWN, text='', units='norm', win=Window(...), wrapWidth=1)
10.1023 	EXP 	Created Right_Price = TextStim(__class__=<class 'psychopy.visual.text.TextStim'>, alignHoriz=method-wrapper(...), alignText='center', alignVert=method-wrapper(...), anchorHoriz='center', anchorVert='center', antialias=True, autoDraw=False, autoLog=True, bold=False, color=array([1., 1., 1.]), colorSpace='rgb', contrast=1.0, depth=-3.0, flipHoriz=False, flipVert=False, font='Open Sans', fontFiles=[], height=0.05, italic=False, languageStyle='LTR', name='Right_Price', opacity=1.0, ori=0.0, pos=array([-0.5, -0.5]), rgb=UNKNOWN, text='', units='norm', win=Window(...), wrapWidth=1)
10.1552 	EXP 	Created blank = TextStim(__class__=<class 'psychopy.visual.text.TextStim'>, alignHoriz=method-wrapper(...), alignText='center', alignVert=method-wrapper(...), anchorHoriz='center', anchorVert='center', antialias=True, autoDraw=False, autoLog=True, bold=False, color=array([1., 1., 1.]), colorSpace='rgb', contrast=1.0, depth=-5.0, flipHoriz=False, flipVert=False, font='Open Sans', fontFiles=[], height=0.05, italic=False, languageStyle='LTR', name='blank', opacity=1.0, ori=0.0, pos=array([0., 0.]), rgb=UNKNOWN, text='', units='norm', win=Window(...), wrapWidth=1)
10.2076 	EXP 	Created Resume_Text = TextStim(__class__=<class 'psychopy.visual.text.TextStim'>, alignHoriz=method-wrapper(...), alignText='center', alignVert=method-wrapper(...), anchorHoriz='center', anchorVert='center', antialias=True, autoDraw=False, autoLog=True, bold=False, color=array([1., 1., 1.]), colorSpace='rgb', contrast=1.0, depth=-2.0, flipHoriz=False, flipVert=False, font='Open Sans', fontFiles=[], height=0.12, italic=False, languageStyle='LTR', name='Resume_Text', opacity=1.0, ori=0.0, pos=array([0., 0.]), rgb=UNKNOWN, text='', units='norm', win=Window(...), wrapWidth=1)
10.2238 	EXP 	window1: mouseVisible = True
10.2937 	EXP 	Created slider = Slider(__class__=<class 'psychopy.visual.slider.Slider'>, autoDraw=False, autoLog=True, borderColor=None, color=None, colorSpace='rgb', depth=-5, fillColor=None, flip=False, font='Open Sans', granularity=0.0, labelColor=None, labelHeight=0.05, labelWrapWidth=None, labels=(1, 2, 3, 4, 5), lineColor=None, markerColor=None, name='slider', opacity=None, ori=0.0, pos=array([ 0. , -0.4]), readOnly=False, self=UNKNOWN, size=array([1. , 0.1]), startValue=999, style='rating', styleTweaks=['labels45', 'triangleMarker'], ticks=array([1, 2, 3, 4, 5]), units='norm', win=Window(...))
10.2949 	EXP 	Created saliencequestion_text = TextStim(__class__=<class 'psychopy.visual.text.TextStim'>, alignHoriz=method-wrapper(...), alignText='center', alignVert=method-wrapper(...), anchorHoriz='center', anchorVert='center', antialias=True, autoDraw=False, autoLog=True, bold=False, color=array([1., 1., 1.]), colorSpace='rgb', contrast=1.0, depth=-1.0, flipHoriz=False, flipVert=False, font='Open Sans', fontFiles=[], height=0.06, italic=False, languageStyle='LTR', name='saliencequestion_text', opacity=1.0, ori=0.0, pos=array([0. , 0.6]), rgb=UNKNOWN, text='', units='norm', win=Window(...), wrapWidth=1)
10.3516 	EXP 	Created salienceavatar_image = ImageStim(__class__=<class 'psychopy.visual.image.ImageStim'>, anchor=('center', 'center'), autoLog=True, color=array([1., 1., 1.]), colorSpace='rgb', contrast=1.0, depth=-3.0, flipHoriz=False, flipVert=False, image='sin', interpolate=True, mask=None, maskParams=None, name='salienceavatar_image', opacity=1.0, ori=0.0, pos=array([0., 0.]), size=array([0.3 , 0.55]), texRes=128.0, units='norm', win=Window(...))
10.3586 	EXP 	Created saliencecontinue_text = TextStim(__class__=<class 'psychopy.visual.text.TextStim'>, alignHoriz=method-wrapper(...), alignText='center', alignVert=method-wrapper(...), anchorHoriz='center', anchorVert='center', antialias=True, autoDraw=False, autoLog=True, bold=False, color=array([1., 1., 1.]), colorSpace='rgb', contrast=1.0, depth=-4.0, flipHoriz=False, flipVert=False, font='Open Sans', fontFiles=[], height=0.07, italic=False, languageStyle='LTR', name='saliencecontinue_text', opacity=1.0, ori=0.0, pos=array([ 0. , -0.8]), rgb=UNKNOWN, text='Press space to enter rating and continue.', units='norm', win=Window(...), wrapWidth=1)
10.3599 	EXP 	Created displayrating_text = TextStim(__class__=<class 'psychopy.visual.text.TextStim'>, alignHoriz=method-wrapper(...), alignText='center', alignVert=method-wrapper(...), anchorHoriz='center', anchorVert='center', antialias=True, autoDraw=False, autoLog=True, bold=False, color=array([1., 1., 1.]), colorSpace='rgb', contrast=1.0, depth=-5.0, flipHoriz=False, flipVert=False, font='Open Sans', fontFiles=[], height=0.065, italic=False, languageStyle='LTR', name='displayrating_text', opacity=1.0, ori=0.0, pos=array([ 0.  , -0.65]), rgb=UNKNOWN, text='', units='norm', win=Window(...), wrapWidth=1)
10.3642 	EXP 	window1: mouseVisible = True
10.4497 	EXP 	Created slider = Slider(__class__=<class 'psychopy.visual.slider.Slider'>, autoDraw=False, autoLog=True, borderColor=None, color=None, colorSpace='rgb', depth=-5, fillColor=None, flip=False, font='Open Sans', granularity=0.0, labelColor=None, labelHeight=0.05, labelWrapWidth=None, labels=(1, 2, 3, 4, 5, 6, 7, 8, 9), lineColor=None, markerColor=None, name='slider', opacity=None, ori=0.0, pos=array([ 0. , -0.4]), readOnly=False, self=UNKNOWN, size=array([1. , 0.1]), startValue=999, style='rating', styleTweaks=['labels45', 'triangleMarker'], ticks=array([1, 2, 3, 4, 5, 6, 7, 8, 9]), units='norm', win=Window(...))
10.4507 	EXP 	Created stresslevel_text = TextStim(__class__=<class 'psychopy.visual.text.TextStim'>, alignHoriz=method-wrapper(...), alignText='center', alignVert=method-wrapper(...), anchorHoriz='center', anchorVert='center', antialias=True, autoDraw=False, autoLog=True, bold=False, color=array([1., 1., 1.]), colorSpace='rgb', contrast=1.0, depth=-1.0, flipHoriz=False, flipVert=False, font='Open Sans', fontFiles=[], height=0.08, italic=False, languageStyle='LTR', name='stresslevel_text', opacity=1.0, ori=0.0, pos=array([0. , 0.3]), rgb=UNKNOWN, text='', units='norm', win=Window(...), wrapWidth=1)
10.5039 	EXP 	Created displaystressrating_text = TextStim(__class__=<class 'psychopy.visual.text.TextStim'>, alignHoriz=method-wrapper(...), alignText='center', alignVert=method-wrapper(...), anchorHoriz='center', anchorVert='center', antialias=True, autoDraw=False, autoLog=True, bold=False, color=array([1., 1., 1.]), colorSpace='rgb', contrast=1.0, depth=-3.0, flipHoriz=False, flipVert=False, font='Open Sans', fontFiles=[], height=0.08, italic=False, languageStyle='LTR', name='displaystressrating_text', opacity=1.0, ori=0.0, pos=array([ 0.  , -0.65]), rgb=UNKNOWN, text='', units='norm', win=Window(...), wrapWidth=1)
10.5136 	WARNING 	t of last frame was 1249.08ms (=1/0)
10.5136 	EXP 	slider: autoLog = True
10.5136 	EXP 	slider: markerPos = 999
10.5136 	EXP 	slider: styleTweaks = []
10.5136 	EXP 	slider: styleTweaks = []
10.5136 	EXP 	slider: styleTweaks = ['labels45', 'triangleMarker']
10.5136 	EXP 	slider: styleTweaks = ['labels45', 'triangleMarker']
10.5136 	EXP 	slider: contrast = 1.0
10.5136 	EXP 	slider: autoLog = True
10.5136 	EXP 	slider: autoLog = True
10.5136 	EXP 	slider: markerPos = 999
10.5136 	EXP 	slider: styleTweaks = []
10.5136 	EXP 	slider: styleTweaks = []
10.5136 	EXP 	slider: styleTweaks = ['labels45', 'triangleMarker']
10.5136 	EXP 	slider: styleTweaks = ['labels45', 'triangleMarker']
10.5136 	EXP 	slider: contrast = 1.0
10.5136 	EXP 	slider: autoLog = True
10.5136 	EXP 	Welcome: autoDraw = True
10.8820 	EXP 	Welcome: autoDraw = False
10.8820 	EXP 	FirstInstructions: autoDraw = True
10.8865 	DATA 	Keypress: space
11.2605 	EXP 	Imported /Users/melanieruiz/Desktop/WTP_SM_Choice/Participant_Images/101/101_trials.csv as conditions, 150 conditions, 6 params
11.2614 	EXP 	Created sequence: sequential, trialTypes=150, nReps=1, seed=None
11.2617 	EXP 	New trial (rep=0, index=0): OrderedDict([('TrialNumber', 1), ('Partner', 'Alex'), ('Condition', 'Neutral'), ('Photos', 'Participant_Images/101/101_Images/101_Image_24.jpg'), ('Feedback', 'did not like'), ('FeedbackWait', 3.613205605)])
11.2702 	DATA 	Keypress: space
11.2730 	WARNING 	t of last frame was 31.39ms (=1/31)
11.2730 	EXP 	FirstInstructions: autoDraw = False
11.2730 	EXP 	Match_text: autoDraw = True
11.6981 	DATA 	Keypress: space
13.1672 	WARNING 	t of last frame was 24.17ms (=1/41)
13.3509 	WARNING 	t of last frame was 24.53ms (=1/40)
13.3923 	WARNING 	Multiple dropped frames have occurred - I'll stop bothering you about them!
14.2722 	EXP 	Match_text: autoDraw = False
14.2722 	EXP 	syncing_text: autoDraw = True
14.2722 	EXP 	text_0: autoDraw = True
14.2722 	EXP 	Transparent: autoDraw = True
15.5055 	EXP 	Loading_25: autoDraw = True
15.5055 	EXP 	text_25: autoDraw = True
15.5099 	EXP 	text_0: autoDraw = False
16.7572 	EXP 	Loading_25: autoDraw = False
16.7572 	EXP 	text_25: autoDraw = False
16.7572 	EXP 	Loading_50: autoDraw = True
16.7572 	EXP 	text_50: autoDraw = True
17.9980 	EXP 	Loading_50: autoDraw = False
17.9980 	EXP 	text_50: autoDraw = False
18.0029 	EXP 	Loading_75: autoDraw = True
18.0029 	EXP 	text_75: autoDraw = True
19.2562 	EXP 	Loading_75: autoDraw = False
19.2562 	EXP 	text_75: autoDraw = False
19.2562 	EXP 	Loading_100: autoDraw = True
19.2562 	EXP 	text_100: autoDraw = True
20.4957 	EXP 	Loading_100: autoDraw = False
20.4957 	EXP 	text_100: autoDraw = False
20.5412 	EXP 	Match_text: autoDraw = False
20.5412 	EXP 	syncing_text: autoDraw = False
20.5412 	EXP 	text_0: autoDraw = False
20.5412 	EXP 	Transparent: autoDraw = False
20.5412 	EXP 	Loading_25: autoDraw = False
20.5412 	EXP 	text_25: autoDraw = False
20.5412 	EXP 	Loading_50: autoDraw = False
20.5412 	EXP 	text_50: autoDraw = False
20.5412 	EXP 	Loading_75: autoDraw = False
20.5412 	EXP 	text_75: autoDraw = False
20.5412 	EXP 	Loading_100: autoDraw = False
20.5412 	EXP 	text_100: autoDraw = False
20.5412 	EXP 	Youhavematched: height = 0.08
20.5412 	EXP 	Youhavematched: height = 0.08
20.5412 	EXP 	Youhavematched: height = 0.08
20.5412 	EXP 	Youhavematched: text = 'You have matched with: Alex'
20.5412 	EXP 	partneremoji_image: image = 'Images/cowboyemoji.png'
20.5412 	EXP 	Youhavematched: autoDraw = True
20.5412 	EXP 	partneremoji_image: autoDraw = True
20.5412 	EXP 	PressToContinue: autoDraw = True
22.6701 	DATA 	Keypress: space
22.6734 	EXP 	Youhavematched: autoDraw = False
22.6734 	EXP 	partneremoji_image: autoDraw = False
22.6734 	EXP 	PressToContinue: autoDraw = False
22.6734 	EXP 	participantimage_image: image = 'Participant_Images/101/101_Images/101_Image_24.jpg'
22.6734 	EXP 	photobeingshared_text: autoDraw = True
22.6734 	EXP 	waitforfeedback_text: autoDraw = True
22.6734 	EXP 	participantimage_image: autoDraw = True
25.4431 	EXP 	photobeingshared_text: autoDraw = False
25.4431 	EXP 	waitforfeedback_text: autoDraw = False
25.4431 	EXP 	participantimage_image: autoDraw = False
25.4431 	EXP 	waiting_text: autoDraw = True
30.4381 	EXP 	waiting_text: autoDraw = False
30.4381 	EXP 	displayfeedback_text: height = 0.12
30.4381 	EXP 	displayfeedback_text: height = 0.12
30.4381 	EXP 	displayfeedback_text: height = 0.12
30.4381 	EXP 	displayfeedback_text: text = 'Alex did not like your photo'
30.4381 	EXP 	fdbkimage_image: image = 'Images/thumbsdown.png'
30.4381 	EXP 	displayfeedback_text: autoDraw = True
30.4381 	EXP 	fdbkimage_image: autoDraw = True
33.4274 	EXP 	displayfeedback_text: autoDraw = False
33.4274 	EXP 	fdbkimage_image: autoDraw = False
33.4274 	EXP 	presstosharenextphoto_text: autoDraw = True
36.0803 	EXP 	Created sequence: random, trialTypes=1, nReps=0, seed=None
36.0815 	DATA 	Keypress: space
36.1168 	EXP 	New trial (rep=0, index=1): OrderedDict([('TrialNumber', 2), ('Partner', 'Alex'), ('Condition', 'Neutral'), ('Photos', 'Participant_Images/101/101_Images/101_Image_9.jpg'), ('Feedback', 'did not like'), ('FeedbackWait', 4.988446431)])
36.2730 	DATA 	Keypress: space
36.2760 	EXP 	presstosharenextphoto_text: autoDraw = False
36.2760 	EXP 	slider: markerPos = 3
36.2760 	EXP 	saliencequestion_text: height = 0.06
36.2760 	EXP 	saliencequestion_text: height = 0.06
36.2760 	EXP 	saliencequestion_text: height = 0.06
36.2760 	EXP 	saliencequestion_text: text = 'How likely are you to share photos with Alex in the future? \n\n Use your left and right arrows to move the arrow to your desired rating.'
36.2760 	EXP 	salienceavatar_image: image = 'Images/cowboyemoji.png'
36.2760 	EXP 	displayrating_text: text = ''
36.2760 	EXP 	saliencequestion_text: autoDraw = False
36.2760 	EXP 	salienceavatar_image: autoDraw = False
36.2760 	EXP 	saliencecontinue_text: autoDraw = False
36.2760 	EXP 	displayrating_text: autoDraw = False
36.2760 	EXP 	slider: markerPos = 5
36.2760 	EXP 	stresslevel_text: height = 0.08
36.2760 	EXP 	stresslevel_text: height = 0.08
36.2760 	EXP 	stresslevel_text: height = 0.08
36.2760 	EXP 	stresslevel_text: text = 'Please rate your current stress level. \n\n\n Use your mouse or left and right arrows to move the arrow to your desired rating.'
36.2760 	EXP 	displaystressrating_text: text = ''
36.2760 	EXP 	stresslevel_text: autoDraw = False
36.2760 	EXP 	displaystressrating_text: autoDraw = False
36.2760 	EXP 	Match_text: autoDraw = False
36.2760 	EXP 	syncing_text: autoDraw = False
36.2760 	EXP 	text_0: autoDraw = False
36.2760 	EXP 	Transparent: autoDraw = False
36.2760 	EXP 	Loading_25: autoDraw = False
36.2760 	EXP 	text_25: autoDraw = False
36.2760 	EXP 	Loading_50: autoDraw = False
36.2760 	EXP 	text_50: autoDraw = False
36.2760 	EXP 	Loading_75: autoDraw = False
36.2760 	EXP 	text_75: autoDraw = False
36.2760 	EXP 	Loading_100: autoDraw = False
36.2760 	EXP 	text_100: autoDraw = False
36.2760 	EXP 	Youhavematched: text = 'You have matched with: Alex'
36.2760 	EXP 	partneremoji_image: image = 'Images/cowboyemoji.png'
36.2760 	EXP 	Youhavematched: autoDraw = False
36.2760 	EXP 	partneremoji_image: autoDraw = False
36.2760 	EXP 	PressToContinue: autoDraw = False
36.2760 	EXP 	participantimage_image: image = 'Participant_Images/101/101_Images/101_Image_9.jpg'
36.2760 	EXP 	photobeingshared_text: autoDraw = True
36.2760 	EXP 	waitforfeedback_text: autoDraw = True
36.2760 	EXP 	participantimage_image: autoDraw = True
39.1286 	EXP 	photobeingshared_text: autoDraw = False
39.1286 	EXP 	waitforfeedback_text: autoDraw = False
39.1286 	EXP 	participantimage_image: autoDraw = False
39.1286 	EXP 	waiting_text: autoDraw = True
44.1214 	EXP 	waiting_text: autoDraw = False
44.1214 	EXP 	waiting_text: autoDraw = False
44.1214 	EXP 	displayfeedback_text: text = 'Alex did not like your photo'
44.1214 	EXP 	fdbkimage_image: image = 'Images/thumbsdown.png'
44.1214 	EXP 	displayfeedback_text: autoDraw = True
44.1214 	EXP 	fdbkimage_image: autoDraw = True
44.5924 	DATA 	Keypress: space
47.1214 	EXP 	displayfeedback_text: autoDraw = False
47.1214 	EXP 	fdbkimage_image: autoDraw = False
47.1214 	EXP 	displayfeedback_text: autoDraw = False
47.1214 	EXP 	fdbkimage_image: autoDraw = False
47.1214 	EXP 	presstosharenextphoto_text: autoDraw = True
47.4805 	EXP 	Created sequence: random, trialTypes=1, nReps=0, seed=None
47.4884 	DATA 	Keypress: space
47.4921 	EXP 	New trial (rep=0, index=2): OrderedDict([('TrialNumber', 3), ('Partner', 'Alex'), ('Condition', 'Neutral'), ('Photos', 'Participant_Images/101/101_Images/101_Image_4.jpg'), ('Feedback', 'liked'), ('FeedbackWait', 3.470791822)])
47.6618 	EXP 	presstosharenextphoto_text: autoDraw = False
47.6618 	EXP 	slider: markerPos = 3
47.6618 	EXP 	saliencequestion_text: text = 'How likely are you to share photos with Alex in the future? \n\n Use your left and right arrows to move the arrow to your desired rating.'
47.6618 	EXP 	salienceavatar_image: image = 'Images/cowboyemoji.png'
47.6618 	EXP 	displayrating_text: text = ''
47.6618 	EXP 	saliencequestion_text: autoDraw = False
47.6618 	EXP 	salienceavatar_image: autoDraw = False
47.6618 	EXP 	saliencecontinue_text: autoDraw = False
47.6618 	EXP 	displayrating_text: autoDraw = False
47.6618 	EXP 	slider: markerPos = 5
47.6618 	EXP 	stresslevel_text: text = 'Please rate your current stress level. \n\n\n Use your mouse or left and right arrows to move the arrow to your desired rating.'
47.6618 	EXP 	displaystressrating_text: text = ''
47.6618 	EXP 	stresslevel_text: autoDraw = False
47.6618 	EXP 	displaystressrating_text: autoDraw = False
47.6618 	EXP 	Match_text: autoDraw = False
47.6618 	EXP 	syncing_text: autoDraw = False
47.6618 	EXP 	text_0: autoDraw = False
47.6618 	EXP 	Transparent: autoDraw = False
47.6618 	EXP 	Loading_25: autoDraw = False
47.6618 	EXP 	text_25: autoDraw = False
47.6618 	EXP 	Loading_50: autoDraw = False
47.6618 	EXP 	text_50: autoDraw = False
47.6618 	EXP 	Loading_75: autoDraw = False
47.6618 	EXP 	text_75: autoDraw = False
47.6618 	EXP 	Loading_100: autoDraw = False
47.6618 	EXP 	text_100: autoDraw = False
47.6618 	EXP 	Youhavematched: text = 'You have matched with: Alex'
47.6618 	EXP 	partneremoji_image: image = 'Images/cowboyemoji.png'
47.6618 	EXP 	Youhavematched: autoDraw = False
47.6618 	EXP 	partneremoji_image: autoDraw = False
47.6618 	EXP 	PressToContinue: autoDraw = False
47.6618 	EXP 	participantimage_image: image = 'Participant_Images/101/101_Images/101_Image_4.jpg'
47.6618 	EXP 	photobeingshared_text: autoDraw = True
47.6618 	EXP 	waitforfeedback_text: autoDraw = True
47.6618 	EXP 	participantimage_image: autoDraw = True
50.5111 	EXP 	photobeingshared_text: autoDraw = False
50.5111 	EXP 	waitforfeedback_text: autoDraw = False
50.5111 	EXP 	participantimage_image: autoDraw = False
50.5111 	EXP 	waiting_text: autoDraw = True
55.5041 	EXP 	waiting_text: autoDraw = False
55.5041 	EXP 	waiting_text: autoDraw = False
55.5041 	EXP 	displayfeedback_text: height = 0.12
55.5041 	EXP 	displayfeedback_text: height = 0.12
55.5041 	EXP 	displayfeedback_text: height = 0.12
55.5041 	EXP 	displayfeedback_text: text = 'Alex liked your photo'
55.5041 	EXP 	fdbkimage_image: image = 'Images/thumbsup.png'
55.5041 	EXP 	displayfeedback_text: autoDraw = True
55.5041 	EXP 	fdbkimage_image: autoDraw = True
58.5113 	EXP 	displayfeedback_text: autoDraw = False
58.5113 	EXP 	fdbkimage_image: autoDraw = False
58.5113 	EXP 	presstosharenextphoto_text: autoDraw = True
58.9137 	EXP 	Created sequence: random, trialTypes=1, nReps=0, seed=None
58.9213 	DATA 	Keypress: space
58.9239 	EXP 	New trial (rep=0, index=3): OrderedDict([('TrialNumber', 4), ('Partner', 'Alex'), ('Condition', 'Neutral'), ('Photos', 'Participant_Images/101/101_Images/101_Image_1.jpg'), ('Feedback', 'liked'), ('FeedbackWait', 3.820572462)])
59.0654 	EXP 	presstosharenextphoto_text: autoDraw = False
59.0654 	EXP 	slider: markerPos = 3
59.0654 	EXP 	saliencequestion_text: text = 'How likely are you to share photos with Alex in the future? \n\n Use your left and right arrows to move the arrow to your desired rating.'
59.0654 	EXP 	salienceavatar_image: image = 'Images/cowboyemoji.png'
59.0654 	EXP 	displayrating_text: text = ''
59.0654 	EXP 	saliencequestion_text: autoDraw = False
59.0654 	EXP 	salienceavatar_image: autoDraw = False
59.0654 	EXP 	saliencecontinue_text: autoDraw = False
59.0654 	EXP 	displayrating_text: autoDraw = False
59.0654 	EXP 	slider: markerPos = 5
59.0654 	EXP 	stresslevel_text: text = 'Please rate your current stress level. \n\n\n Use your mouse or left and right arrows to move the arrow to your desired rating.'
59.0654 	EXP 	displaystressrating_text: text = ''
59.0654 	EXP 	stresslevel_text: autoDraw = False
59.0654 	EXP 	displaystressrating_text: autoDraw = False
59.0654 	EXP 	Match_text: autoDraw = False
59.0654 	EXP 	syncing_text: autoDraw = False
59.0654 	EXP 	text_0: autoDraw = False
59.0654 	EXP 	Transparent: autoDraw = False
59.0654 	EXP 	Loading_25: autoDraw = False
59.0654 	EXP 	text_25: autoDraw = False
59.0654 	EXP 	Loading_50: autoDraw = False
59.0654 	EXP 	text_50: autoDraw = False
59.0654 	EXP 	Loading_75: autoDraw = False
59.0654 	EXP 	text_75: autoDraw = False
59.0654 	EXP 	Loading_100: autoDraw = False
59.0654 	EXP 	text_100: autoDraw = False
59.0654 	EXP 	Youhavematched: text = 'You have matched with: Alex'
59.0654 	EXP 	partneremoji_image: image = 'Images/cowboyemoji.png'
59.0654 	EXP 	Youhavematched: autoDraw = False
59.0654 	EXP 	partneremoji_image: autoDraw = False
59.0654 	EXP 	PressToContinue: autoDraw = False
59.0654 	EXP 	participantimage_image: image = 'Participant_Images/101/101_Images/101_Image_1.jpg'
59.0654 	EXP 	photobeingshared_text: autoDraw = True
59.0654 	EXP 	waitforfeedback_text: autoDraw = True
59.0654 	EXP 	participantimage_image: autoDraw = True
61.9401 	EXP 	photobeingshared_text: autoDraw = False
61.9401 	EXP 	waitforfeedback_text: autoDraw = False
61.9401 	EXP 	participantimage_image: autoDraw = False
61.9401 	EXP 	waiting_text: autoDraw = True
66.9351 	EXP 	waiting_text: autoDraw = False
66.9351 	EXP 	displayfeedback_text: text = 'Alex liked your photo'
66.9351 	EXP 	fdbkimage_image: image = 'Images/thumbsup.png'
66.9351 	EXP 	displayfeedback_text: autoDraw = True
66.9351 	EXP 	fdbkimage_image: autoDraw = True
67.1884 	DATA 	Keypress: space
67.7121 	DATA 	Keypress: space
67.8818 	DATA 	Keypress: space
69.9268 	EXP 	displayfeedback_text: autoDraw = False
69.9268 	EXP 	fdbkimage_image: autoDraw = False
69.9268 	EXP 	displayfeedback_text: autoDraw = False
69.9268 	EXP 	fdbkimage_image: autoDraw = False
69.9268 	EXP 	presstosharenextphoto_text: autoDraw = True
75.9145 	EXP 	Created sequence: random, trialTypes=1, nReps=0, seed=None
75.9161 	DATA 	Keypress: space
75.9263 	EXP 	New trial (rep=0, index=4): OrderedDict([('TrialNumber', 5), ('Partner', 'Alex'), ('Condition', 'Neutral'), ('Photos', 'Participant_Images/101/101_Images/101_Image_3.jpg'), ('Feedback', 'liked'), ('FeedbackWait', 2.455989137)])
76.0915 	EXP 	presstosharenextphoto_text: autoDraw = False
76.0915 	EXP 	slider: markerPos = 3
76.0915 	EXP 	saliencequestion_text: text = 'How likely are you to share photos with Alex in the future? \n\n Use your left and right arrows to move the arrow to your desired rating.'
76.0915 	EXP 	salienceavatar_image: image = 'Images/cowboyemoji.png'
76.0915 	EXP 	displayrating_text: text = ''
76.0915 	EXP 	saliencequestion_text: autoDraw = False
76.0915 	EXP 	salienceavatar_image: autoDraw = False
76.0915 	EXP 	saliencecontinue_text: autoDraw = False
76.0915 	EXP 	displayrating_text: autoDraw = False
76.0915 	EXP 	slider: markerPos = 5
76.0915 	EXP 	stresslevel_text: text = 'Please rate your current stress level. \n\n\n Use your mouse or left and right arrows to move the arrow to your desired rating.'
76.0915 	EXP 	displaystressrating_text: text = ''
76.0915 	EXP 	stresslevel_text: autoDraw = False
76.0915 	EXP 	displaystressrating_text: autoDraw = False
76.0915 	EXP 	Match_text: autoDraw = False
76.0915 	EXP 	syncing_text: autoDraw = False
76.0915 	EXP 	text_0: autoDraw = False
76.0915 	EXP 	Transparent: autoDraw = False
76.0915 	EXP 	Loading_25: autoDraw = False
76.0915 	EXP 	text_25: autoDraw = False
76.0915 	EXP 	Loading_50: autoDraw = False
76.0915 	EXP 	text_50: autoDraw = False
76.0915 	EXP 	Loading_75: autoDraw = False
76.0915 	EXP 	text_75: autoDraw = False
76.0915 	EXP 	Loading_100: autoDraw = False
76.0915 	EXP 	text_100: autoDraw = False
76.0915 	EXP 	Youhavematched: text = 'You have matched with: Alex'
76.0915 	EXP 	partneremoji_image: image = 'Images/cowboyemoji.png'
76.0915 	EXP 	Youhavematched: autoDraw = False
76.0915 	EXP 	partneremoji_image: autoDraw = False
76.0915 	EXP 	PressToContinue: autoDraw = False
76.0915 	EXP 	participantimage_image: image = 'Participant_Images/101/101_Images/101_Image_3.jpg'
76.0915 	EXP 	photobeingshared_text: autoDraw = True
76.0915 	EXP 	waitforfeedback_text: autoDraw = True
76.0915 	EXP 	participantimage_image: autoDraw = True
77.7705 	DATA 	Keypress: space
77.9831 	DATA 	Keypress: space
78.1387 	DATA 	Keypress: space
78.3135 	DATA 	Keypress: space
78.4960 	DATA 	Keypress: space
78.6582 	DATA 	Keypress: space
78.9484 	EXP 	photobeingshared_text: autoDraw = False
78.9484 	EXP 	waitforfeedback_text: autoDraw = False
78.9484 	EXP 	participantimage_image: autoDraw = False
78.9484 	EXP 	waiting_text: autoDraw = True
79.4403 	DATA 	Keypress: space
79.6374 	DATA 	Keypress: space
79.7778 	DATA 	Keypress: space
83.9546 	EXP 	waiting_text: autoDraw = False
83.9546 	EXP 	displayfeedback_text: text = 'Alex liked your photo'
83.9546 	EXP 	fdbkimage_image: image = 'Images/thumbsup.png'
83.9546 	EXP 	displayfeedback_text: autoDraw = True
83.9546 	EXP 	fdbkimage_image: autoDraw = True
86.9525 	EXP 	Created sequence: random, trialTypes=1, nReps=1, seed=None
86.9530 	EXP 	New trial (rep=0, index=0): None
86.9597 	EXP 	displayfeedback_text: autoDraw = False
86.9597 	EXP 	fdbkimage_image: autoDraw = False
86.9597 	EXP 	presstosharenextphoto_text: autoDraw = False
86.9597 	EXP 	WTP_ins_text1: autoDraw = True
89.0053 	DATA 	Keypress: space
89.0097 	EXP 	WTP_ins_text1: autoDraw = False
89.0097 	EXP 	WTP_ins_text2: autoDraw = True
89.6585 	EXP 	Imported /Users/melanieruiz/Desktop/WTP_SM_Choice/Participant_Images/101/101_WTP.xlsx as conditions, 4 conditions, 9 params
89.6589 	EXP 	Created sequence: sequential, trialTypes=4, nReps=1, seed=None
89.6592 	EXP 	New trial (rep=0, index=0): {'social_left': 0, 'Left_Exp': 'Rearranging furniture in your house', 'Right_Exp': 'Going to a carnival with friends', 'leftmoney': 0.01, 'rightmoney': 0.01, 'greenText': 'green', 'left_more_than_right': 0, 'matching_prices': 1, 'social_worthmore': 1}
89.6799 	DATA 	Keypress: space
89.6824 	EXP 	WTP_ins_text2: autoDraw = False
89.6824 	EXP 	Left_Experience: height = 0.05
89.6824 	EXP 	Left_Experience: height = 0.05
89.6824 	EXP 	Left_Experience: height = 0.05
89.6824 	EXP 	Left_Experience: text = 'Rearranging furniture in your house'
89.6824 	EXP 	Right_Experience: height = 0.05
89.6824 	EXP 	Right_Experience: height = 0.05
89.6824 	EXP 	Right_Experience: height = 0.05
89.6824 	EXP 	Right_Experience: text = 'Going to a carnival with friends'
89.6824 	EXP 	Left_Price: height = 0.05
89.6824 	EXP 	Left_Price: height = 0.05
89.6824 	EXP 	Left_Price: height = 0.05
89.6824 	EXP 	Left_Price: text = 0.01
89.6824 	EXP 	Right_Price: height = 0.05
89.6824 	EXP 	Right_Price: height = 0.05
89.6824 	EXP 	Right_Price: height = 0.05
89.6824 	EXP 	Right_Price: text = 0.01
89.6824 	EXP 	blank: text = ''
89.6824 	EXP 	Left_Experience: autoDraw = True
89.6824 	EXP 	Right_Experience: autoDraw = True
89.6824 	EXP 	Left_Price: autoDraw = True
89.6824 	EXP 	Right_Price: autoDraw = True
89.6824 	EXP 	blank: autoDraw = True
90.5040 	DATA 	Keypress: 1
91.6812 	EXP 	blank: autoDraw = False
99.6698 	EXP 	New trial (rep=0, index=1): {'social_left': 0, 'Left_Exp': 'Watching a new episode of a television show', 'Right_Exp': 'Having a picnic with family', 'leftmoney': 0.02, 'rightmoney': 0.01, 'greenText': 'green', 'left_more_than_right': 1, 'matching_prices': 0, 'social_worthmore': 0}
99.6854 	EXP 	Left_Experience: autoDraw = False
99.6854 	EXP 	Right_Experience: autoDraw = False
99.6854 	EXP 	Left_Price: autoDraw = False
99.6854 	EXP 	Right_Price: autoDraw = False
99.6854 	EXP 	Left_Experience: autoDraw = False
99.6854 	EXP 	Right_Experience: autoDraw = False
99.6854 	EXP 	Left_Price: autoDraw = False
99.6854 	EXP 	Right_Price: autoDraw = False
99.6854 	EXP 	blank: autoDraw = False
99.6854 	EXP 	Left_Experience: height = 0.05
99.6854 	EXP 	Left_Experience: height = 0.05
99.6854 	EXP 	Left_Experience: height = 0.05
99.6854 	EXP 	Left_Experience: text = 'Watching a new episode of a television show'
99.6854 	EXP 	Right_Experience: height = 0.05
99.6854 	EXP 	Right_Experience: height = 0.05
99.6854 	EXP 	Right_Experience: height = 0.05
99.6854 	EXP 	Right_Experience: text = 'Having a picnic with family'
99.6854 	EXP 	Left_Price: height = 0.05
99.6854 	EXP 	Left_Price: height = 0.05
99.6854 	EXP 	Left_Price: height = 0.05
99.6854 	EXP 	Left_Price: text = 0.02
99.6854 	EXP 	Right_Price: height = 0.05
99.6854 	EXP 	Right_Price: height = 0.05
99.6854 	EXP 	Right_Price: height = 0.05
99.6854 	EXP 	Right_Price: text = 0.01
99.6854 	EXP 	blank: text = ''
99.6854 	EXP 	Left_Experience: autoDraw = True
99.6854 	EXP 	Right_Experience: autoDraw = True
99.6854 	EXP 	Left_Price: autoDraw = True
99.6854 	EXP 	Right_Price: autoDraw = True
99.6854 	EXP 	blank: autoDraw = True
101.6813 	EXP 	blank: autoDraw = False
104.1844 	DATA 	Keypress: 2
105.2597 	DATA 	Keypress: 1
105.7259 	DATA 	Keypress: 1
106.2283 	DATA 	Keypress: 2
106.4755 	DATA 	Keypress: 2
106.6367 	DATA 	Keypress: 2
106.8195 	DATA 	Keypress: 2
106.9422 	DATA 	Keypress: 2
107.0857 	DATA 	Keypress: 2
107.2259 	DATA 	Keypress: 2
107.3298 	DATA 	Keypress: 2
107.4720 	DATA 	Keypress: 2
107.6091 	DATA 	Keypress: 2
107.8948 	DATA 	Keypress: 2
108.3035 	DATA 	Keypress: 2
108.5093 	DATA 	Keypress: 2
108.6777 	DATA 	Keypress: 2
108.8426 	DATA 	Keypress: 2
109.0091 	DATA 	Keypress: 2
109.1836 	DATA 	Keypress: 2
109.3508 	DATA 	Keypress: 1
109.5016 	DATA 	Keypress: 1
109.6697 	EXP 	New trial (rep=0, index=2): {'social_left': 0, 'Left_Exp': 'Painting your bedroom\na new color', 'Right_Exp': 'Having a romantic dinner with a significant other', 'leftmoney': 0.03, 'rightmoney': 0.01, 'greenText': 'green', 'left_more_than_right': 1, 'matching_prices': 0, 'social_worthmore': 0}
109.6852 	EXP 	Left_Experience: autoDraw = False
109.6852 	EXP 	Right_Experience: autoDraw = False
109.6852 	EXP 	Left_Price: autoDraw = False
109.6852 	EXP 	Right_Price: autoDraw = False
109.6852 	EXP 	Left_Experience: autoDraw = False
109.6852 	EXP 	Right_Experience: autoDraw = False
109.6852 	EXP 	Left_Price: autoDraw = False
109.6852 	EXP 	Right_Price: autoDraw = False
109.6852 	EXP 	blank: autoDraw = False
109.6852 	EXP 	Left_Experience: height = 0.05
109.6852 	EXP 	Left_Experience: height = 0.05
109.6852 	EXP 	Left_Experience: height = 0.05
109.6852 	EXP 	Left_Experience: text = 'Painting your bedroom\na new color'
109.6852 	EXP 	Right_Experience: height = 0.05
109.6852 	EXP 	Right_Experience: height = 0.05
109.6852 	EXP 	Right_Experience: height = 0.05
109.6852 	EXP 	Right_Experience: text = 'Having a romantic dinner with a significant other'
109.6852 	EXP 	Left_Price: height = 0.05
109.6852 	EXP 	Left_Price: height = 0.05
109.6852 	EXP 	Left_Price: height = 0.05
109.6852 	EXP 	Left_Price: text = 0.03
109.6852 	EXP 	Right_Price: height = 0.05
109.6852 	EXP 	Right_Price: height = 0.05
109.6852 	EXP 	Right_Price: height = 0.05
109.6852 	EXP 	Right_Price: text = 0.01
109.6852 	EXP 	blank: text = ''
109.6852 	EXP 	Left_Experience: autoDraw = True
109.6852 	EXP 	Right_Experience: autoDraw = True
109.6852 	EXP 	Left_Price: autoDraw = True
109.6852 	EXP 	Right_Price: autoDraw = True
109.6852 	EXP 	blank: autoDraw = True
110.4816 	DATA 	Keypress: 1
111.2479 	DATA 	Keypress: 1
111.4479 	DATA 	Keypress: 1
111.6774 	EXP 	blank: autoDraw = False
111.6808 	DATA 	Keypress: 1
111.9094 	DATA 	Keypress: 1
112.1594 	DATA 	Keypress: 1
112.3426 	DATA 	Keypress: 2
112.5458 	DATA 	Keypress: 1
112.6926 	DATA 	Keypress: 2
112.8491 	DATA 	Keypress: 2
112.9213 	DATA 	Keypress: 1
113.0258 	DATA 	Keypress: 2
113.2383 	DATA 	Keypress: 1
113.2390 	DATA 	Keypress: 2
113.3970 	DATA 	Keypress: 2
113.4035 	DATA 	Keypress: 1
113.5716 	DATA 	Keypress: 2
113.5723 	DATA 	Keypress: 1
113.7426 	DATA 	Keypress: 2
113.7432 	DATA 	Keypress: 1
113.9050 	DATA 	Keypress: 2
113.9131 	DATA 	Keypress: 1
114.0635 	DATA 	Keypress: 2
114.0702 	DATA 	Keypress: 1
114.2222 	DATA 	Keypress: 1
114.2228 	DATA 	Keypress: 2
114.3758 	DATA 	Keypress: 2
114.3843 	DATA 	Keypress: 1
114.5342 	DATA 	Keypress: 1
114.5349 	DATA 	Keypress: 2
119.6694 	EXP 	New trial (rep=0, index=3): {'social_left': 0, 'Left_Exp': 'Playing with a pet', 'Right_Exp': 'Studying abroad with friends', 'leftmoney': 0.04, 'rightmoney': 0.01, 'greenText': 'green', 'left_more_than_right': 1, 'matching_prices': 0, 'social_worthmore': 0}
119.6823 	EXP 	Left_Experience: autoDraw = False
119.6823 	EXP 	Right_Experience: autoDraw = False
119.6823 	EXP 	Left_Price: autoDraw = False
119.6823 	EXP 	Right_Price: autoDraw = False
119.6823 	EXP 	Left_Experience: autoDraw = False
119.6823 	EXP 	Right_Experience: autoDraw = False
119.6823 	EXP 	Left_Price: autoDraw = False
119.6823 	EXP 	Right_Price: autoDraw = False
119.6823 	EXP 	blank: autoDraw = False
119.6823 	EXP 	Left_Experience: height = 0.05
119.6823 	EXP 	Left_Experience: height = 0.05
119.6823 	EXP 	Left_Experience: height = 0.05
119.6823 	EXP 	Left_Experience: text = 'Playing with a pet'
119.6823 	EXP 	Right_Experience: height = 0.05
119.6823 	EXP 	Right_Experience: height = 0.05
119.6823 	EXP 	Right_Experience: height = 0.05
119.6823 	EXP 	Right_Experience: text = 'Studying abroad with friends'
119.6823 	EXP 	Left_Price: height = 0.05
119.6823 	EXP 	Left_Price: height = 0.05
119.6823 	EXP 	Left_Price: height = 0.05
119.6823 	EXP 	Left_Price: text = 0.04
119.6823 	EXP 	Right_Price: height = 0.05
119.6823 	EXP 	Right_Price: height = 0.05
119.6823 	EXP 	Right_Price: height = 0.05
119.6823 	EXP 	Right_Price: text = 0.01
119.6823 	EXP 	blank: text = ''
119.6823 	EXP 	Left_Experience: autoDraw = True
119.6823 	EXP 	Right_Experience: autoDraw = True
119.6823 	EXP 	Left_Price: autoDraw = True
119.6823 	EXP 	Right_Price: autoDraw = True
119.6823 	EXP 	blank: autoDraw = True
120.9728 	DATA 	Keypress: 1
121.6770 	EXP 	blank: autoDraw = False
129.6980 	EXP 	Left_Experience: autoDraw = False
129.6980 	EXP 	Right_Experience: autoDraw = False
129.6980 	EXP 	Left_Price: autoDraw = False
129.6980 	EXP 	Right_Price: autoDraw = False
129.6980 	EXP 	Left_Experience: autoDraw = False
129.6980 	EXP 	Right_Experience: autoDraw = False
129.6980 	EXP 	Left_Price: autoDraw = False
129.6980 	EXP 	Right_Price: autoDraw = False
129.6980 	EXP 	blank: autoDraw = False
129.6980 	EXP 	Resume_Text: height = 0.12
129.6980 	EXP 	Resume_Text: height = 0.12
129.6980 	EXP 	Resume_Text: height = 0.12
129.6980 	EXP 	Resume_Text: text = 'Press space to resume sharing your photos.'
129.6980 	EXP 	Resume_Text: autoDraw = True
136.0703 	DATA 	Keypress: space
136.0813 	EXP 	New trial (rep=0, index=5): OrderedDict([('TrialNumber', 6), ('Partner', 'Alex'), ('Condition', 'Neutral'), ('Photos', 'Participant_Images/101/101_Images/101_Image_13.jpg'), ('Feedback', 'liked'), ('FeedbackWait', 3.79605092)])
136.2284 	EXP 	Resume_Text: autoDraw = False
136.2284 	EXP 	slider: markerPos = 3
136.2284 	EXP 	saliencequestion_text: text = 'How likely are you to share photos with Alex in the future? \n\n Use your left and right arrows to move the arrow to your desired rating.'
136.2284 	EXP 	salienceavatar_image: image = 'Images/cowboyemoji.png'
136.2284 	EXP 	displayrating_text: text = ''
136.2284 	EXP 	saliencequestion_text: autoDraw = False
136.2284 	EXP 	salienceavatar_image: autoDraw = False
136.2284 	EXP 	saliencecontinue_text: autoDraw = False
136.2284 	EXP 	displayrating_text: autoDraw = False
136.2284 	EXP 	slider: markerPos = 5
136.2284 	EXP 	stresslevel_text: text = 'Please rate your current stress level. \n\n\n Use your mouse or left and right arrows to move the arrow to your desired rating.'
136.2284 	EXP 	displaystressrating_text: text = ''
136.2284 	EXP 	stresslevel_text: autoDraw = False
136.2284 	EXP 	displaystressrating_text: autoDraw = False
136.2284 	EXP 	Match_text: autoDraw = False
136.2284 	EXP 	syncing_text: autoDraw = False
136.2284 	EXP 	text_0: autoDraw = False
136.2284 	EXP 	Transparent: autoDraw = False
136.2284 	EXP 	Loading_25: autoDraw = False
136.2284 	EXP 	text_25: autoDraw = False
136.2284 	EXP 	Loading_50: autoDraw = False
136.2284 	EXP 	text_50: autoDraw = False
136.2284 	EXP 	Loading_75: autoDraw = False
136.2284 	EXP 	text_75: autoDraw = False
136.2284 	EXP 	Loading_100: autoDraw = False
136.2284 	EXP 	text_100: autoDraw = False
136.2284 	EXP 	Youhavematched: text = 'You have matched with: Alex'
136.2284 	EXP 	partneremoji_image: image = 'Images/cowboyemoji.png'
136.2284 	EXP 	Youhavematched: autoDraw = False
136.2284 	EXP 	partneremoji_image: autoDraw = False
136.2284 	EXP 	PressToContinue: autoDraw = False
136.2284 	EXP 	participantimage_image: image = 'Participant_Images/101/101_Images/101_Image_13.jpg'
136.2284 	EXP 	photobeingshared_text: autoDraw = True
136.2284 	EXP 	waitforfeedback_text: autoDraw = True
136.2284 	EXP 	participantimage_image: autoDraw = True
139.0958 	EXP 	photobeingshared_text: autoDraw = False
139.0958 	EXP 	waitforfeedback_text: autoDraw = False
139.0958 	EXP 	participantimage_image: autoDraw = False
139.0958 	EXP 	waiting_text: autoDraw = True
144.0907 	EXP 	waiting_text: autoDraw = False
144.0907 	EXP 	waiting_text: autoDraw = False
144.0907 	EXP 	displayfeedback_text: text = 'Alex liked your photo'
144.0907 	EXP 	fdbkimage_image: image = 'Images/thumbsup.png'
144.0907 	EXP 	displayfeedback_text: autoDraw = True
144.0907 	EXP 	fdbkimage_image: autoDraw = True
147.0795 	EXP 	displayfeedback_text: autoDraw = False
147.0795 	EXP 	fdbkimage_image: autoDraw = False
147.0795 	EXP 	displayfeedback_text: autoDraw = False
147.0795 	EXP 	fdbkimage_image: autoDraw = False
147.0795 	EXP 	presstosharenextphoto_text: autoDraw = True
174.3731 	EXP 	Created sequence: random, trialTypes=1, nReps=0, seed=None
174.3760 	DATA 	Keypress: space
174.3857 	EXP 	New trial (rep=0, index=6): OrderedDict([('TrialNumber', 7), ('Partner', 'Alex'), ('Condition', 'Neutral'), ('Photos', 'Participant_Images/101/101_Images/101_Image_2.jpg'), ('Feedback', 'did not like'), ('FeedbackWait', 3.562416326)])
174.5329 	EXP 	presstosharenextphoto_text: autoDraw = False
174.5329 	EXP 	slider: markerPos = 3
174.5329 	EXP 	saliencequestion_text: text = 'How likely are you to share photos with Alex in the future? \n\n Use your left and right arrows to move the arrow to your desired rating.'
174.5329 	EXP 	salienceavatar_image: image = 'Images/cowboyemoji.png'
174.5329 	EXP 	displayrating_text: text = ''
174.5329 	EXP 	saliencequestion_text: autoDraw = False
174.5329 	EXP 	salienceavatar_image: autoDraw = False
174.5329 	EXP 	saliencecontinue_text: autoDraw = False
174.5329 	EXP 	displayrating_text: autoDraw = False
174.5329 	EXP 	slider: markerPos = 5
174.5329 	EXP 	stresslevel_text: text = 'Please rate your current stress level. \n\n\n Use your mouse or left and right arrows to move the arrow to your desired rating.'
174.5329 	EXP 	displaystressrating_text: text = ''
174.5329 	EXP 	stresslevel_text: autoDraw = False
174.5329 	EXP 	displaystressrating_text: autoDraw = False
174.5329 	EXP 	Match_text: autoDraw = False
174.5329 	EXP 	syncing_text: autoDraw = False
174.5329 	EXP 	text_0: autoDraw = False
174.5329 	EXP 	Transparent: autoDraw = False
174.5329 	EXP 	Loading_25: autoDraw = False
174.5329 	EXP 	text_25: autoDraw = False
174.5329 	EXP 	Loading_50: autoDraw = False
174.5329 	EXP 	text_50: autoDraw = False
174.5329 	EXP 	Loading_75: autoDraw = False
174.5329 	EXP 	text_75: autoDraw = False
174.5329 	EXP 	Loading_100: autoDraw = False
174.5329 	EXP 	text_100: autoDraw = False
174.5329 	EXP 	Youhavematched: text = 'You have matched with: Alex'
174.5329 	EXP 	partneremoji_image: image = 'Images/cowboyemoji.png'
174.5329 	EXP 	Youhavematched: autoDraw = False
174.5329 	EXP 	partneremoji_image: autoDraw = False
174.5329 	EXP 	PressToContinue: autoDraw = False
174.5329 	EXP 	participantimage_image: image = 'Participant_Images/101/101_Images/101_Image_2.jpg'
174.5329 	EXP 	photobeingshared_text: autoDraw = True
174.5329 	EXP 	waitforfeedback_text: autoDraw = True
174.5329 	EXP 	participantimage_image: autoDraw = True
177.3985 	EXP 	photobeingshared_text: autoDraw = False
177.3985 	EXP 	waitforfeedback_text: autoDraw = False
177.3985 	EXP 	participantimage_image: autoDraw = False
177.3985 	EXP 	waiting_text: autoDraw = True
177.5971 	DATA 	Keypress: space
177.8311 	DATA 	Keypress: space
178.0094 	DATA 	Keypress: space
178.2024 	DATA 	Keypress: space
178.8544 	DATA 	Keypress: space
179.0203 	DATA 	Keypress: space
179.1605 	DATA 	Keypress: space
179.3046 	DATA 	Keypress: space
179.4363 	DATA 	Keypress: space
179.5551 	DATA 	Keypress: space
179.8443 	DATA 	Keypress: space
182.3947 	EXP 	waiting_text: autoDraw = False
182.3947 	EXP 	waiting_text: autoDraw = False
182.3947 	EXP 	displayfeedback_text: height = 0.12
182.3947 	EXP 	displayfeedback_text: height = 0.12
182.3947 	EXP 	displayfeedback_text: height = 0.12
182.3947 	EXP 	displayfeedback_text: text = 'Alex did not like your photo'
182.3947 	EXP 	fdbkimage_image: image = 'Images/thumbsdown.png'
182.3947 	EXP 	displayfeedback_text: autoDraw = True
182.3947 	EXP 	fdbkimage_image: autoDraw = True
183.5856 	DATA 	Keypress: space
185.3968 	EXP 	displayfeedback_text: autoDraw = False
185.3968 	EXP 	fdbkimage_image: autoDraw = False
185.3968 	EXP 	displayfeedback_text: autoDraw = False
185.3968 	EXP 	fdbkimage_image: autoDraw = False
185.3968 	EXP 	presstosharenextphoto_text: autoDraw = True
186.0305 	EXP 	Created sequence: random, trialTypes=1, nReps=0, seed=None
186.0332 	DATA 	Keypress: space
186.0423 	EXP 	New trial (rep=0, index=7): OrderedDict([('TrialNumber', 8), ('Partner', 'Alex'), ('Condition', 'Neutral'), ('Photos', 'Participant_Images/101/101_Images/101_Image_25.jpg'), ('Feedback', 'liked'), ('FeedbackWait', 2.843822497)])
186.1980 	EXP 	presstosharenextphoto_text: autoDraw = False
186.1980 	EXP 	slider: markerPos = 3
186.1980 	EXP 	saliencequestion_text: text = 'How likely are you to share photos with Alex in the future? \n\n Use your left and right arrows to move the arrow to your desired rating.'
186.1980 	EXP 	salienceavatar_image: image = 'Images/cowboyemoji.png'
186.1980 	EXP 	displayrating_text: text = ''
186.1980 	EXP 	saliencequestion_text: autoDraw = False
186.1980 	EXP 	salienceavatar_image: autoDraw = False
186.1980 	EXP 	saliencecontinue_text: autoDraw = False
186.1980 	EXP 	displayrating_text: autoDraw = False
186.1980 	EXP 	slider: markerPos = 5
186.1980 	EXP 	stresslevel_text: text = 'Please rate your current stress level. \n\n\n Use your mouse or left and right arrows to move the arrow to your desired rating.'
186.1980 	EXP 	displaystressrating_text: text = ''
186.1980 	EXP 	stresslevel_text: autoDraw = False
186.1980 	EXP 	displaystressrating_text: autoDraw = False
186.1980 	EXP 	Match_text: autoDraw = False
186.1980 	EXP 	syncing_text: autoDraw = False
186.1980 	EXP 	text_0: autoDraw = False
186.1980 	EXP 	Transparent: autoDraw = False
186.1980 	EXP 	Loading_25: autoDraw = False
186.1980 	EXP 	text_25: autoDraw = False
186.1980 	EXP 	Loading_50: autoDraw = False
186.1980 	EXP 	text_50: autoDraw = False
186.1980 	EXP 	Loading_75: autoDraw = False
186.1980 	EXP 	text_75: autoDraw = False
186.1980 	EXP 	Loading_100: autoDraw = False
186.1980 	EXP 	text_100: autoDraw = False
186.1980 	EXP 	Youhavematched: text = 'You have matched with: Alex'
186.1980 	EXP 	partneremoji_image: image = 'Images/cowboyemoji.png'
186.1980 	EXP 	Youhavematched: autoDraw = False
186.1980 	EXP 	partneremoji_image: autoDraw = False
186.1980 	EXP 	PressToContinue: autoDraw = False
186.1980 	EXP 	participantimage_image: image = 'Participant_Images/101/101_Images/101_Image_25.jpg'
186.1980 	EXP 	photobeingshared_text: autoDraw = True
186.1980 	EXP 	waitforfeedback_text: autoDraw = True
186.1980 	EXP 	participantimage_image: autoDraw = True
189.0882 	EXP 	photobeingshared_text: autoDraw = False
189.0882 	EXP 	waitforfeedback_text: autoDraw = False
189.0882 	EXP 	participantimage_image: autoDraw = False
189.0882 	EXP 	waiting_text: autoDraw = True
190.1927 	DATA 	Keypress: space
190.3904 	DATA 	Keypress: space
190.5659 	DATA 	Keypress: space
190.7375 	DATA 	Keypress: space
190.9325 	DATA 	Keypress: space
191.1051 	DATA 	Keypress: space
191.3028 	DATA 	Keypress: space
191.5222 	DATA 	Keypress: space
191.7478 	DATA 	Keypress: space
191.9181 	DATA 	Keypress: space
192.0855 	DATA 	Keypress: space
192.2609 	DATA 	Keypress: space
192.4458 	DATA 	Keypress: space
192.6274 	DATA 	Keypress: space
193.6268 	DATA 	Keypress: space
193.8091 	DATA 	Keypress: space
193.9487 	DATA 	Keypress: space
194.0680 	EXP 	waiting_text: autoDraw = False
194.0680 	EXP 	displayfeedback_text: height = 0.12
194.0680 	EXP 	displayfeedback_text: height = 0.12
194.0680 	EXP 	displayfeedback_text: height = 0.12
194.0680 	EXP 	displayfeedback_text: text = 'Alex liked your photo'
194.0680 	EXP 	fdbkimage_image: image = 'Images/thumbsup.png'
194.0680 	EXP 	displayfeedback_text: autoDraw = True
194.0680 	EXP 	fdbkimage_image: autoDraw = True
194.1095 	DATA 	Keypress: space
194.2532 	DATA 	Keypress: space
194.4046 	DATA 	Keypress: space
194.5725 	DATA 	Keypress: space
194.6783 	DATA 	Keypress: space
194.8835 	DATA 	Keypress: space
195.0469 	DATA 	Keypress: space
195.3683 	DATA 	Keypress: space
195.6166 	DATA 	Keypress: space
195.8012 	DATA 	Keypress: space
196.0210 	DATA 	Keypress: space
196.2645 	DATA 	Keypress: space
196.4589 	DATA 	Keypress: space
196.6203 	DATA 	Keypress: space
196.8120 	DATA 	Keypress: space
196.9896 	DATA 	Keypress: space
197.0648 	EXP 	displayfeedback_text: autoDraw = False
197.0648 	EXP 	fdbkimage_image: autoDraw = False
197.0648 	EXP 	presstosharenextphoto_text: autoDraw = True
197.1114 	EXP 	Created sequence: random, trialTypes=1, nReps=0, seed=None
197.1135 	DATA 	Keypress: space
197.1254 	EXP 	New trial (rep=0, index=8): OrderedDict([('TrialNumber', 9), ('Partner', 'Alex'), ('Condition', 'Neutral'), ('Photos', 'Participant_Images/101/101_Images/101_Image_8.jpg'), ('Feedback', 'did not like'), ('FeedbackWait', 3.546495948)])
197.2963 	EXP 	presstosharenextphoto_text: autoDraw = False
197.2963 	EXP 	slider: markerPos = 3
197.2963 	EXP 	saliencequestion_text: text = 'How likely are you to share photos with Alex in the future? \n\n Use your left and right arrows to move the arrow to your desired rating.'
197.2963 	EXP 	salienceavatar_image: image = 'Images/cowboyemoji.png'
197.2963 	EXP 	displayrating_text: text = ''
197.2963 	EXP 	saliencequestion_text: autoDraw = False
197.2963 	EXP 	salienceavatar_image: autoDraw = False
197.2963 	EXP 	saliencecontinue_text: autoDraw = False
197.2963 	EXP 	displayrating_text: autoDraw = False
197.2963 	EXP 	slider: markerPos = 5
197.2963 	EXP 	stresslevel_text: text = 'Please rate your current stress level. \n\n\n Use your mouse or left and right arrows to move the arrow to your desired rating.'
197.2963 	EXP 	displaystressrating_text: text = ''
197.2963 	EXP 	stresslevel_text: autoDraw = False
197.2963 	EXP 	displaystressrating_text: autoDraw = False
197.2963 	EXP 	Match_text: autoDraw = False
197.2963 	EXP 	syncing_text: autoDraw = False
197.2963 	EXP 	text_0: autoDraw = False
197.2963 	EXP 	Transparent: autoDraw = False
197.2963 	EXP 	Loading_25: autoDraw = False
197.2963 	EXP 	text_25: autoDraw = False
197.2963 	EXP 	Loading_50: autoDraw = False
197.2963 	EXP 	text_50: autoDraw = False
197.2963 	EXP 	Loading_75: autoDraw = False
197.2963 	EXP 	text_75: autoDraw = False
197.2963 	EXP 	Loading_100: autoDraw = False
197.2963 	EXP 	text_100: autoDraw = False
197.2963 	EXP 	Youhavematched: text = 'You have matched with: Alex'
197.2963 	EXP 	partneremoji_image: image = 'Images/cowboyemoji.png'
197.2963 	EXP 	Youhavematched: autoDraw = False
197.2963 	EXP 	partneremoji_image: autoDraw = False
197.2963 	EXP 	PressToContinue: autoDraw = False
197.2963 	EXP 	participantimage_image: image = 'Participant_Images/101/101_Images/101_Image_8.jpg'
197.2963 	EXP 	photobeingshared_text: autoDraw = True
197.2963 	EXP 	waitforfeedback_text: autoDraw = True
197.2963 	EXP 	participantimage_image: autoDraw = True
197.3166 	DATA 	Keypress: space
200.1479 	EXP 	photobeingshared_text: autoDraw = False
200.1479 	EXP 	waitforfeedback_text: autoDraw = False
200.1479 	EXP 	participantimage_image: autoDraw = False
200.1479 	EXP 	waiting_text: autoDraw = True
205.1470 	DATA 	Mouse: Left button down, pos=(731,973)
205.1508 	EXP 	waiting_text: autoDraw = False
205.1508 	EXP 	displayfeedback_text: height = 0.12
205.1508 	EXP 	displayfeedback_text: height = 0.12
205.1508 	EXP 	displayfeedback_text: height = 0.12
205.1508 	EXP 	displayfeedback_text: text = 'Alex did not like your photo'
205.1508 	EXP 	fdbkimage_image: image = 'Images/thumbsdown.png'
205.1508 	EXP 	displayfeedback_text: autoDraw = True
205.1508 	EXP 	fdbkimage_image: autoDraw = True
205.5503 	DATA 	Mouse:  Left button up, pos=(732,973)
205.5872 	DATA 	Keypress: space
206.0775 	DATA 	Keypress: space
206.5465 	DATA 	Keypress: space
207.1340 	DATA 	Keypress: space
208.1381 	EXP 	displayfeedback_text: autoDraw = False
208.1381 	EXP 	fdbkimage_image: autoDraw = False
208.1381 	EXP 	presstosharenextphoto_text: autoDraw = True
226.7852 	DATA 	Mouse: Right button down, pos=(733,975)
226.8437 	DATA 	Mouse:  Right button up, pos=(733,975)
226.9103 	EXP 	Created sequence: random, trialTypes=1, nReps=0, seed=None
226.9130 	DATA 	Keypress: space
226.9262 	EXP 	New trial (rep=0, index=9): OrderedDict([('TrialNumber', 10), ('Partner', 'Alex'), ('Condition', 'Neutral'), ('Photos', 'Participant_Images/101/101_Images/101_Image_7.jpg'), ('Feedback', 'did not like'), ('FeedbackWait', 1.672012706)])
227.0782 	EXP 	presstosharenextphoto_text: autoDraw = False
227.0782 	EXP 	slider: markerPos = 3
227.0782 	EXP 	saliencequestion_text: text = 'How likely are you to share photos with Alex in the future? \n\n Use your left and right arrows to move the arrow to your desired rating.'
227.0782 	EXP 	salienceavatar_image: image = 'Images/cowboyemoji.png'
227.0782 	EXP 	displayrating_text: text = ''
227.0782 	EXP 	saliencequestion_text: autoDraw = False
227.0782 	EXP 	salienceavatar_image: autoDraw = False
227.0782 	EXP 	saliencecontinue_text: autoDraw = False
227.0782 	EXP 	displayrating_text: autoDraw = False
227.0782 	EXP 	slider: markerPos = 5
227.0782 	EXP 	stresslevel_text: text = 'Please rate your current stress level. \n\n\n Use your mouse or left and right arrows to move the arrow to your desired rating.'
227.0782 	EXP 	displaystressrating_text: text = ''
227.0782 	EXP 	stresslevel_text: autoDraw = False
227.0782 	EXP 	displaystressrating_text: autoDraw = False
227.0782 	EXP 	Match_text: autoDraw = False
227.0782 	EXP 	syncing_text: autoDraw = False
227.0782 	EXP 	text_0: autoDraw = False
227.0782 	EXP 	Transparent: autoDraw = False
227.0782 	EXP 	Loading_25: autoDraw = False
227.0782 	EXP 	text_25: autoDraw = False
227.0782 	EXP 	Loading_50: autoDraw = False
227.0782 	EXP 	text_50: autoDraw = False
227.0782 	EXP 	Loading_75: autoDraw = False
227.0782 	EXP 	text_75: autoDraw = False
227.0782 	EXP 	Loading_100: autoDraw = False
227.0782 	EXP 	text_100: autoDraw = False
227.0782 	EXP 	Youhavematched: text = 'You have matched with: Alex'
227.0782 	EXP 	partneremoji_image: image = 'Images/cowboyemoji.png'
227.0782 	EXP 	Youhavematched: autoDraw = False
227.0782 	EXP 	partneremoji_image: autoDraw = False
227.0782 	EXP 	PressToContinue: autoDraw = False
227.0782 	EXP 	participantimage_image: image = 'Participant_Images/101/101_Images/101_Image_7.jpg'
227.0782 	EXP 	photobeingshared_text: autoDraw = True
227.0782 	EXP 	waitforfeedback_text: autoDraw = True
227.0782 	EXP 	participantimage_image: autoDraw = True
229.9459 	EXP 	photobeingshared_text: autoDraw = False
229.9459 	EXP 	waitforfeedback_text: autoDraw = False
229.9459 	EXP 	participantimage_image: autoDraw = False
229.9459 	EXP 	waiting_text: autoDraw = True
234.9380 	EXP 	waiting_text: autoDraw = False
234.9380 	EXP 	waiting_text: autoDraw = False
234.9380 	EXP 	displayfeedback_text: text = 'Alex did not like your photo'
234.9380 	EXP 	fdbkimage_image: image = 'Images/thumbsdown.png'
234.9380 	EXP 	displayfeedback_text: autoDraw = True
234.9380 	EXP 	fdbkimage_image: autoDraw = True
237.9354 	EXP 	Created sequence: random, trialTypes=1, nReps=1, seed=None
237.9358 	EXP 	New trial (rep=0, index=0): None
237.9432 	EXP 	displayfeedback_text: autoDraw = False
237.9432 	EXP 	fdbkimage_image: autoDraw = False
237.9432 	EXP 	presstosharenextphoto_text: autoDraw = False
237.9432 	EXP 	WTP_ins_text1: autoDraw = True
239.7113 	DATA 	Keypress: space
239.7152 	EXP 	WTP_ins_text1: autoDraw = False
239.7152 	EXP 	WTP_ins_text2: autoDraw = True
240.5118 	EXP 	Imported /Users/melanieruiz/Desktop/WTP_SM_Choice/Participant_Images/101/101_WTP.xlsx as conditions, 4 conditions, 9 params
240.5122 	EXP 	Created sequence: sequential, trialTypes=4, nReps=1, seed=None
240.5125 	EXP 	New trial (rep=0, index=0): {'social_left': 0, 'Left_Exp': 'Rearranging furniture in your house', 'Right_Exp': 'Going to a carnival with friends', 'leftmoney': 0.01, 'rightmoney': 0.01, 'greenText': 'green', 'left_more_than_right': 0, 'matching_prices': 1, 'social_worthmore': 1}
240.5240 	DATA 	Keypress: space
240.5267 	EXP 	WTP_ins_text2: autoDraw = False
240.5267 	EXP 	Left_Experience: height = 0.05
240.5267 	EXP 	Left_Experience: height = 0.05
240.5267 	EXP 	Left_Experience: height = 0.05
240.5267 	EXP 	Left_Experience: text = 'Rearranging furniture in your house'
240.5267 	EXP 	Right_Experience: height = 0.05
240.5267 	EXP 	Right_Experience: height = 0.05
240.5267 	EXP 	Right_Experience: height = 0.05
240.5267 	EXP 	Right_Experience: text = 'Going to a carnival with friends'
240.5267 	EXP 	Left_Price: height = 0.05
240.5267 	EXP 	Left_Price: height = 0.05
240.5267 	EXP 	Left_Price: height = 0.05
240.5267 	EXP 	Left_Price: text = 0.01
240.5267 	EXP 	Right_Price: height = 0.05
240.5267 	EXP 	Right_Price: height = 0.05
240.5267 	EXP 	Right_Price: height = 0.05
240.5267 	EXP 	Right_Price: text = 0.01
240.5267 	EXP 	blank: text = ''
240.5267 	EXP 	Left_Experience: autoDraw = True
240.5267 	EXP 	Right_Experience: autoDraw = True
240.5267 	EXP 	Left_Price: autoDraw = True
240.5267 	EXP 	Right_Price: autoDraw = True
240.5267 	EXP 	blank: autoDraw = True
241.3265 	DATA 	Keypress: 1
242.5270 	EXP 	blank: autoDraw = False
247.5971 	DATA 	Keypress: 2
248.0803 	DATA 	Keypress: 1
248.2802 	DATA 	Keypress: 1
248.4719 	DATA 	Keypress: 1
248.6384 	DATA 	Keypress: 1
248.7882 	DATA 	Keypress: 1
248.9551 	DATA 	Keypress: 1
249.1501 	DATA 	Keypress: 1
249.3176 	DATA 	Keypress: 1
249.4909 	DATA 	Keypress: 1
249.6550 	DATA 	Keypress: 1
249.8264 	DATA 	Keypress: 1
249.9927 	DATA 	Keypress: 1
250.2883 	DATA 	Keypress: 1
250.5194 	EXP 	New trial (rep=0, index=1): {'social_left': 0, 'Left_Exp': 'Watching a new episode of a television show', 'Right_Exp': 'Having a picnic with family', 'leftmoney': 0.02, 'rightmoney': 0.01, 'greenText': 'green', 'left_more_than_right': 1, 'matching_prices': 0, 'social_worthmore': 0}
250.5319 	EXP 	Left_Experience: autoDraw = False
250.5319 	EXP 	Right_Experience: autoDraw = False
250.5319 	EXP 	Left_Price: autoDraw = False
250.5319 	EXP 	Right_Price: autoDraw = False
250.5319 	EXP 	Left_Experience: autoDraw = False
250.5319 	EXP 	Right_Experience: autoDraw = False
250.5319 	EXP 	Left_Price: autoDraw = False
250.5319 	EXP 	Right_Price: autoDraw = False
250.5319 	EXP 	blank: autoDraw = False
250.5319 	EXP 	Left_Experience: height = 0.05
250.5319 	EXP 	Left_Experience: height = 0.05
250.5319 	EXP 	Left_Experience: height = 0.05
250.5319 	EXP 	Left_Experience: text = 'Watching a new episode of a television show'
250.5319 	EXP 	Right_Experience: height = 0.05
250.5319 	EXP 	Right_Experience: height = 0.05
250.5319 	EXP 	Right_Experience: height = 0.05
250.5319 	EXP 	Right_Experience: text = 'Having a picnic with family'
250.5319 	EXP 	Left_Price: height = 0.05
250.5319 	EXP 	Left_Price: height = 0.05
250.5319 	EXP 	Left_Price: height = 0.05
250.5319 	EXP 	Left_Price: text = 0.02
250.5319 	EXP 	Right_Price: height = 0.05
250.5319 	EXP 	Right_Price: height = 0.05
250.5319 	EXP 	Right_Price: height = 0.05
250.5319 	EXP 	Right_Price: text = 0.01
250.5319 	EXP 	blank: text = ''
250.5319 	EXP 	Left_Experience: autoDraw = True
250.5319 	EXP 	Right_Experience: autoDraw = True
250.5319 	EXP 	Left_Price: autoDraw = True
250.5319 	EXP 	Right_Price: autoDraw = True
250.5319 	EXP 	blank: autoDraw = True
251.0556 	DATA 	Keypress: 1
252.5269 	EXP 	blank: autoDraw = False
260.5164 	EXP 	New trial (rep=0, index=2): {'social_left': 0, 'Left_Exp': 'Painting your bedroom\na new color', 'Right_Exp': 'Having a romantic dinner with a significant other', 'leftmoney': 0.03, 'rightmoney': 0.01, 'greenText': 'green', 'left_more_than_right': 1, 'matching_prices': 0, 'social_worthmore': 0}
260.5300 	EXP 	Left_Experience: autoDraw = False
260.5300 	EXP 	Right_Experience: autoDraw = False
260.5300 	EXP 	Left_Price: autoDraw = False
260.5300 	EXP 	Right_Price: autoDraw = False
260.5300 	EXP 	Left_Experience: autoDraw = False
260.5300 	EXP 	Right_Experience: autoDraw = False
260.5300 	EXP 	Left_Price: autoDraw = False
260.5300 	EXP 	Right_Price: autoDraw = False
260.5300 	EXP 	blank: autoDraw = False
260.5300 	EXP 	Left_Experience: height = 0.05
260.5300 	EXP 	Left_Experience: height = 0.05
260.5300 	EXP 	Left_Experience: height = 0.05
260.5300 	EXP 	Left_Experience: text = 'Painting your bedroom\na new color'
260.5300 	EXP 	Right_Experience: height = 0.05
260.5300 	EXP 	Right_Experience: height = 0.05
260.5300 	EXP 	Right_Experience: height = 0.05
260.5300 	EXP 	Right_Experience: text = 'Having a romantic dinner with a significant other'
260.5300 	EXP 	Left_Price: height = 0.05
260.5300 	EXP 	Left_Price: height = 0.05
260.5300 	EXP 	Left_Price: height = 0.05
260.5300 	EXP 	Left_Price: text = 0.03
260.5300 	EXP 	Right_Price: height = 0.05
260.5300 	EXP 	Right_Price: height = 0.05
260.5300 	EXP 	Right_Price: height = 0.05
260.5300 	EXP 	Right_Price: text = 0.01
260.5300 	EXP 	blank: text = ''
260.5300 	EXP 	Left_Experience: autoDraw = True
260.5300 	EXP 	Right_Experience: autoDraw = True
260.5300 	EXP 	Left_Price: autoDraw = True
260.5300 	EXP 	Right_Price: autoDraw = True
260.5300 	EXP 	blank: autoDraw = True
261.7376 	DATA 	Keypress: 2
262.5310 	EXP 	blank: autoDraw = False
262.9461 	DATA 	Keypress: escape
263.1791 	EXP 	window1: mouseVisible = True
