1.6175 	WARNING 	We strongly recommend you activate the PTB sound engine in PsychoPy prefs as the preferred audio engine. Its timing is vastly superior. Your prefs are currently set to use ['sounddevice', 'PTB', 'pyo', 'pygame'] (in that order).
7.8888 	WARNING 	User requested fullscreen with size [1440  900], but screen is actually [1512, 982]. Using actual size
9.0687 	WARNING 	Couldn't measure a consistent frame rate!
  - Is your graphics card set to sync to vertical blank?
  - Are you running other processes on your computer?

9.0691 	EXP 	Created window1 = Window(allowGUI=True, allowStencil=False, autoLog=True, backendConf=UNKNOWN, bitsMode=UNKNOWN, blendMode='avg', bpc=(8, 8, 8), color=array([-1., -1., -1.]), colorSpace='rgb', depthBits=8, fullscr=<method-wrapper '__getattribute__' of attributeSetter object at 0x7fd711c14d30>, gamma=None, gammaErrorPolicy='raise', lms=UNKNOWN, monitor=<psychopy.monitors.calibTools.Monitor object at 0x7fd6e4b816a0>, multiSample=False, name='window1', numSamples=2, pos=[378.0, 245.5], screen=0, size=array([3024, 1964]), stencilBits=0, stereo=False, units='norm', useFBO=True, useRetina=True, viewOri=0.0, viewPos=None, viewScale=None, waitBlanking=True, winType='pyglet')
9.0693 	EXP 	window1: mouseVisible = True
9.0694 	EXP 	window1: mouseVisible = True
9.0694 	EXP 	window1: Attempting to measure frame rate of screen (0) ...
9.0694 	EXP 	window1: recordFrameIntervals = False
9.1542 	EXP 	window1: recordFrameIntervals = True
9.7977 	WARNING 	t of last frame was 22.04ms (=1/45)
10.0049 	WARNING 	Couldn't measure a consistent frame rate!
  - Is your graphics card set to sync to vertical blank?
  - Are you running other processes on your computer?

10.4990 	EXP 	Created Welcome = TextStim(__class__=<class 'psychopy.visual.text.TextStim'>, alignHoriz=method-wrapper(...), alignText='center', alignVert=method-wrapper(...), anchorHoriz='center', anchorVert='center', antialias=True, autoDraw=False, autoLog=True, bold=False, color=array([1., 1., 1.]), colorSpace='rgb', contrast=1.0, depth=0.0, flipHoriz=False, flipVert=False, font='Open Sans', fontFiles=[], height=0.08, italic=False, languageStyle='LTR', name='Welcome', opacity=1.0, ori=0.0, pos=array([0., 0.]), rgb=UNKNOWN, text=str(...), units='norm', win=Window(...), wrapWidth=1)
10.5698 	EXP 	Created FirstInstructions = TextStim(__class__=<class 'psychopy.visual.text.TextStim'>, alignHoriz=method-wrapper(...), alignText='center', alignVert=method-wrapper(...), anchorHoriz='center', anchorVert='center', antialias=True, autoDraw=False, autoLog=True, bold=False, color=array([1., 1., 1.]), colorSpace='rgb', contrast=1.0, depth=0.0, flipHoriz=False, flipVert=False, font='Open Sans', fontFiles=[], height=0.08, italic=False, languageStyle='LTR', name='FirstInstructions', opacity=1.0, ori=0.0, pos=array([0., 0.]), rgb=UNKNOWN, text=str(...), units='norm', win=Window(...), wrapWidth=1)
10.6256 	EXP 	Created Match_text = TextStim(__class__=<class 'psychopy.visual.text.TextStim'>, alignHoriz=method-wrapper(...), alignText='center', alignVert=method-wrapper(...), anchorHoriz='center', anchorVert='center', antialias=True, autoDraw=False, autoLog=True, bold=False, color=array([1., 1., 1.]), colorSpace='rgb', contrast=1.0, depth=-1.0, flipHoriz=False, flipVert=False, font='Open Sans', fontFiles=[], height=0.08, italic=False, languageStyle='LTR', name='Match_text', opacity=1.0, ori=0.0, pos=array([0. , 0.3]), rgb=UNKNOWN, text=str(...), units='norm', win=Window(...), wrapWidth=1)
10.6312 	EXP 	Created syncing_text = TextStim(__class__=<class 'psychopy.visual.text.TextStim'>, alignHoriz=method-wrapper(...), alignText='center', alignVert=method-wrapper(...), anchorHoriz='center', anchorVert='center', antialias=True, autoDraw=False, autoLog=True, bold=False, color=array([1., 1., 1.]), colorSpace='rgb', contrast=1.0, depth=-2.0, flipHoriz=False, flipVert=False, font='Open Sans', fontFiles=[], height=0.12, italic=False, languageStyle='LTR', name='syncing_text', opacity=1.0, ori=0.0, pos=array([0. , 0.3]), rgb=UNKNOWN, text='Syncing…', units='norm', win=Window(...), wrapWidth=1)
10.6350 	EXP 	Created text_0 = TextStim(__class__=<class 'psychopy.visual.text.TextStim'>, alignHoriz=method-wrapper(...), alignText='center', alignVert=method-wrapper(...), anchorHoriz='center', anchorVert='center', antialias=True, autoDraw=False, autoLog=True, bold=False, color=array([1., 1., 1.]), colorSpace='rgb', contrast=1.0, depth=-3.0, flipHoriz=False, flipVert=False, font='Open Sans', fontFiles=[], height=0.1, italic=False, languageStyle='LTR', name='text_0', opacity=1.0, ori=0.0, pos=array([ 0. , -0.2]), rgb=UNKNOWN, text='0%', units='norm', win=Window(...), wrapWidth=1)
10.6387 	EXP 	Created Transparent = Rect(__class__=<class 'psychopy.visual.rect.Rect'>, anchor=('center', 'center'), autoDraw=False, autoLog=True, closeShape=True, color=method-wrapper(...), colorSpace='rgb', contrast=None, depth=-4.0, fillColor=array([0., 0., 0.]), fillColorSpace='rgb', fillRGB=array([0., 0., 0.]), interpolate=True, lineColor=array([1., 1., 1.]), lineColorSpace='rgb', lineRGB=array([1, 1, 1]), lineWidth=1.2, name='Transparent', opacity=1.0, ori=0.0, pos=array([0., 0.]), size=array([1. , 0.1]), units='norm', vertices=ndarray(...), win=Window(...))
10.6400 	EXP 	Created Loading_25 = Rect(__class__=<class 'psychopy.visual.rect.Rect'>, anchor=('center', 'center'), autoDraw=False, autoLog=True, closeShape=True, color=method-wrapper(...), colorSpace='rgb', contrast=None, depth=-5.0, fillColor=array([1, 1, 1]), fillColorSpace='rgb', fillRGB=array([1, 1, 1]), interpolate=True, lineColor=array([1., 1., 1.]), lineColorSpace='rgb', lineRGB=array([1, 1, 1]), lineWidth=1.0, name='Loading_25', opacity=1.0, ori=0.0, pos=array([-0.375,  0.   ]), size=array([0.25, 0.1 ]), units='norm', vertices=ndarray(...), win=Window(...))
10.6429 	EXP 	Created text_25 = TextStim(__class__=<class 'psychopy.visual.text.TextStim'>, alignHoriz=method-wrapper(...), alignText='center', alignVert=method-wrapper(...), anchorHoriz='center', anchorVert='center', antialias=True, autoDraw=False, autoLog=True, bold=False, color=array([1., 1., 1.]), colorSpace='rgb', contrast=1.0, depth=-6.0, flipHoriz=False, flipVert=False, font='Open Sans', fontFiles=[], height=0.1, italic=False, languageStyle='LTR', name='text_25', opacity=1.0, ori=0.0, pos=array([ 0. , -0.2]), rgb=UNKNOWN, text='25%', units='norm', win=Window(...), wrapWidth=1)
10.6442 	EXP 	Created Loading_50 = Rect(__class__=<class 'psychopy.visual.rect.Rect'>, anchor=('center', 'center'), autoDraw=False, autoLog=True, closeShape=True, color=method-wrapper(...), colorSpace='rgb', contrast=None, depth=-7.0, fillColor=array([1, 1, 1]), fillColorSpace='rgb', fillRGB=array([1, 1, 1]), interpolate=True, lineColor=array([1., 1., 1.]), lineColorSpace='rgb', lineRGB=array([1, 1, 1]), lineWidth=1.0, name='Loading_50', opacity=1.0, ori=0.0, pos=array([-0.25,  0.  ]), size=array([0.5, 0.1]), units='norm', vertices=ndarray(...), win=Window(...))
10.6463 	EXP 	Created text_50 = TextStim(__class__=<class 'psychopy.visual.text.TextStim'>, alignHoriz=method-wrapper(...), alignText='center', alignVert=method-wrapper(...), anchorHoriz='center', anchorVert='center', antialias=True, autoDraw=False, autoLog=True, bold=False, color=array([1., 1., 1.]), colorSpace='rgb', contrast=1.0, depth=-8.0, flipHoriz=False, flipVert=False, font='Open Sans', fontFiles=[], height=0.1, italic=False, languageStyle='LTR', name='text_50', opacity=1.0, ori=0.0, pos=array([ 0. , -0.2]), rgb=UNKNOWN, text='50%', units='norm', win=Window(...), wrapWidth=1)
10.6476 	EXP 	Created Loading_75 = Rect(__class__=<class 'psychopy.visual.rect.Rect'>, anchor=('center', 'center'), autoDraw=False, autoLog=True, closeShape=True, color=method-wrapper(...), colorSpace='rgb', contrast=None, depth=-9.0, fillColor=array([1, 1, 1]), fillColorSpace='rgb', fillRGB=array([1, 1, 1]), interpolate=True, lineColor=array([1., 1., 1.]), lineColorSpace='rgb', lineRGB=array([1, 1, 1]), lineWidth=1.0, name='Loading_75', opacity=1.0, ori=0.0, pos=array([-0.125,  0.   ]), size=array([0.75, 0.1 ]), units='norm', vertices=ndarray(...), win=Window(...))
10.6500 	EXP 	Created text_75 = TextStim(__class__=<class 'psychopy.visual.text.TextStim'>, alignHoriz=method-wrapper(...), alignText='center', alignVert=method-wrapper(...), anchorHoriz='center', anchorVert='center', antialias=True, autoDraw=False, autoLog=True, bold=False, color=array([1., 1., 1.]), colorSpace='rgb', contrast=1.0, depth=-10.0, flipHoriz=False, flipVert=False, font='Open Sans', fontFiles=[], height=0.1, italic=False, languageStyle='LTR', name='text_75', opacity=1.0, ori=0.0, pos=array([ 0. , -0.2]), rgb=UNKNOWN, text='75%', units='norm', win=Window(...), wrapWidth=1)
10.6513 	EXP 	Created Loading_100 = Rect(__class__=<class 'psychopy.visual.rect.Rect'>, anchor=('center', 'center'), autoDraw=False, autoLog=True, closeShape=True, color=method-wrapper(...), colorSpace='rgb', contrast=None, depth=-11.0, fillColor=array([1, 1, 1]), fillColorSpace='rgb', fillRGB=array([1, 1, 1]), interpolate=True, lineColor=array([1., 1., 1.]), lineColorSpace='rgb', lineRGB=array([1, 1, 1]), lineWidth=1.0, name='Loading_100', opacity=1.0, ori=0.0, pos=array([0., 0.]), size=array([1. , 0.1]), units='norm', vertices=ndarray(...), win=Window(...))
10.6536 	EXP 	Created text_100 = TextStim(__class__=<class 'psychopy.visual.text.TextStim'>, alignHoriz=method-wrapper(...), alignText='center', alignVert=method-wrapper(...), anchorHoriz='center', anchorVert='center', antialias=True, autoDraw=False, autoLog=True, bold=False, color=array([1., 1., 1.]), colorSpace='rgb', contrast=1.0, depth=-12.0, flipHoriz=False, flipVert=False, font='Open Sans', fontFiles=[], height=0.1, italic=False, languageStyle='LTR', name='text_100', opacity=1.0, ori=0.0, pos=array([ 0. , -0.2]), rgb=UNKNOWN, text='100%', units='norm', win=Window(...), wrapWidth=1)
10.6545 	EXP 	Created Youhavematched = TextStim(__class__=<class 'psychopy.visual.text.TextStim'>, alignHoriz=method-wrapper(...), alignText='center', alignVert=method-wrapper(...), anchorHoriz='center', anchorVert='center', antialias=True, autoDraw=False, autoLog=True, bold=False, color=array([1., 1., 1.]), colorSpace='rgb', contrast=1.0, depth=-1.0, flipHoriz=False, flipVert=False, font='Open Sans', fontFiles=[], height=0.08, italic=False, languageStyle='LTR', name='Youhavematched', opacity=1.0, ori=0.0, pos=array([0. , 0.6]), rgb=UNKNOWN, text='', units='norm', win=Window(...), wrapWidth=1)
10.6598 	EXP 	Created partneremoji_image = ImageStim(__class__=<class 'psychopy.visual.image.ImageStim'>, anchor=('center', 'center'), autoLog=True, color=array([1., 1., 1.]), colorSpace='rgb', contrast=1.0, depth=-2.0, flipHoriz=False, flipVert=False, image='sin', interpolate=True, mask=None, maskParams=None, name='partneremoji_image', opacity=1.0, ori=0.0, pos=array([0., 0.]), size=array([0.5 , 0.75]), texRes=128.0, units='norm', win=Window(...))
10.7217 	EXP 	Created PressToContinue = TextStim(__class__=<class 'psychopy.visual.text.TextStim'>, alignHoriz=method-wrapper(...), alignText='center', alignVert=method-wrapper(...), anchorHoriz='center', anchorVert='center', antialias=True, autoDraw=False, autoLog=True, bold=False, color=array([1., 1., 1.]), colorSpace='rgb', contrast=1.0, depth=-4.0, flipHoriz=False, flipVert=False, font='Open Sans', fontFiles=[], height=0.08, italic=False, languageStyle='LTR', name='PressToContinue', opacity=1.0, ori=0.0, pos=array([ 0. , -0.6]), rgb=UNKNOWN, text='Press space to continue.', units='norm', win=Window(...), wrapWidth=1)
10.7285 	EXP 	Created photobeingshared_text = TextStim(__class__=<class 'psychopy.visual.text.TextStim'>, alignHoriz=method-wrapper(...), alignText='center', alignVert=method-wrapper(...), anchorHoriz='center', anchorVert='center', antialias=True, autoDraw=False, autoLog=True, bold=False, color=array([1., 1., 1.]), colorSpace='rgb', contrast=1.0, depth=0.0, flipHoriz=False, flipVert=False, font='Open Sans', fontFiles=[], height=0.09, italic=False, languageStyle='LTR', name='photobeingshared_text', opacity=1.0, ori=0.0, pos=array([0. , 0.6]), rgb=UNKNOWN, text='This photo is now being shared', units='norm', win=Window(...), wrapWidth=1)
10.7350 	EXP 	Created waitforfeedback_text = TextStim(__class__=<class 'psychopy.visual.text.TextStim'>, alignHoriz=method-wrapper(...), alignText='center', alignVert=method-wrapper(...), anchorHoriz='center', anchorVert='center', antialias=True, autoDraw=False, autoLog=True, bold=False, color=array([1., 1., 1.]), colorSpace='rgb', contrast=1.0, depth=-1.0, flipHoriz=False, flipVert=False, font='Open Sans', fontFiles=[], height=0.09, italic=False, languageStyle='LTR', name='waitforfeedback_text', opacity=1.0, ori=0.0, pos=array([ 0. , -0.6]), rgb=UNKNOWN, text='Please wait for feedback.', units='norm', win=Window(...), wrapWidth=1)
10.7392 	EXP 	Created participantimage_image = ImageStim(__class__=<class 'psychopy.visual.image.ImageStim'>, anchor=('center', 'center'), autoLog=True, color=array([1., 1., 1.]), colorSpace='rgb', contrast=1.0, depth=-3.0, flipHoriz=False, flipVert=False, image='sin', interpolate=True, mask=None, maskParams=None, name='participantimage_image', opacity=1.0, ori=0.0, pos=array([0., 0.]), size=array([0.5 , 0.75]), texRes=128.0, units='norm', win=Window(...))
10.7447 	EXP 	Created waiting_text = TextStim(__class__=<class 'psychopy.visual.text.TextStim'>, alignHoriz=method-wrapper(...), alignText='center', alignVert=method-wrapper(...), anchorHoriz='center', anchorVert='center', antialias=True, autoDraw=False, autoLog=True, bold=False, color=array([1., 1., 1.]), colorSpace='rgb', contrast=1.0, depth=0.0, flipHoriz=False, flipVert=False, font='Open Sans', fontFiles=[], height=0.15, italic=False, languageStyle='LTR', name='waiting_text', opacity=1.0, ori=0.0, pos=array([0., 0.]), rgb=UNKNOWN, text='Waiting…', units='norm', win=Window(...), wrapWidth=1)
10.7457 	EXP 	Created displayfeedback_text = TextStim(__class__=<class 'psychopy.visual.text.TextStim'>, alignHoriz=method-wrapper(...), alignText='center', alignVert=method-wrapper(...), anchorHoriz='center', anchorVert='center', antialias=True, autoDraw=False, autoLog=True, bold=False, color=array([1., 1., 1.]), colorSpace='rgb', contrast=1.0, depth=0.0, flipHoriz=False, flipVert=False, font='Open Sans', fontFiles=[], height=0.12, italic=False, languageStyle='LTR', name='displayfeedback_text', opacity=1.0, ori=0.0, pos=array([0.  , 0.75]), rgb=UNKNOWN, text='', units='norm', win=Window(...), wrapWidth=1)
10.7495 	EXP 	Created fdbkimage_image = ImageStim(__class__=<class 'psychopy.visual.image.ImageStim'>, anchor=('center', 'center'), autoLog=True, color=array([1., 1., 1.]), colorSpace='rgb', contrast=1.0, depth=-1.0, flipHoriz=False, flipVert=False, image='sin', interpolate=True, mask=None, maskParams=None, name='fdbkimage_image', opacity=1.0, ori=0.0, pos=array([0., 0.]), size=array([0.75, 1.25]), texRes=128.0, units='norm', win=Window(...))
10.7544 	EXP 	Created presstosharenextphoto_text = TextStim(__class__=<class 'psychopy.visual.text.TextStim'>, alignHoriz=method-wrapper(...), alignText='center', alignVert=method-wrapper(...), anchorHoriz='center', anchorVert='center', antialias=True, autoDraw=False, autoLog=True, bold=False, color=array([1., 1., 1.]), colorSpace='rgb', contrast=1.0, depth=0.0, flipHoriz=False, flipVert=False, font='Open Sans', fontFiles=[], height=0.09, italic=False, languageStyle='LTR', name='presstosharenextphoto_text', opacity=1.0, ori=0.0, pos=array([0., 0.]), rgb=UNKNOWN, text='Press space to share your next photo.', units='norm', win=Window(...), wrapWidth=1)
10.8268 	EXP 	Created WTP_ins_text1 = TextStim(__class__=<class 'psychopy.visual.text.TextStim'>, alignHoriz=method-wrapper(...), alignText='center', alignVert=method-wrapper(...), anchorHoriz='center', anchorVert='center', antialias=True, autoDraw=False, autoLog=True, bold=False, color=array([1., 1., 1.]), colorSpace='rgb', contrast=1.0, depth=0.0, flipHoriz=False, flipVert=False, font='Open Sans', fontFiles=[], height=0.07, italic=False, languageStyle='LTR', name='WTP_ins_text1', opacity=1.0, ori=0.0, pos=array([0. , 0.3]), rgb=UNKNOWN, text=str(...), units='norm', win=Window(...), wrapWidth=1)
10.8985 	EXP 	Created WTP_ins_text2 = TextStim(__class__=<class 'psychopy.visual.text.TextStim'>, alignHoriz=method-wrapper(...), alignText='center', alignVert=method-wrapper(...), anchorHoriz='center', anchorVert='center', antialias=True, autoDraw=False, autoLog=True, bold=False, color=array([1., 1., 1.]), colorSpace='rgb', contrast=1.0, depth=0.0, flipHoriz=False, flipVert=False, font='Open Sans', fontFiles=[], height=0.05, italic=False, languageStyle='LTR', name='WTP_ins_text2', opacity=1.0, ori=0.0, pos=array([0., 0.]), rgb=UNKNOWN, text=str(...), units='norm', win=Window(...), wrapWidth=1)
10.9511 	EXP 	Created Left_Experience = TextStim(__class__=<class 'psychopy.visual.text.TextStim'>, alignHoriz=method-wrapper(...), alignText='center', alignVert=method-wrapper(...), anchorHoriz='center', anchorVert='center', antialias=True, autoDraw=False, autoLog=True, bold=False, color=array([1., 1., 1.]), colorSpace='rgb', contrast=1.0, depth=0.0, flipHoriz=False, flipVert=False, font='Open Sans', fontFiles=[], height=0.05, italic=False, languageStyle='LTR', name='Left_Experience', opacity=1.0, ori=0.0, pos=array([0., 0.]), rgb=UNKNOWN, text='', units='norm', win=Window(...), wrapWidth=1)
10.9520 	EXP 	Created Right_Experience = TextStim(__class__=<class 'psychopy.visual.text.TextStim'>, alignHoriz=method-wrapper(...), alignText='center', alignVert=method-wrapper(...), anchorHoriz='center', anchorVert='center', antialias=True, autoDraw=False, autoLog=True, bold=False, color=array([1., 1., 1.]), colorSpace='rgb', contrast=1.0, depth=-1.0, flipHoriz=False, flipVert=False, font='Open Sans', fontFiles=[], height=0.05, italic=False, languageStyle='LTR', name='Right_Experience', opacity=1.0, ori=0.0, pos=array([0., 0.]), rgb=UNKNOWN, text='', units='norm', win=Window(...), wrapWidth=1)
10.9528 	EXP 	Created Left_Price = TextStim(__class__=<class 'psychopy.visual.text.TextStim'>, alignHoriz=method-wrapper(...), alignText='center', alignVert=method-wrapper(...), anchorHoriz='center', anchorVert='center', antialias=True, autoDraw=False, autoLog=True, bold=False, color=array([1., 1., 1.]), colorSpace='rgb', contrast=1.0, depth=-2.0, flipHoriz=False, flipVert=False, font='Open Sans', fontFiles=[], height=0.05, italic=False, languageStyle='LTR', name='Left_Price', opacity=1.0, ori=0.0, pos=array([0., 0.]), rgb=UNKNOWN, text='', units='norm', win=Window(...), wrapWidth=1)
10.9537 	EXP 	Created Right_Price = TextStim(__class__=<class 'psychopy.visual.text.TextStim'>, alignHoriz=method-wrapper(...), alignText='center', alignVert=method-wrapper(...), anchorHoriz='center', anchorVert='center', antialias=True, autoDraw=False, autoLog=True, bold=False, color=array([1., 1., 1.]), colorSpace='rgb', contrast=1.0, depth=-3.0, flipHoriz=False, flipVert=False, font='Open Sans', fontFiles=[], height=0.05, italic=False, languageStyle='LTR', name='Right_Price', opacity=1.0, ori=0.0, pos=array([0., 0.]), rgb=UNKNOWN, text='', units='norm', win=Window(...), wrapWidth=1)
11.0570 	EXP 	Created Resume_Text = TextStim(__class__=<class 'psychopy.visual.text.TextStim'>, alignHoriz=method-wrapper(...), alignText='center', alignVert=method-wrapper(...), anchorHoriz='center', anchorVert='center', antialias=True, autoDraw=False, autoLog=True, bold=False, color=array([1., 1., 1.]), colorSpace='rgb', contrast=1.0, depth=-2.0, flipHoriz=False, flipVert=False, font='Open Sans', fontFiles=[], height=0.12, italic=False, languageStyle='LTR', name='Resume_Text', opacity=1.0, ori=0.0, pos=array([0., 0.]), rgb=UNKNOWN, text='', units='norm', win=Window(...), wrapWidth=1)
11.0731 	EXP 	window1: mouseVisible = True
11.1419 	EXP 	Created slider = Slider(__class__=<class 'psychopy.visual.slider.Slider'>, autoDraw=False, autoLog=True, borderColor=None, color=None, colorSpace='rgb', depth=-5, fillColor=None, flip=False, font='Open Sans', granularity=0.0, labelColor=None, labelHeight=0.05, labelWrapWidth=None, labels=(1, 2, 3, 4, 5), lineColor=None, markerColor=None, name='slider', opacity=None, ori=0.0, pos=array([ 0. , -0.4]), readOnly=False, self=UNKNOWN, size=array([1. , 0.1]), startValue=999, style='rating', styleTweaks=['labels45', 'triangleMarker'], ticks=array([1, 2, 3, 4, 5]), units='norm', win=Window(...))
11.1431 	EXP 	Created saliencequestion_text = TextStim(__class__=<class 'psychopy.visual.text.TextStim'>, alignHoriz=method-wrapper(...), alignText='center', alignVert=method-wrapper(...), anchorHoriz='center', anchorVert='center', antialias=True, autoDraw=False, autoLog=True, bold=False, color=array([1., 1., 1.]), colorSpace='rgb', contrast=1.0, depth=-1.0, flipHoriz=False, flipVert=False, font='Open Sans', fontFiles=[], height=0.06, italic=False, languageStyle='LTR', name='saliencequestion_text', opacity=1.0, ori=0.0, pos=array([0. , 0.6]), rgb=UNKNOWN, text='', units='norm', win=Window(...), wrapWidth=1)
11.2006 	EXP 	Created salienceavatar_image = ImageStim(__class__=<class 'psychopy.visual.image.ImageStim'>, anchor=('center', 'center'), autoLog=True, color=array([1., 1., 1.]), colorSpace='rgb', contrast=1.0, depth=-3.0, flipHoriz=False, flipVert=False, image='sin', interpolate=True, mask=None, maskParams=None, name='salienceavatar_image', opacity=1.0, ori=0.0, pos=array([0., 0.]), size=array([0.3 , 0.55]), texRes=128.0, units='norm', win=Window(...))
11.2082 	EXP 	Created saliencecontinue_text = TextStim(__class__=<class 'psychopy.visual.text.TextStim'>, alignHoriz=method-wrapper(...), alignText='center', alignVert=method-wrapper(...), anchorHoriz='center', anchorVert='center', antialias=True, autoDraw=False, autoLog=True, bold=False, color=array([1., 1., 1.]), colorSpace='rgb', contrast=1.0, depth=-4.0, flipHoriz=False, flipVert=False, font='Open Sans', fontFiles=[], height=0.07, italic=False, languageStyle='LTR', name='saliencecontinue_text', opacity=1.0, ori=0.0, pos=array([ 0. , -0.8]), rgb=UNKNOWN, text='Press space to enter rating and continue.', units='norm', win=Window(...), wrapWidth=1)
11.2093 	EXP 	Created displayrating_text = TextStim(__class__=<class 'psychopy.visual.text.TextStim'>, alignHoriz=method-wrapper(...), alignText='center', alignVert=method-wrapper(...), anchorHoriz='center', anchorVert='center', antialias=True, autoDraw=False, autoLog=True, bold=False, color=array([1., 1., 1.]), colorSpace='rgb', contrast=1.0, depth=-5.0, flipHoriz=False, flipVert=False, font='Open Sans', fontFiles=[], height=0.065, italic=False, languageStyle='LTR', name='displayrating_text', opacity=1.0, ori=0.0, pos=array([ 0.  , -0.65]), rgb=UNKNOWN, text='', units='norm', win=Window(...), wrapWidth=1)
11.2138 	EXP 	window1: mouseVisible = True
11.2976 	EXP 	Created slider = Slider(__class__=<class 'psychopy.visual.slider.Slider'>, autoDraw=False, autoLog=True, borderColor=None, color=None, colorSpace='rgb', depth=-5, fillColor=None, flip=False, font='Open Sans', granularity=0.0, labelColor=None, labelHeight=0.05, labelWrapWidth=None, labels=(1, 2, 3, 4, 5, 6, 7, 8, 9), lineColor=None, markerColor=None, name='slider', opacity=None, ori=0.0, pos=array([ 0. , -0.4]), readOnly=False, self=UNKNOWN, size=array([1. , 0.1]), startValue=999, style='rating', styleTweaks=['labels45', 'triangleMarker'], ticks=array([1, 2, 3, 4, 5, 6, 7, 8, 9]), units='norm', win=Window(...))
11.2985 	EXP 	Created stresslevel_text = TextStim(__class__=<class 'psychopy.visual.text.TextStim'>, alignHoriz=method-wrapper(...), alignText='center', alignVert=method-wrapper(...), anchorHoriz='center', anchorVert='center', antialias=True, autoDraw=False, autoLog=True, bold=False, color=array([1., 1., 1.]), colorSpace='rgb', contrast=1.0, depth=-1.0, flipHoriz=False, flipVert=False, font='Open Sans', fontFiles=[], height=0.08, italic=False, languageStyle='LTR', name='stresslevel_text', opacity=1.0, ori=0.0, pos=array([0. , 0.3]), rgb=UNKNOWN, text='', units='norm', win=Window(...), wrapWidth=1)
11.3521 	EXP 	Created displaystressrating_text = TextStim(__class__=<class 'psychopy.visual.text.TextStim'>, alignHoriz=method-wrapper(...), alignText='center', alignVert=method-wrapper(...), anchorHoriz='center', anchorVert='center', antialias=True, autoDraw=False, autoLog=True, bold=False, color=array([1., 1., 1.]), colorSpace='rgb', contrast=1.0, depth=-3.0, flipHoriz=False, flipVert=False, font='Open Sans', fontFiles=[], height=0.08, italic=False, languageStyle='LTR', name='displaystressrating_text', opacity=1.0, ori=0.0, pos=array([ 0.  , -0.65]), rgb=UNKNOWN, text='', units='norm', win=Window(...), wrapWidth=1)
11.3614 	WARNING 	t of last frame was 1356.75ms (=1/0)
11.3614 	EXP 	slider: autoLog = True
11.3614 	EXP 	slider: markerPos = 999
11.3614 	EXP 	slider: styleTweaks = []
11.3614 	EXP 	slider: styleTweaks = []
11.3614 	EXP 	slider: styleTweaks = ['labels45', 'triangleMarker']
11.3614 	EXP 	slider: styleTweaks = ['labels45', 'triangleMarker']
11.3614 	EXP 	slider: contrast = 1.0
11.3614 	EXP 	slider: autoLog = True
11.3614 	EXP 	slider: autoLog = True
11.3614 	EXP 	slider: markerPos = 999
11.3614 	EXP 	slider: styleTweaks = []
11.3614 	EXP 	slider: styleTweaks = []
11.3614 	EXP 	slider: styleTweaks = ['labels45', 'triangleMarker']
11.3614 	EXP 	slider: styleTweaks = ['labels45', 'triangleMarker']
11.3614 	EXP 	slider: contrast = 1.0
11.3614 	EXP 	slider: autoLog = True
11.3614 	EXP 	Welcome: autoDraw = True
12.0477 	DATA 	Keypress: space
12.0532 	EXP 	Welcome: autoDraw = False
12.0532 	EXP 	FirstInstructions: autoDraw = True
12.1524 	WARNING 	t of last frame was 25.56ms (=1/39)
12.3020 	WARNING 	t of last frame was 24.81ms (=1/40)
12.4263 	EXP 	Imported /Users/melanieruiz/Desktop/WTP_SM_Choice/Participant_Images/101/101_trials.csv as conditions, 150 conditions, 6 params
12.4272 	EXP 	Created sequence: sequential, trialTypes=150, nReps=1, seed=None
12.4275 	EXP 	New trial (rep=0, index=0): OrderedDict([('TrialNumber', 1), ('Partner', 'Alex'), ('Condition', 'Neutral'), ('Photos', 'Participant_Images/101/101_Images/101_Image_24.jpg'), ('Feedback', 'did not like'), ('FeedbackWait', 3.613205605)])
12.4356 	DATA 	Keypress: space
12.4382 	WARNING 	Multiple dropped frames have occurred - I'll stop bothering you about them!
12.4382 	EXP 	FirstInstructions: autoDraw = False
12.4382 	EXP 	Match_text: autoDraw = True
12.7047 	DATA 	Keypress: space
12.8870 	DATA 	Keypress: space
15.4286 	EXP 	syncing_text: autoDraw = True
15.4286 	EXP 	text_0: autoDraw = True
15.4286 	EXP 	Transparent: autoDraw = True
15.4329 	EXP 	Match_text: autoDraw = False
16.6790 	EXP 	text_0: autoDraw = False
16.6790 	EXP 	Loading_25: autoDraw = True
16.6790 	EXP 	text_25: autoDraw = True
17.9242 	EXP 	Loading_25: autoDraw = False
17.9242 	EXP 	text_25: autoDraw = False
17.9242 	EXP 	Loading_50: autoDraw = True
17.9242 	EXP 	text_50: autoDraw = True
19.1742 	EXP 	Loading_50: autoDraw = False
19.1742 	EXP 	text_50: autoDraw = False
19.1742 	EXP 	Loading_75: autoDraw = True
19.1742 	EXP 	text_75: autoDraw = True
20.4111 	EXP 	Loading_75: autoDraw = False
20.4111 	EXP 	text_75: autoDraw = False
20.4251 	EXP 	Loading_100: autoDraw = True
20.4251 	EXP 	text_100: autoDraw = True
21.6918 	EXP 	syncing_text: autoDraw = False
21.6918 	EXP 	Transparent: autoDraw = False
21.6918 	EXP 	Loading_100: autoDraw = False
21.6918 	EXP 	text_100: autoDraw = False
21.6918 	EXP 	Match_text: autoDraw = False
21.6918 	EXP 	syncing_text: autoDraw = False
21.6918 	EXP 	text_0: autoDraw = False
21.6918 	EXP 	Transparent: autoDraw = False
21.6918 	EXP 	Loading_25: autoDraw = False
21.6918 	EXP 	text_25: autoDraw = False
21.6918 	EXP 	Loading_50: autoDraw = False
21.6918 	EXP 	text_50: autoDraw = False
21.6918 	EXP 	Loading_75: autoDraw = False
21.6918 	EXP 	text_75: autoDraw = False
21.6918 	EXP 	Loading_100: autoDraw = False
21.6918 	EXP 	text_100: autoDraw = False
21.6918 	EXP 	Youhavematched: height = 0.08
21.6918 	EXP 	Youhavematched: height = 0.08
21.6918 	EXP 	Youhavematched: height = 0.08
21.6918 	EXP 	Youhavematched: text = 'You have matched with: Alex'
21.6918 	EXP 	partneremoji_image: image = 'Images/cowboyemoji.png'
21.6918 	EXP 	Youhavematched: autoDraw = True
21.6918 	EXP 	partneremoji_image: autoDraw = True
21.6918 	EXP 	PressToContinue: autoDraw = True
22.6485 	DATA 	Keypress: space
22.6523 	EXP 	Youhavematched: autoDraw = False
22.6523 	EXP 	partneremoji_image: autoDraw = False
22.6523 	EXP 	PressToContinue: autoDraw = False
22.6523 	EXP 	participantimage_image: image = 'Participant_Images/101/101_Images/101_Image_24.jpg'
22.6523 	EXP 	photobeingshared_text: autoDraw = True
22.6523 	EXP 	waitforfeedback_text: autoDraw = True
22.6523 	EXP 	participantimage_image: autoDraw = True
25.4165 	EXP 	photobeingshared_text: autoDraw = False
25.4165 	EXP 	waitforfeedback_text: autoDraw = False
25.4165 	EXP 	participantimage_image: autoDraw = False
25.4165 	EXP 	waiting_text: autoDraw = True
30.4225 	EXP 	waiting_text: autoDraw = False
30.4225 	EXP 	waiting_text: autoDraw = False
30.4225 	EXP 	displayfeedback_text: height = 0.12
30.4225 	EXP 	displayfeedback_text: height = 0.12
30.4225 	EXP 	displayfeedback_text: height = 0.12
30.4225 	EXP 	displayfeedback_text: text = 'Alex did not like your photo'
30.4225 	EXP 	fdbkimage_image: image = 'Images/thumbsdown.png'
30.4225 	EXP 	displayfeedback_text: autoDraw = True
30.4225 	EXP 	fdbkimage_image: autoDraw = True
33.4169 	EXP 	displayfeedback_text: autoDraw = False
33.4169 	EXP 	fdbkimage_image: autoDraw = False
33.4169 	EXP 	presstosharenextphoto_text: autoDraw = True
34.2997 	EXP 	Created sequence: random, trialTypes=1, nReps=0, seed=None
34.3016 	DATA 	Keypress: space
34.3327 	EXP 	New trial (rep=0, index=1): OrderedDict([('TrialNumber', 2), ('Partner', 'Alex'), ('Condition', 'Neutral'), ('Photos', 'Participant_Images/101/101_Images/101_Image_9.jpg'), ('Feedback', 'did not like'), ('FeedbackWait', 4.988446431)])
34.4930 	EXP 	presstosharenextphoto_text: autoDraw = False
34.4930 	EXP 	slider: markerPos = 3
34.4930 	EXP 	saliencequestion_text: height = 0.06
34.4930 	EXP 	saliencequestion_text: height = 0.06
34.4930 	EXP 	saliencequestion_text: height = 0.06
34.4930 	EXP 	saliencequestion_text: text = 'How likely are you to share photos with Alex in the future? \n\n Use your left and right arrows to move the arrow to your desired rating.'
34.4930 	EXP 	salienceavatar_image: image = 'Images/cowboyemoji.png'
34.4930 	EXP 	displayrating_text: text = ''
34.4930 	EXP 	saliencequestion_text: autoDraw = False
34.4930 	EXP 	salienceavatar_image: autoDraw = False
34.4930 	EXP 	saliencecontinue_text: autoDraw = False
34.4930 	EXP 	displayrating_text: autoDraw = False
34.4930 	EXP 	slider: markerPos = 5
34.4930 	EXP 	stresslevel_text: height = 0.08
34.4930 	EXP 	stresslevel_text: height = 0.08
34.4930 	EXP 	stresslevel_text: height = 0.08
34.4930 	EXP 	stresslevel_text: text = 'Please rate your current stress level. \n\n\n Use your mouse or left and right arrows to move the arrow to your desired rating.'
34.4930 	EXP 	displaystressrating_text: text = ''
34.4930 	EXP 	stresslevel_text: autoDraw = False
34.4930 	EXP 	displaystressrating_text: autoDraw = False
34.4930 	EXP 	Match_text: autoDraw = False
34.4930 	EXP 	syncing_text: autoDraw = False
34.4930 	EXP 	text_0: autoDraw = False
34.4930 	EXP 	Transparent: autoDraw = False
34.4930 	EXP 	Loading_25: autoDraw = False
34.4930 	EXP 	text_25: autoDraw = False
34.4930 	EXP 	Loading_50: autoDraw = False
34.4930 	EXP 	text_50: autoDraw = False
34.4930 	EXP 	Loading_75: autoDraw = False
34.4930 	EXP 	text_75: autoDraw = False
34.4930 	EXP 	Loading_100: autoDraw = False
34.4930 	EXP 	text_100: autoDraw = False
34.4930 	EXP 	Youhavematched: text = 'You have matched with: Alex'
34.4930 	EXP 	partneremoji_image: image = 'Images/cowboyemoji.png'
34.4930 	EXP 	Youhavematched: autoDraw = False
34.4930 	EXP 	partneremoji_image: autoDraw = False
34.4930 	EXP 	PressToContinue: autoDraw = False
34.4930 	EXP 	participantimage_image: image = 'Participant_Images/101/101_Images/101_Image_9.jpg'
34.4930 	EXP 	photobeingshared_text: autoDraw = True
34.4930 	EXP 	waitforfeedback_text: autoDraw = True
34.4930 	EXP 	participantimage_image: autoDraw = True
37.3530 	EXP 	photobeingshared_text: autoDraw = False
37.3530 	EXP 	waitforfeedback_text: autoDraw = False
37.3530 	EXP 	participantimage_image: autoDraw = False
37.3530 	EXP 	waiting_text: autoDraw = True
42.3589 	EXP 	waiting_text: autoDraw = False
42.3589 	EXP 	displayfeedback_text: text = 'Alex did not like your photo'
42.3589 	EXP 	fdbkimage_image: image = 'Images/thumbsdown.png'
42.3589 	EXP 	displayfeedback_text: autoDraw = True
42.3589 	EXP 	fdbkimage_image: autoDraw = True
45.3453 	EXP 	displayfeedback_text: autoDraw = False
45.3453 	EXP 	fdbkimage_image: autoDraw = False
45.3453 	EXP 	presstosharenextphoto_text: autoDraw = True
45.9179 	EXP 	Created sequence: random, trialTypes=1, nReps=0, seed=None
45.9193 	DATA 	Keypress: space
45.9319 	EXP 	New trial (rep=0, index=2): OrderedDict([('TrialNumber', 3), ('Partner', 'Alex'), ('Condition', 'Neutral'), ('Photos', 'Participant_Images/101/101_Images/101_Image_4.jpg'), ('Feedback', 'liked'), ('FeedbackWait', 3.470791822)])
46.1080 	EXP 	presstosharenextphoto_text: autoDraw = False
46.1080 	EXP 	slider: markerPos = 3
46.1080 	EXP 	saliencequestion_text: text = 'How likely are you to share photos with Alex in the future? \n\n Use your left and right arrows to move the arrow to your desired rating.'
46.1080 	EXP 	salienceavatar_image: image = 'Images/cowboyemoji.png'
46.1080 	EXP 	displayrating_text: text = ''
46.1080 	EXP 	saliencequestion_text: autoDraw = False
46.1080 	EXP 	salienceavatar_image: autoDraw = False
46.1080 	EXP 	saliencecontinue_text: autoDraw = False
46.1080 	EXP 	displayrating_text: autoDraw = False
46.1080 	EXP 	slider: markerPos = 5
46.1080 	EXP 	stresslevel_text: text = 'Please rate your current stress level. \n\n\n Use your mouse or left and right arrows to move the arrow to your desired rating.'
46.1080 	EXP 	displaystressrating_text: text = ''
46.1080 	EXP 	stresslevel_text: autoDraw = False
46.1080 	EXP 	displaystressrating_text: autoDraw = False
46.1080 	EXP 	Match_text: autoDraw = False
46.1080 	EXP 	syncing_text: autoDraw = False
46.1080 	EXP 	text_0: autoDraw = False
46.1080 	EXP 	Transparent: autoDraw = False
46.1080 	EXP 	Loading_25: autoDraw = False
46.1080 	EXP 	text_25: autoDraw = False
46.1080 	EXP 	Loading_50: autoDraw = False
46.1080 	EXP 	text_50: autoDraw = False
46.1080 	EXP 	Loading_75: autoDraw = False
46.1080 	EXP 	text_75: autoDraw = False
46.1080 	EXP 	Loading_100: autoDraw = False
46.1080 	EXP 	text_100: autoDraw = False
46.1080 	EXP 	Youhavematched: text = 'You have matched with: Alex'
46.1080 	EXP 	partneremoji_image: image = 'Images/cowboyemoji.png'
46.1080 	EXP 	Youhavematched: autoDraw = False
46.1080 	EXP 	partneremoji_image: autoDraw = False
46.1080 	EXP 	PressToContinue: autoDraw = False
46.1080 	EXP 	participantimage_image: image = 'Participant_Images/101/101_Images/101_Image_4.jpg'
46.1080 	EXP 	photobeingshared_text: autoDraw = True
46.1080 	EXP 	waitforfeedback_text: autoDraw = True
46.1080 	EXP 	participantimage_image: autoDraw = True
48.9573 	EXP 	photobeingshared_text: autoDraw = False
48.9573 	EXP 	waitforfeedback_text: autoDraw = False
48.9573 	EXP 	participantimage_image: autoDraw = False
48.9573 	EXP 	waiting_text: autoDraw = True
53.9649 	EXP 	waiting_text: autoDraw = False
53.9649 	EXP 	displayfeedback_text: height = 0.12
53.9649 	EXP 	displayfeedback_text: height = 0.12
53.9649 	EXP 	displayfeedback_text: height = 0.12
53.9649 	EXP 	displayfeedback_text: text = 'Alex liked your photo'
53.9649 	EXP 	fdbkimage_image: image = 'Images/thumbsup.png'
53.9649 	EXP 	displayfeedback_text: autoDraw = True
53.9649 	EXP 	fdbkimage_image: autoDraw = True
56.9589 	EXP 	displayfeedback_text: autoDraw = False
56.9589 	EXP 	fdbkimage_image: autoDraw = False
56.9589 	EXP 	presstosharenextphoto_text: autoDraw = True
58.2605 	EXP 	Created sequence: random, trialTypes=1, nReps=0, seed=None
58.2628 	DATA 	Keypress: space
58.2712 	EXP 	New trial (rep=0, index=3): OrderedDict([('TrialNumber', 4), ('Partner', 'Alex'), ('Condition', 'Neutral'), ('Photos', 'Participant_Images/101/101_Images/101_Image_1.jpg'), ('Feedback', 'liked'), ('FeedbackWait', 3.820572462)])
58.4091 	EXP 	presstosharenextphoto_text: autoDraw = False
58.4091 	EXP 	slider: markerPos = 3
58.4091 	EXP 	saliencequestion_text: text = 'How likely are you to share photos with Alex in the future? \n\n Use your left and right arrows to move the arrow to your desired rating.'
58.4091 	EXP 	salienceavatar_image: image = 'Images/cowboyemoji.png'
58.4091 	EXP 	displayrating_text: text = ''
58.4091 	EXP 	saliencequestion_text: autoDraw = False
58.4091 	EXP 	salienceavatar_image: autoDraw = False
58.4091 	EXP 	saliencecontinue_text: autoDraw = False
58.4091 	EXP 	displayrating_text: autoDraw = False
58.4091 	EXP 	slider: markerPos = 5
58.4091 	EXP 	stresslevel_text: text = 'Please rate your current stress level. \n\n\n Use your mouse or left and right arrows to move the arrow to your desired rating.'
58.4091 	EXP 	displaystressrating_text: text = ''
58.4091 	EXP 	stresslevel_text: autoDraw = False
58.4091 	EXP 	displaystressrating_text: autoDraw = False
58.4091 	EXP 	Match_text: autoDraw = False
58.4091 	EXP 	syncing_text: autoDraw = False
58.4091 	EXP 	text_0: autoDraw = False
58.4091 	EXP 	Transparent: autoDraw = False
58.4091 	EXP 	Loading_25: autoDraw = False
58.4091 	EXP 	text_25: autoDraw = False
58.4091 	EXP 	Loading_50: autoDraw = False
58.4091 	EXP 	text_50: autoDraw = False
58.4091 	EXP 	Loading_75: autoDraw = False
58.4091 	EXP 	text_75: autoDraw = False
58.4091 	EXP 	Loading_100: autoDraw = False
58.4091 	EXP 	text_100: autoDraw = False
58.4091 	EXP 	Youhavematched: text = 'You have matched with: Alex'
58.4091 	EXP 	partneremoji_image: image = 'Images/cowboyemoji.png'
58.4091 	EXP 	Youhavematched: autoDraw = False
58.4091 	EXP 	partneremoji_image: autoDraw = False
58.4091 	EXP 	PressToContinue: autoDraw = False
58.4091 	EXP 	participantimage_image: image = 'Participant_Images/101/101_Images/101_Image_1.jpg'
58.4091 	EXP 	photobeingshared_text: autoDraw = True
58.4091 	EXP 	waitforfeedback_text: autoDraw = True
58.4091 	EXP 	participantimage_image: autoDraw = True
61.2791 	EXP 	photobeingshared_text: autoDraw = False
61.2791 	EXP 	waitforfeedback_text: autoDraw = False
61.2791 	EXP 	participantimage_image: autoDraw = False
61.2791 	EXP 	waiting_text: autoDraw = True
66.2768 	EXP 	waiting_text: autoDraw = False
66.2768 	EXP 	waiting_text: autoDraw = False
66.2768 	EXP 	displayfeedback_text: text = 'Alex liked your photo'
66.2768 	EXP 	fdbkimage_image: image = 'Images/thumbsup.png'
66.2768 	EXP 	displayfeedback_text: autoDraw = True
66.2768 	EXP 	fdbkimage_image: autoDraw = True
66.6275 	DATA 	Keypress: space
67.0477 	DATA 	Keypress: space
69.2792 	EXP 	displayfeedback_text: autoDraw = False
69.2792 	EXP 	fdbkimage_image: autoDraw = False
69.2792 	EXP 	displayfeedback_text: autoDraw = False
69.2792 	EXP 	fdbkimage_image: autoDraw = False
69.2792 	EXP 	presstosharenextphoto_text: autoDraw = True
72.0868 	EXP 	Created sequence: random, trialTypes=1, nReps=0, seed=None
72.0879 	DATA 	Keypress: space
72.0985 	EXP 	New trial (rep=0, index=4): OrderedDict([('TrialNumber', 5), ('Partner', 'Alex'), ('Condition', 'Neutral'), ('Photos', 'Participant_Images/101/101_Images/101_Image_3.jpg'), ('Feedback', 'liked'), ('FeedbackWait', 2.455989137)])
72.2683 	EXP 	presstosharenextphoto_text: autoDraw = False
72.2683 	EXP 	slider: markerPos = 3
72.2683 	EXP 	saliencequestion_text: text = 'How likely are you to share photos with Alex in the future? \n\n Use your left and right arrows to move the arrow to your desired rating.'
72.2683 	EXP 	salienceavatar_image: image = 'Images/cowboyemoji.png'
72.2683 	EXP 	displayrating_text: text = ''
72.2683 	EXP 	saliencequestion_text: autoDraw = False
72.2683 	EXP 	salienceavatar_image: autoDraw = False
72.2683 	EXP 	saliencecontinue_text: autoDraw = False
72.2683 	EXP 	displayrating_text: autoDraw = False
72.2683 	EXP 	slider: markerPos = 5
72.2683 	EXP 	stresslevel_text: text = 'Please rate your current stress level. \n\n\n Use your mouse or left and right arrows to move the arrow to your desired rating.'
72.2683 	EXP 	displaystressrating_text: text = ''
72.2683 	EXP 	stresslevel_text: autoDraw = False
72.2683 	EXP 	displaystressrating_text: autoDraw = False
72.2683 	EXP 	Match_text: autoDraw = False
72.2683 	EXP 	syncing_text: autoDraw = False
72.2683 	EXP 	text_0: autoDraw = False
72.2683 	EXP 	Transparent: autoDraw = False
72.2683 	EXP 	Loading_25: autoDraw = False
72.2683 	EXP 	text_25: autoDraw = False
72.2683 	EXP 	Loading_50: autoDraw = False
72.2683 	EXP 	text_50: autoDraw = False
72.2683 	EXP 	Loading_75: autoDraw = False
72.2683 	EXP 	text_75: autoDraw = False
72.2683 	EXP 	Loading_100: autoDraw = False
72.2683 	EXP 	text_100: autoDraw = False
72.2683 	EXP 	Youhavematched: text = 'You have matched with: Alex'
72.2683 	EXP 	partneremoji_image: image = 'Images/cowboyemoji.png'
72.2683 	EXP 	Youhavematched: autoDraw = False
72.2683 	EXP 	partneremoji_image: autoDraw = False
72.2683 	EXP 	PressToContinue: autoDraw = False
72.2683 	EXP 	participantimage_image: image = 'Participant_Images/101/101_Images/101_Image_3.jpg'
72.2683 	EXP 	photobeingshared_text: autoDraw = True
72.2683 	EXP 	waitforfeedback_text: autoDraw = True
72.2683 	EXP 	participantimage_image: autoDraw = True
75.1123 	EXP 	photobeingshared_text: autoDraw = False
75.1123 	EXP 	waitforfeedback_text: autoDraw = False
75.1123 	EXP 	participantimage_image: autoDraw = False
75.1123 	EXP 	waiting_text: autoDraw = True
80.1080 	EXP 	waiting_text: autoDraw = False
80.1080 	EXP 	waiting_text: autoDraw = False
80.1080 	EXP 	displayfeedback_text: text = 'Alex liked your photo'
80.1080 	EXP 	fdbkimage_image: image = 'Images/thumbsup.png'
80.1080 	EXP 	displayfeedback_text: autoDraw = True
80.1080 	EXP 	fdbkimage_image: autoDraw = True
83.0935 	EXP 	Created sequence: random, trialTypes=1, nReps=1, seed=None
83.0936 	EXP 	New trial (rep=0, index=0): None
83.1044 	EXP 	displayfeedback_text: autoDraw = False
83.1044 	EXP 	fdbkimage_image: autoDraw = False
83.1044 	EXP 	displayfeedback_text: autoDraw = False
83.1044 	EXP 	fdbkimage_image: autoDraw = False
83.1044 	EXP 	presstosharenextphoto_text: autoDraw = False
83.1044 	EXP 	WTP_ins_text1: autoDraw = True
84.9217 	DATA 	Keypress: space
84.9340 	EXP 	WTP_ins_text1: autoDraw = False
84.9340 	EXP 	WTP_ins_text2: autoDraw = True
85.7015 	EXP 	window1: mouseVisible = True
