1.5935 	WARNING 	We strongly recommend you activate the PTB sound engine in PsychoPy prefs as the preferred audio engine. Its timing is vastly superior. Your prefs are currently set to use ['sounddevice', 'PTB', 'pyo', 'pygame'] (in that order).
7.7123 	WARNING 	User requested fullscreen with size [1440  900], but screen is actually [1512, 982]. Using actual size
8.6198 	EXP 	Created window1 = Window(allowGUI=True, allowStencil=False, autoLog=True, backendConf=UNKNOWN, bitsMode=UNKNOWN, blendMode='avg', bpc=(8, 8, 8), color=array([-1., -1., -1.]), colorSpace='rgb', depthBits=8, fullscr=<method-wrapper '__getattribute__' of attributeSetter object at 0x7fb9014d7d60>, gamma=None, gammaErrorPolicy='raise', lms=UNKNOWN, monitor=<psychopy.monitors.calibTools.Monitor object at 0x7fb8a009b520>, multiSample=False, name='window1', numSamples=2, pos=[378.0, 245.5], screen=0, size=array([3024, 1964]), stencilBits=0, stereo=False, units='norm', useFBO=True, useRetina=True, viewOri=0.0, viewPos=None, viewScale=None, waitBlanking=True, winType='pyglet')
8.6204 	EXP 	window1: mouseVisible = True
8.6205 	EXP 	window1: mouseVisible = True
8.6205 	EXP 	window1: Attempting to measure frame rate of screen (0) ...
8.6205 	EXP 	window1: recordFrameIntervals = False
8.7863 	EXP 	window1: recordFrameIntervals = True
8.9701 	EXP 	Screen (0) actual frame rate measured at 59.43Hz
8.9701 	EXP 	window1: recordFrameIntervals = False
9.4070 	EXP 	Created Welcome = TextStim(__class__=<class 'psychopy.visual.text.TextStim'>, alignHoriz=method-wrapper(...), alignText='center', alignVert=method-wrapper(...), anchorHoriz='center', anchorVert='center', antialias=True, autoDraw=False, autoLog=True, bold=False, color=array([1., 1., 1.]), colorSpace='rgb', contrast=1.0, depth=0.0, flipHoriz=False, flipVert=False, font='Open Sans', fontFiles=[], height=0.08, italic=False, languageStyle='LTR', name='Welcome', opacity=1.0, ori=0.0, pos=array([0., 0.]), rgb=UNKNOWN, text=str(...), units='norm', win=Window(...), wrapWidth=1)
9.4787 	EXP 	Created FirstInstructions = TextStim(__class__=<class 'psychopy.visual.text.TextStim'>, alignHoriz=method-wrapper(...), alignText='center', alignVert=method-wrapper(...), anchorHoriz='center', anchorVert='center', antialias=True, autoDraw=False, autoLog=True, bold=False, color=array([1., 1., 1.]), colorSpace='rgb', contrast=1.0, depth=0.0, flipHoriz=False, flipVert=False, font='Open Sans', fontFiles=[], height=0.08, italic=False, languageStyle='LTR', name='FirstInstructions', opacity=1.0, ori=0.0, pos=array([0., 0.]), rgb=UNKNOWN, text=str(...), units='norm', win=Window(...), wrapWidth=1)
9.5360 	EXP 	Created Match_text = TextStim(__class__=<class 'psychopy.visual.text.TextStim'>, alignHoriz=method-wrapper(...), alignText='center', alignVert=method-wrapper(...), anchorHoriz='center', anchorVert='center', antialias=True, autoDraw=False, autoLog=True, bold=False, color=array([1., 1., 1.]), colorSpace='rgb', contrast=1.0, depth=-1.0, flipHoriz=False, flipVert=False, font='Open Sans', fontFiles=[], height=0.08, italic=False, languageStyle='LTR', name='Match_text', opacity=1.0, ori=0.0, pos=array([0. , 0.3]), rgb=UNKNOWN, text=str(...), units='norm', win=Window(...), wrapWidth=1)
9.5410 	EXP 	Created syncing_text = TextStim(__class__=<class 'psychopy.visual.text.TextStim'>, alignHoriz=method-wrapper(...), alignText='center', alignVert=method-wrapper(...), anchorHoriz='center', anchorVert='center', antialias=True, autoDraw=False, autoLog=True, bold=False, color=array([1., 1., 1.]), colorSpace='rgb', contrast=1.0, depth=-2.0, flipHoriz=False, flipVert=False, font='Open Sans', fontFiles=[], height=0.12, italic=False, languageStyle='LTR', name='syncing_text', opacity=1.0, ori=0.0, pos=array([0. , 0.3]), rgb=UNKNOWN, text='Syncing…', units='norm', win=Window(...), wrapWidth=1)
9.5448 	EXP 	Created text_0 = TextStim(__class__=<class 'psychopy.visual.text.TextStim'>, alignHoriz=method-wrapper(...), alignText='center', alignVert=method-wrapper(...), anchorHoriz='center', anchorVert='center', antialias=True, autoDraw=False, autoLog=True, bold=False, color=array([1., 1., 1.]), colorSpace='rgb', contrast=1.0, depth=-3.0, flipHoriz=False, flipVert=False, font='Open Sans', fontFiles=[], height=0.1, italic=False, languageStyle='LTR', name='text_0', opacity=1.0, ori=0.0, pos=array([ 0. , -0.2]), rgb=UNKNOWN, text='0%', units='norm', win=Window(...), wrapWidth=1)
9.5492 	EXP 	Created Transparent = Rect(__class__=<class 'psychopy.visual.rect.Rect'>, anchor=('center', 'center'), autoDraw=False, autoLog=True, closeShape=True, color=method-wrapper(...), colorSpace='rgb', contrast=None, depth=-4.0, fillColor=array([0., 0., 0.]), fillColorSpace='rgb', fillRGB=array([0., 0., 0.]), interpolate=True, lineColor=array([1., 1., 1.]), lineColorSpace='rgb', lineRGB=array([1, 1, 1]), lineWidth=1.2, name='Transparent', opacity=1.0, ori=0.0, pos=array([0., 0.]), size=array([1. , 0.1]), units='norm', vertices=ndarray(...), win=Window(...))
9.5506 	EXP 	Created Loading_25 = Rect(__class__=<class 'psychopy.visual.rect.Rect'>, anchor=('center', 'center'), autoDraw=False, autoLog=True, closeShape=True, color=method-wrapper(...), colorSpace='rgb', contrast=None, depth=-5.0, fillColor=array([1, 1, 1]), fillColorSpace='rgb', fillRGB=array([1, 1, 1]), interpolate=True, lineColor=array([1., 1., 1.]), lineColorSpace='rgb', lineRGB=array([1, 1, 1]), lineWidth=1.0, name='Loading_25', opacity=1.0, ori=0.0, pos=array([-0.375,  0.   ]), size=array([0.25, 0.1 ]), units='norm', vertices=ndarray(...), win=Window(...))
9.5536 	EXP 	Created text_25 = TextStim(__class__=<class 'psychopy.visual.text.TextStim'>, alignHoriz=method-wrapper(...), alignText='center', alignVert=method-wrapper(...), anchorHoriz='center', anchorVert='center', antialias=True, autoDraw=False, autoLog=True, bold=False, color=array([1., 1., 1.]), colorSpace='rgb', contrast=1.0, depth=-6.0, flipHoriz=False, flipVert=False, font='Open Sans', fontFiles=[], height=0.1, italic=False, languageStyle='LTR', name='text_25', opacity=1.0, ori=0.0, pos=array([ 0. , -0.2]), rgb=UNKNOWN, text='25%', units='norm', win=Window(...), wrapWidth=1)
9.5550 	EXP 	Created Loading_50 = Rect(__class__=<class 'psychopy.visual.rect.Rect'>, anchor=('center', 'center'), autoDraw=False, autoLog=True, closeShape=True, color=method-wrapper(...), colorSpace='rgb', contrast=None, depth=-7.0, fillColor=array([1, 1, 1]), fillColorSpace='rgb', fillRGB=array([1, 1, 1]), interpolate=True, lineColor=array([1., 1., 1.]), lineColorSpace='rgb', lineRGB=array([1, 1, 1]), lineWidth=1.0, name='Loading_50', opacity=1.0, ori=0.0, pos=array([-0.25,  0.  ]), size=array([0.5, 0.1]), units='norm', vertices=ndarray(...), win=Window(...))
9.5569 	EXP 	Created text_50 = TextStim(__class__=<class 'psychopy.visual.text.TextStim'>, alignHoriz=method-wrapper(...), alignText='center', alignVert=method-wrapper(...), anchorHoriz='center', anchorVert='center', antialias=True, autoDraw=False, autoLog=True, bold=False, color=array([1., 1., 1.]), colorSpace='rgb', contrast=1.0, depth=-8.0, flipHoriz=False, flipVert=False, font='Open Sans', fontFiles=[], height=0.1, italic=False, languageStyle='LTR', name='text_50', opacity=1.0, ori=0.0, pos=array([ 0. , -0.2]), rgb=UNKNOWN, text='50%', units='norm', win=Window(...), wrapWidth=1)
9.5583 	EXP 	Created Loading_75 = Rect(__class__=<class 'psychopy.visual.rect.Rect'>, anchor=('center', 'center'), autoDraw=False, autoLog=True, closeShape=True, color=method-wrapper(...), colorSpace='rgb', contrast=None, depth=-9.0, fillColor=array([1, 1, 1]), fillColorSpace='rgb', fillRGB=array([1, 1, 1]), interpolate=True, lineColor=array([1., 1., 1.]), lineColorSpace='rgb', lineRGB=array([1, 1, 1]), lineWidth=1.0, name='Loading_75', opacity=1.0, ori=0.0, pos=array([-0.125,  0.   ]), size=array([0.75, 0.1 ]), units='norm', vertices=ndarray(...), win=Window(...))
9.5605 	EXP 	Created text_75 = TextStim(__class__=<class 'psychopy.visual.text.TextStim'>, alignHoriz=method-wrapper(...), alignText='center', alignVert=method-wrapper(...), anchorHoriz='center', anchorVert='center', antialias=True, autoDraw=False, autoLog=True, bold=False, color=array([1., 1., 1.]), colorSpace='rgb', contrast=1.0, depth=-10.0, flipHoriz=False, flipVert=False, font='Open Sans', fontFiles=[], height=0.1, italic=False, languageStyle='LTR', name='text_75', opacity=1.0, ori=0.0, pos=array([ 0. , -0.2]), rgb=UNKNOWN, text='75%', units='norm', win=Window(...), wrapWidth=1)
9.5619 	EXP 	Created Loading_100 = Rect(__class__=<class 'psychopy.visual.rect.Rect'>, anchor=('center', 'center'), autoDraw=False, autoLog=True, closeShape=True, color=method-wrapper(...), colorSpace='rgb', contrast=None, depth=-11.0, fillColor=array([1, 1, 1]), fillColorSpace='rgb', fillRGB=array([1, 1, 1]), interpolate=True, lineColor=array([1., 1., 1.]), lineColorSpace='rgb', lineRGB=array([1, 1, 1]), lineWidth=1.0, name='Loading_100', opacity=1.0, ori=0.0, pos=array([0., 0.]), size=array([1. , 0.1]), units='norm', vertices=ndarray(...), win=Window(...))
9.5644 	EXP 	Created text_100 = TextStim(__class__=<class 'psychopy.visual.text.TextStim'>, alignHoriz=method-wrapper(...), alignText='center', alignVert=method-wrapper(...), anchorHoriz='center', anchorVert='center', antialias=True, autoDraw=False, autoLog=True, bold=False, color=array([1., 1., 1.]), colorSpace='rgb', contrast=1.0, depth=-12.0, flipHoriz=False, flipVert=False, font='Open Sans', fontFiles=[], height=0.1, italic=False, languageStyle='LTR', name='text_100', opacity=1.0, ori=0.0, pos=array([ 0. , -0.2]), rgb=UNKNOWN, text='100%', units='norm', win=Window(...), wrapWidth=1)
9.5652 	EXP 	Created Youhavematched = TextStim(__class__=<class 'psychopy.visual.text.TextStim'>, alignHoriz=method-wrapper(...), alignText='center', alignVert=method-wrapper(...), anchorHoriz='center', anchorVert='center', antialias=True, autoDraw=False, autoLog=True, bold=False, color=array([1., 1., 1.]), colorSpace='rgb', contrast=1.0, depth=-1.0, flipHoriz=False, flipVert=False, font='Open Sans', fontFiles=[], height=0.08, italic=False, languageStyle='LTR', name='Youhavematched', opacity=1.0, ori=0.0, pos=array([0. , 0.6]), rgb=UNKNOWN, text='', units='norm', win=Window(...), wrapWidth=1)
9.5709 	EXP 	Created partneremoji_image = ImageStim(__class__=<class 'psychopy.visual.image.ImageStim'>, anchor=('center', 'center'), autoLog=True, color=array([1., 1., 1.]), colorSpace='rgb', contrast=1.0, depth=-2.0, flipHoriz=False, flipVert=False, image='sin', interpolate=True, mask=None, maskParams=None, name='partneremoji_image', opacity=1.0, ori=0.0, pos=array([0., 0.]), size=array([0.5 , 0.75]), texRes=128.0, units='norm', win=Window(...))
9.6321 	EXP 	Created PressToContinue = TextStim(__class__=<class 'psychopy.visual.text.TextStim'>, alignHoriz=method-wrapper(...), alignText='center', alignVert=method-wrapper(...), anchorHoriz='center', anchorVert='center', antialias=True, autoDraw=False, autoLog=True, bold=False, color=array([1., 1., 1.]), colorSpace='rgb', contrast=1.0, depth=-4.0, flipHoriz=False, flipVert=False, font='Open Sans', fontFiles=[], height=0.08, italic=False, languageStyle='LTR', name='PressToContinue', opacity=1.0, ori=0.0, pos=array([ 0. , -0.6]), rgb=UNKNOWN, text='Press space to continue.', units='norm', win=Window(...), wrapWidth=1)
9.6390 	EXP 	Created photobeingshared_text = TextStim(__class__=<class 'psychopy.visual.text.TextStim'>, alignHoriz=method-wrapper(...), alignText='center', alignVert=method-wrapper(...), anchorHoriz='center', anchorVert='center', antialias=True, autoDraw=False, autoLog=True, bold=False, color=array([1., 1., 1.]), colorSpace='rgb', contrast=1.0, depth=0.0, flipHoriz=False, flipVert=False, font='Open Sans', fontFiles=[], height=0.09, italic=False, languageStyle='LTR', name='photobeingshared_text', opacity=1.0, ori=0.0, pos=array([0. , 0.6]), rgb=UNKNOWN, text='This photo is now being shared', units='norm', win=Window(...), wrapWidth=1)
9.6458 	EXP 	Created waitforfeedback_text = TextStim(__class__=<class 'psychopy.visual.text.TextStim'>, alignHoriz=method-wrapper(...), alignText='center', alignVert=method-wrapper(...), anchorHoriz='center', anchorVert='center', antialias=True, autoDraw=False, autoLog=True, bold=False, color=array([1., 1., 1.]), colorSpace='rgb', contrast=1.0, depth=-1.0, flipHoriz=False, flipVert=False, font='Open Sans', fontFiles=[], height=0.09, italic=False, languageStyle='LTR', name='waitforfeedback_text', opacity=1.0, ori=0.0, pos=array([ 0. , -0.6]), rgb=UNKNOWN, text='Please wait for feedback.', units='norm', win=Window(...), wrapWidth=1)
9.6495 	EXP 	Created participantimage_image = ImageStim(__class__=<class 'psychopy.visual.image.ImageStim'>, anchor=('center', 'center'), autoLog=True, color=array([1., 1., 1.]), colorSpace='rgb', contrast=1.0, depth=-3.0, flipHoriz=False, flipVert=False, image='sin', interpolate=True, mask=None, maskParams=None, name='participantimage_image', opacity=1.0, ori=0.0, pos=array([0., 0.]), size=array([0.5 , 0.75]), texRes=128.0, units='norm', win=Window(...))
9.6543 	EXP 	Created waiting_text = TextStim(__class__=<class 'psychopy.visual.text.TextStim'>, alignHoriz=method-wrapper(...), alignText='center', alignVert=method-wrapper(...), anchorHoriz='center', anchorVert='center', antialias=True, autoDraw=False, autoLog=True, bold=False, color=array([1., 1., 1.]), colorSpace='rgb', contrast=1.0, depth=0.0, flipHoriz=False, flipVert=False, font='Open Sans', fontFiles=[], height=0.15, italic=False, languageStyle='LTR', name='waiting_text', opacity=1.0, ori=0.0, pos=array([0., 0.]), rgb=UNKNOWN, text='Waiting…', units='norm', win=Window(...), wrapWidth=1)
9.6552 	EXP 	Created displayfeedback_text = TextStim(__class__=<class 'psychopy.visual.text.TextStim'>, alignHoriz=method-wrapper(...), alignText='center', alignVert=method-wrapper(...), anchorHoriz='center', anchorVert='center', antialias=True, autoDraw=False, autoLog=True, bold=False, color=array([1., 1., 1.]), colorSpace='rgb', contrast=1.0, depth=0.0, flipHoriz=False, flipVert=False, font='Open Sans', fontFiles=[], height=0.12, italic=False, languageStyle='LTR', name='displayfeedback_text', opacity=1.0, ori=0.0, pos=array([0.  , 0.75]), rgb=UNKNOWN, text='', units='norm', win=Window(...), wrapWidth=1)
9.6587 	EXP 	Created fdbkimage_image = ImageStim(__class__=<class 'psychopy.visual.image.ImageStim'>, anchor=('center', 'center'), autoLog=True, color=array([1., 1., 1.]), colorSpace='rgb', contrast=1.0, depth=-1.0, flipHoriz=False, flipVert=False, image='sin', interpolate=True, mask=None, maskParams=None, name='fdbkimage_image', opacity=1.0, ori=0.0, pos=array([0., 0.]), size=array([0.75, 1.25]), texRes=128.0, units='norm', win=Window(...))
9.6633 	EXP 	Created presstosharenextphoto_text = TextStim(__class__=<class 'psychopy.visual.text.TextStim'>, alignHoriz=method-wrapper(...), alignText='center', alignVert=method-wrapper(...), anchorHoriz='center', anchorVert='center', antialias=True, autoDraw=False, autoLog=True, bold=False, color=array([1., 1., 1.]), colorSpace='rgb', contrast=1.0, depth=0.0, flipHoriz=False, flipVert=False, font='Open Sans', fontFiles=[], height=0.09, italic=False, languageStyle='LTR', name='presstosharenextphoto_text', opacity=1.0, ori=0.0, pos=array([0., 0.]), rgb=UNKNOWN, text='Press space to share your next photo.', units='norm', win=Window(...), wrapWidth=1)
9.7338 	EXP 	Created WTP_ins_text1 = TextStim(__class__=<class 'psychopy.visual.text.TextStim'>, alignHoriz=method-wrapper(...), alignText='center', alignVert=method-wrapper(...), anchorHoriz='center', anchorVert='center', antialias=True, autoDraw=False, autoLog=True, bold=False, color=array([1., 1., 1.]), colorSpace='rgb', contrast=1.0, depth=0.0, flipHoriz=False, flipVert=False, font='Open Sans', fontFiles=[], height=0.07, italic=False, languageStyle='LTR', name='WTP_ins_text1', opacity=1.0, ori=0.0, pos=array([0. , 0.3]), rgb=UNKNOWN, text=str(...), units='norm', win=Window(...), wrapWidth=1)
9.8053 	EXP 	Created WTP_ins_text2 = TextStim(__class__=<class 'psychopy.visual.text.TextStim'>, alignHoriz=method-wrapper(...), alignText='center', alignVert=method-wrapper(...), anchorHoriz='center', anchorVert='center', antialias=True, autoDraw=False, autoLog=True, bold=False, color=array([1., 1., 1.]), colorSpace='rgb', contrast=1.0, depth=0.0, flipHoriz=False, flipVert=False, font='Open Sans', fontFiles=[], height=0.05, italic=False, languageStyle='LTR', name='WTP_ins_text2', opacity=1.0, ori=0.0, pos=array([0., 0.]), rgb=UNKNOWN, text=str(...), units='norm', win=Window(...), wrapWidth=1)
9.8590 	EXP 	Created Left_Experience = TextStim(__class__=<class 'psychopy.visual.text.TextStim'>, alignHoriz=method-wrapper(...), alignText='center', alignVert=method-wrapper(...), anchorHoriz='center', anchorVert='center', antialias=True, autoDraw=False, autoLog=True, bold=False, color=array([1., 1., 1.]), colorSpace='rgb', contrast=1.0, depth=0.0, flipHoriz=False, flipVert=False, font='Open Sans', fontFiles=[], height=0.05, italic=False, languageStyle='LTR', name='Left_Experience', opacity=1.0, ori=0.0, pos=array([0.5, 0.1]), rgb=UNKNOWN, text='', units='norm', win=Window(...), wrapWidth=1)
9.8599 	EXP 	Created Right_Experience = TextStim(__class__=<class 'psychopy.visual.text.TextStim'>, alignHoriz=method-wrapper(...), alignText='center', alignVert=method-wrapper(...), anchorHoriz='center', anchorVert='center', antialias=True, autoDraw=False, autoLog=True, bold=False, color=array([1., 1., 1.]), colorSpace='rgb', contrast=1.0, depth=-1.0, flipHoriz=False, flipVert=False, font='Open Sans', fontFiles=[], height=0.05, italic=False, languageStyle='LTR', name='Right_Experience', opacity=1.0, ori=0.0, pos=array([-0.5,  0.1]), rgb=UNKNOWN, text='', units='norm', win=Window(...), wrapWidth=1)
9.8611 	EXP 	Created Left_Price = TextStim(__class__=<class 'psychopy.visual.text.TextStim'>, alignHoriz=method-wrapper(...), alignText='center', alignVert=method-wrapper(...), anchorHoriz='center', anchorVert='center', antialias=True, autoDraw=False, autoLog=True, bold=False, color=array([1., 1., 1.]), colorSpace='rgb', contrast=1.0, depth=-2.0, flipHoriz=False, flipVert=False, font='Open Sans', fontFiles=[], height=0.05, italic=False, languageStyle='LTR', name='Left_Price', opacity=1.0, ori=0.0, pos=array([ 0.5, -0.5]), rgb=UNKNOWN, text='', units='norm', win=Window(...), wrapWidth=1)
9.8620 	EXP 	Created Right_Price = TextStim(__class__=<class 'psychopy.visual.text.TextStim'>, alignHoriz=method-wrapper(...), alignText='center', alignVert=method-wrapper(...), anchorHoriz='center', anchorVert='center', antialias=True, autoDraw=False, autoLog=True, bold=False, color=array([1., 1., 1.]), colorSpace='rgb', contrast=1.0, depth=-3.0, flipHoriz=False, flipVert=False, font='Open Sans', fontFiles=[], height=0.05, italic=False, languageStyle='LTR', name='Right_Price', opacity=1.0, ori=0.0, pos=array([-0.5, -0.5]), rgb=UNKNOWN, text='', units='norm', win=Window(...), wrapWidth=1)
9.9669 	EXP 	Created Resume_Text = TextStim(__class__=<class 'psychopy.visual.text.TextStim'>, alignHoriz=method-wrapper(...), alignText='center', alignVert=method-wrapper(...), anchorHoriz='center', anchorVert='center', antialias=True, autoDraw=False, autoLog=True, bold=False, color=array([1., 1., 1.]), colorSpace='rgb', contrast=1.0, depth=-2.0, flipHoriz=False, flipVert=False, font='Open Sans', fontFiles=[], height=0.12, italic=False, languageStyle='LTR', name='Resume_Text', opacity=1.0, ori=0.0, pos=array([0., 0.]), rgb=UNKNOWN, text='', units='norm', win=Window(...), wrapWidth=1)
9.9808 	EXP 	window1: mouseVisible = True
10.0486 	EXP 	Created slider = Slider(__class__=<class 'psychopy.visual.slider.Slider'>, autoDraw=False, autoLog=True, borderColor=None, color=None, colorSpace='rgb', depth=-5, fillColor=None, flip=False, font='Open Sans', granularity=0.0, labelColor=None, labelHeight=0.05, labelWrapWidth=None, labels=(1, 2, 3, 4, 5), lineColor=None, markerColor=None, name='slider', opacity=None, ori=0.0, pos=array([ 0. , -0.4]), readOnly=False, self=UNKNOWN, size=array([1. , 0.1]), startValue=999, style='rating', styleTweaks=['labels45', 'triangleMarker'], ticks=array([1, 2, 3, 4, 5]), units='norm', win=Window(...))
10.0499 	EXP 	Created saliencequestion_text = TextStim(__class__=<class 'psychopy.visual.text.TextStim'>, alignHoriz=method-wrapper(...), alignText='center', alignVert=method-wrapper(...), anchorHoriz='center', anchorVert='center', antialias=True, autoDraw=False, autoLog=True, bold=False, color=array([1., 1., 1.]), colorSpace='rgb', contrast=1.0, depth=-1.0, flipHoriz=False, flipVert=False, font='Open Sans', fontFiles=[], height=0.06, italic=False, languageStyle='LTR', name='saliencequestion_text', opacity=1.0, ori=0.0, pos=array([0. , 0.6]), rgb=UNKNOWN, text='', units='norm', win=Window(...), wrapWidth=1)
10.1064 	EXP 	Created salienceavatar_image = ImageStim(__class__=<class 'psychopy.visual.image.ImageStim'>, anchor=('center', 'center'), autoLog=True, color=array([1., 1., 1.]), colorSpace='rgb', contrast=1.0, depth=-3.0, flipHoriz=False, flipVert=False, image='sin', interpolate=True, mask=None, maskParams=None, name='salienceavatar_image', opacity=1.0, ori=0.0, pos=array([0., 0.]), size=array([0.3 , 0.55]), texRes=128.0, units='norm', win=Window(...))
10.1144 	EXP 	Created saliencecontinue_text = TextStim(__class__=<class 'psychopy.visual.text.TextStim'>, alignHoriz=method-wrapper(...), alignText='center', alignVert=method-wrapper(...), anchorHoriz='center', anchorVert='center', antialias=True, autoDraw=False, autoLog=True, bold=False, color=array([1., 1., 1.]), colorSpace='rgb', contrast=1.0, depth=-4.0, flipHoriz=False, flipVert=False, font='Open Sans', fontFiles=[], height=0.07, italic=False, languageStyle='LTR', name='saliencecontinue_text', opacity=1.0, ori=0.0, pos=array([ 0. , -0.8]), rgb=UNKNOWN, text='Press space to enter rating and continue.', units='norm', win=Window(...), wrapWidth=1)
10.1156 	EXP 	Created displayrating_text = TextStim(__class__=<class 'psychopy.visual.text.TextStim'>, alignHoriz=method-wrapper(...), alignText='center', alignVert=method-wrapper(...), anchorHoriz='center', anchorVert='center', antialias=True, autoDraw=False, autoLog=True, bold=False, color=array([1., 1., 1.]), colorSpace='rgb', contrast=1.0, depth=-5.0, flipHoriz=False, flipVert=False, font='Open Sans', fontFiles=[], height=0.065, italic=False, languageStyle='LTR', name='displayrating_text', opacity=1.0, ori=0.0, pos=array([ 0.  , -0.65]), rgb=UNKNOWN, text='', units='norm', win=Window(...), wrapWidth=1)
10.1201 	EXP 	window1: mouseVisible = True
10.2045 	EXP 	Created slider = Slider(__class__=<class 'psychopy.visual.slider.Slider'>, autoDraw=False, autoLog=True, borderColor=None, color=None, colorSpace='rgb', depth=-5, fillColor=None, flip=False, font='Open Sans', granularity=0.0, labelColor=None, labelHeight=0.05, labelWrapWidth=None, labels=(1, 2, 3, 4, 5, 6, 7, 8, 9), lineColor=None, markerColor=None, name='slider', opacity=None, ori=0.0, pos=array([ 0. , -0.4]), readOnly=False, self=UNKNOWN, size=array([1. , 0.1]), startValue=999, style='rating', styleTweaks=['labels45', 'triangleMarker'], ticks=array([1, 2, 3, 4, 5, 6, 7, 8, 9]), units='norm', win=Window(...))
10.2055 	EXP 	Created stresslevel_text = TextStim(__class__=<class 'psychopy.visual.text.TextStim'>, alignHoriz=method-wrapper(...), alignText='center', alignVert=method-wrapper(...), anchorHoriz='center', anchorVert='center', antialias=True, autoDraw=False, autoLog=True, bold=False, color=array([1., 1., 1.]), colorSpace='rgb', contrast=1.0, depth=-1.0, flipHoriz=False, flipVert=False, font='Open Sans', fontFiles=[], height=0.08, italic=False, languageStyle='LTR', name='stresslevel_text', opacity=1.0, ori=0.0, pos=array([0. , 0.3]), rgb=UNKNOWN, text='', units='norm', win=Window(...), wrapWidth=1)
10.2586 	EXP 	Created displaystressrating_text = TextStim(__class__=<class 'psychopy.visual.text.TextStim'>, alignHoriz=method-wrapper(...), alignText='center', alignVert=method-wrapper(...), anchorHoriz='center', anchorVert='center', antialias=True, autoDraw=False, autoLog=True, bold=False, color=array([1., 1., 1.]), colorSpace='rgb', contrast=1.0, depth=-3.0, flipHoriz=False, flipVert=False, font='Open Sans', fontFiles=[], height=0.08, italic=False, languageStyle='LTR', name='displaystressrating_text', opacity=1.0, ori=0.0, pos=array([ 0.  , -0.65]), rgb=UNKNOWN, text='', units='norm', win=Window(...), wrapWidth=1)
10.2675 	EXP 	slider: autoLog = True
10.2675 	EXP 	slider: markerPos = 999
10.2675 	EXP 	slider: styleTweaks = []
10.2675 	EXP 	slider: styleTweaks = []
10.2675 	EXP 	slider: styleTweaks = ['labels45', 'triangleMarker']
10.2675 	EXP 	slider: styleTweaks = ['labels45', 'triangleMarker']
10.2675 	EXP 	slider: contrast = 1.0
10.2675 	EXP 	slider: autoLog = True
10.2675 	EXP 	slider: autoLog = True
10.2675 	EXP 	slider: markerPos = 999
10.2675 	EXP 	slider: styleTweaks = []
10.2675 	EXP 	slider: styleTweaks = []
10.2675 	EXP 	slider: styleTweaks = ['labels45', 'triangleMarker']
10.2675 	EXP 	slider: styleTweaks = ['labels45', 'triangleMarker']
10.2675 	EXP 	slider: contrast = 1.0
10.2675 	EXP 	slider: autoLog = True
10.2675 	EXP 	Welcome: autoDraw = True
10.9283 	EXP 	Welcome: autoDraw = False
10.9283 	EXP 	FirstInstructions: autoDraw = True
10.9339 	DATA 	Keypress: space
11.1856 	EXP 	Imported /Users/melanieruiz/Desktop/WTP_SM_Choice/Participant_Images/101/101_trials.csv as conditions, 150 conditions, 6 params
11.1864 	EXP 	Created sequence: sequential, trialTypes=150, nReps=1, seed=None
11.1867 	EXP 	New trial (rep=0, index=0): OrderedDict([('TrialNumber', 1), ('Partner', 'Alex'), ('Condition', 'Neutral'), ('Photos', 'Participant_Images/101/101_Images/101_Image_24.jpg'), ('Feedback', 'did not like'), ('FeedbackWait', 3.613205605)])
11.1952 	DATA 	Keypress: space
11.1983 	EXP 	FirstInstructions: autoDraw = False
11.1983 	EXP 	Match_text: autoDraw = True
11.3500 	DATA 	Keypress: space
14.1843 	EXP 	syncing_text: autoDraw = True
14.1843 	EXP 	text_0: autoDraw = True
14.1843 	EXP 	Transparent: autoDraw = True
14.1894 	EXP 	Match_text: autoDraw = False
15.4268 	EXP 	text_0: autoDraw = False
15.4268 	EXP 	Loading_25: autoDraw = True
15.4268 	EXP 	text_25: autoDraw = True
16.6695 	EXP 	Loading_25: autoDraw = False
16.6695 	EXP 	text_25: autoDraw = False
16.6829 	EXP 	Loading_50: autoDraw = True
16.6829 	EXP 	text_50: autoDraw = True
17.9195 	EXP 	Loading_50: autoDraw = False
17.9195 	EXP 	text_50: autoDraw = False
17.9325 	EXP 	Loading_75: autoDraw = True
17.9325 	EXP 	text_75: autoDraw = True
19.1695 	EXP 	Loading_75: autoDraw = False
19.1695 	EXP 	text_75: autoDraw = False
19.1828 	EXP 	Loading_100: autoDraw = True
19.1828 	EXP 	text_100: autoDraw = True
20.4195 	EXP 	Loading_100: autoDraw = False
20.4195 	EXP 	text_100: autoDraw = False
20.4469 	EXP 	syncing_text: autoDraw = False
20.4469 	EXP 	Transparent: autoDraw = False
20.4469 	EXP 	Match_text: autoDraw = False
20.4469 	EXP 	syncing_text: autoDraw = False
20.4469 	EXP 	text_0: autoDraw = False
20.4469 	EXP 	Transparent: autoDraw = False
20.4469 	EXP 	Loading_25: autoDraw = False
20.4469 	EXP 	text_25: autoDraw = False
20.4469 	EXP 	Loading_50: autoDraw = False
20.4469 	EXP 	text_50: autoDraw = False
20.4469 	EXP 	Loading_75: autoDraw = False
20.4469 	EXP 	text_75: autoDraw = False
20.4469 	EXP 	Loading_100: autoDraw = False
20.4469 	EXP 	text_100: autoDraw = False
20.4469 	EXP 	Youhavematched: height = 0.08
20.4469 	EXP 	Youhavematched: height = 0.08
20.4469 	EXP 	Youhavematched: height = 0.08
20.4469 	EXP 	Youhavematched: text = 'You have matched with: Alex'
20.4469 	EXP 	partneremoji_image: image = 'Images/cowboyemoji.png'
20.4469 	EXP 	Youhavematched: autoDraw = True
20.4469 	EXP 	partneremoji_image: autoDraw = True
20.4469 	EXP 	PressToContinue: autoDraw = True
21.0263 	DATA 	Keypress: space
21.0294 	EXP 	Youhavematched: autoDraw = False
21.0294 	EXP 	partneremoji_image: autoDraw = False
21.0294 	EXP 	PressToContinue: autoDraw = False
21.0294 	EXP 	participantimage_image: image = 'Participant_Images/101/101_Images/101_Image_24.jpg'
21.0294 	EXP 	photobeingshared_text: autoDraw = True
21.0294 	EXP 	waitforfeedback_text: autoDraw = True
21.0294 	EXP 	participantimage_image: autoDraw = True
23.8173 	EXP 	photobeingshared_text: autoDraw = False
23.8173 	EXP 	waitforfeedback_text: autoDraw = False
23.8173 	EXP 	participantimage_image: autoDraw = False
23.8173 	EXP 	waiting_text: autoDraw = True
28.8221 	EXP 	waiting_text: autoDraw = False
28.8221 	EXP 	displayfeedback_text: height = 0.12
28.8221 	EXP 	displayfeedback_text: height = 0.12
28.8221 	EXP 	displayfeedback_text: height = 0.12
28.8221 	EXP 	displayfeedback_text: text = 'Alex did not like your photo'
28.8221 	EXP 	fdbkimage_image: image = 'Images/thumbsdown.png'
28.8221 	EXP 	displayfeedback_text: autoDraw = True
28.8221 	EXP 	fdbkimage_image: autoDraw = True
31.8108 	EXP 	displayfeedback_text: autoDraw = False
31.8108 	EXP 	fdbkimage_image: autoDraw = False
31.8108 	EXP 	presstosharenextphoto_text: autoDraw = True
32.3532 	EXP 	Created sequence: random, trialTypes=1, nReps=0, seed=None
32.3551 	DATA 	Keypress: space
32.3917 	EXP 	New trial (rep=0, index=1): OrderedDict([('TrialNumber', 2), ('Partner', 'Alex'), ('Condition', 'Neutral'), ('Photos', 'Participant_Images/101/101_Images/101_Image_9.jpg'), ('Feedback', 'did not like'), ('FeedbackWait', 4.988446431)])
32.5543 	EXP 	presstosharenextphoto_text: autoDraw = False
32.5543 	EXP 	slider: markerPos = 3
32.5543 	EXP 	saliencequestion_text: height = 0.06
32.5543 	EXP 	saliencequestion_text: height = 0.06
32.5543 	EXP 	saliencequestion_text: height = 0.06
32.5543 	EXP 	saliencequestion_text: text = 'How likely are you to share photos with Alex in the future? \n\n Use your left and right arrows to move the arrow to your desired rating.'
32.5543 	EXP 	salienceavatar_image: image = 'Images/cowboyemoji.png'
32.5543 	EXP 	displayrating_text: text = ''
32.5543 	EXP 	saliencequestion_text: autoDraw = False
32.5543 	EXP 	salienceavatar_image: autoDraw = False
32.5543 	EXP 	saliencecontinue_text: autoDraw = False
32.5543 	EXP 	displayrating_text: autoDraw = False
32.5543 	EXP 	slider: markerPos = 5
32.5543 	EXP 	stresslevel_text: height = 0.08
32.5543 	EXP 	stresslevel_text: height = 0.08
32.5543 	EXP 	stresslevel_text: height = 0.08
32.5543 	EXP 	stresslevel_text: text = 'Please rate your current stress level. \n\n\n Use your mouse or left and right arrows to move the arrow to your desired rating.'
32.5543 	EXP 	displaystressrating_text: text = ''
32.5543 	EXP 	stresslevel_text: autoDraw = False
32.5543 	EXP 	displaystressrating_text: autoDraw = False
32.5543 	EXP 	Match_text: autoDraw = False
32.5543 	EXP 	syncing_text: autoDraw = False
32.5543 	EXP 	text_0: autoDraw = False
32.5543 	EXP 	Transparent: autoDraw = False
32.5543 	EXP 	Loading_25: autoDraw = False
32.5543 	EXP 	text_25: autoDraw = False
32.5543 	EXP 	Loading_50: autoDraw = False
32.5543 	EXP 	text_50: autoDraw = False
32.5543 	EXP 	Loading_75: autoDraw = False
32.5543 	EXP 	text_75: autoDraw = False
32.5543 	EXP 	Loading_100: autoDraw = False
32.5543 	EXP 	text_100: autoDraw = False
32.5543 	EXP 	Youhavematched: text = 'You have matched with: Alex'
32.5543 	EXP 	partneremoji_image: image = 'Images/cowboyemoji.png'
32.5543 	EXP 	Youhavematched: autoDraw = False
32.5543 	EXP 	partneremoji_image: autoDraw = False
32.5543 	EXP 	PressToContinue: autoDraw = False
32.5543 	EXP 	participantimage_image: image = 'Participant_Images/101/101_Images/101_Image_9.jpg'
32.5543 	EXP 	photobeingshared_text: autoDraw = True
32.5543 	EXP 	waitforfeedback_text: autoDraw = True
32.5543 	EXP 	participantimage_image: autoDraw = True
35.4121 	EXP 	photobeingshared_text: autoDraw = False
35.4121 	EXP 	waitforfeedback_text: autoDraw = False
35.4121 	EXP 	participantimage_image: autoDraw = False
35.4121 	EXP 	waiting_text: autoDraw = True
40.4129 	EXP 	waiting_text: autoDraw = False
40.4129 	EXP 	displayfeedback_text: text = 'Alex did not like your photo'
40.4129 	EXP 	fdbkimage_image: image = 'Images/thumbsdown.png'
40.4129 	EXP 	displayfeedback_text: autoDraw = True
40.4129 	EXP 	fdbkimage_image: autoDraw = True
43.4015 	EXP 	displayfeedback_text: autoDraw = False
43.4015 	EXP 	fdbkimage_image: autoDraw = False
43.4015 	EXP 	presstosharenextphoto_text: autoDraw = True
43.7379 	EXP 	Created sequence: random, trialTypes=1, nReps=0, seed=None
43.7499 	DATA 	Keypress: space
43.7527 	EXP 	New trial (rep=0, index=2): OrderedDict([('TrialNumber', 3), ('Partner', 'Alex'), ('Condition', 'Neutral'), ('Photos', 'Participant_Images/101/101_Images/101_Image_4.jpg'), ('Feedback', 'liked'), ('FeedbackWait', 3.470791822)])
43.9178 	EXP 	presstosharenextphoto_text: autoDraw = False
43.9178 	EXP 	slider: markerPos = 3
43.9178 	EXP 	saliencequestion_text: text = 'How likely are you to share photos with Alex in the future? \n\n Use your left and right arrows to move the arrow to your desired rating.'
43.9178 	EXP 	salienceavatar_image: image = 'Images/cowboyemoji.png'
43.9178 	EXP 	displayrating_text: text = ''
43.9178 	EXP 	saliencequestion_text: autoDraw = False
43.9178 	EXP 	salienceavatar_image: autoDraw = False
43.9178 	EXP 	saliencecontinue_text: autoDraw = False
43.9178 	EXP 	displayrating_text: autoDraw = False
43.9178 	EXP 	slider: markerPos = 5
43.9178 	EXP 	stresslevel_text: text = 'Please rate your current stress level. \n\n\n Use your mouse or left and right arrows to move the arrow to your desired rating.'
43.9178 	EXP 	displaystressrating_text: text = ''
43.9178 	EXP 	stresslevel_text: autoDraw = False
43.9178 	EXP 	displaystressrating_text: autoDraw = False
43.9178 	EXP 	Match_text: autoDraw = False
43.9178 	EXP 	syncing_text: autoDraw = False
43.9178 	EXP 	text_0: autoDraw = False
43.9178 	EXP 	Transparent: autoDraw = False
43.9178 	EXP 	Loading_25: autoDraw = False
43.9178 	EXP 	text_25: autoDraw = False
43.9178 	EXP 	Loading_50: autoDraw = False
43.9178 	EXP 	text_50: autoDraw = False
43.9178 	EXP 	Loading_75: autoDraw = False
43.9178 	EXP 	text_75: autoDraw = False
43.9178 	EXP 	Loading_100: autoDraw = False
43.9178 	EXP 	text_100: autoDraw = False
43.9178 	EXP 	Youhavematched: text = 'You have matched with: Alex'
43.9178 	EXP 	partneremoji_image: image = 'Images/cowboyemoji.png'
43.9178 	EXP 	Youhavematched: autoDraw = False
43.9178 	EXP 	partneremoji_image: autoDraw = False
43.9178 	EXP 	PressToContinue: autoDraw = False
43.9178 	EXP 	participantimage_image: image = 'Participant_Images/101/101_Images/101_Image_4.jpg'
43.9178 	EXP 	photobeingshared_text: autoDraw = True
43.9178 	EXP 	waitforfeedback_text: autoDraw = True
43.9178 	EXP 	participantimage_image: autoDraw = True
46.7699 	EXP 	photobeingshared_text: autoDraw = False
46.7699 	EXP 	waitforfeedback_text: autoDraw = False
46.7699 	EXP 	participantimage_image: autoDraw = False
46.7699 	EXP 	waiting_text: autoDraw = True
51.7651 	EXP 	waiting_text: autoDraw = False
51.7651 	EXP 	waiting_text: autoDraw = False
51.7651 	EXP 	displayfeedback_text: height = 0.12
51.7651 	EXP 	displayfeedback_text: height = 0.12
51.7651 	EXP 	displayfeedback_text: height = 0.12
51.7651 	EXP 	displayfeedback_text: text = 'Alex liked your photo'
51.7651 	EXP 	fdbkimage_image: image = 'Images/thumbsup.png'
51.7651 	EXP 	displayfeedback_text: autoDraw = True
51.7651 	EXP 	fdbkimage_image: autoDraw = True
52.2693 	DATA 	Keypress: space
53.3816 	DATA 	Keypress: space
54.7644 	EXP 	displayfeedback_text: autoDraw = False
54.7644 	EXP 	fdbkimage_image: autoDraw = False
54.7644 	EXP 	displayfeedback_text: autoDraw = False
54.7644 	EXP 	fdbkimage_image: autoDraw = False
54.7644 	EXP 	presstosharenextphoto_text: autoDraw = True
55.1090 	EXP 	Created sequence: random, trialTypes=1, nReps=0, seed=None
55.1101 	DATA 	Keypress: space
55.1187 	EXP 	New trial (rep=0, index=3): OrderedDict([('TrialNumber', 4), ('Partner', 'Alex'), ('Condition', 'Neutral'), ('Photos', 'Participant_Images/101/101_Images/101_Image_1.jpg'), ('Feedback', 'liked'), ('FeedbackWait', 3.820572462)])
55.2623 	EXP 	presstosharenextphoto_text: autoDraw = False
55.2623 	EXP 	slider: markerPos = 3
55.2623 	EXP 	saliencequestion_text: text = 'How likely are you to share photos with Alex in the future? \n\n Use your left and right arrows to move the arrow to your desired rating.'
55.2623 	EXP 	salienceavatar_image: image = 'Images/cowboyemoji.png'
55.2623 	EXP 	displayrating_text: text = ''
55.2623 	EXP 	saliencequestion_text: autoDraw = False
55.2623 	EXP 	salienceavatar_image: autoDraw = False
55.2623 	EXP 	saliencecontinue_text: autoDraw = False
55.2623 	EXP 	displayrating_text: autoDraw = False
55.2623 	EXP 	slider: markerPos = 5
55.2623 	EXP 	stresslevel_text: text = 'Please rate your current stress level. \n\n\n Use your mouse or left and right arrows to move the arrow to your desired rating.'
55.2623 	EXP 	displaystressrating_text: text = ''
55.2623 	EXP 	stresslevel_text: autoDraw = False
55.2623 	EXP 	displaystressrating_text: autoDraw = False
55.2623 	EXP 	Match_text: autoDraw = False
55.2623 	EXP 	syncing_text: autoDraw = False
55.2623 	EXP 	text_0: autoDraw = False
55.2623 	EXP 	Transparent: autoDraw = False
55.2623 	EXP 	Loading_25: autoDraw = False
55.2623 	EXP 	text_25: autoDraw = False
55.2623 	EXP 	Loading_50: autoDraw = False
55.2623 	EXP 	text_50: autoDraw = False
55.2623 	EXP 	Loading_75: autoDraw = False
55.2623 	EXP 	text_75: autoDraw = False
55.2623 	EXP 	Loading_100: autoDraw = False
55.2623 	EXP 	text_100: autoDraw = False
55.2623 	EXP 	Youhavematched: text = 'You have matched with: Alex'
55.2623 	EXP 	partneremoji_image: image = 'Images/cowboyemoji.png'
55.2623 	EXP 	Youhavematched: autoDraw = False
55.2623 	EXP 	partneremoji_image: autoDraw = False
55.2623 	EXP 	PressToContinue: autoDraw = False
55.2623 	EXP 	participantimage_image: image = 'Participant_Images/101/101_Images/101_Image_1.jpg'
55.2623 	EXP 	photobeingshared_text: autoDraw = True
55.2623 	EXP 	waitforfeedback_text: autoDraw = True
55.2623 	EXP 	participantimage_image: autoDraw = True
58.1503 	EXP 	photobeingshared_text: autoDraw = False
58.1503 	EXP 	waitforfeedback_text: autoDraw = False
58.1503 	EXP 	participantimage_image: autoDraw = False
58.1503 	EXP 	waiting_text: autoDraw = True
58.8137 	DATA 	Keypress: space
63.1457 	EXP 	waiting_text: autoDraw = False
63.1457 	EXP 	displayfeedback_text: text = 'Alex liked your photo'
63.1457 	EXP 	fdbkimage_image: image = 'Images/thumbsup.png'
63.1457 	EXP 	displayfeedback_text: autoDraw = True
63.1457 	EXP 	fdbkimage_image: autoDraw = True
63.5696 	DATA 	Keypress: space
65.0264 	DATA 	Keypress: space
66.1359 	EXP 	displayfeedback_text: autoDraw = False
66.1359 	EXP 	fdbkimage_image: autoDraw = False
66.1359 	EXP 	presstosharenextphoto_text: autoDraw = True
66.6538 	EXP 	Created sequence: random, trialTypes=1, nReps=0, seed=None
66.6558 	DATA 	Keypress: space
66.6692 	EXP 	New trial (rep=0, index=4): OrderedDict([('TrialNumber', 5), ('Partner', 'Alex'), ('Condition', 'Neutral'), ('Photos', 'Participant_Images/101/101_Images/101_Image_3.jpg'), ('Feedback', 'liked'), ('FeedbackWait', 2.455989137)])
66.8441 	EXP 	presstosharenextphoto_text: autoDraw = False
66.8441 	EXP 	slider: markerPos = 3
66.8441 	EXP 	saliencequestion_text: text = 'How likely are you to share photos with Alex in the future? \n\n Use your left and right arrows to move the arrow to your desired rating.'
66.8441 	EXP 	salienceavatar_image: image = 'Images/cowboyemoji.png'
66.8441 	EXP 	displayrating_text: text = ''
66.8441 	EXP 	saliencequestion_text: autoDraw = False
66.8441 	EXP 	salienceavatar_image: autoDraw = False
66.8441 	EXP 	saliencecontinue_text: autoDraw = False
66.8441 	EXP 	displayrating_text: autoDraw = False
66.8441 	EXP 	slider: markerPos = 5
66.8441 	EXP 	stresslevel_text: text = 'Please rate your current stress level. \n\n\n Use your mouse or left and right arrows to move the arrow to your desired rating.'
66.8441 	EXP 	displaystressrating_text: text = ''
66.8441 	EXP 	stresslevel_text: autoDraw = False
66.8441 	EXP 	displaystressrating_text: autoDraw = False
66.8441 	EXP 	Match_text: autoDraw = False
66.8441 	EXP 	syncing_text: autoDraw = False
66.8441 	EXP 	text_0: autoDraw = False
66.8441 	EXP 	Transparent: autoDraw = False
66.8441 	EXP 	Loading_25: autoDraw = False
66.8441 	EXP 	text_25: autoDraw = False
66.8441 	EXP 	Loading_50: autoDraw = False
66.8441 	EXP 	text_50: autoDraw = False
66.8441 	EXP 	Loading_75: autoDraw = False
66.8441 	EXP 	text_75: autoDraw = False
66.8441 	EXP 	Loading_100: autoDraw = False
66.8441 	EXP 	text_100: autoDraw = False
66.8441 	EXP 	Youhavematched: text = 'You have matched with: Alex'
66.8441 	EXP 	partneremoji_image: image = 'Images/cowboyemoji.png'
66.8441 	EXP 	Youhavematched: autoDraw = False
66.8441 	EXP 	partneremoji_image: autoDraw = False
66.8441 	EXP 	PressToContinue: autoDraw = False
66.8441 	EXP 	participantimage_image: image = 'Participant_Images/101/101_Images/101_Image_3.jpg'
66.8441 	EXP 	photobeingshared_text: autoDraw = True
66.8441 	EXP 	waitforfeedback_text: autoDraw = True
66.8441 	EXP 	participantimage_image: autoDraw = True
69.6870 	EXP 	photobeingshared_text: autoDraw = False
69.6870 	EXP 	waitforfeedback_text: autoDraw = False
69.6870 	EXP 	participantimage_image: autoDraw = False
69.6870 	EXP 	waiting_text: autoDraw = True
74.6800 	EXP 	waiting_text: autoDraw = False
74.6800 	EXP 	waiting_text: autoDraw = False
74.6800 	EXP 	displayfeedback_text: text = 'Alex liked your photo'
74.6800 	EXP 	fdbkimage_image: image = 'Images/thumbsup.png'
74.6800 	EXP 	displayfeedback_text: autoDraw = True
74.6800 	EXP 	fdbkimage_image: autoDraw = True
77.6683 	EXP 	Created sequence: random, trialTypes=1, nReps=1, seed=None
77.6686 	EXP 	New trial (rep=0, index=0): None
77.6844 	EXP 	displayfeedback_text: autoDraw = False
77.6844 	EXP 	fdbkimage_image: autoDraw = False
77.6844 	EXP 	displayfeedback_text: autoDraw = False
77.6844 	EXP 	fdbkimage_image: autoDraw = False
77.6844 	EXP 	presstosharenextphoto_text: autoDraw = False
77.6844 	EXP 	WTP_ins_text1: autoDraw = True
78.5944 	DATA 	Keypress: space
78.5955 	DATA 	Keypress: m
78.5992 	EXP 	WTP_ins_text1: autoDraw = False
78.5992 	EXP 	WTP_ins_text2: autoDraw = True
79.4147 	EXP 	Imported /Users/melanieruiz/Desktop/WTP_SM_Choice/Participant_Images/101/101_WTP.xlsx as conditions, 5 conditions, 9 params
79.4151 	EXP 	Created sequence: sequential, trialTypes=5, nReps=1, seed=None
79.4154 	EXP 	New trial (rep=0, index=0): {'social_left': 0, 'Left_Exp': 'Rearranging furniture in your house', 'Right_Exp': 'Going to a carnival with friends', 'leftmoney': 0.01, 'rightmoney': 0.01, 'greenText': 'green', 'left_more_than_right': 0, 'matching_prices': 1, 'social_worthmore': 1}
79.4337 	DATA 	Keypress: space
79.4372 	EXP 	WTP_ins_text2: autoDraw = False
79.4372 	EXP 	Left_Experience: height = 0.05
79.4372 	EXP 	Left_Experience: height = 0.05
79.4372 	EXP 	Left_Experience: height = 0.05
79.4372 	EXP 	Left_Experience: text = 'Rearranging furniture in your house'
79.4372 	EXP 	Right_Experience: height = 0.05
79.4372 	EXP 	Right_Experience: height = 0.05
79.4372 	EXP 	Right_Experience: height = 0.05
79.4372 	EXP 	Right_Experience: text = 'Going to a carnival with friends'
79.4372 	EXP 	Left_Price: height = 0.05
79.4372 	EXP 	Left_Price: height = 0.05
79.4372 	EXP 	Left_Price: height = 0.05
79.4372 	EXP 	Left_Price: text = 0.01
79.4372 	EXP 	Right_Price: height = 0.05
79.4372 	EXP 	Right_Price: height = 0.05
79.4372 	EXP 	Right_Price: height = 0.05
79.4372 	EXP 	Right_Price: text = 0.01
79.4372 	EXP 	Left_Experience: autoDraw = True
79.4372 	EXP 	Right_Experience: autoDraw = True
79.4372 	EXP 	Left_Price: autoDraw = True
79.4372 	EXP 	Right_Price: autoDraw = True
80.5082 	EXP 	New trial (rep=0, index=1): {'social_left': 0, 'Left_Exp': 'Watching a new episode of a television show', 'Right_Exp': 'Having a picnic with family', 'leftmoney': 0.02, 'rightmoney': 0.01, 'greenText': 'green', 'left_more_than_right': 1, 'matching_prices': 0, 'social_worthmore': 0}
80.5215 	DATA 	Keypress: 1
80.5248 	EXP 	Left_Experience: autoDraw = False
80.5248 	EXP 	Right_Experience: autoDraw = False
80.5248 	EXP 	Left_Price: autoDraw = False
80.5248 	EXP 	Right_Price: autoDraw = False
80.5248 	EXP 	Left_Experience: height = 0.05
80.5248 	EXP 	Left_Experience: height = 0.05
80.5248 	EXP 	Left_Experience: height = 0.05
80.5248 	EXP 	Left_Experience: text = 'Watching a new episode of a television show'
80.5248 	EXP 	Right_Experience: height = 0.05
80.5248 	EXP 	Right_Experience: height = 0.05
80.5248 	EXP 	Right_Experience: height = 0.05
80.5248 	EXP 	Right_Experience: text = 'Having a picnic with family'
80.5248 	EXP 	Left_Price: height = 0.05
80.5248 	EXP 	Left_Price: height = 0.05
80.5248 	EXP 	Left_Price: height = 0.05
80.5248 	EXP 	Left_Price: text = 0.02
80.5248 	EXP 	Right_Price: height = 0.05
80.5248 	EXP 	Right_Price: height = 0.05
80.5248 	EXP 	Right_Price: height = 0.05
80.5248 	EXP 	Right_Price: text = 0.01
80.5248 	EXP 	Left_Experience: autoDraw = True
80.5248 	EXP 	Right_Experience: autoDraw = True
80.5248 	EXP 	Left_Price: autoDraw = True
80.5248 	EXP 	Right_Price: autoDraw = True
81.7080 	EXP 	New trial (rep=0, index=2): {'social_left': 0, 'Left_Exp': 'Painting your bedroom\na new color', 'Right_Exp': 'Having a romantic dinner with a significant other', 'leftmoney': 0.03, 'rightmoney': 0.01, 'greenText': 'green', 'left_more_than_right': 1, 'matching_prices': 0, 'social_worthmore': 0}
81.7210 	DATA 	Keypress: 2
81.7240 	EXP 	Left_Experience: autoDraw = False
81.7240 	EXP 	Right_Experience: autoDraw = False
81.7240 	EXP 	Left_Price: autoDraw = False
81.7240 	EXP 	Right_Price: autoDraw = False
81.7240 	EXP 	Left_Experience: height = 0.05
81.7240 	EXP 	Left_Experience: height = 0.05
81.7240 	EXP 	Left_Experience: height = 0.05
81.7240 	EXP 	Left_Experience: text = 'Painting your bedroom\na new color'
81.7240 	EXP 	Right_Experience: height = 0.05
81.7240 	EXP 	Right_Experience: height = 0.05
81.7240 	EXP 	Right_Experience: height = 0.05
81.7240 	EXP 	Right_Experience: text = 'Having a romantic dinner with a significant other'
81.7240 	EXP 	Left_Price: height = 0.05
81.7240 	EXP 	Left_Price: height = 0.05
81.7240 	EXP 	Left_Price: height = 0.05
81.7240 	EXP 	Left_Price: text = 0.03
81.7240 	EXP 	Right_Price: height = 0.05
81.7240 	EXP 	Right_Price: height = 0.05
81.7240 	EXP 	Right_Price: height = 0.05
81.7240 	EXP 	Right_Price: text = 0.01
81.7240 	EXP 	Left_Experience: autoDraw = True
81.7240 	EXP 	Right_Experience: autoDraw = True
81.7240 	EXP 	Left_Price: autoDraw = True
81.7240 	EXP 	Right_Price: autoDraw = True
82.8245 	EXP 	New trial (rep=0, index=3): {'social_left': 0, 'Left_Exp': 'Playing with a pet', 'Right_Exp': 'Studying abroad with friends', 'leftmoney': 0.04, 'rightmoney': 0.01, 'greenText': 'green', 'left_more_than_right': 1, 'matching_prices': 0, 'social_worthmore': 0}
82.8360 	DATA 	Keypress: 1
82.8390 	EXP 	Left_Experience: autoDraw = False
82.8390 	EXP 	Right_Experience: autoDraw = False
82.8390 	EXP 	Left_Price: autoDraw = False
82.8390 	EXP 	Right_Price: autoDraw = False
82.8390 	EXP 	Left_Experience: height = 0.05
82.8390 	EXP 	Left_Experience: height = 0.05
82.8390 	EXP 	Left_Experience: height = 0.05
82.8390 	EXP 	Left_Experience: text = 'Playing with a pet'
82.8390 	EXP 	Right_Experience: height = 0.05
82.8390 	EXP 	Right_Experience: height = 0.05
82.8390 	EXP 	Right_Experience: height = 0.05
82.8390 	EXP 	Right_Experience: text = 'Studying abroad with friends'
82.8390 	EXP 	Left_Price: height = 0.05
82.8390 	EXP 	Left_Price: height = 0.05
82.8390 	EXP 	Left_Price: height = 0.05
82.8390 	EXP 	Left_Price: text = 0.04
82.8390 	EXP 	Right_Price: height = 0.05
82.8390 	EXP 	Right_Price: height = 0.05
82.8390 	EXP 	Right_Price: height = 0.05
82.8390 	EXP 	Right_Price: text = 0.01
82.8390 	EXP 	Left_Experience: autoDraw = True
82.8390 	EXP 	Right_Experience: autoDraw = True
82.8390 	EXP 	Left_Price: autoDraw = True
82.8390 	EXP 	Right_Price: autoDraw = True
83.8940 	DATA 	Keypress: 2
83.8996 	EXP 	New trial (rep=0, index=4): {'social_left': 0, 'Left_Exp': 'Reading a book', 'Right_Exp': 'Going to a friend’s birthday party', 'leftmoney': 0.05, 'rightmoney': 0.01, 'greenText': 'green', 'left_more_than_right': 1, 'matching_prices': 0, 'social_worthmore': 0}
83.9133 	EXP 	Left_Experience: autoDraw = False
83.9133 	EXP 	Right_Experience: autoDraw = False
83.9133 	EXP 	Left_Price: autoDraw = False
83.9133 	EXP 	Right_Price: autoDraw = False
83.9133 	EXP 	Left_Experience: height = 0.05
83.9133 	EXP 	Left_Experience: height = 0.05
83.9133 	EXP 	Left_Experience: height = 0.05
83.9133 	EXP 	Left_Experience: text = 'Reading a book'
83.9133 	EXP 	Right_Experience: height = 0.05
83.9133 	EXP 	Right_Experience: height = 0.05
83.9133 	EXP 	Right_Experience: height = 0.05
83.9133 	EXP 	Right_Experience: text = 'Going to a friend’s birthday party'
83.9133 	EXP 	Left_Price: height = 0.05
83.9133 	EXP 	Left_Price: height = 0.05
83.9133 	EXP 	Left_Price: height = 0.05
83.9133 	EXP 	Left_Price: text = 0.05
83.9133 	EXP 	Right_Price: height = 0.05
83.9133 	EXP 	Right_Price: height = 0.05
83.9133 	EXP 	Right_Price: height = 0.05
83.9133 	EXP 	Right_Price: text = 0.01
83.9133 	EXP 	Left_Experience: autoDraw = True
83.9133 	EXP 	Right_Experience: autoDraw = True
83.9133 	EXP 	Left_Price: autoDraw = True
83.9133 	EXP 	Right_Price: autoDraw = True
84.5880 	EXP 	window1: mouseVisible = True
